[0.013s] Invoking command in '/home/filipe/Desktop/Arrowhead_Integration_Module/arrowhead/src/build/services_discovery': CMAKE_PREFIX_PATH=/home/filipe/Desktop/Arrowhead_Integration_Module/arrowhead/src/install/services_discovery_interfaces:/home/filipe/Desktop/Arrowhead_Integration_Module/arrowhead/src/install/services_registry_interfaces:/home/filipe/Desktop/Arrowhead_Integration_Module/Arrowhead/src/install/services_discovery:/home/filipe/Desktop/Arrowhead_Integration_Module/Arrowhead/src/install/car_package:/home/filipe/Desktop/Arrowhead_Integration_Module/Arrowhead/src/install/cpp_pubsub:/home/filipe/Desktop/Arrowhead_Integration_Module/Arrowhead/src/install/services_registry_interfaces:/home/filipe/Desktop/Arrowhead_Integration_Module/Arrowhead/src/install/services_discovery_interfaces:/opt/ros/galactic LD_LIBRARY_PATH=/home/filipe/Desktop/Arrowhead_Integration_Module/arrowhead/src/install/services_discovery_interfaces/lib:/home/filipe/Desktop/Arrowhead_Integration_Module/arrowhead/src/install/services_registry_interfaces/lib:/home/filipe/Desktop/Arrowhead_Integration_Module/Arrowhead/src/install/services_registry_interfaces/lib:/home/filipe/Desktop/Arrowhead_Integration_Module/Arrowhead/src/install/services_discovery_interfaces/lib:/usr/lib/x86_64-linux-gnu/gazebo-11/plugins:/opt/ros/galactic/opt/yaml_cpp_vendor/lib:/opt/ros/galactic/opt/rviz_ogre_vendor/lib:/opt/ros/galactic/lib/x86_64-linux-gnu:/opt/ros/galactic/lib PYTHONPATH=/home/filipe/Desktop/Arrowhead_Integration_Module/arrowhead/src/install/services_discovery_interfaces/lib/python3.8/site-packages:/home/filipe/Desktop/Arrowhead_Integration_Module/arrowhead/src/install/services_registry_interfaces/lib/python3.8/site-packages:/home/filipe/Desktop/Arrowhead_Integration_Module/Arrowhead/src/install/services_registry_interfaces/lib/python3.8/site-packages:/home/filipe/Desktop/Arrowhead_Integration_Module/Arrowhead/src/install/services_discovery_interfaces/lib/python3.8/site-packages:/opt/ros/galactic/lib/python3.8/site-packages /opt/cmake-3.28.1/bin/cmake /home/filipe/Desktop/Arrowhead_Integration_Module/arrowhead/src/services_discovery -DCMAKE_INSTALL_PREFIX=/home/filipe/Desktop/Arrowhead_Integration_Module/arrowhead/src/install/services_discovery
[0.049s] -- The C compiler identification is GNU 9.4.0
[0.093s] -- The CXX compiler identification is GNU 9.4.0
[0.110s] -- Detecting C compiler ABI info
[0.167s] -- Detecting C compiler ABI info - done
[0.174s] -- Check for working C compiler: /usr/bin/cc - skipped
[0.174s] -- Detecting C compile features
[0.174s] -- Detecting C compile features - done
[0.184s] -- Detecting CXX compiler ABI info
[0.248s] -- Detecting CXX compiler ABI info - done
[0.257s] -- Check for working CXX compiler: /usr/bin/c++ - skipped
[0.258s] -- Detecting CXX compile features
[0.259s] -- Detecting CXX compile features - done
[0.261s] -- Found ament_cmake: 1.1.6 (/opt/ros/galactic/share/ament_cmake/cmake)
[0.267s] [33mCMake Warning (dev) at /opt/ros/galactic/share/ament_cmake_core/cmake/core/python.cmake:22 (find_package):
[0.267s]   Policy CMP0148 is not set: The FindPythonInterp and FindPythonLibs modules
[0.267s]   are removed.  Run "cmake --help-policy CMP0148" for policy details.  Use
[0.267s]   the cmake_policy command to set the policy and suppress this warning.
[0.267s] 
[0.267s] Call Stack (most recent call first):
[0.267s]   /opt/ros/galactic/share/ament_cmake_core/cmake/core/all.cmake:53 (include)
[0.267s]   /opt/ros/galactic/share/ament_cmake_core/cmake/ament_cmake_core-extras.cmake:17 (include)
[0.267s]   /opt/ros/galactic/share/ament_cmake_core/cmake/ament_cmake_coreConfig.cmake:41 (include)
[0.268s]   /opt/ros/galactic/share/ament_cmake/cmake/ament_cmake_export_dependencies-extras.cmake:15 (find_package)
[0.268s]   /opt/ros/galactic/share/ament_cmake/cmake/ament_cmakeConfig.cmake:41 (include)
[0.268s]   CMakeLists.txt:9 (find_package)
[0.268s] This warning is for project developers.  Use -Wno-dev to suppress it.
[0.268s] [0m
[0.287s] -- Found PythonInterp: /usr/bin/python3 (found suitable version "3.8.10", minimum required is "3") 
[0.287s] -- Using PYTHON_EXECUTABLE: /usr/bin/python3
[0.365s] -- Found rclcpp: 9.2.2 (/opt/ros/galactic/share/rclcpp/cmake)
[0.405s] -- Using all available rosidl_typesupport_c: rosidl_typesupport_fastrtps_c;rosidl_typesupport_introspection_c
[0.411s] -- Found rosidl_adapter: 2.2.3 (/opt/ros/galactic/share/rosidl_adapter/cmake)
[0.493s] -- Found OpenSSL: /usr/lib/x86_64-linux-gnu/libcrypto.so (found version "1.1.1f")  
[0.521s] -- Found FastRTPS: /opt/ros/galactic/include  
[0.588s] -- Using all available rosidl_typesupport_cpp: rosidl_typesupport_fastrtps_cpp;rosidl_typesupport_introspection_cpp
[0.629s] -- Found rmw_implementation_cmake: 3.3.1 (/opt/ros/galactic/share/rmw_implementation_cmake/cmake)
[0.632s] -- Found rmw_cyclonedds_cpp: 0.22.6 (/opt/ros/galactic/share/rmw_cyclonedds_cpp/cmake)
[0.643s] -- Using RMW implementation 'rmw_cyclonedds_cpp' as default
[0.644s] -- Performing Test CMAKE_HAVE_LIBC_PTHREAD
[0.702s] -- Performing Test CMAKE_HAVE_LIBC_PTHREAD - Failed
[0.702s] -- Looking for pthread_create in pthreads
[0.749s] -- Looking for pthread_create in pthreads - not found
[0.750s] -- Looking for pthread_create in pthread
[0.809s] -- Looking for pthread_create in pthread - found
[0.809s] -- Found Threads: TRUE  
[0.952s] -- Found services_discovery_interfaces: 0.0.0 (/home/filipe/Desktop/Arrowhead_Integration_Module/arrowhead/src/install/services_discovery_interfaces/share/services_discovery_interfaces/cmake)
[1.024s] -- Configuring done (1.0s)
[1.041s] -- Generating done (0.0s)
[1.056s] -- Build files have been written to: /home/filipe/Desktop/Arrowhead_Integration_Module/arrowhead/src/build/services_discovery
[1.069s] Invoked command in '/home/filipe/Desktop/Arrowhead_Integration_Module/arrowhead/src/build/services_discovery' returned '0': CMAKE_PREFIX_PATH=/home/filipe/Desktop/Arrowhead_Integration_Module/arrowhead/src/install/services_discovery_interfaces:/home/filipe/Desktop/Arrowhead_Integration_Module/arrowhead/src/install/services_registry_interfaces:/home/filipe/Desktop/Arrowhead_Integration_Module/Arrowhead/src/install/services_discovery:/home/filipe/Desktop/Arrowhead_Integration_Module/Arrowhead/src/install/car_package:/home/filipe/Desktop/Arrowhead_Integration_Module/Arrowhead/src/install/cpp_pubsub:/home/filipe/Desktop/Arrowhead_Integration_Module/Arrowhead/src/install/services_registry_interfaces:/home/filipe/Desktop/Arrowhead_Integration_Module/Arrowhead/src/install/services_discovery_interfaces:/opt/ros/galactic LD_LIBRARY_PATH=/home/filipe/Desktop/Arrowhead_Integration_Module/arrowhead/src/install/services_discovery_interfaces/lib:/home/filipe/Desktop/Arrowhead_Integration_Module/arrowhead/src/install/services_registry_interfaces/lib:/home/filipe/Desktop/Arrowhead_Integration_Module/Arrowhead/src/install/services_registry_interfaces/lib:/home/filipe/Desktop/Arrowhead_Integration_Module/Arrowhead/src/install/services_discovery_interfaces/lib:/usr/lib/x86_64-linux-gnu/gazebo-11/plugins:/opt/ros/galactic/opt/yaml_cpp_vendor/lib:/opt/ros/galactic/opt/rviz_ogre_vendor/lib:/opt/ros/galactic/lib/x86_64-linux-gnu:/opt/ros/galactic/lib PYTHONPATH=/home/filipe/Desktop/Arrowhead_Integration_Module/arrowhead/src/install/services_discovery_interfaces/lib/python3.8/site-packages:/home/filipe/Desktop/Arrowhead_Integration_Module/arrowhead/src/install/services_registry_interfaces/lib/python3.8/site-packages:/home/filipe/Desktop/Arrowhead_Integration_Module/Arrowhead/src/install/services_registry_interfaces/lib/python3.8/site-packages:/home/filipe/Desktop/Arrowhead_Integration_Module/Arrowhead/src/install/services_discovery_interfaces/lib/python3.8/site-packages:/opt/ros/galactic/lib/python3.8/site-packages /opt/cmake-3.28.1/bin/cmake /home/filipe/Desktop/Arrowhead_Integration_Module/arrowhead/src/services_discovery -DCMAKE_INSTALL_PREFIX=/home/filipe/Desktop/Arrowhead_Integration_Module/arrowhead/src/install/services_discovery
[1.070s] Invoking command in '/home/filipe/Desktop/Arrowhead_Integration_Module/arrowhead/src/build/services_discovery': CMAKE_PREFIX_PATH=/home/filipe/Desktop/Arrowhead_Integration_Module/arrowhead/src/install/services_discovery_interfaces:/home/filipe/Desktop/Arrowhead_Integration_Module/arrowhead/src/install/services_registry_interfaces:/home/filipe/Desktop/Arrowhead_Integration_Module/Arrowhead/src/install/services_discovery:/home/filipe/Desktop/Arrowhead_Integration_Module/Arrowhead/src/install/car_package:/home/filipe/Desktop/Arrowhead_Integration_Module/Arrowhead/src/install/cpp_pubsub:/home/filipe/Desktop/Arrowhead_Integration_Module/Arrowhead/src/install/services_registry_interfaces:/home/filipe/Desktop/Arrowhead_Integration_Module/Arrowhead/src/install/services_discovery_interfaces:/opt/ros/galactic LD_LIBRARY_PATH=/home/filipe/Desktop/Arrowhead_Integration_Module/arrowhead/src/install/services_discovery_interfaces/lib:/home/filipe/Desktop/Arrowhead_Integration_Module/arrowhead/src/install/services_registry_interfaces/lib:/home/filipe/Desktop/Arrowhead_Integration_Module/Arrowhead/src/install/services_registry_interfaces/lib:/home/filipe/Desktop/Arrowhead_Integration_Module/Arrowhead/src/install/services_discovery_interfaces/lib:/usr/lib/x86_64-linux-gnu/gazebo-11/plugins:/opt/ros/galactic/opt/yaml_cpp_vendor/lib:/opt/ros/galactic/opt/rviz_ogre_vendor/lib:/opt/ros/galactic/lib/x86_64-linux-gnu:/opt/ros/galactic/lib PYTHONPATH=/home/filipe/Desktop/Arrowhead_Integration_Module/arrowhead/src/install/services_discovery_interfaces/lib/python3.8/site-packages:/home/filipe/Desktop/Arrowhead_Integration_Module/arrowhead/src/install/services_registry_interfaces/lib/python3.8/site-packages:/home/filipe/Desktop/Arrowhead_Integration_Module/Arrowhead/src/install/services_registry_interfaces/lib/python3.8/site-packages:/home/filipe/Desktop/Arrowhead_Integration_Module/Arrowhead/src/install/services_discovery_interfaces/lib/python3.8/site-packages:/opt/ros/galactic/lib/python3.8/site-packages /opt/cmake-3.28.1/bin/cmake --build /home/filipe/Desktop/Arrowhead_Integration_Module/arrowhead/src/build/services_discovery -- -j12 -l12
[1.126s] [ 33%] [32mBuilding CXX object CMakeFiles/server.dir/src/ServiceDiscover.cpp.o[0m
[1.141s] [ 66%] [32mBuilding CXX object CMakeFiles/server.dir/src/DiscoveryRequestReceiver.cpp.o[0m
[11.558s] [100%] [32m[1mLinking CXX executable server[0m
[11.764s] [100%] Built target server
[11.768s] Invoked command in '/home/filipe/Desktop/Arrowhead_Integration_Module/arrowhead/src/build/services_discovery' returned '0': CMAKE_PREFIX_PATH=/home/filipe/Desktop/Arrowhead_Integration_Module/arrowhead/src/install/services_discovery_interfaces:/home/filipe/Desktop/Arrowhead_Integration_Module/arrowhead/src/install/services_registry_interfaces:/home/filipe/Desktop/Arrowhead_Integration_Module/Arrowhead/src/install/services_discovery:/home/filipe/Desktop/Arrowhead_Integration_Module/Arrowhead/src/install/car_package:/home/filipe/Desktop/Arrowhead_Integration_Module/Arrowhead/src/install/cpp_pubsub:/home/filipe/Desktop/Arrowhead_Integration_Module/Arrowhead/src/install/services_registry_interfaces:/home/filipe/Desktop/Arrowhead_Integration_Module/Arrowhead/src/install/services_discovery_interfaces:/opt/ros/galactic LD_LIBRARY_PATH=/home/filipe/Desktop/Arrowhead_Integration_Module/arrowhead/src/install/services_discovery_interfaces/lib:/home/filipe/Desktop/Arrowhead_Integration_Module/arrowhead/src/install/services_registry_interfaces/lib:/home/filipe/Desktop/Arrowhead_Integration_Module/Arrowhead/src/install/services_registry_interfaces/lib:/home/filipe/Desktop/Arrowhead_Integration_Module/Arrowhead/src/install/services_discovery_interfaces/lib:/usr/lib/x86_64-linux-gnu/gazebo-11/plugins:/opt/ros/galactic/opt/yaml_cpp_vendor/lib:/opt/ros/galactic/opt/rviz_ogre_vendor/lib:/opt/ros/galactic/lib/x86_64-linux-gnu:/opt/ros/galactic/lib PYTHONPATH=/home/filipe/Desktop/Arrowhead_Integration_Module/arrowhead/src/install/services_discovery_interfaces/lib/python3.8/site-packages:/home/filipe/Desktop/Arrowhead_Integration_Module/arrowhead/src/install/services_registry_interfaces/lib/python3.8/site-packages:/home/filipe/Desktop/Arrowhead_Integration_Module/Arrowhead/src/install/services_registry_interfaces/lib/python3.8/site-packages:/home/filipe/Desktop/Arrowhead_Integration_Module/Arrowhead/src/install/services_discovery_interfaces/lib/python3.8/site-packages:/opt/ros/galactic/lib/python3.8/site-packages /opt/cmake-3.28.1/bin/cmake --build /home/filipe/Desktop/Arrowhead_Integration_Module/arrowhead/src/build/services_discovery -- -j12 -l12
[11.771s] Invoking command in '/home/filipe/Desktop/Arrowhead_Integration_Module/arrowhead/src/build/services_discovery': CMAKE_PREFIX_PATH=/home/filipe/Desktop/Arrowhead_Integration_Module/arrowhead/src/install/services_discovery_interfaces:/home/filipe/Desktop/Arrowhead_Integration_Module/arrowhead/src/install/services_registry_interfaces:/home/filipe/Desktop/Arrowhead_Integration_Module/Arrowhead/src/install/services_discovery:/home/filipe/Desktop/Arrowhead_Integration_Module/Arrowhead/src/install/car_package:/home/filipe/Desktop/Arrowhead_Integration_Module/Arrowhead/src/install/cpp_pubsub:/home/filipe/Desktop/Arrowhead_Integration_Module/Arrowhead/src/install/services_registry_interfaces:/home/filipe/Desktop/Arrowhead_Integration_Module/Arrowhead/src/install/services_discovery_interfaces:/opt/ros/galactic LD_LIBRARY_PATH=/home/filipe/Desktop/Arrowhead_Integration_Module/arrowhead/src/install/services_discovery_interfaces/lib:/home/filipe/Desktop/Arrowhead_Integration_Module/arrowhead/src/install/services_registry_interfaces/lib:/home/filipe/Desktop/Arrowhead_Integration_Module/Arrowhead/src/install/services_registry_interfaces/lib:/home/filipe/Desktop/Arrowhead_Integration_Module/Arrowhead/src/install/services_discovery_interfaces/lib:/usr/lib/x86_64-linux-gnu/gazebo-11/plugins:/opt/ros/galactic/opt/yaml_cpp_vendor/lib:/opt/ros/galactic/opt/rviz_ogre_vendor/lib:/opt/ros/galactic/lib/x86_64-linux-gnu:/opt/ros/galactic/lib PYTHONPATH=/home/filipe/Desktop/Arrowhead_Integration_Module/arrowhead/src/install/services_discovery_interfaces/lib/python3.8/site-packages:/home/filipe/Desktop/Arrowhead_Integration_Module/arrowhead/src/install/services_registry_interfaces/lib/python3.8/site-packages:/home/filipe/Desktop/Arrowhead_Integration_Module/Arrowhead/src/install/services_registry_interfaces/lib/python3.8/site-packages:/home/filipe/Desktop/Arrowhead_Integration_Module/Arrowhead/src/install/services_discovery_interfaces/lib/python3.8/site-packages:/opt/ros/galactic/lib/python3.8/site-packages /opt/cmake-3.28.1/bin/cmake --install /home/filipe/Desktop/Arrowhead_Integration_Module/arrowhead/src/build/services_discovery
[11.774s] -- Install configuration: ""
[11.774s] -- Installing: /home/filipe/Desktop/Arrowhead_Integration_Module/arrowhead/src/install/services_discovery/lib/services_discovery/server
[11.776s] -- Set non-toolchain portion of runtime path of "/home/filipe/Desktop/Arrowhead_Integration_Module/arrowhead/src/install/services_discovery/lib/services_discovery/server" to ""
[11.777s] -- Installing: /home/filipe/Desktop/Arrowhead_Integration_Module/arrowhead/src/install/services_discovery/share/ament_index/resource_index/package_run_dependencies/services_discovery
[11.777s] -- Installing: /home/filipe/Desktop/Arrowhead_Integration_Module/arrowhead/src/install/services_discovery/share/ament_index/resource_index/parent_prefix_path/services_discovery
[11.777s] -- Installing: /home/filipe/Desktop/Arrowhead_Integration_Module/arrowhead/src/install/services_discovery/share/services_discovery/environment/ament_prefix_path.sh
[11.777s] -- Installing: /home/filipe/Desktop/Arrowhead_Integration_Module/arrowhead/src/install/services_discovery/share/services_discovery/environment/ament_prefix_path.dsv
[11.778s] -- Installing: /home/filipe/Desktop/Arrowhead_Integration_Module/arrowhead/src/install/services_discovery/share/services_discovery/environment/path.sh
[11.778s] -- Installing: /home/filipe/Desktop/Arrowhead_Integration_Module/arrowhead/src/install/services_discovery/share/services_discovery/environment/path.dsv
[11.778s] -- Installing: /home/filipe/Desktop/Arrowhead_Integration_Module/arrowhead/src/install/services_discovery/share/services_discovery/local_setup.bash
[11.778s] -- Installing: /home/filipe/Desktop/Arrowhead_Integration_Module/arrowhead/src/install/services_discovery/share/services_discovery/local_setup.sh
[11.779s] -- Installing: /home/filipe/Desktop/Arrowhead_Integration_Module/arrowhead/src/install/services_discovery/share/services_discovery/local_setup.zsh
[11.779s] -- Installing: /home/filipe/Desktop/Arrowhead_Integration_Module/arrowhead/src/install/services_discovery/share/services_discovery/local_setup.dsv
[11.779s] -- Installing: /home/filipe/Desktop/Arrowhead_Integration_Module/arrowhead/src/install/services_discovery/share/services_discovery/package.dsv
[11.779s] -- Installing: /home/filipe/Desktop/Arrowhead_Integration_Module/arrowhead/src/install/services_discovery/share/ament_index/resource_index/packages/services_discovery
[11.779s] -- Installing: /home/filipe/Desktop/Arrowhead_Integration_Module/arrowhead/src/install/services_discovery/share/services_discovery/cmake/services_discoveryConfig.cmake
[11.780s] -- Installing: /home/filipe/Desktop/Arrowhead_Integration_Module/arrowhead/src/install/services_discovery/share/services_discovery/cmake/services_discoveryConfig-version.cmake
[11.780s] -- Installing: /home/filipe/Desktop/Arrowhead_Integration_Module/arrowhead/src/install/services_discovery/share/services_discovery/package.xml
[11.781s] Invoked command in '/home/filipe/Desktop/Arrowhead_Integration_Module/arrowhead/src/build/services_discovery' returned '0': CMAKE_PREFIX_PATH=/home/filipe/Desktop/Arrowhead_Integration_Module/arrowhead/src/install/services_discovery_interfaces:/home/filipe/Desktop/Arrowhead_Integration_Module/arrowhead/src/install/services_registry_interfaces:/home/filipe/Desktop/Arrowhead_Integration_Module/Arrowhead/src/install/services_discovery:/home/filipe/Desktop/Arrowhead_Integration_Module/Arrowhead/src/install/car_package:/home/filipe/Desktop/Arrowhead_Integration_Module/Arrowhead/src/install/cpp_pubsub:/home/filipe/Desktop/Arrowhead_Integration_Module/Arrowhead/src/install/services_registry_interfaces:/home/filipe/Desktop/Arrowhead_Integration_Module/Arrowhead/src/install/services_discovery_interfaces:/opt/ros/galactic LD_LIBRARY_PATH=/home/filipe/Desktop/Arrowhead_Integration_Module/arrowhead/src/install/services_discovery_interfaces/lib:/home/filipe/Desktop/Arrowhead_Integration_Module/arrowhead/src/install/services_registry_interfaces/lib:/home/filipe/Desktop/Arrowhead_Integration_Module/Arrowhead/src/install/services_registry_interfaces/lib:/home/filipe/Desktop/Arrowhead_Integration_Module/Arrowhead/src/install/services_discovery_interfaces/lib:/usr/lib/x86_64-linux-gnu/gazebo-11/plugins:/opt/ros/galactic/opt/yaml_cpp_vendor/lib:/opt/ros/galactic/opt/rviz_ogre_vendor/lib:/opt/ros/galactic/lib/x86_64-linux-gnu:/opt/ros/galactic/lib PYTHONPATH=/home/filipe/Desktop/Arrowhead_Integration_Module/arrowhead/src/install/services_discovery_interfaces/lib/python3.8/site-packages:/home/filipe/Desktop/Arrowhead_Integration_Module/arrowhead/src/install/services_registry_interfaces/lib/python3.8/site-packages:/home/filipe/Desktop/Arrowhead_Integration_Module/Arrowhead/src/install/services_registry_interfaces/lib/python3.8/site-packages:/home/filipe/Desktop/Arrowhead_Integration_Module/Arrowhead/src/install/services_discovery_interfaces/lib/python3.8/site-packages:/opt/ros/galactic/lib/python3.8/site-packages /opt/cmake-3.28.1/bin/cmake --install /home/filipe/Desktop/Arrowhead_Integration_Module/arrowhead/src/build/services_discovery
