[0.017s] Invoking command in '/home/filipe/Desktop/Arrowhead_Integration_Module/arrowhead/src/build/services_discovery_interfaces': CMAKE_PREFIX_PATH=${CMAKE_PREFIX_PATH}:/opt/ros/galactic /opt/cmake-3.28.1/bin/cmake /home/filipe/Desktop/Arrowhead_Integration_Module/arrowhead/src/services_discovery_interfaces -DCMAKE_INSTALL_PREFIX=/home/filipe/Desktop/Arrowhead_Integration_Module/arrowhead/src/install/services_discovery_interfaces
[0.095s] -- The C compiler identification is GNU 9.4.0
[0.146s] -- The CXX compiler identification is GNU 9.4.0
[0.163s] -- Detecting C compiler ABI info
[0.227s] -- Detecting C compiler ABI info - done
[0.241s] -- Check for working C compiler: /usr/bin/cc - skipped
[0.241s] -- Detecting C compile features
[0.241s] -- Detecting C compile features - done
[0.252s] -- Detecting CXX compiler ABI info
[0.314s] -- Detecting CXX compiler ABI info - done
[0.323s] -- Check for working CXX compiler: /usr/bin/c++ - skipped
[0.323s] -- Detecting CXX compile features
[0.324s] -- Detecting CXX compile features - done
[0.326s] -- Found ament_cmake: 1.1.6 (/opt/ros/galactic/share/ament_cmake/cmake)
[0.329s] [33mCMake Warning (dev) at /opt/ros/galactic/share/ament_cmake_core/cmake/core/python.cmake:22 (find_package):
[0.329s]   Policy CMP0148 is not set: The FindPythonInterp and FindPythonLibs modules
[0.329s]   are removed.  Run "cmake --help-policy CMP0148" for policy details.  Use
[0.330s]   the cmake_policy command to set the policy and suppress this warning.
[0.330s] 
[0.330s] Call Stack (most recent call first):
[0.330s]   /opt/ros/galactic/share/ament_cmake_core/cmake/core/all.cmake:53 (include)
[0.330s]   /opt/ros/galactic/share/ament_cmake_core/cmake/ament_cmake_core-extras.cmake:17 (include)
[0.330s]   /opt/ros/galactic/share/ament_cmake_core/cmake/ament_cmake_coreConfig.cmake:41 (include)
[0.330s]   /opt/ros/galactic/share/ament_cmake/cmake/ament_cmake_export_dependencies-extras.cmake:15 (find_package)
[0.330s]   /opt/ros/galactic/share/ament_cmake/cmake/ament_cmakeConfig.cmake:41 (include)
[0.330s]   CMakeLists.txt:9 (find_package)
[0.330s] This warning is for project developers.  Use -Wno-dev to suppress it.
[0.330s] [0m
[0.347s] -- Found PythonInterp: /usr/bin/python3 (found suitable version "3.8.10", minimum required is "3") 
[0.347s] -- Using PYTHON_EXECUTABLE: /usr/bin/python3
[0.414s] -- Found rclcpp: 9.2.2 (/opt/ros/galactic/share/rclcpp/cmake)
[0.458s] -- Using all available rosidl_typesupport_c: rosidl_typesupport_fastrtps_c;rosidl_typesupport_introspection_c
[0.464s] -- Found rosidl_adapter: 2.2.3 (/opt/ros/galactic/share/rosidl_adapter/cmake)
[0.552s] -- Found OpenSSL: /usr/lib/x86_64-linux-gnu/libcrypto.so (found version "1.1.1f")  
[0.582s] -- Found FastRTPS: /opt/ros/galactic/include  
[0.649s] -- Using all available rosidl_typesupport_cpp: rosidl_typesupport_fastrtps_cpp;rosidl_typesupport_introspection_cpp
[0.695s] -- Found rmw_implementation_cmake: 3.3.1 (/opt/ros/galactic/share/rmw_implementation_cmake/cmake)
[0.698s] -- Found rmw_cyclonedds_cpp: 0.22.6 (/opt/ros/galactic/share/rmw_cyclonedds_cpp/cmake)
[0.712s] -- Using RMW implementation 'rmw_cyclonedds_cpp' as default
[0.713s] -- Performing Test CMAKE_HAVE_LIBC_PTHREAD
[0.771s] -- Performing Test CMAKE_HAVE_LIBC_PTHREAD - Failed
[0.772s] -- Looking for pthread_create in pthreads
[0.815s] -- Looking for pthread_create in pthreads - not found
[0.816s] -- Looking for pthread_create in pthread
[0.868s] -- Looking for pthread_create in pthread - found
[0.869s] -- Found Threads: TRUE  
[0.972s] -- Found ament_lint_auto: 0.10.7 (/opt/ros/galactic/share/ament_lint_auto/cmake)
[1.031s] -- Found rosidl_default_generators: 1.1.1 (/opt/ros/galactic/share/rosidl_default_generators/cmake)
[1.039s] [33mCMake Warning (dev) at /opt/ros/galactic/share/rosidl_adapter/cmake/rosidl_adapt_interfaces.cmake:40 (find_package):
[1.039s]   Policy CMP0148 is not set: The FindPythonInterp and FindPythonLibs modules
[1.039s]   are removed.  Run "cmake --help-policy CMP0148" for policy details.  Use
[1.039s]   the cmake_policy command to set the policy and suppress this warning.
[1.039s] 
[1.039s] Call Stack (most recent call first):
[1.039s]   /opt/ros/galactic/share/rosidl_cmake/cmake/rosidl_generate_interfaces.cmake:130 (rosidl_adapt_interfaces)
[1.039s]   CMakeLists.txt:24 (rosidl_generate_interfaces)
[1.039s] This warning is for project developers.  Use -Wno-dev to suppress it.
[1.039s] [0m
[1.054s] -- Found PythonInterp: /usr/bin/python3 (found version "3.8.10") 
[1.109s] -- Found ament_cmake_ros: 0.9.2 (/opt/ros/galactic/share/ament_cmake_ros/cmake)
[1.199s] -- Using all available rosidl_typesupport_c: rosidl_typesupport_fastrtps_c;rosidl_typesupport_introspection_c
[1.204s] -- Using all available rosidl_typesupport_cpp: rosidl_typesupport_fastrtps_cpp;rosidl_typesupport_introspection_cpp
[1.205s] [33mCMake Warning (dev) at /opt/ros/galactic/share/rosidl_generator_py/cmake/rosidl_generator_py_generate_interfaces.cmake:20 (find_package):
[1.205s]   Policy CMP0148 is not set: The FindPythonInterp and FindPythonLibs modules
[1.205s]   are removed.  Run "cmake --help-policy CMP0148" for policy details.  Use
[1.205s]   the cmake_policy command to set the policy and suppress this warning.
[1.205s] 
[1.206s] Call Stack (most recent call first):
[1.206s]   /opt/ros/galactic/share/ament_cmake_core/cmake/core/ament_execute_extensions.cmake:48 (include)
[1.206s]   /opt/ros/galactic/share/rosidl_cmake/cmake/rosidl_generate_interfaces.cmake:286 (ament_execute_extensions)
[1.206s]   CMakeLists.txt:24 (rosidl_generate_interfaces)
[1.206s] This warning is for project developers.  Use -Wno-dev to suppress it.
[1.206s] [0m
[1.225s] -- Found PythonInterp: /usr/bin/python3 (found suitable version "3.8.10", minimum required is "3.5") 
[1.227s] -- Found python_cmake_module: 0.8.1 (/opt/ros/galactic/share/python_cmake_module/cmake)
[1.227s] [33mCMake Warning (dev) at /opt/ros/galactic/share/python_cmake_module/cmake/Modules/FindPythonExtra.cmake:45 (find_package):
[1.227s]   Policy CMP0148 is not set: The FindPythonInterp and FindPythonLibs modules
[1.227s]   are removed.  Run "cmake --help-policy CMP0148" for policy details.  Use
[1.227s]   the cmake_policy command to set the policy and suppress this warning.
[1.227s] 
[1.227s] Call Stack (most recent call first):
[1.227s]   /opt/ros/galactic/share/rosidl_generator_py/cmake/rosidl_generator_py_generate_interfaces.cmake:23 (find_package)
[1.228s]   /opt/ros/galactic/share/ament_cmake_core/cmake/core/ament_execute_extensions.cmake:48 (include)
[1.228s]   /opt/ros/galactic/share/rosidl_cmake/cmake/rosidl_generate_interfaces.cmake:286 (ament_execute_extensions)
[1.228s]   CMakeLists.txt:24 (rosidl_generate_interfaces)
[1.228s] This warning is for project developers.  Use -Wno-dev to suppress it.
[1.228s] [0m
[1.243s] [33mCMake Warning (dev) at /opt/ros/galactic/share/python_cmake_module/cmake/Modules/FindPythonExtra.cmake:133 (find_package):
[1.243s]   Policy CMP0148 is not set: The FindPythonInterp and FindPythonLibs modules
[1.243s]   are removed.  Run "cmake --help-policy CMP0148" for policy details.  Use
[1.243s]   the cmake_policy command to set the policy and suppress this warning.
[1.243s] 
[1.243s] Call Stack (most recent call first):
[1.244s]   /opt/ros/galactic/share/rosidl_generator_py/cmake/rosidl_generator_py_generate_interfaces.cmake:23 (find_package)
[1.244s]   /opt/ros/galactic/share/ament_cmake_core/cmake/core/ament_execute_extensions.cmake:48 (include)
[1.244s]   /opt/ros/galactic/share/rosidl_cmake/cmake/rosidl_generate_interfaces.cmake:286 (ament_execute_extensions)
[1.244s]   CMakeLists.txt:24 (rosidl_generate_interfaces)
[1.244s] This warning is for project developers.  Use -Wno-dev to suppress it.
[1.244s] [0m
[1.251s] -- Found PythonLibs: /usr/lib/x86_64-linux-gnu/libpython3.8.so (found suitable version "3.8.10", minimum required is "3.5") 
[1.251s] -- Using PYTHON_EXECUTABLE: /usr/bin/python3
[1.251s] -- Using PYTHON_INCLUDE_DIRS: /usr/include/python3.8
[1.252s] -- Using PYTHON_LIBRARIES: /usr/lib/x86_64-linux-gnu/libpython3.8.so
[1.270s] -- Found PythonExtra: .so  
[1.371s] -- Added test 'copyright' to check source files copyright and LICENSE
[1.372s] -- Added test 'lint_cmake' to check CMake code style
[1.373s] -- Added test 'xmllint' to check XML markup files
[1.380s] -- Configuring done (1.4s)
[1.407s] -- Generating done (0.0s)
[1.414s] -- Build files have been written to: /home/filipe/Desktop/Arrowhead_Integration_Module/arrowhead/src/build/services_discovery_interfaces
