-- The C compiler identification is GNU 9.4.0
-- The CXX compiler identification is GNU 9.4.0
-- Detecting C compiler ABI info
-- Detecting C compiler ABI info - done
-- Check for working C compiler: /usr/bin/cc - skipped
-- Detecting C compile features
-- Detecting C compile features - done
-- Detecting CXX compiler ABI info
-- Detecting CXX compiler ABI info - done
-- Check for working CXX compiler: /usr/bin/c++ - skipped
-- Detecting CXX compile features
-- Detecting CXX compile features - done
-- Found ament_cmake: 1.1.6 (/opt/ros/galactic/share/ament_cmake/cmake)
-- Found PythonInterp: /usr/bin/python3 (found suitable version "3.8.10", minimum required is "3") 
-- Using PYTHON_EXECUTABLE: /usr/bin/python3
-- Found rclcpp: 9.2.2 (/opt/ros/galactic/share/rclcpp/cmake)
-- Using all available rosidl_typesupport_c: rosidl_typesupport_fastrtps_c;rosidl_typesupport_introspection_c
-- Found rosidl_adapter: 2.2.3 (/opt/ros/galactic/share/rosidl_adapter/cmake)
-- Found OpenSSL: /usr/lib/x86_64-linux-gnu/libcrypto.so (found version "1.1.1f")  
-- Found FastRTPS: /opt/ros/galactic/include  
-- Using all available rosidl_typesupport_cpp: rosidl_typesupport_fastrtps_cpp;rosidl_typesupport_introspection_cpp
-- Found rmw_implementation_cmake: 3.3.1 (/opt/ros/galactic/share/rmw_implementation_cmake/cmake)
-- Found rmw_cyclonedds_cpp: 0.22.6 (/opt/ros/galactic/share/rmw_cyclonedds_cpp/cmake)
-- Using RMW implementation 'rmw_cyclonedds_cpp' as default
-- Performing Test CMAKE_HAVE_LIBC_PTHREAD
-- Performing Test CMAKE_HAVE_LIBC_PTHREAD - Failed
-- Looking for pthread_create in pthreads
-- Looking for pthread_create in pthreads - not found
-- Looking for pthread_create in pthread
-- Looking for pthread_create in pthread - found
-- Found Threads: TRUE  
-- Found services_discovery_interfaces: 0.0.0 (/home/filipe/Desktop/Arrowhead_Integration_Module/arrowhead/src/install/services_discovery_interfaces/share/services_discovery_interfaces/cmake)
-- Found GTest: /usr/lib/x86_64-linux-gnu/libgtest.a  
-- Configuring done (1.0s)
-- Generating done (0.0s)
-- Build files have been written to: /home/filipe/Desktop/Arrowhead_Integration_Module/arrowhead/src/build/car_package
[  6%] [32mBuilding CXX object CMakeFiles/police.dir/src/PoliceRun.cpp.o[0m
[ 13%] [32mBuilding CXX object CMakeFiles/police.dir/src/PoliceService.cpp.o[0m
[ 20%] [32mBuilding CXX object CMakeFiles/traffic.dir/src/TrafficRun.cpp.o[0m
[ 26%] [32mBuilding CXX object CMakeFiles/police.dir/src/DiscoveryRequester.cpp.o[0m
[ 33%] [32mBuilding CXX object CMakeFiles/simulation.dir/src/SimulationRun.cpp.o[0m
[ 40%] [32mBuilding CXX object CMakeFiles/test_police.dir/test/PoliceTest.cpp.o[0m
[ 46%] [32mBuilding CXX object CMakeFiles/simulation.dir/src/SimulationPath.cpp.o[0m
[ 53%] [32mBuilding CXX object CMakeFiles/traffic.dir/src/TrafficService.cpp.o[0m
[ 60%] [32mBuilding CXX object CMakeFiles/test_police.dir/src/PoliceService.cpp.o[0m
[ 66%] [32mBuilding CXX object CMakeFiles/test_police.dir/src/DiscoveryRequester.cpp.o[0m
[ 73%] [32mBuilding CXX object CMakeFiles/traffic.dir/src/DiscoveryRequester.cpp.o[0m
[ 80%] [32m[1mLinking CXX executable simulation[0m
[ 80%] Built target simulation
[ 86%] [32m[1mLinking CXX executable traffic[0m
[ 86%] Built target traffic
[ 93%] [32m[1mLinking CXX executable test_police[0m
[100%] [32m[1mLinking CXX executable police[0m
[100%] Built target police
[100%] Built target test_police
-- Install configuration: ""
-- Installing: /home/filipe/Desktop/Arrowhead_Integration_Module/arrowhead/src/install/car_package/lib/car_package/police
-- Set non-toolchain portion of runtime path of "/home/filipe/Desktop/Arrowhead_Integration_Module/arrowhead/src/install/car_package/lib/car_package/police" to ""
-- Installing: /home/filipe/Desktop/Arrowhead_Integration_Module/arrowhead/src/install/car_package/lib/car_package/traffic
-- Set non-toolchain portion of runtime path of "/home/filipe/Desktop/Arrowhead_Integration_Module/arrowhead/src/install/car_package/lib/car_package/traffic" to ""
-- Installing: /home/filipe/Desktop/Arrowhead_Integration_Module/arrowhead/src/install/car_package/lib/car_package/simulation
-- Set non-toolchain portion of runtime path of "/home/filipe/Desktop/Arrowhead_Integration_Module/arrowhead/src/install/car_package/lib/car_package/simulation" to ""
-- Installing: /home/filipe/Desktop/Arrowhead_Integration_Module/arrowhead/src/install/car_package/lib/car_package/test_police
-- Set non-toolchain portion of runtime path of "/home/filipe/Desktop/Arrowhead_Integration_Module/arrowhead/src/install/car_package/lib/car_package/test_police" to ""
-- Installing: /home/filipe/Desktop/Arrowhead_Integration_Module/arrowhead/src/install/car_package/share/ament_index/resource_index/package_run_dependencies/car_package
-- Installing: /home/filipe/Desktop/Arrowhead_Integration_Module/arrowhead/src/install/car_package/share/ament_index/resource_index/parent_prefix_path/car_package
-- Installing: /home/filipe/Desktop/Arrowhead_Integration_Module/arrowhead/src/install/car_package/share/car_package/environment/ament_prefix_path.sh
-- Installing: /home/filipe/Desktop/Arrowhead_Integration_Module/arrowhead/src/install/car_package/share/car_package/environment/ament_prefix_path.dsv
-- Installing: /home/filipe/Desktop/Arrowhead_Integration_Module/arrowhead/src/install/car_package/share/car_package/environment/path.sh
-- Installing: /home/filipe/Desktop/Arrowhead_Integration_Module/arrowhead/src/install/car_package/share/car_package/environment/path.dsv
-- Installing: /home/filipe/Desktop/Arrowhead_Integration_Module/arrowhead/src/install/car_package/share/car_package/local_setup.bash
-- Installing: /home/filipe/Desktop/Arrowhead_Integration_Module/arrowhead/src/install/car_package/share/car_package/local_setup.sh
-- Installing: /home/filipe/Desktop/Arrowhead_Integration_Module/arrowhead/src/install/car_package/share/car_package/local_setup.zsh
-- Installing: /home/filipe/Desktop/Arrowhead_Integration_Module/arrowhead/src/install/car_package/share/car_package/local_setup.dsv
-- Installing: /home/filipe/Desktop/Arrowhead_Integration_Module/arrowhead/src/install/car_package/share/car_package/package.dsv
-- Installing: /home/filipe/Desktop/Arrowhead_Integration_Module/arrowhead/src/install/car_package/share/ament_index/resource_index/packages/car_package
-- Installing: /home/filipe/Desktop/Arrowhead_Integration_Module/arrowhead/src/install/car_package/share/car_package/cmake/car_packageConfig.cmake
-- Installing: /home/filipe/Desktop/Arrowhead_Integration_Module/arrowhead/src/install/car_package/share/car_package/cmake/car_packageConfig-version.cmake
-- Installing: /home/filipe/Desktop/Arrowhead_Integration_Module/arrowhead/src/install/car_package/share/car_package/package.xml
