[0.014s] Invoking command in '/home/filipe/Desktop/Arrowhead_Integration_Module/arrowhead/src/build/car_package': CMAKE_PREFIX_PATH=/home/filipe/Desktop/Arrowhead_Integration_Module/arrowhead/src/install/services_discovery_interfaces:/home/filipe/Desktop/Arrowhead_Integration_Module/arrowhead/src/install/services_registry_interfaces:/home/filipe/Desktop/Arrowhead_Integration_Module/Arrowhead/src/install/services_discovery:/home/filipe/Desktop/Arrowhead_Integration_Module/Arrowhead/src/install/car_package:/home/filipe/Desktop/Arrowhead_Integration_Module/Arrowhead/src/install/cpp_pubsub:/home/filipe/Desktop/Arrowhead_Integration_Module/Arrowhead/src/install/services_registry_interfaces:/home/filipe/Desktop/Arrowhead_Integration_Module/Arrowhead/src/install/services_discovery_interfaces:/opt/ros/galactic LD_LIBRARY_PATH=/home/filipe/Desktop/Arrowhead_Integration_Module/arrowhead/src/install/services_discovery_interfaces/lib:/home/filipe/Desktop/Arrowhead_Integration_Module/arrowhead/src/install/services_registry_interfaces/lib:/home/filipe/Desktop/Arrowhead_Integration_Module/Arrowhead/src/install/services_registry_interfaces/lib:/home/filipe/Desktop/Arrowhead_Integration_Module/Arrowhead/src/install/services_discovery_interfaces/lib:/usr/lib/x86_64-linux-gnu/gazebo-11/plugins:/opt/ros/galactic/opt/yaml_cpp_vendor/lib:/opt/ros/galactic/opt/rviz_ogre_vendor/lib:/opt/ros/galactic/lib/x86_64-linux-gnu:/opt/ros/galactic/lib PYTHONPATH=/home/filipe/Desktop/Arrowhead_Integration_Module/arrowhead/src/install/services_discovery_interfaces/lib/python3.8/site-packages:/home/filipe/Desktop/Arrowhead_Integration_Module/arrowhead/src/install/services_registry_interfaces/lib/python3.8/site-packages:/home/filipe/Desktop/Arrowhead_Integration_Module/Arrowhead/src/install/services_registry_interfaces/lib/python3.8/site-packages:/home/filipe/Desktop/Arrowhead_Integration_Module/Arrowhead/src/install/services_discovery_interfaces/lib/python3.8/site-packages:/opt/ros/galactic/lib/python3.8/site-packages /opt/cmake-3.28.1/bin/cmake /home/filipe/Desktop/Arrowhead_Integration_Module/arrowhead/src/car_package -DCMAKE_INSTALL_PREFIX=/home/filipe/Desktop/Arrowhead_Integration_Module/arrowhead/src/install/car_package
[0.053s] -- The C compiler identification is GNU 9.4.0
[0.098s] -- The CXX compiler identification is GNU 9.4.0
[0.113s] -- Detecting C compiler ABI info
[0.167s] -- Detecting C compiler ABI info - done
[0.175s] -- Check for working C compiler: /usr/bin/cc - skipped
[0.175s] -- Detecting C compile features
[0.175s] -- Detecting C compile features - done
[0.185s] -- Detecting CXX compiler ABI info
[0.252s] -- Detecting CXX compiler ABI info - done
[0.260s] -- Check for working CXX compiler: /usr/bin/c++ - skipped
[0.260s] -- Detecting CXX compile features
[0.261s] -- Detecting CXX compile features - done
[0.264s] -- Found ament_cmake: 1.1.6 (/opt/ros/galactic/share/ament_cmake/cmake)
[0.267s] [33mCMake Warning (dev) at /opt/ros/galactic/share/ament_cmake_core/cmake/core/python.cmake:22 (find_package):
[0.268s]   Policy CMP0148 is not set: The FindPythonInterp and FindPythonLibs modules
[0.268s]   are removed.  Run "cmake --help-policy CMP0148" for policy details.  Use
[0.268s]   the cmake_policy command to set the policy and suppress this warning.
[0.268s] 
[0.268s] Call Stack (most recent call first):
[0.268s]   /opt/ros/galactic/share/ament_cmake_core/cmake/core/all.cmake:53 (include)
[0.268s]   /opt/ros/galactic/share/ament_cmake_core/cmake/ament_cmake_core-extras.cmake:17 (include)
[0.268s]   /opt/ros/galactic/share/ament_cmake_core/cmake/ament_cmake_coreConfig.cmake:41 (include)
[0.268s]   /opt/ros/galactic/share/ament_cmake/cmake/ament_cmake_export_dependencies-extras.cmake:15 (find_package)
[0.268s]   /opt/ros/galactic/share/ament_cmake/cmake/ament_cmakeConfig.cmake:41 (include)
[0.268s]   CMakeLists.txt:8 (find_package)
[0.268s] This warning is for project developers.  Use -Wno-dev to suppress it.
[0.269s] [0m
[0.284s] -- Found PythonInterp: /usr/bin/python3 (found suitable version "3.8.10", minimum required is "3") 
[0.284s] -- Using PYTHON_EXECUTABLE: /usr/bin/python3
[0.349s] -- Found rclcpp: 9.2.2 (/opt/ros/galactic/share/rclcpp/cmake)
[0.389s] -- Using all available rosidl_typesupport_c: rosidl_typesupport_fastrtps_c;rosidl_typesupport_introspection_c
[0.396s] -- Found rosidl_adapter: 2.2.3 (/opt/ros/galactic/share/rosidl_adapter/cmake)
[0.475s] -- Found OpenSSL: /usr/lib/x86_64-linux-gnu/libcrypto.so (found version "1.1.1f")  
[0.504s] -- Found FastRTPS: /opt/ros/galactic/include  
[0.573s] -- Using all available rosidl_typesupport_cpp: rosidl_typesupport_fastrtps_cpp;rosidl_typesupport_introspection_cpp
[0.614s] -- Found rmw_implementation_cmake: 3.3.1 (/opt/ros/galactic/share/rmw_implementation_cmake/cmake)
[0.617s] -- Found rmw_cyclonedds_cpp: 0.22.6 (/opt/ros/galactic/share/rmw_cyclonedds_cpp/cmake)
[0.629s] -- Using RMW implementation 'rmw_cyclonedds_cpp' as default
[0.629s] -- Performing Test CMAKE_HAVE_LIBC_PTHREAD
[0.684s] -- Performing Test CMAKE_HAVE_LIBC_PTHREAD - Failed
[0.684s] -- Looking for pthread_create in pthreads
[0.728s] -- Looking for pthread_create in pthreads - not found
[0.729s] -- Looking for pthread_create in pthread
[0.785s] -- Looking for pthread_create in pthread - found
[0.786s] -- Found Threads: TRUE  
[0.941s] -- Found services_discovery_interfaces: 0.0.0 (/home/filipe/Desktop/Arrowhead_Integration_Module/arrowhead/src/install/services_discovery_interfaces/share/services_discovery_interfaces/cmake)
[0.984s] -- Found GTest: /usr/lib/x86_64-linux-gnu/libgtest.a  
[1.060s] -- Configuring done (1.0s)
[1.102s] -- Generating done (0.0s)
[1.109s] -- Build files have been written to: /home/filipe/Desktop/Arrowhead_Integration_Module/arrowhead/src/build/car_package
[1.120s] Invoked command in '/home/filipe/Desktop/Arrowhead_Integration_Module/arrowhead/src/build/car_package' returned '0': CMAKE_PREFIX_PATH=/home/filipe/Desktop/Arrowhead_Integration_Module/arrowhead/src/install/services_discovery_interfaces:/home/filipe/Desktop/Arrowhead_Integration_Module/arrowhead/src/install/services_registry_interfaces:/home/filipe/Desktop/Arrowhead_Integration_Module/Arrowhead/src/install/services_discovery:/home/filipe/Desktop/Arrowhead_Integration_Module/Arrowhead/src/install/car_package:/home/filipe/Desktop/Arrowhead_Integration_Module/Arrowhead/src/install/cpp_pubsub:/home/filipe/Desktop/Arrowhead_Integration_Module/Arrowhead/src/install/services_registry_interfaces:/home/filipe/Desktop/Arrowhead_Integration_Module/Arrowhead/src/install/services_discovery_interfaces:/opt/ros/galactic LD_LIBRARY_PATH=/home/filipe/Desktop/Arrowhead_Integration_Module/arrowhead/src/install/services_discovery_interfaces/lib:/home/filipe/Desktop/Arrowhead_Integration_Module/arrowhead/src/install/services_registry_interfaces/lib:/home/filipe/Desktop/Arrowhead_Integration_Module/Arrowhead/src/install/services_registry_interfaces/lib:/home/filipe/Desktop/Arrowhead_Integration_Module/Arrowhead/src/install/services_discovery_interfaces/lib:/usr/lib/x86_64-linux-gnu/gazebo-11/plugins:/opt/ros/galactic/opt/yaml_cpp_vendor/lib:/opt/ros/galactic/opt/rviz_ogre_vendor/lib:/opt/ros/galactic/lib/x86_64-linux-gnu:/opt/ros/galactic/lib PYTHONPATH=/home/filipe/Desktop/Arrowhead_Integration_Module/arrowhead/src/install/services_discovery_interfaces/lib/python3.8/site-packages:/home/filipe/Desktop/Arrowhead_Integration_Module/arrowhead/src/install/services_registry_interfaces/lib/python3.8/site-packages:/home/filipe/Desktop/Arrowhead_Integration_Module/Arrowhead/src/install/services_registry_interfaces/lib/python3.8/site-packages:/home/filipe/Desktop/Arrowhead_Integration_Module/Arrowhead/src/install/services_discovery_interfaces/lib/python3.8/site-packages:/opt/ros/galactic/lib/python3.8/site-packages /opt/cmake-3.28.1/bin/cmake /home/filipe/Desktop/Arrowhead_Integration_Module/arrowhead/src/car_package -DCMAKE_INSTALL_PREFIX=/home/filipe/Desktop/Arrowhead_Integration_Module/arrowhead/src/install/car_package
[1.123s] Invoking command in '/home/filipe/Desktop/Arrowhead_Integration_Module/arrowhead/src/build/car_package': CMAKE_PREFIX_PATH=/home/filipe/Desktop/Arrowhead_Integration_Module/arrowhead/src/install/services_discovery_interfaces:/home/filipe/Desktop/Arrowhead_Integration_Module/arrowhead/src/install/services_registry_interfaces:/home/filipe/Desktop/Arrowhead_Integration_Module/Arrowhead/src/install/services_discovery:/home/filipe/Desktop/Arrowhead_Integration_Module/Arrowhead/src/install/car_package:/home/filipe/Desktop/Arrowhead_Integration_Module/Arrowhead/src/install/cpp_pubsub:/home/filipe/Desktop/Arrowhead_Integration_Module/Arrowhead/src/install/services_registry_interfaces:/home/filipe/Desktop/Arrowhead_Integration_Module/Arrowhead/src/install/services_discovery_interfaces:/opt/ros/galactic LD_LIBRARY_PATH=/home/filipe/Desktop/Arrowhead_Integration_Module/arrowhead/src/install/services_discovery_interfaces/lib:/home/filipe/Desktop/Arrowhead_Integration_Module/arrowhead/src/install/services_registry_interfaces/lib:/home/filipe/Desktop/Arrowhead_Integration_Module/Arrowhead/src/install/services_registry_interfaces/lib:/home/filipe/Desktop/Arrowhead_Integration_Module/Arrowhead/src/install/services_discovery_interfaces/lib:/usr/lib/x86_64-linux-gnu/gazebo-11/plugins:/opt/ros/galactic/opt/yaml_cpp_vendor/lib:/opt/ros/galactic/opt/rviz_ogre_vendor/lib:/opt/ros/galactic/lib/x86_64-linux-gnu:/opt/ros/galactic/lib PYTHONPATH=/home/filipe/Desktop/Arrowhead_Integration_Module/arrowhead/src/install/services_discovery_interfaces/lib/python3.8/site-packages:/home/filipe/Desktop/Arrowhead_Integration_Module/arrowhead/src/install/services_registry_interfaces/lib/python3.8/site-packages:/home/filipe/Desktop/Arrowhead_Integration_Module/Arrowhead/src/install/services_registry_interfaces/lib/python3.8/site-packages:/home/filipe/Desktop/Arrowhead_Integration_Module/Arrowhead/src/install/services_discovery_interfaces/lib/python3.8/site-packages:/opt/ros/galactic/lib/python3.8/site-packages /opt/cmake-3.28.1/bin/cmake --build /home/filipe/Desktop/Arrowhead_Integration_Module/arrowhead/src/build/car_package -- -j12 -l12
[1.311s] [  6%] [32mBuilding CXX object CMakeFiles/police.dir/src/PoliceRun.cpp.o[0m
[1.318s] [ 13%] [32mBuilding CXX object CMakeFiles/police.dir/src/PoliceService.cpp.o[0m
[1.326s] [ 20%] [32mBuilding CXX object CMakeFiles/traffic.dir/src/TrafficRun.cpp.o[0m
[1.326s] [ 26%] [32mBuilding CXX object CMakeFiles/police.dir/src/DiscoveryRequester.cpp.o[0m
[1.333s] [ 33%] [32mBuilding CXX object CMakeFiles/simulation.dir/src/SimulationRun.cpp.o[0m
[1.346s] [ 40%] [32mBuilding CXX object CMakeFiles/test_police.dir/test/PoliceTest.cpp.o[0m
[1.349s] [ 46%] [32mBuilding CXX object CMakeFiles/simulation.dir/src/SimulationPath.cpp.o[0m
[1.351s] [ 53%] [32mBuilding CXX object CMakeFiles/traffic.dir/src/TrafficService.cpp.o[0m
[1.357s] [ 60%] [32mBuilding CXX object CMakeFiles/test_police.dir/src/PoliceService.cpp.o[0m
[1.365s] [ 66%] [32mBuilding CXX object CMakeFiles/test_police.dir/src/DiscoveryRequester.cpp.o[0m
[1.395s] [ 73%] [32mBuilding CXX object CMakeFiles/traffic.dir/src/DiscoveryRequester.cpp.o[0m
[11.509s] [ 80%] [32m[1mLinking CXX executable simulation[0m
[11.670s] [ 80%] Built target simulation
[15.345s] [ 86%] [32m[1mLinking CXX executable traffic[0m
[15.709s] [ 86%] Built target traffic
[15.972s] [ 93%] [32m[1mLinking CXX executable test_police[0m
[15.999s] [100%] [32m[1mLinking CXX executable police[0m
[16.359s] [100%] Built target police
[16.409s] [100%] Built target test_police
[16.414s] Invoked command in '/home/filipe/Desktop/Arrowhead_Integration_Module/arrowhead/src/build/car_package' returned '0': CMAKE_PREFIX_PATH=/home/filipe/Desktop/Arrowhead_Integration_Module/arrowhead/src/install/services_discovery_interfaces:/home/filipe/Desktop/Arrowhead_Integration_Module/arrowhead/src/install/services_registry_interfaces:/home/filipe/Desktop/Arrowhead_Integration_Module/Arrowhead/src/install/services_discovery:/home/filipe/Desktop/Arrowhead_Integration_Module/Arrowhead/src/install/car_package:/home/filipe/Desktop/Arrowhead_Integration_Module/Arrowhead/src/install/cpp_pubsub:/home/filipe/Desktop/Arrowhead_Integration_Module/Arrowhead/src/install/services_registry_interfaces:/home/filipe/Desktop/Arrowhead_Integration_Module/Arrowhead/src/install/services_discovery_interfaces:/opt/ros/galactic LD_LIBRARY_PATH=/home/filipe/Desktop/Arrowhead_Integration_Module/arrowhead/src/install/services_discovery_interfaces/lib:/home/filipe/Desktop/Arrowhead_Integration_Module/arrowhead/src/install/services_registry_interfaces/lib:/home/filipe/Desktop/Arrowhead_Integration_Module/Arrowhead/src/install/services_registry_interfaces/lib:/home/filipe/Desktop/Arrowhead_Integration_Module/Arrowhead/src/install/services_discovery_interfaces/lib:/usr/lib/x86_64-linux-gnu/gazebo-11/plugins:/opt/ros/galactic/opt/yaml_cpp_vendor/lib:/opt/ros/galactic/opt/rviz_ogre_vendor/lib:/opt/ros/galactic/lib/x86_64-linux-gnu:/opt/ros/galactic/lib PYTHONPATH=/home/filipe/Desktop/Arrowhead_Integration_Module/arrowhead/src/install/services_discovery_interfaces/lib/python3.8/site-packages:/home/filipe/Desktop/Arrowhead_Integration_Module/arrowhead/src/install/services_registry_interfaces/lib/python3.8/site-packages:/home/filipe/Desktop/Arrowhead_Integration_Module/Arrowhead/src/install/services_registry_interfaces/lib/python3.8/site-packages:/home/filipe/Desktop/Arrowhead_Integration_Module/Arrowhead/src/install/services_discovery_interfaces/lib/python3.8/site-packages:/opt/ros/galactic/lib/python3.8/site-packages /opt/cmake-3.28.1/bin/cmake --build /home/filipe/Desktop/Arrowhead_Integration_Module/arrowhead/src/build/car_package -- -j12 -l12
[16.417s] Invoking command in '/home/filipe/Desktop/Arrowhead_Integration_Module/arrowhead/src/build/car_package': CMAKE_PREFIX_PATH=/home/filipe/Desktop/Arrowhead_Integration_Module/arrowhead/src/install/services_discovery_interfaces:/home/filipe/Desktop/Arrowhead_Integration_Module/arrowhead/src/install/services_registry_interfaces:/home/filipe/Desktop/Arrowhead_Integration_Module/Arrowhead/src/install/services_discovery:/home/filipe/Desktop/Arrowhead_Integration_Module/Arrowhead/src/install/car_package:/home/filipe/Desktop/Arrowhead_Integration_Module/Arrowhead/src/install/cpp_pubsub:/home/filipe/Desktop/Arrowhead_Integration_Module/Arrowhead/src/install/services_registry_interfaces:/home/filipe/Desktop/Arrowhead_Integration_Module/Arrowhead/src/install/services_discovery_interfaces:/opt/ros/galactic LD_LIBRARY_PATH=/home/filipe/Desktop/Arrowhead_Integration_Module/arrowhead/src/install/services_discovery_interfaces/lib:/home/filipe/Desktop/Arrowhead_Integration_Module/arrowhead/src/install/services_registry_interfaces/lib:/home/filipe/Desktop/Arrowhead_Integration_Module/Arrowhead/src/install/services_registry_interfaces/lib:/home/filipe/Desktop/Arrowhead_Integration_Module/Arrowhead/src/install/services_discovery_interfaces/lib:/usr/lib/x86_64-linux-gnu/gazebo-11/plugins:/opt/ros/galactic/opt/yaml_cpp_vendor/lib:/opt/ros/galactic/opt/rviz_ogre_vendor/lib:/opt/ros/galactic/lib/x86_64-linux-gnu:/opt/ros/galactic/lib PYTHONPATH=/home/filipe/Desktop/Arrowhead_Integration_Module/arrowhead/src/install/services_discovery_interfaces/lib/python3.8/site-packages:/home/filipe/Desktop/Arrowhead_Integration_Module/arrowhead/src/install/services_registry_interfaces/lib/python3.8/site-packages:/home/filipe/Desktop/Arrowhead_Integration_Module/Arrowhead/src/install/services_registry_interfaces/lib/python3.8/site-packages:/home/filipe/Desktop/Arrowhead_Integration_Module/Arrowhead/src/install/services_discovery_interfaces/lib/python3.8/site-packages:/opt/ros/galactic/lib/python3.8/site-packages /opt/cmake-3.28.1/bin/cmake --install /home/filipe/Desktop/Arrowhead_Integration_Module/arrowhead/src/build/car_package
[16.421s] -- Install configuration: ""
[16.421s] -- Installing: /home/filipe/Desktop/Arrowhead_Integration_Module/arrowhead/src/install/car_package/lib/car_package/police
[16.427s] -- Set non-toolchain portion of runtime path of "/home/filipe/Desktop/Arrowhead_Integration_Module/arrowhead/src/install/car_package/lib/car_package/police" to ""
[16.427s] -- Installing: /home/filipe/Desktop/Arrowhead_Integration_Module/arrowhead/src/install/car_package/lib/car_package/traffic
[16.432s] -- Set non-toolchain portion of runtime path of "/home/filipe/Desktop/Arrowhead_Integration_Module/arrowhead/src/install/car_package/lib/car_package/traffic" to ""
[16.432s] -- Installing: /home/filipe/Desktop/Arrowhead_Integration_Module/arrowhead/src/install/car_package/lib/car_package/simulation
[16.433s] -- Set non-toolchain portion of runtime path of "/home/filipe/Desktop/Arrowhead_Integration_Module/arrowhead/src/install/car_package/lib/car_package/simulation" to ""
[16.434s] -- Installing: /home/filipe/Desktop/Arrowhead_Integration_Module/arrowhead/src/install/car_package/lib/car_package/test_police
[16.445s] -- Set non-toolchain portion of runtime path of "/home/filipe/Desktop/Arrowhead_Integration_Module/arrowhead/src/install/car_package/lib/car_package/test_police" to ""
[16.445s] -- Installing: /home/filipe/Desktop/Arrowhead_Integration_Module/arrowhead/src/install/car_package/share/ament_index/resource_index/package_run_dependencies/car_package
[16.446s] -- Installing: /home/filipe/Desktop/Arrowhead_Integration_Module/arrowhead/src/install/car_package/share/ament_index/resource_index/parent_prefix_path/car_package
[16.446s] -- Installing: /home/filipe/Desktop/Arrowhead_Integration_Module/arrowhead/src/install/car_package/share/car_package/environment/ament_prefix_path.sh
[16.446s] -- Installing: /home/filipe/Desktop/Arrowhead_Integration_Module/arrowhead/src/install/car_package/share/car_package/environment/ament_prefix_path.dsv
[16.446s] -- Installing: /home/filipe/Desktop/Arrowhead_Integration_Module/arrowhead/src/install/car_package/share/car_package/environment/path.sh
[16.446s] -- Installing: /home/filipe/Desktop/Arrowhead_Integration_Module/arrowhead/src/install/car_package/share/car_package/environment/path.dsv
[16.447s] -- Installing: /home/filipe/Desktop/Arrowhead_Integration_Module/arrowhead/src/install/car_package/share/car_package/local_setup.bash
[16.447s] -- Installing: /home/filipe/Desktop/Arrowhead_Integration_Module/arrowhead/src/install/car_package/share/car_package/local_setup.sh
[16.447s] -- Installing: /home/filipe/Desktop/Arrowhead_Integration_Module/arrowhead/src/install/car_package/share/car_package/local_setup.zsh
[16.447s] -- Installing: /home/filipe/Desktop/Arrowhead_Integration_Module/arrowhead/src/install/car_package/share/car_package/local_setup.dsv
[16.447s] -- Installing: /home/filipe/Desktop/Arrowhead_Integration_Module/arrowhead/src/install/car_package/share/car_package/package.dsv
[16.448s] -- Installing: /home/filipe/Desktop/Arrowhead_Integration_Module/arrowhead/src/install/car_package/share/ament_index/resource_index/packages/car_package
[16.448s] -- Installing: /home/filipe/Desktop/Arrowhead_Integration_Module/arrowhead/src/install/car_package/share/car_package/cmake/car_packageConfig.cmake
[16.448s] -- Installing: /home/filipe/Desktop/Arrowhead_Integration_Module/arrowhead/src/install/car_package/share/car_package/cmake/car_packageConfig-version.cmake
[16.448s] -- Installing: /home/filipe/Desktop/Arrowhead_Integration_Module/arrowhead/src/install/car_package/share/car_package/package.xml
[16.450s] Invoked command in '/home/filipe/Desktop/Arrowhead_Integration_Module/arrowhead/src/build/car_package' returned '0': CMAKE_PREFIX_PATH=/home/filipe/Desktop/Arrowhead_Integration_Module/arrowhead/src/install/services_discovery_interfaces:/home/filipe/Desktop/Arrowhead_Integration_Module/arrowhead/src/install/services_registry_interfaces:/home/filipe/Desktop/Arrowhead_Integration_Module/Arrowhead/src/install/services_discovery:/home/filipe/Desktop/Arrowhead_Integration_Module/Arrowhead/src/install/car_package:/home/filipe/Desktop/Arrowhead_Integration_Module/Arrowhead/src/install/cpp_pubsub:/home/filipe/Desktop/Arrowhead_Integration_Module/Arrowhead/src/install/services_registry_interfaces:/home/filipe/Desktop/Arrowhead_Integration_Module/Arrowhead/src/install/services_discovery_interfaces:/opt/ros/galactic LD_LIBRARY_PATH=/home/filipe/Desktop/Arrowhead_Integration_Module/arrowhead/src/install/services_discovery_interfaces/lib:/home/filipe/Desktop/Arrowhead_Integration_Module/arrowhead/src/install/services_registry_interfaces/lib:/home/filipe/Desktop/Arrowhead_Integration_Module/Arrowhead/src/install/services_registry_interfaces/lib:/home/filipe/Desktop/Arrowhead_Integration_Module/Arrowhead/src/install/services_discovery_interfaces/lib:/usr/lib/x86_64-linux-gnu/gazebo-11/plugins:/opt/ros/galactic/opt/yaml_cpp_vendor/lib:/opt/ros/galactic/opt/rviz_ogre_vendor/lib:/opt/ros/galactic/lib/x86_64-linux-gnu:/opt/ros/galactic/lib PYTHONPATH=/home/filipe/Desktop/Arrowhead_Integration_Module/arrowhead/src/install/services_discovery_interfaces/lib/python3.8/site-packages:/home/filipe/Desktop/Arrowhead_Integration_Module/arrowhead/src/install/services_registry_interfaces/lib/python3.8/site-packages:/home/filipe/Desktop/Arrowhead_Integration_Module/Arrowhead/src/install/services_registry_interfaces/lib/python3.8/site-packages:/home/filipe/Desktop/Arrowhead_Integration_Module/Arrowhead/src/install/services_discovery_interfaces/lib/python3.8/site-packages:/opt/ros/galactic/lib/python3.8/site-packages /opt/cmake-3.28.1/bin/cmake --install /home/filipe/Desktop/Arrowhead_Integration_Module/arrowhead/src/build/car_package
