[0.412s] DEBUG:colcon:Command line arguments: ['/usr/bin/colcon', 'build']
[0.412s] DEBUG:colcon:Parsed command line arguments: Namespace(allow_overriding=[], ament_cmake_args=None, base_paths=['.'], build_base='build', catkin_cmake_args=None, catkin_skip_building_tests=False, cmake_args=None, cmake_clean_cache=False, cmake_clean_first=False, cmake_force_configure=False, cmake_target=None, cmake_target_skip_unavailable=False, continue_on_error=False, event_handlers=None, executor='parallel', ignore_user_meta=False, install_base='install', log_base=None, log_level=None, main=<bound method BuildVerb.main of <colcon_core.verb.build.BuildVerb object at 0x7f37595b63a0>>, merge_install=False, metas=['./colcon.meta'], mixin=None, mixin_files=None, mixin_verb=('build',), packages_above=None, packages_above_and_dependencies=None, packages_above_depth=None, packages_end=None, packages_ignore=None, packages_ignore_regex=None, packages_select=None, packages_select_build_failed=False, packages_select_by_dep=None, packages_select_regex=None, packages_select_test_failures=False, packages_skip=None, packages_skip_build_finished=False, packages_skip_by_dep=None, packages_skip_regex=None, packages_skip_test_passed=False, packages_skip_up_to=None, packages_start=None, packages_up_to=None, packages_up_to_regex=None, parallel_workers=12, paths=None, symlink_install=False, test_result_base=None, verb_extension=<colcon_core.verb.build.BuildVerb object at 0x7f37595b63a0>, verb_name='build', verb_parser=<colcon_mixin.mixin.mixin_argument.MixinArgumentDecorator object at 0x7f37594f3d60>)
[0.469s] Level 1:colcon.colcon_core.package_discovery:discover_packages(colcon_meta) check parameters
[0.469s] Level 1:colcon.colcon_core.package_discovery:discover_packages(recursive) check parameters
[0.469s] Level 1:colcon.colcon_core.package_discovery:discover_packages(ignore) check parameters
[0.469s] Level 1:colcon.colcon_core.package_discovery:discover_packages(path) check parameters
[0.469s] Level 1:colcon.colcon_core.package_discovery:discover_packages(colcon_meta) discover
[0.469s] Level 1:colcon.colcon_core.package_discovery:discover_packages(recursive) discover
[0.469s] INFO:colcon.colcon_core.package_discovery:Crawling recursively for packages in '/home/filipe/Desktop/Arrowhead_Integration_Module/arrowhead/src'
[0.469s] Level 1:colcon.colcon_core.package_identification:_identify(.) by extensions ['ignore', 'ignore_ament_install']
[0.469s] Level 1:colcon.colcon_core.package_identification:_identify(.) by extension 'ignore'
[0.469s] Level 1:colcon.colcon_core.package_identification:_identify(.) by extension 'ignore_ament_install'
[0.469s] Level 1:colcon.colcon_core.package_identification:_identify(.) by extensions ['colcon_pkg']
[0.469s] Level 1:colcon.colcon_core.package_identification:_identify(.) by extension 'colcon_pkg'
[0.469s] Level 1:colcon.colcon_core.package_identification:_identify(.) by extensions ['colcon_meta']
[0.469s] Level 1:colcon.colcon_core.package_identification:_identify(.) by extension 'colcon_meta'
[0.469s] Level 1:colcon.colcon_core.package_identification:_identify(.) by extensions ['ros']
[0.469s] Level 1:colcon.colcon_core.package_identification:_identify(.) by extension 'ros'
[0.481s] Level 1:colcon.colcon_core.package_identification:_identify(.) by extensions ['cmake', 'python']
[0.481s] Level 1:colcon.colcon_core.package_identification:_identify(.) by extension 'cmake'
[0.481s] Level 1:colcon.colcon_core.package_identification:_identify(.) by extension 'python'
[0.481s] Level 1:colcon.colcon_core.package_identification:_identify(.) by extensions ['python_setup_py']
[0.481s] Level 1:colcon.colcon_core.package_identification:_identify(.) by extension 'python_setup_py'
[0.481s] Level 1:colcon.colcon_core.package_identification:_identify(build) by extensions ['ignore', 'ignore_ament_install']
[0.481s] Level 1:colcon.colcon_core.package_identification:_identify(build) by extension 'ignore'
[0.481s] Level 1:colcon.colcon_core.package_identification:_identify(build) ignored
[0.481s] Level 1:colcon.colcon_core.package_identification:_identify(car_package) by extensions ['ignore', 'ignore_ament_install']
[0.481s] Level 1:colcon.colcon_core.package_identification:_identify(car_package) by extension 'ignore'
[0.481s] Level 1:colcon.colcon_core.package_identification:_identify(car_package) by extension 'ignore_ament_install'
[0.481s] Level 1:colcon.colcon_core.package_identification:_identify(car_package) by extensions ['colcon_pkg']
[0.481s] Level 1:colcon.colcon_core.package_identification:_identify(car_package) by extension 'colcon_pkg'
[0.481s] Level 1:colcon.colcon_core.package_identification:_identify(car_package) by extensions ['colcon_meta']
[0.481s] Level 1:colcon.colcon_core.package_identification:_identify(car_package) by extension 'colcon_meta'
[0.481s] Level 1:colcon.colcon_core.package_identification:_identify(car_package) by extensions ['ros']
[0.481s] Level 1:colcon.colcon_core.package_identification:_identify(car_package) by extension 'ros'
[0.484s] DEBUG:colcon.colcon_core.package_identification:Package 'car_package' with type 'ros.ament_cmake' and name 'car_package'
[0.484s] Level 1:colcon.colcon_core.package_identification:_identify(cpp_pubsub) by extensions ['ignore', 'ignore_ament_install']
[0.484s] Level 1:colcon.colcon_core.package_identification:_identify(cpp_pubsub) by extension 'ignore'
[0.484s] Level 1:colcon.colcon_core.package_identification:_identify(cpp_pubsub) by extension 'ignore_ament_install'
[0.484s] Level 1:colcon.colcon_core.package_identification:_identify(cpp_pubsub) by extensions ['colcon_pkg']
[0.484s] Level 1:colcon.colcon_core.package_identification:_identify(cpp_pubsub) by extension 'colcon_pkg'
[0.484s] Level 1:colcon.colcon_core.package_identification:_identify(cpp_pubsub) by extensions ['colcon_meta']
[0.484s] Level 1:colcon.colcon_core.package_identification:_identify(cpp_pubsub) by extension 'colcon_meta'
[0.484s] Level 1:colcon.colcon_core.package_identification:_identify(cpp_pubsub) by extensions ['ros']
[0.484s] Level 1:colcon.colcon_core.package_identification:_identify(cpp_pubsub) by extension 'ros'
[0.484s] DEBUG:colcon.colcon_core.package_identification:Package 'cpp_pubsub' with type 'ros.ament_cmake' and name 'cpp_pubsub'
[0.485s] Level 1:colcon.colcon_core.package_identification:_identify(install) by extensions ['ignore', 'ignore_ament_install']
[0.485s] Level 1:colcon.colcon_core.package_identification:_identify(install) by extension 'ignore'
[0.485s] Level 1:colcon.colcon_core.package_identification:_identify(install) ignored
[0.485s] Level 1:colcon.colcon_core.package_identification:_identify(log) by extensions ['ignore', 'ignore_ament_install']
[0.485s] Level 1:colcon.colcon_core.package_identification:_identify(log) by extension 'ignore'
[0.485s] Level 1:colcon.colcon_core.package_identification:_identify(log) ignored
[0.485s] Level 1:colcon.colcon_core.package_identification:_identify(services_discovery) by extensions ['ignore', 'ignore_ament_install']
[0.485s] Level 1:colcon.colcon_core.package_identification:_identify(services_discovery) by extension 'ignore'
[0.485s] Level 1:colcon.colcon_core.package_identification:_identify(services_discovery) by extension 'ignore_ament_install'
[0.485s] Level 1:colcon.colcon_core.package_identification:_identify(services_discovery) by extensions ['colcon_pkg']
[0.485s] Level 1:colcon.colcon_core.package_identification:_identify(services_discovery) by extension 'colcon_pkg'
[0.485s] Level 1:colcon.colcon_core.package_identification:_identify(services_discovery) by extensions ['colcon_meta']
[0.485s] Level 1:colcon.colcon_core.package_identification:_identify(services_discovery) by extension 'colcon_meta'
[0.485s] Level 1:colcon.colcon_core.package_identification:_identify(services_discovery) by extensions ['ros']
[0.485s] Level 1:colcon.colcon_core.package_identification:_identify(services_discovery) by extension 'ros'
[0.486s] DEBUG:colcon.colcon_core.package_identification:Package 'services_discovery' with type 'ros.ament_cmake' and name 'services_discovery'
[0.486s] Level 1:colcon.colcon_core.package_identification:_identify(services_discovery_interfaces) by extensions ['ignore', 'ignore_ament_install']
[0.486s] Level 1:colcon.colcon_core.package_identification:_identify(services_discovery_interfaces) by extension 'ignore'
[0.486s] Level 1:colcon.colcon_core.package_identification:_identify(services_discovery_interfaces) by extension 'ignore_ament_install'
[0.486s] Level 1:colcon.colcon_core.package_identification:_identify(services_discovery_interfaces) by extensions ['colcon_pkg']
[0.486s] Level 1:colcon.colcon_core.package_identification:_identify(services_discovery_interfaces) by extension 'colcon_pkg'
[0.486s] Level 1:colcon.colcon_core.package_identification:_identify(services_discovery_interfaces) by extensions ['colcon_meta']
[0.486s] Level 1:colcon.colcon_core.package_identification:_identify(services_discovery_interfaces) by extension 'colcon_meta'
[0.486s] Level 1:colcon.colcon_core.package_identification:_identify(services_discovery_interfaces) by extensions ['ros']
[0.486s] Level 1:colcon.colcon_core.package_identification:_identify(services_discovery_interfaces) by extension 'ros'
[0.486s] DEBUG:colcon.colcon_core.package_identification:Package 'services_discovery_interfaces' with type 'ros.ament_cmake' and name 'services_discovery_interfaces'
[0.487s] Level 1:colcon.colcon_core.package_identification:_identify(services_registry) by extensions ['ignore', 'ignore_ament_install']
[0.487s] Level 1:colcon.colcon_core.package_identification:_identify(services_registry) by extension 'ignore'
[0.487s] Level 1:colcon.colcon_core.package_identification:_identify(services_registry) by extension 'ignore_ament_install'
[0.487s] Level 1:colcon.colcon_core.package_identification:_identify(services_registry) by extensions ['colcon_pkg']
[0.487s] Level 1:colcon.colcon_core.package_identification:_identify(services_registry) by extension 'colcon_pkg'
[0.487s] Level 1:colcon.colcon_core.package_identification:_identify(services_registry) by extensions ['colcon_meta']
[0.487s] Level 1:colcon.colcon_core.package_identification:_identify(services_registry) by extension 'colcon_meta'
[0.487s] Level 1:colcon.colcon_core.package_identification:_identify(services_registry) by extensions ['ros']
[0.487s] Level 1:colcon.colcon_core.package_identification:_identify(services_registry) by extension 'ros'
[0.487s] DEBUG:colcon.colcon_core.package_identification:Package 'services_registry' with type 'ros.ament_cmake' and name 'services_registry'
[0.487s] Level 1:colcon.colcon_core.package_identification:_identify(services_registry_interfaces) by extensions ['ignore', 'ignore_ament_install']
[0.487s] Level 1:colcon.colcon_core.package_identification:_identify(services_registry_interfaces) by extension 'ignore'
[0.487s] Level 1:colcon.colcon_core.package_identification:_identify(services_registry_interfaces) by extension 'ignore_ament_install'
[0.487s] Level 1:colcon.colcon_core.package_identification:_identify(services_registry_interfaces) by extensions ['colcon_pkg']
[0.487s] Level 1:colcon.colcon_core.package_identification:_identify(services_registry_interfaces) by extension 'colcon_pkg'
[0.488s] Level 1:colcon.colcon_core.package_identification:_identify(services_registry_interfaces) by extensions ['colcon_meta']
[0.488s] Level 1:colcon.colcon_core.package_identification:_identify(services_registry_interfaces) by extension 'colcon_meta'
[0.488s] Level 1:colcon.colcon_core.package_identification:_identify(services_registry_interfaces) by extensions ['ros']
[0.488s] Level 1:colcon.colcon_core.package_identification:_identify(services_registry_interfaces) by extension 'ros'
[0.488s] DEBUG:colcon.colcon_core.package_identification:Package 'services_registry_interfaces' with type 'ros.ament_cmake' and name 'services_registry_interfaces'
[0.488s] Level 1:colcon.colcon_core.package_discovery:discover_packages(recursive) using defaults
[0.488s] Level 1:colcon.colcon_core.package_discovery:discover_packages(ignore) discover
[0.488s] Level 1:colcon.colcon_core.package_discovery:discover_packages(ignore) using defaults
[0.488s] Level 1:colcon.colcon_core.package_discovery:discover_packages(path) discover
[0.488s] Level 1:colcon.colcon_core.package_discovery:discover_packages(path) using defaults
[0.505s] Level 1:colcon.colcon_core.package_discovery:discover_packages(prefix_path) check parameters
[0.505s] Level 1:colcon.colcon_core.package_discovery:discover_packages(prefix_path) discover
[0.508s] DEBUG:colcon.colcon_installed_package_information.package_discovery:Found 315 installed packages in /opt/ros/galactic
[0.509s] Level 1:colcon.colcon_core.package_discovery:discover_packages(prefix_path) using defaults
[0.599s] Level 5:colcon.colcon_core.verb:set package 'cpp_pubsub' build argument 'cmake_args' from command line to 'None'
[0.599s] Level 5:colcon.colcon_core.verb:set package 'cpp_pubsub' build argument 'cmake_target' from command line to 'None'
[0.599s] Level 5:colcon.colcon_core.verb:set package 'cpp_pubsub' build argument 'cmake_target_skip_unavailable' from command line to 'False'
[0.599s] Level 5:colcon.colcon_core.verb:set package 'cpp_pubsub' build argument 'cmake_clean_cache' from command line to 'False'
[0.599s] Level 5:colcon.colcon_core.verb:set package 'cpp_pubsub' build argument 'cmake_clean_first' from command line to 'False'
[0.599s] Level 5:colcon.colcon_core.verb:set package 'cpp_pubsub' build argument 'cmake_force_configure' from command line to 'False'
[0.599s] Level 5:colcon.colcon_core.verb:set package 'cpp_pubsub' build argument 'ament_cmake_args' from command line to 'None'
[0.599s] Level 5:colcon.colcon_core.verb:set package 'cpp_pubsub' build argument 'catkin_cmake_args' from command line to 'None'
[0.599s] Level 5:colcon.colcon_core.verb:set package 'cpp_pubsub' build argument 'catkin_skip_building_tests' from command line to 'False'
[0.599s] DEBUG:colcon.colcon_core.verb:Building package 'cpp_pubsub' with the following arguments: {'ament_cmake_args': None, 'build_base': '/home/filipe/Desktop/Arrowhead_Integration_Module/arrowhead/src/build/cpp_pubsub', 'catkin_cmake_args': None, 'catkin_skip_building_tests': False, 'cmake_args': None, 'cmake_clean_cache': False, 'cmake_clean_first': False, 'cmake_force_configure': False, 'cmake_target': None, 'cmake_target_skip_unavailable': False, 'install_base': '/home/filipe/Desktop/Arrowhead_Integration_Module/arrowhead/src/install/cpp_pubsub', 'merge_install': False, 'path': '/home/filipe/Desktop/Arrowhead_Integration_Module/arrowhead/src/cpp_pubsub', 'symlink_install': False, 'test_result_base': None}
[0.600s] Level 5:colcon.colcon_core.verb:set package 'services_discovery_interfaces' build argument 'cmake_args' from command line to 'None'
[0.600s] Level 5:colcon.colcon_core.verb:set package 'services_discovery_interfaces' build argument 'cmake_target' from command line to 'None'
[0.600s] Level 5:colcon.colcon_core.verb:set package 'services_discovery_interfaces' build argument 'cmake_target_skip_unavailable' from command line to 'False'
[0.600s] Level 5:colcon.colcon_core.verb:set package 'services_discovery_interfaces' build argument 'cmake_clean_cache' from command line to 'False'
[0.600s] Level 5:colcon.colcon_core.verb:set package 'services_discovery_interfaces' build argument 'cmake_clean_first' from command line to 'False'
[0.600s] Level 5:colcon.colcon_core.verb:set package 'services_discovery_interfaces' build argument 'cmake_force_configure' from command line to 'False'
[0.600s] Level 5:colcon.colcon_core.verb:set package 'services_discovery_interfaces' build argument 'ament_cmake_args' from command line to 'None'
[0.600s] Level 5:colcon.colcon_core.verb:set package 'services_discovery_interfaces' build argument 'catkin_cmake_args' from command line to 'None'
[0.600s] Level 5:colcon.colcon_core.verb:set package 'services_discovery_interfaces' build argument 'catkin_skip_building_tests' from command line to 'False'
[0.600s] DEBUG:colcon.colcon_core.verb:Building package 'services_discovery_interfaces' with the following arguments: {'ament_cmake_args': None, 'build_base': '/home/filipe/Desktop/Arrowhead_Integration_Module/arrowhead/src/build/services_discovery_interfaces', 'catkin_cmake_args': None, 'catkin_skip_building_tests': False, 'cmake_args': None, 'cmake_clean_cache': False, 'cmake_clean_first': False, 'cmake_force_configure': False, 'cmake_target': None, 'cmake_target_skip_unavailable': False, 'install_base': '/home/filipe/Desktop/Arrowhead_Integration_Module/arrowhead/src/install/services_discovery_interfaces', 'merge_install': False, 'path': '/home/filipe/Desktop/Arrowhead_Integration_Module/arrowhead/src/services_discovery_interfaces', 'symlink_install': False, 'test_result_base': None}
[0.600s] Level 5:colcon.colcon_core.verb:set package 'services_registry' build argument 'cmake_args' from command line to 'None'
[0.600s] Level 5:colcon.colcon_core.verb:set package 'services_registry' build argument 'cmake_target' from command line to 'None'
[0.600s] Level 5:colcon.colcon_core.verb:set package 'services_registry' build argument 'cmake_target_skip_unavailable' from command line to 'False'
[0.600s] Level 5:colcon.colcon_core.verb:set package 'services_registry' build argument 'cmake_clean_cache' from command line to 'False'
[0.600s] Level 5:colcon.colcon_core.verb:set package 'services_registry' build argument 'cmake_clean_first' from command line to 'False'
[0.600s] Level 5:colcon.colcon_core.verb:set package 'services_registry' build argument 'cmake_force_configure' from command line to 'False'
[0.600s] Level 5:colcon.colcon_core.verb:set package 'services_registry' build argument 'ament_cmake_args' from command line to 'None'
[0.600s] Level 5:colcon.colcon_core.verb:set package 'services_registry' build argument 'catkin_cmake_args' from command line to 'None'
[0.600s] Level 5:colcon.colcon_core.verb:set package 'services_registry' build argument 'catkin_skip_building_tests' from command line to 'False'
[0.600s] DEBUG:colcon.colcon_core.verb:Building package 'services_registry' with the following arguments: {'ament_cmake_args': None, 'build_base': '/home/filipe/Desktop/Arrowhead_Integration_Module/arrowhead/src/build/services_registry', 'catkin_cmake_args': None, 'catkin_skip_building_tests': False, 'cmake_args': None, 'cmake_clean_cache': False, 'cmake_clean_first': False, 'cmake_force_configure': False, 'cmake_target': None, 'cmake_target_skip_unavailable': False, 'install_base': '/home/filipe/Desktop/Arrowhead_Integration_Module/arrowhead/src/install/services_registry', 'merge_install': False, 'path': '/home/filipe/Desktop/Arrowhead_Integration_Module/arrowhead/src/services_registry', 'symlink_install': False, 'test_result_base': None}
[0.600s] Level 5:colcon.colcon_core.verb:set package 'services_registry_interfaces' build argument 'cmake_args' from command line to 'None'
[0.600s] Level 5:colcon.colcon_core.verb:set package 'services_registry_interfaces' build argument 'cmake_target' from command line to 'None'
[0.600s] Level 5:colcon.colcon_core.verb:set package 'services_registry_interfaces' build argument 'cmake_target_skip_unavailable' from command line to 'False'
[0.600s] Level 5:colcon.colcon_core.verb:set package 'services_registry_interfaces' build argument 'cmake_clean_cache' from command line to 'False'
[0.600s] Level 5:colcon.colcon_core.verb:set package 'services_registry_interfaces' build argument 'cmake_clean_first' from command line to 'False'
[0.600s] Level 5:colcon.colcon_core.verb:set package 'services_registry_interfaces' build argument 'cmake_force_configure' from command line to 'False'
[0.600s] Level 5:colcon.colcon_core.verb:set package 'services_registry_interfaces' build argument 'ament_cmake_args' from command line to 'None'
[0.600s] Level 5:colcon.colcon_core.verb:set package 'services_registry_interfaces' build argument 'catkin_cmake_args' from command line to 'None'
[0.600s] Level 5:colcon.colcon_core.verb:set package 'services_registry_interfaces' build argument 'catkin_skip_building_tests' from command line to 'False'
[0.600s] DEBUG:colcon.colcon_core.verb:Building package 'services_registry_interfaces' with the following arguments: {'ament_cmake_args': None, 'build_base': '/home/filipe/Desktop/Arrowhead_Integration_Module/arrowhead/src/build/services_registry_interfaces', 'catkin_cmake_args': None, 'catkin_skip_building_tests': False, 'cmake_args': None, 'cmake_clean_cache': False, 'cmake_clean_first': False, 'cmake_force_configure': False, 'cmake_target': None, 'cmake_target_skip_unavailable': False, 'install_base': '/home/filipe/Desktop/Arrowhead_Integration_Module/arrowhead/src/install/services_registry_interfaces', 'merge_install': False, 'path': '/home/filipe/Desktop/Arrowhead_Integration_Module/arrowhead/src/services_registry_interfaces', 'symlink_install': False, 'test_result_base': None}
[0.601s] Level 5:colcon.colcon_core.verb:set package 'car_package' build argument 'cmake_args' from command line to 'None'
[0.601s] Level 5:colcon.colcon_core.verb:set package 'car_package' build argument 'cmake_target' from command line to 'None'
[0.601s] Level 5:colcon.colcon_core.verb:set package 'car_package' build argument 'cmake_target_skip_unavailable' from command line to 'False'
[0.601s] Level 5:colcon.colcon_core.verb:set package 'car_package' build argument 'cmake_clean_cache' from command line to 'False'
[0.601s] Level 5:colcon.colcon_core.verb:set package 'car_package' build argument 'cmake_clean_first' from command line to 'False'
[0.601s] Level 5:colcon.colcon_core.verb:set package 'car_package' build argument 'cmake_force_configure' from command line to 'False'
[0.601s] Level 5:colcon.colcon_core.verb:set package 'car_package' build argument 'ament_cmake_args' from command line to 'None'
[0.601s] Level 5:colcon.colcon_core.verb:set package 'car_package' build argument 'catkin_cmake_args' from command line to 'None'
[0.601s] Level 5:colcon.colcon_core.verb:set package 'car_package' build argument 'catkin_skip_building_tests' from command line to 'False'
[0.601s] DEBUG:colcon.colcon_core.verb:Building package 'car_package' with the following arguments: {'ament_cmake_args': None, 'build_base': '/home/filipe/Desktop/Arrowhead_Integration_Module/arrowhead/src/build/car_package', 'catkin_cmake_args': None, 'catkin_skip_building_tests': False, 'cmake_args': None, 'cmake_clean_cache': False, 'cmake_clean_first': False, 'cmake_force_configure': False, 'cmake_target': None, 'cmake_target_skip_unavailable': False, 'install_base': '/home/filipe/Desktop/Arrowhead_Integration_Module/arrowhead/src/install/car_package', 'merge_install': False, 'path': '/home/filipe/Desktop/Arrowhead_Integration_Module/arrowhead/src/car_package', 'symlink_install': False, 'test_result_base': None}
[0.601s] Level 5:colcon.colcon_core.verb:set package 'services_discovery' build argument 'cmake_args' from command line to 'None'
[0.601s] Level 5:colcon.colcon_core.verb:set package 'services_discovery' build argument 'cmake_target' from command line to 'None'
[0.601s] Level 5:colcon.colcon_core.verb:set package 'services_discovery' build argument 'cmake_target_skip_unavailable' from command line to 'False'
[0.601s] Level 5:colcon.colcon_core.verb:set package 'services_discovery' build argument 'cmake_clean_cache' from command line to 'False'
[0.601s] Level 5:colcon.colcon_core.verb:set package 'services_discovery' build argument 'cmake_clean_first' from command line to 'False'
[0.601s] Level 5:colcon.colcon_core.verb:set package 'services_discovery' build argument 'cmake_force_configure' from command line to 'False'
[0.601s] Level 5:colcon.colcon_core.verb:set package 'services_discovery' build argument 'ament_cmake_args' from command line to 'None'
[0.601s] Level 5:colcon.colcon_core.verb:set package 'services_discovery' build argument 'catkin_cmake_args' from command line to 'None'
[0.601s] Level 5:colcon.colcon_core.verb:set package 'services_discovery' build argument 'catkin_skip_building_tests' from command line to 'False'
[0.601s] DEBUG:colcon.colcon_core.verb:Building package 'services_discovery' with the following arguments: {'ament_cmake_args': None, 'build_base': '/home/filipe/Desktop/Arrowhead_Integration_Module/arrowhead/src/build/services_discovery', 'catkin_cmake_args': None, 'catkin_skip_building_tests': False, 'cmake_args': None, 'cmake_clean_cache': False, 'cmake_clean_first': False, 'cmake_force_configure': False, 'cmake_target': None, 'cmake_target_skip_unavailable': False, 'install_base': '/home/filipe/Desktop/Arrowhead_Integration_Module/arrowhead/src/install/services_discovery', 'merge_install': False, 'path': '/home/filipe/Desktop/Arrowhead_Integration_Module/arrowhead/src/services_discovery', 'symlink_install': False, 'test_result_base': None}
[0.601s] INFO:colcon.colcon_core.executor:Executing jobs using 'parallel' executor
[0.602s] DEBUG:colcon.colcon_parallel_executor.executor.parallel:run_until_complete
[0.602s] INFO:colcon.colcon_ros.task.ament_cmake.build:Building ROS package in '/home/filipe/Desktop/Arrowhead_Integration_Module/arrowhead/src/services_discovery_interfaces' with build type 'ament_cmake'
[0.602s] INFO:colcon.colcon_cmake.task.cmake.build:Building CMake package in '/home/filipe/Desktop/Arrowhead_Integration_Module/arrowhead/src/services_discovery_interfaces'
[0.604s] INFO:colcon.colcon_core.plugin_system:Skipping extension 'colcon_core.shell.bat': Not used on non-Windows systems
[0.605s] INFO:colcon.colcon_core.shell:Skip shell extension 'powershell' for command environment: Not usable outside of PowerShell
[0.605s] DEBUG:colcon.colcon_core.shell:Skip shell extension 'dsv' for command environment
[0.608s] INFO:colcon.colcon_ros.task.ament_cmake.build:Building ROS package in '/home/filipe/Desktop/Arrowhead_Integration_Module/arrowhead/src/cpp_pubsub' with build type 'ament_cmake'
[0.608s] INFO:colcon.colcon_cmake.task.cmake.build:Building CMake package in '/home/filipe/Desktop/Arrowhead_Integration_Module/arrowhead/src/cpp_pubsub'
[0.609s] INFO:colcon.colcon_core.shell:Skip shell extension 'powershell' for command environment: Not usable outside of PowerShell
[0.609s] DEBUG:colcon.colcon_core.shell:Skip shell extension 'dsv' for command environment
[0.613s] INFO:colcon.colcon_ros.task.ament_cmake.build:Building ROS package in '/home/filipe/Desktop/Arrowhead_Integration_Module/arrowhead/src/services_registry' with build type 'ament_cmake'
[0.613s] INFO:colcon.colcon_cmake.task.cmake.build:Building CMake package in '/home/filipe/Desktop/Arrowhead_Integration_Module/arrowhead/src/services_registry'
[0.614s] INFO:colcon.colcon_core.shell:Skip shell extension 'powershell' for command environment: Not usable outside of PowerShell
[0.614s] DEBUG:colcon.colcon_core.shell:Skip shell extension 'dsv' for command environment
[0.621s] INFO:colcon.colcon_ros.task.ament_cmake.build:Building ROS package in '/home/filipe/Desktop/Arrowhead_Integration_Module/arrowhead/src/services_registry_interfaces' with build type 'ament_cmake'
[0.621s] INFO:colcon.colcon_cmake.task.cmake.build:Building CMake package in '/home/filipe/Desktop/Arrowhead_Integration_Module/arrowhead/src/services_registry_interfaces'
[0.622s] INFO:colcon.colcon_core.shell:Skip shell extension 'powershell' for command environment: Not usable outside of PowerShell
[0.622s] DEBUG:colcon.colcon_core.shell:Skip shell extension 'dsv' for command environment
[0.630s] DEBUG:colcon.colcon_core.event_handler.log_command:Invoking command in '/home/filipe/Desktop/Arrowhead_Integration_Module/arrowhead/src/build/services_discovery_interfaces': CMAKE_PREFIX_PATH=/opt/ros/galactic /opt/cmake-3.28.1/bin/cmake --build /home/filipe/Desktop/Arrowhead_Integration_Module/arrowhead/src/build/services_discovery_interfaces -- -j12 -l12
[0.638s] DEBUG:colcon.colcon_core.event_handler.log_command:Invoking command in '/home/filipe/Desktop/Arrowhead_Integration_Module/arrowhead/src/build/cpp_pubsub': CMAKE_PREFIX_PATH=/opt/ros/galactic /opt/cmake-3.28.1/bin/cmake --build /home/filipe/Desktop/Arrowhead_Integration_Module/arrowhead/src/build/cpp_pubsub -- -j12 -l12
[0.643s] DEBUG:colcon.colcon_core.event_handler.log_command:Invoking command in '/home/filipe/Desktop/Arrowhead_Integration_Module/arrowhead/src/build/services_registry': CMAKE_PREFIX_PATH=/opt/ros/galactic /opt/cmake-3.28.1/bin/cmake --build /home/filipe/Desktop/Arrowhead_Integration_Module/arrowhead/src/build/services_registry -- -j12 -l12
[0.649s] DEBUG:colcon.colcon_core.event_handler.log_command:Invoking command in '/home/filipe/Desktop/Arrowhead_Integration_Module/arrowhead/src/build/services_registry_interfaces': CMAKE_PREFIX_PATH=/opt/ros/galactic /opt/cmake-3.28.1/bin/cmake --build /home/filipe/Desktop/Arrowhead_Integration_Module/arrowhead/src/build/services_registry_interfaces -- -j12 -l12
[0.729s] DEBUG:colcon.colcon_core.event_handler.log_command:Invoked command in '/home/filipe/Desktop/Arrowhead_Integration_Module/arrowhead/src/build/cpp_pubsub' returned '0': CMAKE_PREFIX_PATH=/opt/ros/galactic /opt/cmake-3.28.1/bin/cmake --build /home/filipe/Desktop/Arrowhead_Integration_Module/arrowhead/src/build/cpp_pubsub -- -j12 -l12
[0.737s] DEBUG:colcon.colcon_core.event_handler.log_command:Invoking command in '/home/filipe/Desktop/Arrowhead_Integration_Module/arrowhead/src/build/cpp_pubsub': CMAKE_PREFIX_PATH=/opt/ros/galactic /opt/cmake-3.28.1/bin/cmake --install /home/filipe/Desktop/Arrowhead_Integration_Module/arrowhead/src/build/cpp_pubsub
[0.739s] DEBUG:colcon.colcon_core.event_handler.log_command:Invoked command in '/home/filipe/Desktop/Arrowhead_Integration_Module/arrowhead/src/build/services_registry' returned '0': CMAKE_PREFIX_PATH=/opt/ros/galactic /opt/cmake-3.28.1/bin/cmake --build /home/filipe/Desktop/Arrowhead_Integration_Module/arrowhead/src/build/services_registry -- -j12 -l12
[0.743s] DEBUG:colcon.colcon_core.event_handler.log_command:Invoking command in '/home/filipe/Desktop/Arrowhead_Integration_Module/arrowhead/src/build/services_registry': CMAKE_PREFIX_PATH=/opt/ros/galactic /opt/cmake-3.28.1/bin/cmake --install /home/filipe/Desktop/Arrowhead_Integration_Module/arrowhead/src/build/services_registry
[0.748s] Level 1:colcon.colcon_core.environment:create_environment_scripts_only(cpp_pubsub)
[0.750s] DEBUG:colcon.colcon_core.event_handler.log_command:Invoked command in '/home/filipe/Desktop/Arrowhead_Integration_Module/arrowhead/src/build/cpp_pubsub' returned '0': CMAKE_PREFIX_PATH=/opt/ros/galactic /opt/cmake-3.28.1/bin/cmake --install /home/filipe/Desktop/Arrowhead_Integration_Module/arrowhead/src/build/cpp_pubsub
[0.753s] Level 1:colcon.colcon_core.environment:checking '/home/filipe/Desktop/Arrowhead_Integration_Module/arrowhead/src/install/cpp_pubsub' for CMake module files
[0.754s] Level 1:colcon.colcon_core.environment:checking '/home/filipe/Desktop/Arrowhead_Integration_Module/arrowhead/src/install/cpp_pubsub' for CMake config files
[0.754s] Level 1:colcon.colcon_core.shell:create_environment_hook('cpp_pubsub', 'cmake_prefix_path')
[0.755s] INFO:colcon.colcon_core.shell:Creating environment hook '/home/filipe/Desktop/Arrowhead_Integration_Module/arrowhead/src/install/cpp_pubsub/share/cpp_pubsub/hook/cmake_prefix_path.ps1'
[0.755s] INFO:colcon.colcon_core.shell:Creating environment descriptor '/home/filipe/Desktop/Arrowhead_Integration_Module/arrowhead/src/install/cpp_pubsub/share/cpp_pubsub/hook/cmake_prefix_path.dsv'
[0.756s] INFO:colcon.colcon_core.shell:Creating environment hook '/home/filipe/Desktop/Arrowhead_Integration_Module/arrowhead/src/install/cpp_pubsub/share/cpp_pubsub/hook/cmake_prefix_path.sh'
[0.756s] Level 1:colcon.colcon_core.environment:checking '/home/filipe/Desktop/Arrowhead_Integration_Module/arrowhead/src/install/cpp_pubsub/lib'
[0.756s] Level 1:colcon.colcon_core.environment:checking '/home/filipe/Desktop/Arrowhead_Integration_Module/arrowhead/src/install/cpp_pubsub/bin'
[0.756s] Level 1:colcon.colcon_core.environment:checking '/home/filipe/Desktop/Arrowhead_Integration_Module/arrowhead/src/install/cpp_pubsub/lib/pkgconfig/cpp_pubsub.pc'
[0.757s] Level 1:colcon.colcon_core.environment:checking '/home/filipe/Desktop/Arrowhead_Integration_Module/arrowhead/src/install/cpp_pubsub/lib/python3.8/site-packages'
[0.757s] Level 1:colcon.colcon_core.environment:checking '/home/filipe/Desktop/Arrowhead_Integration_Module/arrowhead/src/install/cpp_pubsub/bin'
[0.757s] INFO:colcon.colcon_core.shell:Creating package script '/home/filipe/Desktop/Arrowhead_Integration_Module/arrowhead/src/install/cpp_pubsub/share/cpp_pubsub/package.ps1'
[0.758s] INFO:colcon.colcon_core.shell:Creating package descriptor '/home/filipe/Desktop/Arrowhead_Integration_Module/arrowhead/src/install/cpp_pubsub/share/cpp_pubsub/package.dsv'
[0.758s] INFO:colcon.colcon_core.shell:Creating package script '/home/filipe/Desktop/Arrowhead_Integration_Module/arrowhead/src/install/cpp_pubsub/share/cpp_pubsub/package.sh'
[0.759s] INFO:colcon.colcon_core.shell:Creating package script '/home/filipe/Desktop/Arrowhead_Integration_Module/arrowhead/src/install/cpp_pubsub/share/cpp_pubsub/package.bash'
[0.760s] INFO:colcon.colcon_core.shell:Creating package script '/home/filipe/Desktop/Arrowhead_Integration_Module/arrowhead/src/install/cpp_pubsub/share/cpp_pubsub/package.zsh'
[0.761s] Level 1:colcon.colcon_core.environment:create_file_with_runtime_dependencies(/home/filipe/Desktop/Arrowhead_Integration_Module/arrowhead/src/install/cpp_pubsub/share/colcon-core/packages/cpp_pubsub)
[0.761s] Level 1:colcon.colcon_core.environment:create_environment_scripts_only(cpp_pubsub)
[0.762s] Level 1:colcon.colcon_core.environment:checking '/home/filipe/Desktop/Arrowhead_Integration_Module/arrowhead/src/install/cpp_pubsub' for CMake module files
[0.762s] Level 1:colcon.colcon_core.environment:checking '/home/filipe/Desktop/Arrowhead_Integration_Module/arrowhead/src/install/cpp_pubsub' for CMake config files
[0.762s] Level 1:colcon.colcon_core.shell:create_environment_hook('cpp_pubsub', 'cmake_prefix_path')
[0.763s] INFO:colcon.colcon_core.shell:Creating environment hook '/home/filipe/Desktop/Arrowhead_Integration_Module/arrowhead/src/install/cpp_pubsub/share/cpp_pubsub/hook/cmake_prefix_path.ps1'
[0.763s] INFO:colcon.colcon_core.shell:Creating environment descriptor '/home/filipe/Desktop/Arrowhead_Integration_Module/arrowhead/src/install/cpp_pubsub/share/cpp_pubsub/hook/cmake_prefix_path.dsv'
[0.763s] INFO:colcon.colcon_core.shell:Creating environment hook '/home/filipe/Desktop/Arrowhead_Integration_Module/arrowhead/src/install/cpp_pubsub/share/cpp_pubsub/hook/cmake_prefix_path.sh'
[0.764s] Level 1:colcon.colcon_core.environment:checking '/home/filipe/Desktop/Arrowhead_Integration_Module/arrowhead/src/install/cpp_pubsub/lib'
[0.764s] Level 1:colcon.colcon_core.environment:checking '/home/filipe/Desktop/Arrowhead_Integration_Module/arrowhead/src/install/cpp_pubsub/bin'
[0.764s] Level 1:colcon.colcon_core.environment:checking '/home/filipe/Desktop/Arrowhead_Integration_Module/arrowhead/src/install/cpp_pubsub/lib/pkgconfig/cpp_pubsub.pc'
[0.764s] Level 1:colcon.colcon_core.environment:checking '/home/filipe/Desktop/Arrowhead_Integration_Module/arrowhead/src/install/cpp_pubsub/lib/python3.8/site-packages'
[0.764s] Level 1:colcon.colcon_core.environment:checking '/home/filipe/Desktop/Arrowhead_Integration_Module/arrowhead/src/install/cpp_pubsub/bin'
[0.765s] INFO:colcon.colcon_core.shell:Creating package script '/home/filipe/Desktop/Arrowhead_Integration_Module/arrowhead/src/install/cpp_pubsub/share/cpp_pubsub/package.ps1'
[0.765s] INFO:colcon.colcon_core.shell:Creating package descriptor '/home/filipe/Desktop/Arrowhead_Integration_Module/arrowhead/src/install/cpp_pubsub/share/cpp_pubsub/package.dsv'
[0.766s] INFO:colcon.colcon_core.shell:Creating package script '/home/filipe/Desktop/Arrowhead_Integration_Module/arrowhead/src/install/cpp_pubsub/share/cpp_pubsub/package.sh'
[0.766s] INFO:colcon.colcon_core.shell:Creating package script '/home/filipe/Desktop/Arrowhead_Integration_Module/arrowhead/src/install/cpp_pubsub/share/cpp_pubsub/package.bash'
[0.766s] INFO:colcon.colcon_core.shell:Creating package script '/home/filipe/Desktop/Arrowhead_Integration_Module/arrowhead/src/install/cpp_pubsub/share/cpp_pubsub/package.zsh'
[0.767s] Level 1:colcon.colcon_core.environment:create_file_with_runtime_dependencies(/home/filipe/Desktop/Arrowhead_Integration_Module/arrowhead/src/install/cpp_pubsub/share/colcon-core/packages/cpp_pubsub)
[0.768s] DEBUG:colcon.colcon_core.event_handler.log_command:Invoked command in '/home/filipe/Desktop/Arrowhead_Integration_Module/arrowhead/src/build/services_registry_interfaces' returned '0': CMAKE_PREFIX_PATH=/opt/ros/galactic /opt/cmake-3.28.1/bin/cmake --build /home/filipe/Desktop/Arrowhead_Integration_Module/arrowhead/src/build/services_registry_interfaces -- -j12 -l12
[0.771s] DEBUG:colcon.colcon_core.event_handler.log_command:Invoking command in '/home/filipe/Desktop/Arrowhead_Integration_Module/arrowhead/src/build/services_registry_interfaces': CMAKE_PREFIX_PATH=/opt/ros/galactic /opt/cmake-3.28.1/bin/cmake --install /home/filipe/Desktop/Arrowhead_Integration_Module/arrowhead/src/build/services_registry_interfaces
[0.771s] Level 1:colcon.colcon_core.environment:create_environment_scripts_only(services_registry)
[0.771s] Level 1:colcon.colcon_core.environment:checking '/home/filipe/Desktop/Arrowhead_Integration_Module/arrowhead/src/install/services_registry' for CMake module files
[0.772s] DEBUG:colcon.colcon_core.event_handler.log_command:Invoked command in '/home/filipe/Desktop/Arrowhead_Integration_Module/arrowhead/src/build/services_registry' returned '0': CMAKE_PREFIX_PATH=/opt/ros/galactic /opt/cmake-3.28.1/bin/cmake --install /home/filipe/Desktop/Arrowhead_Integration_Module/arrowhead/src/build/services_registry
[0.772s] Level 1:colcon.colcon_core.environment:checking '/home/filipe/Desktop/Arrowhead_Integration_Module/arrowhead/src/install/services_registry' for CMake config files
[0.772s] Level 1:colcon.colcon_core.shell:create_environment_hook('services_registry', 'cmake_prefix_path')
[0.772s] INFO:colcon.colcon_core.shell:Creating environment hook '/home/filipe/Desktop/Arrowhead_Integration_Module/arrowhead/src/install/services_registry/share/services_registry/hook/cmake_prefix_path.ps1'
[0.773s] INFO:colcon.colcon_core.shell:Creating environment descriptor '/home/filipe/Desktop/Arrowhead_Integration_Module/arrowhead/src/install/services_registry/share/services_registry/hook/cmake_prefix_path.dsv'
[0.773s] INFO:colcon.colcon_core.shell:Creating environment hook '/home/filipe/Desktop/Arrowhead_Integration_Module/arrowhead/src/install/services_registry/share/services_registry/hook/cmake_prefix_path.sh'
[0.773s] Level 1:colcon.colcon_core.environment:checking '/home/filipe/Desktop/Arrowhead_Integration_Module/arrowhead/src/install/services_registry/lib'
[0.773s] Level 1:colcon.colcon_core.environment:checking '/home/filipe/Desktop/Arrowhead_Integration_Module/arrowhead/src/install/services_registry/bin'
[0.773s] Level 1:colcon.colcon_core.environment:checking '/home/filipe/Desktop/Arrowhead_Integration_Module/arrowhead/src/install/services_registry/lib/pkgconfig/services_registry.pc'
[0.773s] Level 1:colcon.colcon_core.environment:checking '/home/filipe/Desktop/Arrowhead_Integration_Module/arrowhead/src/install/services_registry/lib/python3.8/site-packages'
[0.774s] Level 1:colcon.colcon_core.environment:checking '/home/filipe/Desktop/Arrowhead_Integration_Module/arrowhead/src/install/services_registry/bin'
[0.774s] INFO:colcon.colcon_core.shell:Creating package script '/home/filipe/Desktop/Arrowhead_Integration_Module/arrowhead/src/install/services_registry/share/services_registry/package.ps1'
[0.774s] INFO:colcon.colcon_core.shell:Creating package descriptor '/home/filipe/Desktop/Arrowhead_Integration_Module/arrowhead/src/install/services_registry/share/services_registry/package.dsv'
[0.774s] INFO:colcon.colcon_core.shell:Creating package script '/home/filipe/Desktop/Arrowhead_Integration_Module/arrowhead/src/install/services_registry/share/services_registry/package.sh'
[0.775s] INFO:colcon.colcon_core.shell:Creating package script '/home/filipe/Desktop/Arrowhead_Integration_Module/arrowhead/src/install/services_registry/share/services_registry/package.bash'
[0.775s] INFO:colcon.colcon_core.shell:Creating package script '/home/filipe/Desktop/Arrowhead_Integration_Module/arrowhead/src/install/services_registry/share/services_registry/package.zsh'
[0.775s] Level 1:colcon.colcon_core.environment:create_file_with_runtime_dependencies(/home/filipe/Desktop/Arrowhead_Integration_Module/arrowhead/src/install/services_registry/share/colcon-core/packages/services_registry)
[0.775s] Level 1:colcon.colcon_core.environment:create_environment_scripts_only(services_registry)
[0.776s] Level 1:colcon.colcon_core.environment:checking '/home/filipe/Desktop/Arrowhead_Integration_Module/arrowhead/src/install/services_registry' for CMake module files
[0.776s] Level 1:colcon.colcon_core.environment:checking '/home/filipe/Desktop/Arrowhead_Integration_Module/arrowhead/src/install/services_registry' for CMake config files
[0.776s] Level 1:colcon.colcon_core.shell:create_environment_hook('services_registry', 'cmake_prefix_path')
[0.776s] INFO:colcon.colcon_core.shell:Creating environment hook '/home/filipe/Desktop/Arrowhead_Integration_Module/arrowhead/src/install/services_registry/share/services_registry/hook/cmake_prefix_path.ps1'
[0.777s] INFO:colcon.colcon_core.shell:Creating environment descriptor '/home/filipe/Desktop/Arrowhead_Integration_Module/arrowhead/src/install/services_registry/share/services_registry/hook/cmake_prefix_path.dsv'
[0.777s] INFO:colcon.colcon_core.shell:Creating environment hook '/home/filipe/Desktop/Arrowhead_Integration_Module/arrowhead/src/install/services_registry/share/services_registry/hook/cmake_prefix_path.sh'
[0.777s] Level 1:colcon.colcon_core.environment:checking '/home/filipe/Desktop/Arrowhead_Integration_Module/arrowhead/src/install/services_registry/lib'
[0.777s] Level 1:colcon.colcon_core.environment:checking '/home/filipe/Desktop/Arrowhead_Integration_Module/arrowhead/src/install/services_registry/bin'
[0.777s] Level 1:colcon.colcon_core.environment:checking '/home/filipe/Desktop/Arrowhead_Integration_Module/arrowhead/src/install/services_registry/lib/pkgconfig/services_registry.pc'
[0.778s] Level 1:colcon.colcon_core.environment:checking '/home/filipe/Desktop/Arrowhead_Integration_Module/arrowhead/src/install/services_registry/lib/python3.8/site-packages'
[0.778s] Level 1:colcon.colcon_core.environment:checking '/home/filipe/Desktop/Arrowhead_Integration_Module/arrowhead/src/install/services_registry/bin'
[0.778s] INFO:colcon.colcon_core.shell:Creating package script '/home/filipe/Desktop/Arrowhead_Integration_Module/arrowhead/src/install/services_registry/share/services_registry/package.ps1'
[0.778s] INFO:colcon.colcon_core.shell:Creating package descriptor '/home/filipe/Desktop/Arrowhead_Integration_Module/arrowhead/src/install/services_registry/share/services_registry/package.dsv'
[0.778s] INFO:colcon.colcon_core.shell:Creating package script '/home/filipe/Desktop/Arrowhead_Integration_Module/arrowhead/src/install/services_registry/share/services_registry/package.sh'
[0.779s] INFO:colcon.colcon_core.shell:Creating package script '/home/filipe/Desktop/Arrowhead_Integration_Module/arrowhead/src/install/services_registry/share/services_registry/package.bash'
[0.779s] INFO:colcon.colcon_core.shell:Creating package script '/home/filipe/Desktop/Arrowhead_Integration_Module/arrowhead/src/install/services_registry/share/services_registry/package.zsh'
[0.779s] Level 1:colcon.colcon_core.environment:create_file_with_runtime_dependencies(/home/filipe/Desktop/Arrowhead_Integration_Module/arrowhead/src/install/services_registry/share/colcon-core/packages/services_registry)
[0.780s] DEBUG:colcon.colcon_core.event_handler.log_command:Invoked command in '/home/filipe/Desktop/Arrowhead_Integration_Module/arrowhead/src/build/services_discovery_interfaces' returned '0': CMAKE_PREFIX_PATH=/opt/ros/galactic /opt/cmake-3.28.1/bin/cmake --build /home/filipe/Desktop/Arrowhead_Integration_Module/arrowhead/src/build/services_discovery_interfaces -- -j12 -l12
[0.782s] DEBUG:colcon.colcon_core.event_handler.log_command:Invoking command in '/home/filipe/Desktop/Arrowhead_Integration_Module/arrowhead/src/build/services_discovery_interfaces': CMAKE_PREFIX_PATH=/opt/ros/galactic /opt/cmake-3.28.1/bin/cmake --install /home/filipe/Desktop/Arrowhead_Integration_Module/arrowhead/src/build/services_discovery_interfaces
[0.817s] Level 1:colcon.colcon_core.environment:create_environment_scripts_only(services_registry_interfaces)
[0.817s] Level 1:colcon.colcon_core.environment:checking '/home/filipe/Desktop/Arrowhead_Integration_Module/arrowhead/src/install/services_registry_interfaces' for CMake module files
[0.818s] DEBUG:colcon.colcon_core.event_handler.log_command:Invoked command in '/home/filipe/Desktop/Arrowhead_Integration_Module/arrowhead/src/build/services_registry_interfaces' returned '0': CMAKE_PREFIX_PATH=/opt/ros/galactic /opt/cmake-3.28.1/bin/cmake --install /home/filipe/Desktop/Arrowhead_Integration_Module/arrowhead/src/build/services_registry_interfaces
[0.818s] Level 1:colcon.colcon_core.environment:checking '/home/filipe/Desktop/Arrowhead_Integration_Module/arrowhead/src/install/services_registry_interfaces' for CMake config files
[0.818s] Level 1:colcon.colcon_core.shell:create_environment_hook('services_registry_interfaces', 'cmake_prefix_path')
[0.819s] INFO:colcon.colcon_core.shell:Creating environment hook '/home/filipe/Desktop/Arrowhead_Integration_Module/arrowhead/src/install/services_registry_interfaces/share/services_registry_interfaces/hook/cmake_prefix_path.ps1'
[0.819s] INFO:colcon.colcon_core.shell:Creating environment descriptor '/home/filipe/Desktop/Arrowhead_Integration_Module/arrowhead/src/install/services_registry_interfaces/share/services_registry_interfaces/hook/cmake_prefix_path.dsv'
[0.819s] INFO:colcon.colcon_core.shell:Creating environment hook '/home/filipe/Desktop/Arrowhead_Integration_Module/arrowhead/src/install/services_registry_interfaces/share/services_registry_interfaces/hook/cmake_prefix_path.sh'
[0.820s] Level 1:colcon.colcon_core.environment:checking '/home/filipe/Desktop/Arrowhead_Integration_Module/arrowhead/src/install/services_registry_interfaces/lib'
[0.820s] Level 1:colcon.colcon_core.shell:create_environment_hook('services_registry_interfaces', 'ld_library_path_lib')
[0.820s] INFO:colcon.colcon_core.shell:Creating environment hook '/home/filipe/Desktop/Arrowhead_Integration_Module/arrowhead/src/install/services_registry_interfaces/share/services_registry_interfaces/hook/ld_library_path_lib.ps1'
[0.821s] INFO:colcon.colcon_core.shell:Creating environment descriptor '/home/filipe/Desktop/Arrowhead_Integration_Module/arrowhead/src/install/services_registry_interfaces/share/services_registry_interfaces/hook/ld_library_path_lib.dsv'
[0.821s] INFO:colcon.colcon_core.shell:Creating environment hook '/home/filipe/Desktop/Arrowhead_Integration_Module/arrowhead/src/install/services_registry_interfaces/share/services_registry_interfaces/hook/ld_library_path_lib.sh'
[0.822s] Level 1:colcon.colcon_core.environment:checking '/home/filipe/Desktop/Arrowhead_Integration_Module/arrowhead/src/install/services_registry_interfaces/bin'
[0.822s] Level 1:colcon.colcon_core.environment:checking '/home/filipe/Desktop/Arrowhead_Integration_Module/arrowhead/src/install/services_registry_interfaces/lib/pkgconfig/services_registry_interfaces.pc'
[0.822s] Level 1:colcon.colcon_core.environment:checking '/home/filipe/Desktop/Arrowhead_Integration_Module/arrowhead/src/install/services_registry_interfaces/lib/python3.8/site-packages'
[0.822s] Level 1:colcon.colcon_core.shell:create_environment_hook('services_registry_interfaces', 'pythonpath')
[0.823s] INFO:colcon.colcon_core.shell:Creating environment hook '/home/filipe/Desktop/Arrowhead_Integration_Module/arrowhead/src/install/services_registry_interfaces/share/services_registry_interfaces/hook/pythonpath.ps1'
[0.823s] INFO:colcon.colcon_core.shell:Creating environment descriptor '/home/filipe/Desktop/Arrowhead_Integration_Module/arrowhead/src/install/services_registry_interfaces/share/services_registry_interfaces/hook/pythonpath.dsv'
[0.824s] INFO:colcon.colcon_core.shell:Creating environment hook '/home/filipe/Desktop/Arrowhead_Integration_Module/arrowhead/src/install/services_registry_interfaces/share/services_registry_interfaces/hook/pythonpath.sh'
[0.825s] Level 1:colcon.colcon_core.environment:checking '/home/filipe/Desktop/Arrowhead_Integration_Module/arrowhead/src/install/services_registry_interfaces/bin'
[0.826s] INFO:colcon.colcon_core.shell:Creating package script '/home/filipe/Desktop/Arrowhead_Integration_Module/arrowhead/src/install/services_registry_interfaces/share/services_registry_interfaces/package.ps1'
[0.826s] INFO:colcon.colcon_core.shell:Creating package descriptor '/home/filipe/Desktop/Arrowhead_Integration_Module/arrowhead/src/install/services_registry_interfaces/share/services_registry_interfaces/package.dsv'
[0.827s] INFO:colcon.colcon_core.shell:Creating package script '/home/filipe/Desktop/Arrowhead_Integration_Module/arrowhead/src/install/services_registry_interfaces/share/services_registry_interfaces/package.sh'
[0.828s] INFO:colcon.colcon_core.shell:Creating package script '/home/filipe/Desktop/Arrowhead_Integration_Module/arrowhead/src/install/services_registry_interfaces/share/services_registry_interfaces/package.bash'
[0.828s] INFO:colcon.colcon_core.shell:Creating package script '/home/filipe/Desktop/Arrowhead_Integration_Module/arrowhead/src/install/services_registry_interfaces/share/services_registry_interfaces/package.zsh'
[0.829s] Level 1:colcon.colcon_core.environment:create_file_with_runtime_dependencies(/home/filipe/Desktop/Arrowhead_Integration_Module/arrowhead/src/install/services_registry_interfaces/share/colcon-core/packages/services_registry_interfaces)
[0.830s] Level 1:colcon.colcon_core.environment:create_environment_scripts_only(services_registry_interfaces)
[0.830s] Level 1:colcon.colcon_core.environment:checking '/home/filipe/Desktop/Arrowhead_Integration_Module/arrowhead/src/install/services_registry_interfaces' for CMake module files
[0.831s] Level 1:colcon.colcon_core.environment:checking '/home/filipe/Desktop/Arrowhead_Integration_Module/arrowhead/src/install/services_registry_interfaces' for CMake config files
[0.831s] Level 1:colcon.colcon_core.shell:create_environment_hook('services_registry_interfaces', 'cmake_prefix_path')
[0.831s] INFO:colcon.colcon_core.shell:Creating environment hook '/home/filipe/Desktop/Arrowhead_Integration_Module/arrowhead/src/install/services_registry_interfaces/share/services_registry_interfaces/hook/cmake_prefix_path.ps1'
[0.832s] INFO:colcon.colcon_core.shell:Creating environment descriptor '/home/filipe/Desktop/Arrowhead_Integration_Module/arrowhead/src/install/services_registry_interfaces/share/services_registry_interfaces/hook/cmake_prefix_path.dsv'
[0.832s] INFO:colcon.colcon_core.shell:Creating environment hook '/home/filipe/Desktop/Arrowhead_Integration_Module/arrowhead/src/install/services_registry_interfaces/share/services_registry_interfaces/hook/cmake_prefix_path.sh'
[0.832s] Level 1:colcon.colcon_core.environment:checking '/home/filipe/Desktop/Arrowhead_Integration_Module/arrowhead/src/install/services_registry_interfaces/lib'
[0.832s] Level 1:colcon.colcon_core.shell:create_environment_hook('services_registry_interfaces', 'ld_library_path_lib')
[0.832s] INFO:colcon.colcon_core.shell:Creating environment hook '/home/filipe/Desktop/Arrowhead_Integration_Module/arrowhead/src/install/services_registry_interfaces/share/services_registry_interfaces/hook/ld_library_path_lib.ps1'
[0.833s] INFO:colcon.colcon_core.shell:Creating environment descriptor '/home/filipe/Desktop/Arrowhead_Integration_Module/arrowhead/src/install/services_registry_interfaces/share/services_registry_interfaces/hook/ld_library_path_lib.dsv'
[0.833s] INFO:colcon.colcon_core.shell:Creating environment hook '/home/filipe/Desktop/Arrowhead_Integration_Module/arrowhead/src/install/services_registry_interfaces/share/services_registry_interfaces/hook/ld_library_path_lib.sh'
[0.833s] Level 1:colcon.colcon_core.environment:checking '/home/filipe/Desktop/Arrowhead_Integration_Module/arrowhead/src/install/services_registry_interfaces/bin'
[0.833s] Level 1:colcon.colcon_core.environment:checking '/home/filipe/Desktop/Arrowhead_Integration_Module/arrowhead/src/install/services_registry_interfaces/lib/pkgconfig/services_registry_interfaces.pc'
[0.833s] Level 1:colcon.colcon_core.environment:checking '/home/filipe/Desktop/Arrowhead_Integration_Module/arrowhead/src/install/services_registry_interfaces/lib/python3.8/site-packages'
[0.833s] Level 1:colcon.colcon_core.shell:create_environment_hook('services_registry_interfaces', 'pythonpath')
[0.833s] INFO:colcon.colcon_core.shell:Creating environment hook '/home/filipe/Desktop/Arrowhead_Integration_Module/arrowhead/src/install/services_registry_interfaces/share/services_registry_interfaces/hook/pythonpath.ps1'
[0.834s] INFO:colcon.colcon_core.shell:Creating environment descriptor '/home/filipe/Desktop/Arrowhead_Integration_Module/arrowhead/src/install/services_registry_interfaces/share/services_registry_interfaces/hook/pythonpath.dsv'
[0.834s] INFO:colcon.colcon_core.shell:Creating environment hook '/home/filipe/Desktop/Arrowhead_Integration_Module/arrowhead/src/install/services_registry_interfaces/share/services_registry_interfaces/hook/pythonpath.sh'
[0.834s] Level 1:colcon.colcon_core.environment:checking '/home/filipe/Desktop/Arrowhead_Integration_Module/arrowhead/src/install/services_registry_interfaces/bin'
[0.834s] INFO:colcon.colcon_core.shell:Creating package script '/home/filipe/Desktop/Arrowhead_Integration_Module/arrowhead/src/install/services_registry_interfaces/share/services_registry_interfaces/package.ps1'
[0.835s] INFO:colcon.colcon_core.shell:Creating package descriptor '/home/filipe/Desktop/Arrowhead_Integration_Module/arrowhead/src/install/services_registry_interfaces/share/services_registry_interfaces/package.dsv'
[0.835s] INFO:colcon.colcon_core.shell:Creating package script '/home/filipe/Desktop/Arrowhead_Integration_Module/arrowhead/src/install/services_registry_interfaces/share/services_registry_interfaces/package.sh'
[0.835s] INFO:colcon.colcon_core.shell:Creating package script '/home/filipe/Desktop/Arrowhead_Integration_Module/arrowhead/src/install/services_registry_interfaces/share/services_registry_interfaces/package.bash'
[0.836s] INFO:colcon.colcon_core.shell:Creating package script '/home/filipe/Desktop/Arrowhead_Integration_Module/arrowhead/src/install/services_registry_interfaces/share/services_registry_interfaces/package.zsh'
[0.836s] Level 1:colcon.colcon_core.environment:create_file_with_runtime_dependencies(/home/filipe/Desktop/Arrowhead_Integration_Module/arrowhead/src/install/services_registry_interfaces/share/colcon-core/packages/services_registry_interfaces)
[0.837s] Level 1:colcon.colcon_core.environment:create_environment_scripts_only(services_discovery_interfaces)
[0.837s] Level 1:colcon.colcon_core.environment:checking '/home/filipe/Desktop/Arrowhead_Integration_Module/arrowhead/src/install/services_discovery_interfaces' for CMake module files
[0.837s] DEBUG:colcon.colcon_core.event_handler.log_command:Invoked command in '/home/filipe/Desktop/Arrowhead_Integration_Module/arrowhead/src/build/services_discovery_interfaces' returned '0': CMAKE_PREFIX_PATH=/opt/ros/galactic /opt/cmake-3.28.1/bin/cmake --install /home/filipe/Desktop/Arrowhead_Integration_Module/arrowhead/src/build/services_discovery_interfaces
[0.838s] Level 1:colcon.colcon_core.environment:checking '/home/filipe/Desktop/Arrowhead_Integration_Module/arrowhead/src/install/services_discovery_interfaces' for CMake config files
[0.838s] Level 1:colcon.colcon_core.shell:create_environment_hook('services_discovery_interfaces', 'cmake_prefix_path')
[0.838s] INFO:colcon.colcon_core.shell:Creating environment hook '/home/filipe/Desktop/Arrowhead_Integration_Module/arrowhead/src/install/services_discovery_interfaces/share/services_discovery_interfaces/hook/cmake_prefix_path.ps1'
[0.838s] INFO:colcon.colcon_core.shell:Creating environment descriptor '/home/filipe/Desktop/Arrowhead_Integration_Module/arrowhead/src/install/services_discovery_interfaces/share/services_discovery_interfaces/hook/cmake_prefix_path.dsv'
[0.838s] INFO:colcon.colcon_core.shell:Creating environment hook '/home/filipe/Desktop/Arrowhead_Integration_Module/arrowhead/src/install/services_discovery_interfaces/share/services_discovery_interfaces/hook/cmake_prefix_path.sh'
[0.839s] Level 1:colcon.colcon_core.environment:checking '/home/filipe/Desktop/Arrowhead_Integration_Module/arrowhead/src/install/services_discovery_interfaces/lib'
[0.839s] Level 1:colcon.colcon_core.shell:create_environment_hook('services_discovery_interfaces', 'ld_library_path_lib')
[0.839s] INFO:colcon.colcon_core.shell:Creating environment hook '/home/filipe/Desktop/Arrowhead_Integration_Module/arrowhead/src/install/services_discovery_interfaces/share/services_discovery_interfaces/hook/ld_library_path_lib.ps1'
[0.839s] INFO:colcon.colcon_core.shell:Creating environment descriptor '/home/filipe/Desktop/Arrowhead_Integration_Module/arrowhead/src/install/services_discovery_interfaces/share/services_discovery_interfaces/hook/ld_library_path_lib.dsv'
[0.839s] INFO:colcon.colcon_core.shell:Creating environment hook '/home/filipe/Desktop/Arrowhead_Integration_Module/arrowhead/src/install/services_discovery_interfaces/share/services_discovery_interfaces/hook/ld_library_path_lib.sh'
[0.840s] Level 1:colcon.colcon_core.environment:checking '/home/filipe/Desktop/Arrowhead_Integration_Module/arrowhead/src/install/services_discovery_interfaces/bin'
[0.840s] Level 1:colcon.colcon_core.environment:checking '/home/filipe/Desktop/Arrowhead_Integration_Module/arrowhead/src/install/services_discovery_interfaces/lib/pkgconfig/services_discovery_interfaces.pc'
[0.840s] Level 1:colcon.colcon_core.environment:checking '/home/filipe/Desktop/Arrowhead_Integration_Module/arrowhead/src/install/services_discovery_interfaces/lib/python3.8/site-packages'
[0.840s] Level 1:colcon.colcon_core.shell:create_environment_hook('services_discovery_interfaces', 'pythonpath')
[0.840s] INFO:colcon.colcon_core.shell:Creating environment hook '/home/filipe/Desktop/Arrowhead_Integration_Module/arrowhead/src/install/services_discovery_interfaces/share/services_discovery_interfaces/hook/pythonpath.ps1'
[0.840s] INFO:colcon.colcon_core.shell:Creating environment descriptor '/home/filipe/Desktop/Arrowhead_Integration_Module/arrowhead/src/install/services_discovery_interfaces/share/services_discovery_interfaces/hook/pythonpath.dsv'
[0.840s] INFO:colcon.colcon_core.shell:Creating environment hook '/home/filipe/Desktop/Arrowhead_Integration_Module/arrowhead/src/install/services_discovery_interfaces/share/services_discovery_interfaces/hook/pythonpath.sh'
[0.841s] Level 1:colcon.colcon_core.environment:checking '/home/filipe/Desktop/Arrowhead_Integration_Module/arrowhead/src/install/services_discovery_interfaces/bin'
[0.841s] INFO:colcon.colcon_core.shell:Creating package script '/home/filipe/Desktop/Arrowhead_Integration_Module/arrowhead/src/install/services_discovery_interfaces/share/services_discovery_interfaces/package.ps1'
[0.841s] INFO:colcon.colcon_core.shell:Creating package descriptor '/home/filipe/Desktop/Arrowhead_Integration_Module/arrowhead/src/install/services_discovery_interfaces/share/services_discovery_interfaces/package.dsv'
[0.842s] INFO:colcon.colcon_core.shell:Creating package script '/home/filipe/Desktop/Arrowhead_Integration_Module/arrowhead/src/install/services_discovery_interfaces/share/services_discovery_interfaces/package.sh'
[0.842s] INFO:colcon.colcon_core.shell:Creating package script '/home/filipe/Desktop/Arrowhead_Integration_Module/arrowhead/src/install/services_discovery_interfaces/share/services_discovery_interfaces/package.bash'
[0.842s] INFO:colcon.colcon_core.shell:Creating package script '/home/filipe/Desktop/Arrowhead_Integration_Module/arrowhead/src/install/services_discovery_interfaces/share/services_discovery_interfaces/package.zsh'
[0.842s] Level 1:colcon.colcon_core.environment:create_file_with_runtime_dependencies(/home/filipe/Desktop/Arrowhead_Integration_Module/arrowhead/src/install/services_discovery_interfaces/share/colcon-core/packages/services_discovery_interfaces)
[0.843s] Level 1:colcon.colcon_core.environment:create_environment_scripts_only(services_discovery_interfaces)
[0.843s] Level 1:colcon.colcon_core.environment:checking '/home/filipe/Desktop/Arrowhead_Integration_Module/arrowhead/src/install/services_discovery_interfaces' for CMake module files
[0.843s] Level 1:colcon.colcon_core.environment:checking '/home/filipe/Desktop/Arrowhead_Integration_Module/arrowhead/src/install/services_discovery_interfaces' for CMake config files
[0.844s] Level 1:colcon.colcon_core.shell:create_environment_hook('services_discovery_interfaces', 'cmake_prefix_path')
[0.844s] INFO:colcon.colcon_core.shell:Creating environment hook '/home/filipe/Desktop/Arrowhead_Integration_Module/arrowhead/src/install/services_discovery_interfaces/share/services_discovery_interfaces/hook/cmake_prefix_path.ps1'
[0.844s] INFO:colcon.colcon_core.shell:Creating environment descriptor '/home/filipe/Desktop/Arrowhead_Integration_Module/arrowhead/src/install/services_discovery_interfaces/share/services_discovery_interfaces/hook/cmake_prefix_path.dsv'
[0.844s] INFO:colcon.colcon_core.shell:Creating environment hook '/home/filipe/Desktop/Arrowhead_Integration_Module/arrowhead/src/install/services_discovery_interfaces/share/services_discovery_interfaces/hook/cmake_prefix_path.sh'
[0.844s] Level 1:colcon.colcon_core.environment:checking '/home/filipe/Desktop/Arrowhead_Integration_Module/arrowhead/src/install/services_discovery_interfaces/lib'
[0.845s] Level 1:colcon.colcon_core.shell:create_environment_hook('services_discovery_interfaces', 'ld_library_path_lib')
[0.845s] INFO:colcon.colcon_core.shell:Creating environment hook '/home/filipe/Desktop/Arrowhead_Integration_Module/arrowhead/src/install/services_discovery_interfaces/share/services_discovery_interfaces/hook/ld_library_path_lib.ps1'
[0.845s] INFO:colcon.colcon_core.shell:Creating environment descriptor '/home/filipe/Desktop/Arrowhead_Integration_Module/arrowhead/src/install/services_discovery_interfaces/share/services_discovery_interfaces/hook/ld_library_path_lib.dsv'
[0.845s] INFO:colcon.colcon_core.shell:Creating environment hook '/home/filipe/Desktop/Arrowhead_Integration_Module/arrowhead/src/install/services_discovery_interfaces/share/services_discovery_interfaces/hook/ld_library_path_lib.sh'
[0.845s] Level 1:colcon.colcon_core.environment:checking '/home/filipe/Desktop/Arrowhead_Integration_Module/arrowhead/src/install/services_discovery_interfaces/bin'
[0.845s] Level 1:colcon.colcon_core.environment:checking '/home/filipe/Desktop/Arrowhead_Integration_Module/arrowhead/src/install/services_discovery_interfaces/lib/pkgconfig/services_discovery_interfaces.pc'
[0.846s] Level 1:colcon.colcon_core.environment:checking '/home/filipe/Desktop/Arrowhead_Integration_Module/arrowhead/src/install/services_discovery_interfaces/lib/python3.8/site-packages'
[0.846s] Level 1:colcon.colcon_core.shell:create_environment_hook('services_discovery_interfaces', 'pythonpath')
[0.846s] INFO:colcon.colcon_core.shell:Creating environment hook '/home/filipe/Desktop/Arrowhead_Integration_Module/arrowhead/src/install/services_discovery_interfaces/share/services_discovery_interfaces/hook/pythonpath.ps1'
[0.846s] INFO:colcon.colcon_core.shell:Creating environment descriptor '/home/filipe/Desktop/Arrowhead_Integration_Module/arrowhead/src/install/services_discovery_interfaces/share/services_discovery_interfaces/hook/pythonpath.dsv'
[0.846s] INFO:colcon.colcon_core.shell:Creating environment hook '/home/filipe/Desktop/Arrowhead_Integration_Module/arrowhead/src/install/services_discovery_interfaces/share/services_discovery_interfaces/hook/pythonpath.sh'
[0.847s] Level 1:colcon.colcon_core.environment:checking '/home/filipe/Desktop/Arrowhead_Integration_Module/arrowhead/src/install/services_discovery_interfaces/bin'
[0.847s] INFO:colcon.colcon_core.shell:Creating package script '/home/filipe/Desktop/Arrowhead_Integration_Module/arrowhead/src/install/services_discovery_interfaces/share/services_discovery_interfaces/package.ps1'
[0.847s] INFO:colcon.colcon_core.shell:Creating package descriptor '/home/filipe/Desktop/Arrowhead_Integration_Module/arrowhead/src/install/services_discovery_interfaces/share/services_discovery_interfaces/package.dsv'
[0.847s] INFO:colcon.colcon_core.shell:Creating package script '/home/filipe/Desktop/Arrowhead_Integration_Module/arrowhead/src/install/services_discovery_interfaces/share/services_discovery_interfaces/package.sh'
[0.848s] INFO:colcon.colcon_core.shell:Creating package script '/home/filipe/Desktop/Arrowhead_Integration_Module/arrowhead/src/install/services_discovery_interfaces/share/services_discovery_interfaces/package.bash'
[0.848s] INFO:colcon.colcon_core.shell:Creating package script '/home/filipe/Desktop/Arrowhead_Integration_Module/arrowhead/src/install/services_discovery_interfaces/share/services_discovery_interfaces/package.zsh'
[0.849s] Level 1:colcon.colcon_core.environment:create_file_with_runtime_dependencies(/home/filipe/Desktop/Arrowhead_Integration_Module/arrowhead/src/install/services_discovery_interfaces/share/colcon-core/packages/services_discovery_interfaces)
[0.849s] INFO:colcon.colcon_ros.task.ament_cmake.build:Building ROS package in '/home/filipe/Desktop/Arrowhead_Integration_Module/arrowhead/src/car_package' with build type 'ament_cmake'
[0.849s] INFO:colcon.colcon_cmake.task.cmake.build:Building CMake package in '/home/filipe/Desktop/Arrowhead_Integration_Module/arrowhead/src/car_package'
[0.849s] INFO:colcon.colcon_core.shell:Skip shell extension 'powershell' for command environment: Not usable outside of PowerShell
[0.849s] DEBUG:colcon.colcon_core.shell:Skip shell extension 'dsv' for command environment
[0.853s] INFO:colcon.colcon_ros.task.ament_cmake.build:Building ROS package in '/home/filipe/Desktop/Arrowhead_Integration_Module/arrowhead/src/services_discovery' with build type 'ament_cmake'
[0.854s] INFO:colcon.colcon_cmake.task.cmake.build:Building CMake package in '/home/filipe/Desktop/Arrowhead_Integration_Module/arrowhead/src/services_discovery'
[0.854s] INFO:colcon.colcon_core.shell:Skip shell extension 'powershell' for command environment: Not usable outside of PowerShell
[0.854s] DEBUG:colcon.colcon_core.shell:Skip shell extension 'dsv' for command environment
[0.862s] DEBUG:colcon.colcon_core.event_handler.log_command:Invoking command in '/home/filipe/Desktop/Arrowhead_Integration_Module/arrowhead/src/build/car_package': AMENT_PREFIX_PATH=/home/filipe/Desktop/Arrowhead_Integration_Module/arrowhead/src/install/services_discovery_interfaces:${AMENT_PREFIX_PATH} CMAKE_PREFIX_PATH=/home/filipe/Desktop/Arrowhead_Integration_Module/arrowhead/src/install/services_discovery_interfaces:/opt/ros/galactic LD_LIBRARY_PATH=/home/filipe/Desktop/Arrowhead_Integration_Module/arrowhead/src/install/services_discovery_interfaces/lib:${LD_LIBRARY_PATH} PYTHONPATH=/home/filipe/Desktop/Arrowhead_Integration_Module/arrowhead/src/install/services_discovery_interfaces/lib/python3.8/site-packages:${PYTHONPATH} /opt/cmake-3.28.1/bin/cmake --build /home/filipe/Desktop/Arrowhead_Integration_Module/arrowhead/src/build/car_package -- -j12 -l12
[0.867s] DEBUG:colcon.colcon_core.event_handler.log_command:Invoking command in '/home/filipe/Desktop/Arrowhead_Integration_Module/arrowhead/src/build/services_discovery': AMENT_PREFIX_PATH=/home/filipe/Desktop/Arrowhead_Integration_Module/arrowhead/src/install/services_discovery_interfaces:${AMENT_PREFIX_PATH} CMAKE_PREFIX_PATH=/home/filipe/Desktop/Arrowhead_Integration_Module/arrowhead/src/install/services_discovery_interfaces:/opt/ros/galactic LD_LIBRARY_PATH=/home/filipe/Desktop/Arrowhead_Integration_Module/arrowhead/src/install/services_discovery_interfaces/lib:${LD_LIBRARY_PATH} PYTHONPATH=/home/filipe/Desktop/Arrowhead_Integration_Module/arrowhead/src/install/services_discovery_interfaces/lib/python3.8/site-packages:${PYTHONPATH} /opt/cmake-3.28.1/bin/cmake --build /home/filipe/Desktop/Arrowhead_Integration_Module/arrowhead/src/build/services_discovery -- -j12 -l12
[0.920s] DEBUG:colcon.colcon_core.event_handler.log_command:Invoked command in '/home/filipe/Desktop/Arrowhead_Integration_Module/arrowhead/src/build/services_discovery' returned '0': AMENT_PREFIX_PATH=/home/filipe/Desktop/Arrowhead_Integration_Module/arrowhead/src/install/services_discovery_interfaces:${AMENT_PREFIX_PATH} CMAKE_PREFIX_PATH=/home/filipe/Desktop/Arrowhead_Integration_Module/arrowhead/src/install/services_discovery_interfaces:/opt/ros/galactic LD_LIBRARY_PATH=/home/filipe/Desktop/Arrowhead_Integration_Module/arrowhead/src/install/services_discovery_interfaces/lib:${LD_LIBRARY_PATH} PYTHONPATH=/home/filipe/Desktop/Arrowhead_Integration_Module/arrowhead/src/install/services_discovery_interfaces/lib/python3.8/site-packages:${PYTHONPATH} /opt/cmake-3.28.1/bin/cmake --build /home/filipe/Desktop/Arrowhead_Integration_Module/arrowhead/src/build/services_discovery -- -j12 -l12
[0.922s] DEBUG:colcon.colcon_core.event_handler.log_command:Invoking command in '/home/filipe/Desktop/Arrowhead_Integration_Module/arrowhead/src/build/services_discovery': AMENT_PREFIX_PATH=/home/filipe/Desktop/Arrowhead_Integration_Module/arrowhead/src/install/services_discovery_interfaces:${AMENT_PREFIX_PATH} CMAKE_PREFIX_PATH=/home/filipe/Desktop/Arrowhead_Integration_Module/arrowhead/src/install/services_discovery_interfaces:/opt/ros/galactic LD_LIBRARY_PATH=/home/filipe/Desktop/Arrowhead_Integration_Module/arrowhead/src/install/services_discovery_interfaces/lib:${LD_LIBRARY_PATH} PYTHONPATH=/home/filipe/Desktop/Arrowhead_Integration_Module/arrowhead/src/install/services_discovery_interfaces/lib/python3.8/site-packages:${PYTHONPATH} /opt/cmake-3.28.1/bin/cmake --install /home/filipe/Desktop/Arrowhead_Integration_Module/arrowhead/src/build/services_discovery
[0.924s] DEBUG:colcon.colcon_core.event_handler.log_command:Invoked command in '/home/filipe/Desktop/Arrowhead_Integration_Module/arrowhead/src/build/car_package' returned '0': AMENT_PREFIX_PATH=/home/filipe/Desktop/Arrowhead_Integration_Module/arrowhead/src/install/services_discovery_interfaces:${AMENT_PREFIX_PATH} CMAKE_PREFIX_PATH=/home/filipe/Desktop/Arrowhead_Integration_Module/arrowhead/src/install/services_discovery_interfaces:/opt/ros/galactic LD_LIBRARY_PATH=/home/filipe/Desktop/Arrowhead_Integration_Module/arrowhead/src/install/services_discovery_interfaces/lib:${LD_LIBRARY_PATH} PYTHONPATH=/home/filipe/Desktop/Arrowhead_Integration_Module/arrowhead/src/install/services_discovery_interfaces/lib/python3.8/site-packages:${PYTHONPATH} /opt/cmake-3.28.1/bin/cmake --build /home/filipe/Desktop/Arrowhead_Integration_Module/arrowhead/src/build/car_package -- -j12 -l12
[0.926s] DEBUG:colcon.colcon_core.event_handler.log_command:Invoking command in '/home/filipe/Desktop/Arrowhead_Integration_Module/arrowhead/src/build/car_package': AMENT_PREFIX_PATH=/home/filipe/Desktop/Arrowhead_Integration_Module/arrowhead/src/install/services_discovery_interfaces:${AMENT_PREFIX_PATH} CMAKE_PREFIX_PATH=/home/filipe/Desktop/Arrowhead_Integration_Module/arrowhead/src/install/services_discovery_interfaces:/opt/ros/galactic LD_LIBRARY_PATH=/home/filipe/Desktop/Arrowhead_Integration_Module/arrowhead/src/install/services_discovery_interfaces/lib:${LD_LIBRARY_PATH} PYTHONPATH=/home/filipe/Desktop/Arrowhead_Integration_Module/arrowhead/src/install/services_discovery_interfaces/lib/python3.8/site-packages:${PYTHONPATH} /opt/cmake-3.28.1/bin/cmake --install /home/filipe/Desktop/Arrowhead_Integration_Module/arrowhead/src/build/car_package
[0.928s] Level 1:colcon.colcon_core.environment:create_environment_scripts_only(services_discovery)
[0.928s] Level 1:colcon.colcon_core.environment:checking '/home/filipe/Desktop/Arrowhead_Integration_Module/arrowhead/src/install/services_discovery' for CMake module files
[0.929s] DEBUG:colcon.colcon_core.event_handler.log_command:Invoked command in '/home/filipe/Desktop/Arrowhead_Integration_Module/arrowhead/src/build/services_discovery' returned '0': AMENT_PREFIX_PATH=/home/filipe/Desktop/Arrowhead_Integration_Module/arrowhead/src/install/services_discovery_interfaces:${AMENT_PREFIX_PATH} CMAKE_PREFIX_PATH=/home/filipe/Desktop/Arrowhead_Integration_Module/arrowhead/src/install/services_discovery_interfaces:/opt/ros/galactic LD_LIBRARY_PATH=/home/filipe/Desktop/Arrowhead_Integration_Module/arrowhead/src/install/services_discovery_interfaces/lib:${LD_LIBRARY_PATH} PYTHONPATH=/home/filipe/Desktop/Arrowhead_Integration_Module/arrowhead/src/install/services_discovery_interfaces/lib/python3.8/site-packages:${PYTHONPATH} /opt/cmake-3.28.1/bin/cmake --install /home/filipe/Desktop/Arrowhead_Integration_Module/arrowhead/src/build/services_discovery
[0.930s] Level 1:colcon.colcon_core.environment:checking '/home/filipe/Desktop/Arrowhead_Integration_Module/arrowhead/src/install/services_discovery' for CMake config files
[0.930s] Level 1:colcon.colcon_core.shell:create_environment_hook('services_discovery', 'cmake_prefix_path')
[0.930s] INFO:colcon.colcon_core.shell:Creating environment hook '/home/filipe/Desktop/Arrowhead_Integration_Module/arrowhead/src/install/services_discovery/share/services_discovery/hook/cmake_prefix_path.ps1'
[0.931s] INFO:colcon.colcon_core.shell:Creating environment descriptor '/home/filipe/Desktop/Arrowhead_Integration_Module/arrowhead/src/install/services_discovery/share/services_discovery/hook/cmake_prefix_path.dsv'
[0.932s] INFO:colcon.colcon_core.shell:Creating environment hook '/home/filipe/Desktop/Arrowhead_Integration_Module/arrowhead/src/install/services_discovery/share/services_discovery/hook/cmake_prefix_path.sh'
[0.933s] Level 1:colcon.colcon_core.environment:checking '/home/filipe/Desktop/Arrowhead_Integration_Module/arrowhead/src/install/services_discovery/lib'
[0.933s] Level 1:colcon.colcon_core.environment:checking '/home/filipe/Desktop/Arrowhead_Integration_Module/arrowhead/src/install/services_discovery/bin'
[0.933s] Level 1:colcon.colcon_core.environment:checking '/home/filipe/Desktop/Arrowhead_Integration_Module/arrowhead/src/install/services_discovery/lib/pkgconfig/services_discovery.pc'
[0.933s] Level 1:colcon.colcon_core.environment:checking '/home/filipe/Desktop/Arrowhead_Integration_Module/arrowhead/src/install/services_discovery/lib/python3.8/site-packages'
[0.933s] Level 1:colcon.colcon_core.environment:checking '/home/filipe/Desktop/Arrowhead_Integration_Module/arrowhead/src/install/services_discovery/bin'
[0.934s] INFO:colcon.colcon_core.shell:Creating package script '/home/filipe/Desktop/Arrowhead_Integration_Module/arrowhead/src/install/services_discovery/share/services_discovery/package.ps1'
[0.934s] INFO:colcon.colcon_core.shell:Creating package descriptor '/home/filipe/Desktop/Arrowhead_Integration_Module/arrowhead/src/install/services_discovery/share/services_discovery/package.dsv'
[0.935s] INFO:colcon.colcon_core.shell:Creating package script '/home/filipe/Desktop/Arrowhead_Integration_Module/arrowhead/src/install/services_discovery/share/services_discovery/package.sh'
[0.935s] INFO:colcon.colcon_core.shell:Creating package script '/home/filipe/Desktop/Arrowhead_Integration_Module/arrowhead/src/install/services_discovery/share/services_discovery/package.bash'
[0.936s] INFO:colcon.colcon_core.shell:Creating package script '/home/filipe/Desktop/Arrowhead_Integration_Module/arrowhead/src/install/services_discovery/share/services_discovery/package.zsh'
[0.936s] Level 1:colcon.colcon_core.environment:create_file_with_runtime_dependencies(/home/filipe/Desktop/Arrowhead_Integration_Module/arrowhead/src/install/services_discovery/share/colcon-core/packages/services_discovery)
[0.937s] Level 1:colcon.colcon_core.environment:create_environment_scripts_only(services_discovery)
[0.937s] Level 1:colcon.colcon_core.environment:checking '/home/filipe/Desktop/Arrowhead_Integration_Module/arrowhead/src/install/services_discovery' for CMake module files
[0.937s] Level 1:colcon.colcon_core.environment:checking '/home/filipe/Desktop/Arrowhead_Integration_Module/arrowhead/src/install/services_discovery' for CMake config files
[0.938s] Level 1:colcon.colcon_core.shell:create_environment_hook('services_discovery', 'cmake_prefix_path')
[0.938s] INFO:colcon.colcon_core.shell:Creating environment hook '/home/filipe/Desktop/Arrowhead_Integration_Module/arrowhead/src/install/services_discovery/share/services_discovery/hook/cmake_prefix_path.ps1'
[0.938s] INFO:colcon.colcon_core.shell:Creating environment descriptor '/home/filipe/Desktop/Arrowhead_Integration_Module/arrowhead/src/install/services_discovery/share/services_discovery/hook/cmake_prefix_path.dsv'
[0.938s] INFO:colcon.colcon_core.shell:Creating environment hook '/home/filipe/Desktop/Arrowhead_Integration_Module/arrowhead/src/install/services_discovery/share/services_discovery/hook/cmake_prefix_path.sh'
[0.939s] Level 1:colcon.colcon_core.environment:checking '/home/filipe/Desktop/Arrowhead_Integration_Module/arrowhead/src/install/services_discovery/lib'
[0.939s] Level 1:colcon.colcon_core.environment:checking '/home/filipe/Desktop/Arrowhead_Integration_Module/arrowhead/src/install/services_discovery/bin'
[0.939s] Level 1:colcon.colcon_core.environment:checking '/home/filipe/Desktop/Arrowhead_Integration_Module/arrowhead/src/install/services_discovery/lib/pkgconfig/services_discovery.pc'
[0.939s] Level 1:colcon.colcon_core.environment:checking '/home/filipe/Desktop/Arrowhead_Integration_Module/arrowhead/src/install/services_discovery/lib/python3.8/site-packages'
[0.939s] Level 1:colcon.colcon_core.environment:checking '/home/filipe/Desktop/Arrowhead_Integration_Module/arrowhead/src/install/services_discovery/bin'
[0.939s] INFO:colcon.colcon_core.shell:Creating package script '/home/filipe/Desktop/Arrowhead_Integration_Module/arrowhead/src/install/services_discovery/share/services_discovery/package.ps1'
[0.939s] INFO:colcon.colcon_core.shell:Creating package descriptor '/home/filipe/Desktop/Arrowhead_Integration_Module/arrowhead/src/install/services_discovery/share/services_discovery/package.dsv'
[0.940s] INFO:colcon.colcon_core.shell:Creating package script '/home/filipe/Desktop/Arrowhead_Integration_Module/arrowhead/src/install/services_discovery/share/services_discovery/package.sh'
[0.940s] INFO:colcon.colcon_core.shell:Creating package script '/home/filipe/Desktop/Arrowhead_Integration_Module/arrowhead/src/install/services_discovery/share/services_discovery/package.bash'
[0.940s] INFO:colcon.colcon_core.shell:Creating package script '/home/filipe/Desktop/Arrowhead_Integration_Module/arrowhead/src/install/services_discovery/share/services_discovery/package.zsh'
[0.940s] Level 1:colcon.colcon_core.environment:create_file_with_runtime_dependencies(/home/filipe/Desktop/Arrowhead_Integration_Module/arrowhead/src/install/services_discovery/share/colcon-core/packages/services_discovery)
[0.941s] Level 1:colcon.colcon_core.environment:create_environment_scripts_only(car_package)
[0.941s] Level 1:colcon.colcon_core.environment:checking '/home/filipe/Desktop/Arrowhead_Integration_Module/arrowhead/src/install/car_package' for CMake module files
[0.942s] DEBUG:colcon.colcon_core.event_handler.log_command:Invoked command in '/home/filipe/Desktop/Arrowhead_Integration_Module/arrowhead/src/build/car_package' returned '0': AMENT_PREFIX_PATH=/home/filipe/Desktop/Arrowhead_Integration_Module/arrowhead/src/install/services_discovery_interfaces:${AMENT_PREFIX_PATH} CMAKE_PREFIX_PATH=/home/filipe/Desktop/Arrowhead_Integration_Module/arrowhead/src/install/services_discovery_interfaces:/opt/ros/galactic LD_LIBRARY_PATH=/home/filipe/Desktop/Arrowhead_Integration_Module/arrowhead/src/install/services_discovery_interfaces/lib:${LD_LIBRARY_PATH} PYTHONPATH=/home/filipe/Desktop/Arrowhead_Integration_Module/arrowhead/src/install/services_discovery_interfaces/lib/python3.8/site-packages:${PYTHONPATH} /opt/cmake-3.28.1/bin/cmake --install /home/filipe/Desktop/Arrowhead_Integration_Module/arrowhead/src/build/car_package
[0.942s] Level 1:colcon.colcon_core.environment:checking '/home/filipe/Desktop/Arrowhead_Integration_Module/arrowhead/src/install/car_package' for CMake config files
[0.942s] Level 1:colcon.colcon_core.shell:create_environment_hook('car_package', 'cmake_prefix_path')
[0.942s] INFO:colcon.colcon_core.shell:Creating environment hook '/home/filipe/Desktop/Arrowhead_Integration_Module/arrowhead/src/install/car_package/share/car_package/hook/cmake_prefix_path.ps1'
[0.942s] INFO:colcon.colcon_core.shell:Creating environment descriptor '/home/filipe/Desktop/Arrowhead_Integration_Module/arrowhead/src/install/car_package/share/car_package/hook/cmake_prefix_path.dsv'
[0.943s] INFO:colcon.colcon_core.shell:Creating environment hook '/home/filipe/Desktop/Arrowhead_Integration_Module/arrowhead/src/install/car_package/share/car_package/hook/cmake_prefix_path.sh'
[0.943s] Level 1:colcon.colcon_core.environment:checking '/home/filipe/Desktop/Arrowhead_Integration_Module/arrowhead/src/install/car_package/lib'
[0.943s] Level 1:colcon.colcon_core.environment:checking '/home/filipe/Desktop/Arrowhead_Integration_Module/arrowhead/src/install/car_package/bin'
[0.943s] Level 1:colcon.colcon_core.environment:checking '/home/filipe/Desktop/Arrowhead_Integration_Module/arrowhead/src/install/car_package/lib/pkgconfig/car_package.pc'
[0.943s] Level 1:colcon.colcon_core.environment:checking '/home/filipe/Desktop/Arrowhead_Integration_Module/arrowhead/src/install/car_package/lib/python3.8/site-packages'
[0.943s] Level 1:colcon.colcon_core.environment:checking '/home/filipe/Desktop/Arrowhead_Integration_Module/arrowhead/src/install/car_package/bin'
[0.944s] INFO:colcon.colcon_core.shell:Creating package script '/home/filipe/Desktop/Arrowhead_Integration_Module/arrowhead/src/install/car_package/share/car_package/package.ps1'
[0.944s] INFO:colcon.colcon_core.shell:Creating package descriptor '/home/filipe/Desktop/Arrowhead_Integration_Module/arrowhead/src/install/car_package/share/car_package/package.dsv'
[0.944s] INFO:colcon.colcon_core.shell:Creating package script '/home/filipe/Desktop/Arrowhead_Integration_Module/arrowhead/src/install/car_package/share/car_package/package.sh'
[0.944s] INFO:colcon.colcon_core.shell:Creating package script '/home/filipe/Desktop/Arrowhead_Integration_Module/arrowhead/src/install/car_package/share/car_package/package.bash'
[0.945s] INFO:colcon.colcon_core.shell:Creating package script '/home/filipe/Desktop/Arrowhead_Integration_Module/arrowhead/src/install/car_package/share/car_package/package.zsh'
[0.945s] Level 1:colcon.colcon_core.environment:create_file_with_runtime_dependencies(/home/filipe/Desktop/Arrowhead_Integration_Module/arrowhead/src/install/car_package/share/colcon-core/packages/car_package)
[0.945s] Level 1:colcon.colcon_core.environment:create_environment_scripts_only(car_package)
[0.945s] Level 1:colcon.colcon_core.environment:checking '/home/filipe/Desktop/Arrowhead_Integration_Module/arrowhead/src/install/car_package' for CMake module files
[0.946s] Level 1:colcon.colcon_core.environment:checking '/home/filipe/Desktop/Arrowhead_Integration_Module/arrowhead/src/install/car_package' for CMake config files
[0.946s] Level 1:colcon.colcon_core.shell:create_environment_hook('car_package', 'cmake_prefix_path')
[0.946s] INFO:colcon.colcon_core.shell:Creating environment hook '/home/filipe/Desktop/Arrowhead_Integration_Module/arrowhead/src/install/car_package/share/car_package/hook/cmake_prefix_path.ps1'
[0.946s] INFO:colcon.colcon_core.shell:Creating environment descriptor '/home/filipe/Desktop/Arrowhead_Integration_Module/arrowhead/src/install/car_package/share/car_package/hook/cmake_prefix_path.dsv'
[0.946s] INFO:colcon.colcon_core.shell:Creating environment hook '/home/filipe/Desktop/Arrowhead_Integration_Module/arrowhead/src/install/car_package/share/car_package/hook/cmake_prefix_path.sh'
[0.947s] Level 1:colcon.colcon_core.environment:checking '/home/filipe/Desktop/Arrowhead_Integration_Module/arrowhead/src/install/car_package/lib'
[0.947s] Level 1:colcon.colcon_core.environment:checking '/home/filipe/Desktop/Arrowhead_Integration_Module/arrowhead/src/install/car_package/bin'
[0.947s] Level 1:colcon.colcon_core.environment:checking '/home/filipe/Desktop/Arrowhead_Integration_Module/arrowhead/src/install/car_package/lib/pkgconfig/car_package.pc'
[0.947s] Level 1:colcon.colcon_core.environment:checking '/home/filipe/Desktop/Arrowhead_Integration_Module/arrowhead/src/install/car_package/lib/python3.8/site-packages'
[0.947s] Level 1:colcon.colcon_core.environment:checking '/home/filipe/Desktop/Arrowhead_Integration_Module/arrowhead/src/install/car_package/bin'
[0.947s] INFO:colcon.colcon_core.shell:Creating package script '/home/filipe/Desktop/Arrowhead_Integration_Module/arrowhead/src/install/car_package/share/car_package/package.ps1'
[0.947s] INFO:colcon.colcon_core.shell:Creating package descriptor '/home/filipe/Desktop/Arrowhead_Integration_Module/arrowhead/src/install/car_package/share/car_package/package.dsv'
[0.948s] INFO:colcon.colcon_core.shell:Creating package script '/home/filipe/Desktop/Arrowhead_Integration_Module/arrowhead/src/install/car_package/share/car_package/package.sh'
[0.948s] INFO:colcon.colcon_core.shell:Creating package script '/home/filipe/Desktop/Arrowhead_Integration_Module/arrowhead/src/install/car_package/share/car_package/package.bash'
[0.948s] INFO:colcon.colcon_core.shell:Creating package script '/home/filipe/Desktop/Arrowhead_Integration_Module/arrowhead/src/install/car_package/share/car_package/package.zsh'
[0.949s] Level 1:colcon.colcon_core.environment:create_file_with_runtime_dependencies(/home/filipe/Desktop/Arrowhead_Integration_Module/arrowhead/src/install/car_package/share/colcon-core/packages/car_package)
[0.949s] DEBUG:colcon.colcon_parallel_executor.executor.parallel:closing loop
[0.949s] DEBUG:colcon.colcon_parallel_executor.executor.parallel:loop closed
[0.949s] DEBUG:colcon.colcon_parallel_executor.executor.parallel:run_until_complete finished with '0'
[0.949s] DEBUG:colcon.colcon_core.event_reactor:joining thread
[0.955s] INFO:colcon.colcon_core.plugin_system:Skipping extension 'colcon_notification.desktop_notification.terminal_notifier': Not used on non-Darwin systems
[0.955s] INFO:colcon.colcon_core.plugin_system:Skipping extension 'colcon_notification.desktop_notification.win32': Not used on non-Windows systems
[0.955s] INFO:colcon.colcon_notification.desktop_notification:Sending desktop notification using 'notify2'
[0.971s] DEBUG:colcon.colcon_core.event_reactor:joined thread
[0.972s] INFO:colcon.colcon_core.shell:Creating prefix script '/home/filipe/Desktop/Arrowhead_Integration_Module/arrowhead/src/install/local_setup.ps1'
[0.973s] INFO:colcon.colcon_core.shell:Creating prefix util module '/home/filipe/Desktop/Arrowhead_Integration_Module/arrowhead/src/install/_local_setup_util_ps1.py'
[0.975s] INFO:colcon.colcon_core.shell:Creating prefix chain script '/home/filipe/Desktop/Arrowhead_Integration_Module/arrowhead/src/install/setup.ps1'
[0.976s] INFO:colcon.colcon_core.shell:Creating prefix script '/home/filipe/Desktop/Arrowhead_Integration_Module/arrowhead/src/install/local_setup.sh'
[0.976s] INFO:colcon.colcon_core.shell:Creating prefix util module '/home/filipe/Desktop/Arrowhead_Integration_Module/arrowhead/src/install/_local_setup_util_sh.py'
[0.977s] INFO:colcon.colcon_core.shell:Creating prefix chain script '/home/filipe/Desktop/Arrowhead_Integration_Module/arrowhead/src/install/setup.sh'
[0.978s] INFO:colcon.colcon_core.shell:Creating prefix script '/home/filipe/Desktop/Arrowhead_Integration_Module/arrowhead/src/install/local_setup.bash'
[0.979s] INFO:colcon.colcon_core.shell:Creating prefix chain script '/home/filipe/Desktop/Arrowhead_Integration_Module/arrowhead/src/install/setup.bash'
[0.980s] INFO:colcon.colcon_core.shell:Creating prefix script '/home/filipe/Desktop/Arrowhead_Integration_Module/arrowhead/src/install/local_setup.zsh'
[0.980s] INFO:colcon.colcon_core.shell:Creating prefix chain script '/home/filipe/Desktop/Arrowhead_Integration_Module/arrowhead/src/install/setup.zsh'
