-- The C compiler identification is GNU 9.4.0
-- The CXX compiler identification is GNU 9.4.0
-- Detecting C compiler ABI info
-- Detecting C compiler ABI info - done
-- Check for working C compiler: /usr/bin/cc - skipped
-- Detecting C compile features
-- Detecting C compile features - done
-- Detecting CXX compiler ABI info
-- Detecting CXX compiler ABI info - done
-- Check for working CXX compiler: /usr/bin/c++ - skipped
-- Detecting CXX compile features
-- Detecting CXX compile features - done
-- Found ament_cmake: 1.1.6 (/opt/ros/galactic/share/ament_cmake/cmake)
[33mCMake Warning (dev) at /opt/ros/galactic/share/ament_cmake_core/cmake/core/python.cmake:22 (find_package):
  Policy CMP0148 is not set: The FindPythonInterp and FindPythonLibs modules
  are removed.  Run "cmake --help-policy CMP0148" for policy details.  Use
  the cmake_policy command to set the policy and suppress this warning.

Call Stack (most recent call first):
  /opt/ros/galactic/share/ament_cmake_core/cmake/core/all.cmake:53 (include)
  /opt/ros/galactic/share/ament_cmake_core/cmake/ament_cmake_core-extras.cmake:17 (include)
  /opt/ros/galactic/share/ament_cmake_core/cmake/ament_cmake_coreConfig.cmake:41 (include)
  /opt/ros/galactic/share/ament_cmake/cmake/ament_cmake_export_dependencies-extras.cmake:15 (find_package)
  /opt/ros/galactic/share/ament_cmake/cmake/ament_cmakeConfig.cmake:41 (include)
  CMakeLists.txt:8 (find_package)
This warning is for project developers.  Use -Wno-dev to suppress it.
[0m
-- Found PythonInterp: /usr/bin/python3 (found suitable version "3.8.10", minimum required is "3") 
-- Using PYTHON_EXECUTABLE: /usr/bin/python3
-- Found rclcpp: 9.2.2 (/opt/ros/galactic/share/rclcpp/cmake)
-- Using all available rosidl_typesupport_c: rosidl_typesupport_fastrtps_c;rosidl_typesupport_introspection_c
-- Found rosidl_adapter: 2.2.3 (/opt/ros/galactic/share/rosidl_adapter/cmake)
-- Found OpenSSL: /usr/lib/x86_64-linux-gnu/libcrypto.so (found version "1.1.1f")  
-- Found FastRTPS: /opt/ros/galactic/include  
-- Using all available rosidl_typesupport_cpp: rosidl_typesupport_fastrtps_cpp;rosidl_typesupport_introspection_cpp
-- Found rmw_implementation_cmake: 3.3.1 (/opt/ros/galactic/share/rmw_implementation_cmake/cmake)
-- Found rmw_cyclonedds_cpp: 0.22.6 (/opt/ros/galactic/share/rmw_cyclonedds_cpp/cmake)
-- Using RMW implementation 'rmw_cyclonedds_cpp' as default
-- Performing Test CMAKE_HAVE_LIBC_PTHREAD
-- Performing Test CMAKE_HAVE_LIBC_PTHREAD - Failed
-- Looking for pthread_create in pthreads
-- Looking for pthread_create in pthreads - not found
-- Looking for pthread_create in pthread
-- Looking for pthread_create in pthread - found
-- Found Threads: TRUE  
-- Found services_registry_interfaces: 0.0.0 (/home/filipe/Desktop/Arrowhead_Integration_Module/arrowhead/src/install/services_registry_interfaces/share/services_registry_interfaces/cmake)
-- Found GTest: /usr/lib/x86_64-linux-gnu/libgtest.a  
-- Configuring done (1.0s)
-- Generating done (0.0s)
-- Build files have been written to: /home/filipe/Desktop/Arrowhead_Integration_Module/arrowhead/src/build/cpp_pubsub
[  8%] [32mBuilding CXX object CMakeFiles/traffic.dir/src/TrafficRun.cpp.o[0m
[ 16%] [32mBuilding CXX object CMakeFiles/traffic.dir/src/RegistrationRequester.cpp.o[0m
[ 25%] [32mBuilding CXX object CMakeFiles/police.dir/src/PoliceService.cpp.o[0m
[ 41%] [32mBuilding CXX object CMakeFiles/traffic.dir/src/TrafficService.cpp.o[0m
[ 41%] [32mBuilding CXX object CMakeFiles/police.dir/src/RegistrationRequester.cpp.o[0m
[ 50%] [32mBuilding CXX object CMakeFiles/police.dir/src/PoliceRun.cpp.o[0m
[ 58%] [32mBuilding CXX object CMakeFiles/test_police.dir/test/PoliceTest.cpp.o[0m
[ 66%] [32mBuilding CXX object CMakeFiles/test_police.dir/src/RegistrationRequester.cpp.o[0m
[ 75%] [32mBuilding CXX object CMakeFiles/test_police.dir/src/PoliceService.cpp.o[0m
In file included from [01m[K/home/filipe/Desktop/Arrowhead_Integration_Module/arrowhead/src/cpp_pubsub/src/../include/cpp_pubsub/RSUService.hpp:36[m[K,
                 from [01m[K/home/filipe/Desktop/Arrowhead_Integration_Module/arrowhead/src/cpp_pubsub/src/../include/cpp_pubsub/PoliceService.hpp:1[m[K,
                 from [01m[K/home/filipe/Desktop/Arrowhead_Integration_Module/arrowhead/src/cpp_pubsub/src/PoliceService.cpp:1[m[K:
/home/filipe/Desktop/Arrowhead_Integration_Module/arrowhead/src/cpp_pubsub/src/../include/cpp_pubsub/RSUService.tpp: In instantiation of ‘[01m[Kvoid RSUService<MsgType>::signal_handler(int) [with MsgType = std_msgs::msg::Int32_<std::allocator<void> >][m[K’:
[01m[K/home/filipe/Desktop/Arrowhead_Integration_Module/arrowhead/src/cpp_pubsub/src/../include/cpp_pubsub/RSUService.tpp:33:5:[m[K   required from ‘[01m[Kstatic void RSUService<MsgType>::static_signal_handler(int) [with MsgType = std_msgs::msg::Int32_<std::allocator<void> >][m[K’
[01m[K/home/filipe/Desktop/Arrowhead_Integration_Module/arrowhead/src/cpp_pubsub/src/../include/cpp_pubsub/RSUService.tpp:25:14:[m[K   required from ‘[01m[KRSUService<MsgType>::RSUService(std::string, int, std::string) [with MsgType = std_msgs::msg::Int32_<std::allocator<void> >; std::string = std::__cxx11::basic_string<char>][m[K’
[01m[K/home/filipe/Desktop/Arrowhead_Integration_Module/arrowhead/src/cpp_pubsub/src/PoliceService.cpp:3:212:[m[K   required from here
[01m[K/home/filipe/Desktop/Arrowhead_Integration_Module/arrowhead/src/cpp_pubsub/src/../include/cpp_pubsub/RSUService.tpp:40:46:[m[K [01;35m[Kwarning: [m[Kunused parameter ‘[01m[Ksignal[m[K’ [[01;35m[K-Wunused-parameter[m[K]
   40 | void RSUService<MsgType>::signal_handler([01;35m[Kint signal[m[K) {
      |                                          [01;35m[K~~~~^~~~~~[m[K
In file included from [01m[K/home/filipe/Desktop/Arrowhead_Integration_Module/arrowhead/src/cpp_pubsub/src/../include/cpp_pubsub/RSUService.hpp:36[m[K,
                 from [01m[K/home/filipe/Desktop/Arrowhead_Integration_Module/arrowhead/src/cpp_pubsub/src/../include/cpp_pubsub/PoliceService.hpp:1[m[K,
                 from [01m[K/home/filipe/Desktop/Arrowhead_Integration_Module/arrowhead/src/cpp_pubsub/src/PoliceService.cpp:1[m[K:
/home/filipe/Desktop/Arrowhead_Integration_Module/arrowhead/src/cpp_pubsub/src/../include/cpp_pubsub/RSUService.tpp: In instantiation of ‘[01m[Kvoid RSUService<MsgType>::signal_handler(int) [with MsgType = std_msgs::msg::Int32_<std::allocator<void> >][m[K’:
[01m[K/home/filipe/Desktop/Arrowhead_Integration_Module/arrowhead/src/cpp_pubsub/src/../include/cpp_pubsub/RSUService.tpp:33:5:[m[K   required from ‘[01m[Kstatic void RSUService<MsgType>::static_signal_handler(int) [with MsgType = std_msgs::msg::Int32_<std::allocator<void> >][m[K’
[01m[K/home/filipe/Desktop/Arrowhead_Integration_Module/arrowhead/src/cpp_pubsub/src/../include/cpp_pubsub/RSUService.tpp:25:14:[m[K   required from ‘[01m[KRSUService<MsgType>::RSUService(std::string, int, std::string) [with MsgType = std_msgs::msg::Int32_<std::allocator<void> >; std::string = std::__cxx11::basic_string<char>][m[K’
[01m[K/home/filipe/Desktop/Arrowhead_Integration_Module/arrowhead/src/cpp_pubsub/src/PoliceService.cpp:3:212:[m[K   required from here
[01m[K/home/filipe/Desktop/Arrowhead_Integration_Module/arrowhead/src/cpp_pubsub/src/../include/cpp_pubsub/RSUService.tpp:40:46:[m[K [01;35m[Kwarning: [m[Kunused parameter ‘[01m[Ksignal[m[K’ [[01;35m[K-Wunused-parameter[m[K]
   40 | void RSUService<MsgType>::signal_handler([01;35m[Kint signal[m[K) {
      |                                          [01;35m[K~~~~^~~~~~[m[K
In file included from [01m[K/home/filipe/Desktop/Arrowhead_Integration_Module/arrowhead/src/cpp_pubsub/src/../include/cpp_pubsub/RSUService.hpp:36[m[K,
                 from [01m[K/home/filipe/Desktop/Arrowhead_Integration_Module/arrowhead/src/cpp_pubsub/src/../include/cpp_pubsub/TrafficService.hpp:1[m[K,
                 from [01m[K/home/filipe/Desktop/Arrowhead_Integration_Module/arrowhead/src/cpp_pubsub/src/TrafficService.cpp:1[m[K:
/home/filipe/Desktop/Arrowhead_Integration_Module/arrowhead/src/cpp_pubsub/src/../include/cpp_pubsub/RSUService.tpp: In instantiation of ‘[01m[Kvoid RSUService<MsgType>::signal_handler(int) [with MsgType = std_msgs::msg::String_<std::allocator<void> >][m[K’:
[01m[K/home/filipe/Desktop/Arrowhead_Integration_Module/arrowhead/src/cpp_pubsub/src/../include/cpp_pubsub/RSUService.tpp:33:5:[m[K   required from ‘[01m[Kstatic void RSUService<MsgType>::static_signal_handler(int) [with MsgType = std_msgs::msg::String_<std::allocator<void> >][m[K’
[01m[K/home/filipe/Desktop/Arrowhead_Integration_Module/arrowhead/src/cpp_pubsub/src/../include/cpp_pubsub/RSUService.tpp:25:14:[m[K   required from ‘[01m[KRSUService<MsgType>::RSUService(std::string, int, std::string) [with MsgType = std_msgs::msg::String_<std::allocator<void> >; std::string = std::__cxx11::basic_string<char>][m[K’
[01m[K/home/filipe/Desktop/Arrowhead_Integration_Module/arrowhead/src/cpp_pubsub/src/TrafficService.cpp:3:215:[m[K   required from here
[01m[K/home/filipe/Desktop/Arrowhead_Integration_Module/arrowhead/src/cpp_pubsub/src/../include/cpp_pubsub/RSUService.tpp:40:46:[m[K [01;35m[Kwarning: [m[Kunused parameter ‘[01m[Ksignal[m[K’ [[01;35m[K-Wunused-parameter[m[K]
   40 | void RSUService<MsgType>::signal_handler([01;35m[Kint signal[m[K) {
      |                                          [01;35m[K~~~~^~~~~~[m[K
[ 83%] [32m[1mLinking CXX executable test_police[0m
[ 91%] [32m[1mLinking CXX executable police[0m
[ 91%] Built target police
[ 91%] Built target test_police
[100%] [32m[1mLinking CXX executable traffic[0m
[100%] Built target traffic
-- Install configuration: ""
-- Installing: /home/filipe/Desktop/Arrowhead_Integration_Module/arrowhead/src/install/cpp_pubsub/lib/cpp_pubsub/police
-- Set non-toolchain portion of runtime path of "/home/filipe/Desktop/Arrowhead_Integration_Module/arrowhead/src/install/cpp_pubsub/lib/cpp_pubsub/police" to ""
-- Installing: /home/filipe/Desktop/Arrowhead_Integration_Module/arrowhead/src/install/cpp_pubsub/lib/cpp_pubsub/traffic
-- Set non-toolchain portion of runtime path of "/home/filipe/Desktop/Arrowhead_Integration_Module/arrowhead/src/install/cpp_pubsub/lib/cpp_pubsub/traffic" to ""
-- Installing: /home/filipe/Desktop/Arrowhead_Integration_Module/arrowhead/src/install/cpp_pubsub/lib/cpp_pubsub/test_police
-- Set non-toolchain portion of runtime path of "/home/filipe/Desktop/Arrowhead_Integration_Module/arrowhead/src/install/cpp_pubsub/lib/cpp_pubsub/test_police" to ""
-- Installing: /home/filipe/Desktop/Arrowhead_Integration_Module/arrowhead/src/install/cpp_pubsub/share/ament_index/resource_index/package_run_dependencies/cpp_pubsub
-- Installing: /home/filipe/Desktop/Arrowhead_Integration_Module/arrowhead/src/install/cpp_pubsub/share/ament_index/resource_index/parent_prefix_path/cpp_pubsub
-- Installing: /home/filipe/Desktop/Arrowhead_Integration_Module/arrowhead/src/install/cpp_pubsub/share/cpp_pubsub/environment/ament_prefix_path.sh
-- Installing: /home/filipe/Desktop/Arrowhead_Integration_Module/arrowhead/src/install/cpp_pubsub/share/cpp_pubsub/environment/ament_prefix_path.dsv
-- Installing: /home/filipe/Desktop/Arrowhead_Integration_Module/arrowhead/src/install/cpp_pubsub/share/cpp_pubsub/environment/path.sh
-- Installing: /home/filipe/Desktop/Arrowhead_Integration_Module/arrowhead/src/install/cpp_pubsub/share/cpp_pubsub/environment/path.dsv
-- Installing: /home/filipe/Desktop/Arrowhead_Integration_Module/arrowhead/src/install/cpp_pubsub/share/cpp_pubsub/local_setup.bash
-- Installing: /home/filipe/Desktop/Arrowhead_Integration_Module/arrowhead/src/install/cpp_pubsub/share/cpp_pubsub/local_setup.sh
-- Installing: /home/filipe/Desktop/Arrowhead_Integration_Module/arrowhead/src/install/cpp_pubsub/share/cpp_pubsub/local_setup.zsh
-- Installing: /home/filipe/Desktop/Arrowhead_Integration_Module/arrowhead/src/install/cpp_pubsub/share/cpp_pubsub/local_setup.dsv
-- Installing: /home/filipe/Desktop/Arrowhead_Integration_Module/arrowhead/src/install/cpp_pubsub/share/cpp_pubsub/package.dsv
-- Installing: /home/filipe/Desktop/Arrowhead_Integration_Module/arrowhead/src/install/cpp_pubsub/share/ament_index/resource_index/packages/cpp_pubsub
-- Installing: /home/filipe/Desktop/Arrowhead_Integration_Module/arrowhead/src/install/cpp_pubsub/share/cpp_pubsub/cmake/cpp_pubsubConfig.cmake
-- Installing: /home/filipe/Desktop/Arrowhead_Integration_Module/arrowhead/src/install/cpp_pubsub/share/cpp_pubsub/cmake/cpp_pubsubConfig-version.cmake
-- Installing: /home/filipe/Desktop/Arrowhead_Integration_Module/arrowhead/src/install/cpp_pubsub/share/cpp_pubsub/package.xml
