[0.027s] Invoking command in '/home/filipe/Desktop/Arrowhead_Integration_Module/arrowhead/src/build/services_discovery_interfaces': CMAKE_PREFIX_PATH=/opt/ros/galactic /opt/cmake-3.28.1/bin/cmake --build /home/filipe/Desktop/Arrowhead_Integration_Module/arrowhead/src/build/services_discovery_interfaces -- -j12 -l12
[0.074s] [  3%] Built target services_discovery_interfaces__cpp
[0.080s] [ 12%] Built target services_discovery_interfaces__rosidl_generator_c
[0.092s] [ 22%] Built target services_discovery_interfaces__rosidl_typesupport_introspection_c
[0.093s] [ 32%] Built target services_discovery_interfaces__rosidl_typesupport_cpp
[0.095s] [ 48%] Built target services_discovery_interfaces__rosidl_typesupport_introspection_cpp
[0.095s] [ 51%] Built target services_discovery_interfaces__rosidl_typesupport_fastrtps_cpp
[0.096s] [ 61%] Built target services_discovery_interfaces__rosidl_typesupport_c
[0.104s] [ 70%] Built target services_discovery_interfaces__rosidl_typesupport_fastrtps_c
[0.113s] [ 70%] Built target services_discovery_interfaces
[0.123s] [ 74%] Built target services_discovery_interfaces__py
[0.142s] [ 80%] Built target services_discovery_interfaces__python
[0.152s] [ 90%] Built target services_discovery_interfaces__rosidl_typesupport_fastrtps_c__pyext
[0.152s] [ 93%] Built target services_discovery_interfaces__rosidl_typesupport_introspection_c__pyext
[0.153s] [100%] Built target services_discovery_interfaces__rosidl_typesupport_c__pyext
[0.178s] Invoked command in '/home/filipe/Desktop/Arrowhead_Integration_Module/arrowhead/src/build/services_discovery_interfaces' returned '0': CMAKE_PREFIX_PATH=/opt/ros/galactic /opt/cmake-3.28.1/bin/cmake --build /home/filipe/Desktop/Arrowhead_Integration_Module/arrowhead/src/build/services_discovery_interfaces -- -j12 -l12
[0.180s] Invoking command in '/home/filipe/Desktop/Arrowhead_Integration_Module/arrowhead/src/build/services_discovery_interfaces': CMAKE_PREFIX_PATH=/opt/ros/galactic /opt/cmake-3.28.1/bin/cmake --install /home/filipe/Desktop/Arrowhead_Integration_Module/arrowhead/src/build/services_discovery_interfaces
[0.186s] -- Install configuration: ""
[0.186s] -- Up-to-date: /home/filipe/Desktop/Arrowhead_Integration_Module/arrowhead/src/install/services_discovery_interfaces/share/ament_index/resource_index/rosidl_interfaces/services_discovery_interfaces
[0.186s] -- Up-to-date: /home/filipe/Desktop/Arrowhead_Integration_Module/arrowhead/src/install/services_discovery_interfaces/include/services_discovery_interfaces
[0.186s] -- Up-to-date: /home/filipe/Desktop/Arrowhead_Integration_Module/arrowhead/src/install/services_discovery_interfaces/include/services_discovery_interfaces/msg
[0.186s] -- Up-to-date: /home/filipe/Desktop/Arrowhead_Integration_Module/arrowhead/src/install/services_discovery_interfaces/include/services_discovery_interfaces/msg/rosidl_generator_c__visibility_control.h
[0.186s] -- Up-to-date: /home/filipe/Desktop/Arrowhead_Integration_Module/arrowhead/src/install/services_discovery_interfaces/include/services_discovery_interfaces/srv
[0.186s] -- Up-to-date: /home/filipe/Desktop/Arrowhead_Integration_Module/arrowhead/src/install/services_discovery_interfaces/include/services_discovery_interfaces/srv/request_interface.h
[0.187s] -- Up-to-date: /home/filipe/Desktop/Arrowhead_Integration_Module/arrowhead/src/install/services_discovery_interfaces/include/services_discovery_interfaces/srv/detail
[0.187s] -- Up-to-date: /home/filipe/Desktop/Arrowhead_Integration_Module/arrowhead/src/install/services_discovery_interfaces/include/services_discovery_interfaces/srv/detail/request_interface__functions.c
[0.187s] -- Up-to-date: /home/filipe/Desktop/Arrowhead_Integration_Module/arrowhead/src/install/services_discovery_interfaces/include/services_discovery_interfaces/srv/detail/request_interface__struct.h
[0.187s] -- Up-to-date: /home/filipe/Desktop/Arrowhead_Integration_Module/arrowhead/src/install/services_discovery_interfaces/include/services_discovery_interfaces/srv/detail/request_interface__functions.h
[0.187s] -- Up-to-date: /home/filipe/Desktop/Arrowhead_Integration_Module/arrowhead/src/install/services_discovery_interfaces/include/services_discovery_interfaces/srv/detail/request_interface__type_support.h
[0.187s] -- Up-to-date: /home/filipe/Desktop/Arrowhead_Integration_Module/arrowhead/src/install/services_discovery_interfaces/share/services_discovery_interfaces/environment/library_path.sh
[0.187s] -- Up-to-date: /home/filipe/Desktop/Arrowhead_Integration_Module/arrowhead/src/install/services_discovery_interfaces/share/services_discovery_interfaces/environment/library_path.dsv
[0.187s] -- Up-to-date: /home/filipe/Desktop/Arrowhead_Integration_Module/arrowhead/src/install/services_discovery_interfaces/lib/libservices_discovery_interfaces__rosidl_generator_c.so
[0.187s] -- Up-to-date: /home/filipe/Desktop/Arrowhead_Integration_Module/arrowhead/src/install/services_discovery_interfaces/include/services_discovery_interfaces
[0.187s] -- Up-to-date: /home/filipe/Desktop/Arrowhead_Integration_Module/arrowhead/src/install/services_discovery_interfaces/include/services_discovery_interfaces/msg
[0.187s] -- Up-to-date: /home/filipe/Desktop/Arrowhead_Integration_Module/arrowhead/src/install/services_discovery_interfaces/include/services_discovery_interfaces/msg/rosidl_typesupport_fastrtps_c__visibility_control.h
[0.187s] -- Up-to-date: /home/filipe/Desktop/Arrowhead_Integration_Module/arrowhead/src/install/services_discovery_interfaces/include/services_discovery_interfaces/srv
[0.187s] -- Up-to-date: /home/filipe/Desktop/Arrowhead_Integration_Module/arrowhead/src/install/services_discovery_interfaces/include/services_discovery_interfaces/srv/detail
[0.188s] -- Up-to-date: /home/filipe/Desktop/Arrowhead_Integration_Module/arrowhead/src/install/services_discovery_interfaces/include/services_discovery_interfaces/srv/detail/request_interface__rosidl_typesupport_fastrtps_c.h
[0.188s] -- Up-to-date: /home/filipe/Desktop/Arrowhead_Integration_Module/arrowhead/src/install/services_discovery_interfaces/lib/libservices_discovery_interfaces__rosidl_typesupport_fastrtps_c.so
[0.188s] -- Up-to-date: /home/filipe/Desktop/Arrowhead_Integration_Module/arrowhead/src/install/services_discovery_interfaces/include/services_discovery_interfaces
[0.188s] -- Up-to-date: /home/filipe/Desktop/Arrowhead_Integration_Module/arrowhead/src/install/services_discovery_interfaces/include/services_discovery_interfaces/msg
[0.188s] -- Up-to-date: /home/filipe/Desktop/Arrowhead_Integration_Module/arrowhead/src/install/services_discovery_interfaces/include/services_discovery_interfaces/msg/rosidl_typesupport_fastrtps_cpp__visibility_control.h
[0.188s] -- Up-to-date: /home/filipe/Desktop/Arrowhead_Integration_Module/arrowhead/src/install/services_discovery_interfaces/include/services_discovery_interfaces/srv
[0.188s] -- Up-to-date: /home/filipe/Desktop/Arrowhead_Integration_Module/arrowhead/src/install/services_discovery_interfaces/include/services_discovery_interfaces/srv/detail
[0.188s] -- Up-to-date: /home/filipe/Desktop/Arrowhead_Integration_Module/arrowhead/src/install/services_discovery_interfaces/include/services_discovery_interfaces/srv/detail/dds_fastrtps
[0.188s] -- Up-to-date: /home/filipe/Desktop/Arrowhead_Integration_Module/arrowhead/src/install/services_discovery_interfaces/include/services_discovery_interfaces/srv/detail/request_interface__rosidl_typesupport_fastrtps_cpp.hpp
[0.188s] -- Up-to-date: /home/filipe/Desktop/Arrowhead_Integration_Module/arrowhead/src/install/services_discovery_interfaces/lib/libservices_discovery_interfaces__rosidl_typesupport_fastrtps_cpp.so
[0.188s] -- Up-to-date: /home/filipe/Desktop/Arrowhead_Integration_Module/arrowhead/src/install/services_discovery_interfaces/include/services_discovery_interfaces
[0.188s] -- Up-to-date: /home/filipe/Desktop/Arrowhead_Integration_Module/arrowhead/src/install/services_discovery_interfaces/include/services_discovery_interfaces/msg
[0.188s] -- Up-to-date: /home/filipe/Desktop/Arrowhead_Integration_Module/arrowhead/src/install/services_discovery_interfaces/include/services_discovery_interfaces/msg/rosidl_typesupport_introspection_c__visibility_control.h
[0.189s] -- Up-to-date: /home/filipe/Desktop/Arrowhead_Integration_Module/arrowhead/src/install/services_discovery_interfaces/include/services_discovery_interfaces/srv
[0.189s] -- Up-to-date: /home/filipe/Desktop/Arrowhead_Integration_Module/arrowhead/src/install/services_discovery_interfaces/include/services_discovery_interfaces/srv/detail
[0.189s] -- Up-to-date: /home/filipe/Desktop/Arrowhead_Integration_Module/arrowhead/src/install/services_discovery_interfaces/include/services_discovery_interfaces/srv/detail/request_interface__rosidl_typesupport_introspection_c.h
[0.189s] -- Up-to-date: /home/filipe/Desktop/Arrowhead_Integration_Module/arrowhead/src/install/services_discovery_interfaces/include/services_discovery_interfaces/srv/detail/request_interface__type_support.c
[0.189s] -- Up-to-date: /home/filipe/Desktop/Arrowhead_Integration_Module/arrowhead/src/install/services_discovery_interfaces/lib/libservices_discovery_interfaces__rosidl_typesupport_introspection_c.so
[0.189s] -- Up-to-date: /home/filipe/Desktop/Arrowhead_Integration_Module/arrowhead/src/install/services_discovery_interfaces/lib/libservices_discovery_interfaces__rosidl_typesupport_c.so
[0.189s] -- Up-to-date: /home/filipe/Desktop/Arrowhead_Integration_Module/arrowhead/src/install/services_discovery_interfaces/include/services_discovery_interfaces
[0.190s] -- Up-to-date: /home/filipe/Desktop/Arrowhead_Integration_Module/arrowhead/src/install/services_discovery_interfaces/include/services_discovery_interfaces/srv
[0.190s] -- Up-to-date: /home/filipe/Desktop/Arrowhead_Integration_Module/arrowhead/src/install/services_discovery_interfaces/include/services_discovery_interfaces/srv/request_interface.hpp
[0.190s] -- Up-to-date: /home/filipe/Desktop/Arrowhead_Integration_Module/arrowhead/src/install/services_discovery_interfaces/include/services_discovery_interfaces/srv/detail
[0.190s] -- Up-to-date: /home/filipe/Desktop/Arrowhead_Integration_Module/arrowhead/src/install/services_discovery_interfaces/include/services_discovery_interfaces/srv/detail/request_interface__builder.hpp
[0.190s] -- Up-to-date: /home/filipe/Desktop/Arrowhead_Integration_Module/arrowhead/src/install/services_discovery_interfaces/include/services_discovery_interfaces/srv/detail/request_interface__traits.hpp
[0.190s] -- Up-to-date: /home/filipe/Desktop/Arrowhead_Integration_Module/arrowhead/src/install/services_discovery_interfaces/include/services_discovery_interfaces/srv/detail/request_interface__struct.hpp
[0.190s] -- Up-to-date: /home/filipe/Desktop/Arrowhead_Integration_Module/arrowhead/src/install/services_discovery_interfaces/include/services_discovery_interfaces
[0.190s] -- Up-to-date: /home/filipe/Desktop/Arrowhead_Integration_Module/arrowhead/src/install/services_discovery_interfaces/include/services_discovery_interfaces/srv
[0.190s] -- Up-to-date: /home/filipe/Desktop/Arrowhead_Integration_Module/arrowhead/src/install/services_discovery_interfaces/include/services_discovery_interfaces/srv/detail
[0.190s] -- Up-to-date: /home/filipe/Desktop/Arrowhead_Integration_Module/arrowhead/src/install/services_discovery_interfaces/include/services_discovery_interfaces/srv/detail/request_interface__rosidl_typesupport_introspection_cpp.hpp
[0.190s] -- Up-to-date: /home/filipe/Desktop/Arrowhead_Integration_Module/arrowhead/src/install/services_discovery_interfaces/include/services_discovery_interfaces/srv/detail/request_interface__type_support.cpp
[0.191s] -- Up-to-date: /home/filipe/Desktop/Arrowhead_Integration_Module/arrowhead/src/install/services_discovery_interfaces/lib/libservices_discovery_interfaces__rosidl_typesupport_introspection_cpp.so
[0.191s] -- Up-to-date: /home/filipe/Desktop/Arrowhead_Integration_Module/arrowhead/src/install/services_discovery_interfaces/lib/libservices_discovery_interfaces__rosidl_typesupport_cpp.so
[0.191s] -- Up-to-date: /home/filipe/Desktop/Arrowhead_Integration_Module/arrowhead/src/install/services_discovery_interfaces/share/services_discovery_interfaces/environment/pythonpath.sh
[0.191s] -- Up-to-date: /home/filipe/Desktop/Arrowhead_Integration_Module/arrowhead/src/install/services_discovery_interfaces/share/services_discovery_interfaces/environment/pythonpath.dsv
[0.191s] -- Up-to-date: /home/filipe/Desktop/Arrowhead_Integration_Module/arrowhead/src/install/services_discovery_interfaces/lib/python3.8/site-packages/services_discovery_interfaces/__init__.py
[0.218s] -- Up-to-date: /home/filipe/Desktop/Arrowhead_Integration_Module/arrowhead/src/install/services_discovery_interfaces/lib/python3.8/site-packages/services_discovery_interfaces/srv
[0.218s] -- Up-to-date: /home/filipe/Desktop/Arrowhead_Integration_Module/arrowhead/src/install/services_discovery_interfaces/lib/python3.8/site-packages/services_discovery_interfaces/srv/_request_interface_s.c
[0.218s] -- Up-to-date: /home/filipe/Desktop/Arrowhead_Integration_Module/arrowhead/src/install/services_discovery_interfaces/lib/python3.8/site-packages/services_discovery_interfaces/srv/__init__.py
[0.219s] -- Up-to-date: /home/filipe/Desktop/Arrowhead_Integration_Module/arrowhead/src/install/services_discovery_interfaces/lib/python3.8/site-packages/services_discovery_interfaces/srv/_request_interface.py
[0.219s] -- Up-to-date: /home/filipe/Desktop/Arrowhead_Integration_Module/arrowhead/src/install/services_discovery_interfaces/lib/python3.8/site-packages/services_discovery_interfaces/services_discovery_interfaces_s__rosidl_typesupport_fastrtps_c.cpython-38-x86_64-linux-gnu.so
[0.219s] -- Up-to-date: /home/filipe/Desktop/Arrowhead_Integration_Module/arrowhead/src/install/services_discovery_interfaces/lib/python3.8/site-packages/services_discovery_interfaces/services_discovery_interfaces_s__rosidl_typesupport_introspection_c.cpython-38-x86_64-linux-gnu.so
[0.220s] -- Up-to-date: /home/filipe/Desktop/Arrowhead_Integration_Module/arrowhead/src/install/services_discovery_interfaces/lib/python3.8/site-packages/services_discovery_interfaces/services_discovery_interfaces_s__rosidl_typesupport_c.cpython-38-x86_64-linux-gnu.so
[0.221s] -- Up-to-date: /home/filipe/Desktop/Arrowhead_Integration_Module/arrowhead/src/install/services_discovery_interfaces/lib/libservices_discovery_interfaces__python.so
[0.221s] -- Up-to-date: /home/filipe/Desktop/Arrowhead_Integration_Module/arrowhead/src/install/services_discovery_interfaces/share/services_discovery_interfaces/srv/RequestInterface.idl
[0.221s] -- Up-to-date: /home/filipe/Desktop/Arrowhead_Integration_Module/arrowhead/src/install/services_discovery_interfaces/share/services_discovery_interfaces/srv/RequestInterface.srv
[0.221s] -- Up-to-date: /home/filipe/Desktop/Arrowhead_Integration_Module/arrowhead/src/install/services_discovery_interfaces/share/services_discovery_interfaces/srv/RequestInterface_Request.msg
[0.222s] -- Up-to-date: /home/filipe/Desktop/Arrowhead_Integration_Module/arrowhead/src/install/services_discovery_interfaces/share/services_discovery_interfaces/srv/RequestInterface_Response.msg
[0.222s] -- Up-to-date: /home/filipe/Desktop/Arrowhead_Integration_Module/arrowhead/src/install/services_discovery_interfaces/share/ament_index/resource_index/package_run_dependencies/services_discovery_interfaces
[0.222s] -- Up-to-date: /home/filipe/Desktop/Arrowhead_Integration_Module/arrowhead/src/install/services_discovery_interfaces/share/ament_index/resource_index/parent_prefix_path/services_discovery_interfaces
[0.223s] -- Up-to-date: /home/filipe/Desktop/Arrowhead_Integration_Module/arrowhead/src/install/services_discovery_interfaces/share/services_discovery_interfaces/environment/ament_prefix_path.sh
[0.223s] -- Up-to-date: /home/filipe/Desktop/Arrowhead_Integration_Module/arrowhead/src/install/services_discovery_interfaces/share/services_discovery_interfaces/environment/ament_prefix_path.dsv
[0.223s] -- Up-to-date: /home/filipe/Desktop/Arrowhead_Integration_Module/arrowhead/src/install/services_discovery_interfaces/share/services_discovery_interfaces/environment/path.sh
[0.224s] -- Up-to-date: /home/filipe/Desktop/Arrowhead_Integration_Module/arrowhead/src/install/services_discovery_interfaces/share/services_discovery_interfaces/environment/path.dsv
[0.224s] -- Up-to-date: /home/filipe/Desktop/Arrowhead_Integration_Module/arrowhead/src/install/services_discovery_interfaces/share/services_discovery_interfaces/local_setup.bash
[0.224s] -- Up-to-date: /home/filipe/Desktop/Arrowhead_Integration_Module/arrowhead/src/install/services_discovery_interfaces/share/services_discovery_interfaces/local_setup.sh
[0.224s] -- Up-to-date: /home/filipe/Desktop/Arrowhead_Integration_Module/arrowhead/src/install/services_discovery_interfaces/share/services_discovery_interfaces/local_setup.zsh
[0.224s] -- Up-to-date: /home/filipe/Desktop/Arrowhead_Integration_Module/arrowhead/src/install/services_discovery_interfaces/share/services_discovery_interfaces/local_setup.dsv
[0.225s] -- Installing: /home/filipe/Desktop/Arrowhead_Integration_Module/arrowhead/src/install/services_discovery_interfaces/share/services_discovery_interfaces/package.dsv
[0.225s] -- Up-to-date: /home/filipe/Desktop/Arrowhead_Integration_Module/arrowhead/src/install/services_discovery_interfaces/share/ament_index/resource_index/packages/services_discovery_interfaces
[0.225s] -- Up-to-date: /home/filipe/Desktop/Arrowhead_Integration_Module/arrowhead/src/install/services_discovery_interfaces/share/services_discovery_interfaces/cmake/services_discovery_interfaces__rosidl_generator_cExport.cmake
[0.226s] -- Up-to-date: /home/filipe/Desktop/Arrowhead_Integration_Module/arrowhead/src/install/services_discovery_interfaces/share/services_discovery_interfaces/cmake/services_discovery_interfaces__rosidl_generator_cExport-noconfig.cmake
[0.226s] -- Up-to-date: /home/filipe/Desktop/Arrowhead_Integration_Module/arrowhead/src/install/services_discovery_interfaces/share/services_discovery_interfaces/cmake/services_discovery_interfaces__rosidl_typesupport_introspection_cExport.cmake
[0.226s] -- Up-to-date: /home/filipe/Desktop/Arrowhead_Integration_Module/arrowhead/src/install/services_discovery_interfaces/share/services_discovery_interfaces/cmake/services_discovery_interfaces__rosidl_typesupport_introspection_cExport-noconfig.cmake
[0.226s] -- Up-to-date: /home/filipe/Desktop/Arrowhead_Integration_Module/arrowhead/src/install/services_discovery_interfaces/share/services_discovery_interfaces/cmake/services_discovery_interfaces__rosidl_typesupport_cExport.cmake
[0.226s] -- Up-to-date: /home/filipe/Desktop/Arrowhead_Integration_Module/arrowhead/src/install/services_discovery_interfaces/share/services_discovery_interfaces/cmake/services_discovery_interfaces__rosidl_typesupport_cExport-noconfig.cmake
[0.226s] -- Up-to-date: /home/filipe/Desktop/Arrowhead_Integration_Module/arrowhead/src/install/services_discovery_interfaces/share/services_discovery_interfaces/cmake/services_discovery_interfaces__rosidl_generator_cppExport.cmake
[0.227s] -- Up-to-date: /home/filipe/Desktop/Arrowhead_Integration_Module/arrowhead/src/install/services_discovery_interfaces/share/services_discovery_interfaces/cmake/services_discovery_interfaces__rosidl_typesupport_introspection_cppExport.cmake
[0.227s] -- Up-to-date: /home/filipe/Desktop/Arrowhead_Integration_Module/arrowhead/src/install/services_discovery_interfaces/share/services_discovery_interfaces/cmake/services_discovery_interfaces__rosidl_typesupport_introspection_cppExport-noconfig.cmake
[0.227s] -- Up-to-date: /home/filipe/Desktop/Arrowhead_Integration_Module/arrowhead/src/install/services_discovery_interfaces/share/services_discovery_interfaces/cmake/services_discovery_interfaces__rosidl_typesupport_cppExport.cmake
[0.227s] -- Up-to-date: /home/filipe/Desktop/Arrowhead_Integration_Module/arrowhead/src/install/services_discovery_interfaces/share/services_discovery_interfaces/cmake/services_discovery_interfaces__rosidl_typesupport_cppExport-noconfig.cmake
[0.228s] -- Up-to-date: /home/filipe/Desktop/Arrowhead_Integration_Module/arrowhead/src/install/services_discovery_interfaces/share/services_discovery_interfaces/cmake/rosidl_cmake-extras.cmake
[0.228s] -- Up-to-date: /home/filipe/Desktop/Arrowhead_Integration_Module/arrowhead/src/install/services_discovery_interfaces/share/services_discovery_interfaces/cmake/ament_cmake_export_dependencies-extras.cmake
[0.228s] -- Up-to-date: /home/filipe/Desktop/Arrowhead_Integration_Module/arrowhead/src/install/services_discovery_interfaces/share/services_discovery_interfaces/cmake/ament_cmake_export_libraries-extras.cmake
[0.228s] -- Up-to-date: /home/filipe/Desktop/Arrowhead_Integration_Module/arrowhead/src/install/services_discovery_interfaces/share/services_discovery_interfaces/cmake/ament_cmake_export_targets-extras.cmake
[0.228s] -- Up-to-date: /home/filipe/Desktop/Arrowhead_Integration_Module/arrowhead/src/install/services_discovery_interfaces/share/services_discovery_interfaces/cmake/ament_cmake_export_include_directories-extras.cmake
[0.228s] -- Up-to-date: /home/filipe/Desktop/Arrowhead_Integration_Module/arrowhead/src/install/services_discovery_interfaces/share/services_discovery_interfaces/cmake/rosidl_cmake_export_typesupport_libraries-extras.cmake
[0.228s] -- Up-to-date: /home/filipe/Desktop/Arrowhead_Integration_Module/arrowhead/src/install/services_discovery_interfaces/share/services_discovery_interfaces/cmake/rosidl_cmake_export_typesupport_targets-extras.cmake
[0.228s] -- Up-to-date: /home/filipe/Desktop/Arrowhead_Integration_Module/arrowhead/src/install/services_discovery_interfaces/share/services_discovery_interfaces/cmake/services_discovery_interfacesConfig.cmake
[0.229s] -- Up-to-date: /home/filipe/Desktop/Arrowhead_Integration_Module/arrowhead/src/install/services_discovery_interfaces/share/services_discovery_interfaces/cmake/services_discovery_interfacesConfig-version.cmake
[0.229s] -- Up-to-date: /home/filipe/Desktop/Arrowhead_Integration_Module/arrowhead/src/install/services_discovery_interfaces/share/services_discovery_interfaces/package.xml
[0.235s] Invoked command in '/home/filipe/Desktop/Arrowhead_Integration_Module/arrowhead/src/build/services_discovery_interfaces' returned '0': CMAKE_PREFIX_PATH=/opt/ros/galactic /opt/cmake-3.28.1/bin/cmake --install /home/filipe/Desktop/Arrowhead_Integration_Module/arrowhead/src/build/services_discovery_interfaces
