[0.180s] DEBUG:colcon:Command line arguments: ['/usr/bin/colcon', 'build']
[0.180s] DEBUG:colcon:Parsed command line arguments: Namespace(allow_overriding=[], ament_cmake_args=None, base_paths=['.'], build_base='build', catkin_cmake_args=None, catkin_skip_building_tests=False, cmake_args=None, cmake_clean_cache=False, cmake_clean_first=False, cmake_force_configure=False, cmake_target=None, cmake_target_skip_unavailable=False, continue_on_error=False, event_handlers=None, executor='parallel', ignore_user_meta=False, install_base='install', log_base=None, log_level=None, main=<bound method BuildVerb.main of <colcon_core.verb.build.BuildVerb object at 0x7f72370e8610>>, merge_install=False, metas=['./colcon.meta'], mixin=None, mixin_files=None, mixin_verb=('build',), packages_above=None, packages_above_and_dependencies=None, packages_above_depth=None, packages_end=None, packages_ignore=None, packages_ignore_regex=None, packages_select=None, packages_select_build_failed=False, packages_select_by_dep=None, packages_select_regex=None, packages_select_test_failures=False, packages_skip=None, packages_skip_build_finished=False, packages_skip_by_dep=None, packages_skip_regex=None, packages_skip_test_passed=False, packages_skip_up_to=None, packages_start=None, packages_up_to=None, packages_up_to_regex=None, parallel_workers=12, paths=None, symlink_install=False, test_result_base=None, verb_extension=<colcon_core.verb.build.BuildVerb object at 0x7f72370e8610>, verb_name='build', verb_parser=<colcon_mixin.mixin.mixin_argument.MixinArgumentDecorator object at 0x7f7237015760>)
[0.211s] Level 1:colcon.colcon_core.package_discovery:discover_packages(colcon_meta) check parameters
[0.211s] Level 1:colcon.colcon_core.package_discovery:discover_packages(recursive) check parameters
[0.211s] Level 1:colcon.colcon_core.package_discovery:discover_packages(ignore) check parameters
[0.211s] Level 1:colcon.colcon_core.package_discovery:discover_packages(path) check parameters
[0.211s] Level 1:colcon.colcon_core.package_discovery:discover_packages(colcon_meta) discover
[0.211s] Level 1:colcon.colcon_core.package_discovery:discover_packages(recursive) discover
[0.211s] INFO:colcon.colcon_core.package_discovery:Crawling recursively for packages in '/home/filipe/Desktop/Arrowhead_Integration_Module/arrowhead/src'
[0.211s] Level 1:colcon.colcon_core.package_identification:_identify(.) by extensions ['ignore', 'ignore_ament_install']
[0.211s] Level 1:colcon.colcon_core.package_identification:_identify(.) by extension 'ignore'
[0.212s] Level 1:colcon.colcon_core.package_identification:_identify(.) by extension 'ignore_ament_install'
[0.212s] Level 1:colcon.colcon_core.package_identification:_identify(.) by extensions ['colcon_pkg']
[0.212s] Level 1:colcon.colcon_core.package_identification:_identify(.) by extension 'colcon_pkg'
[0.212s] Level 1:colcon.colcon_core.package_identification:_identify(.) by extensions ['colcon_meta']
[0.212s] Level 1:colcon.colcon_core.package_identification:_identify(.) by extension 'colcon_meta'
[0.212s] Level 1:colcon.colcon_core.package_identification:_identify(.) by extensions ['ros']
[0.212s] Level 1:colcon.colcon_core.package_identification:_identify(.) by extension 'ros'
[0.221s] Level 1:colcon.colcon_core.package_identification:_identify(.) by extensions ['cmake', 'python']
[0.221s] Level 1:colcon.colcon_core.package_identification:_identify(.) by extension 'cmake'
[0.221s] Level 1:colcon.colcon_core.package_identification:_identify(.) by extension 'python'
[0.221s] Level 1:colcon.colcon_core.package_identification:_identify(.) by extensions ['python_setup_py']
[0.221s] Level 1:colcon.colcon_core.package_identification:_identify(.) by extension 'python_setup_py'
[0.222s] Level 1:colcon.colcon_core.package_identification:_identify(build) by extensions ['ignore', 'ignore_ament_install']
[0.222s] Level 1:colcon.colcon_core.package_identification:_identify(build) by extension 'ignore'
[0.222s] Level 1:colcon.colcon_core.package_identification:_identify(build) ignored
[0.222s] Level 1:colcon.colcon_core.package_identification:_identify(car_package) by extensions ['ignore', 'ignore_ament_install']
[0.222s] Level 1:colcon.colcon_core.package_identification:_identify(car_package) by extension 'ignore'
[0.222s] Level 1:colcon.colcon_core.package_identification:_identify(car_package) by extension 'ignore_ament_install'
[0.222s] Level 1:colcon.colcon_core.package_identification:_identify(car_package) by extensions ['colcon_pkg']
[0.222s] Level 1:colcon.colcon_core.package_identification:_identify(car_package) by extension 'colcon_pkg'
[0.222s] Level 1:colcon.colcon_core.package_identification:_identify(car_package) by extensions ['colcon_meta']
[0.222s] Level 1:colcon.colcon_core.package_identification:_identify(car_package) by extension 'colcon_meta'
[0.222s] Level 1:colcon.colcon_core.package_identification:_identify(car_package) by extensions ['ros']
[0.222s] Level 1:colcon.colcon_core.package_identification:_identify(car_package) by extension 'ros'
[0.224s] DEBUG:colcon.colcon_core.package_identification:Package 'car_package' with type 'ros.ament_cmake' and name 'car_package'
[0.224s] Level 1:colcon.colcon_core.package_identification:_identify(cpp_pubsub) by extensions ['ignore', 'ignore_ament_install']
[0.224s] Level 1:colcon.colcon_core.package_identification:_identify(cpp_pubsub) by extension 'ignore'
[0.224s] Level 1:colcon.colcon_core.package_identification:_identify(cpp_pubsub) by extension 'ignore_ament_install'
[0.224s] Level 1:colcon.colcon_core.package_identification:_identify(cpp_pubsub) by extensions ['colcon_pkg']
[0.224s] Level 1:colcon.colcon_core.package_identification:_identify(cpp_pubsub) by extension 'colcon_pkg'
[0.224s] Level 1:colcon.colcon_core.package_identification:_identify(cpp_pubsub) by extensions ['colcon_meta']
[0.224s] Level 1:colcon.colcon_core.package_identification:_identify(cpp_pubsub) by extension 'colcon_meta'
[0.224s] Level 1:colcon.colcon_core.package_identification:_identify(cpp_pubsub) by extensions ['ros']
[0.224s] Level 1:colcon.colcon_core.package_identification:_identify(cpp_pubsub) by extension 'ros'
[0.224s] DEBUG:colcon.colcon_core.package_identification:Package 'cpp_pubsub' with type 'ros.ament_cmake' and name 'cpp_pubsub'
[0.224s] Level 1:colcon.colcon_core.package_identification:_identify(install) by extensions ['ignore', 'ignore_ament_install']
[0.224s] Level 1:colcon.colcon_core.package_identification:_identify(install) by extension 'ignore'
[0.224s] Level 1:colcon.colcon_core.package_identification:_identify(install) ignored
[0.225s] Level 1:colcon.colcon_core.package_identification:_identify(log) by extensions ['ignore', 'ignore_ament_install']
[0.225s] Level 1:colcon.colcon_core.package_identification:_identify(log) by extension 'ignore'
[0.225s] Level 1:colcon.colcon_core.package_identification:_identify(log) ignored
[0.225s] Level 1:colcon.colcon_core.package_identification:_identify(services_discovery) by extensions ['ignore', 'ignore_ament_install']
[0.225s] Level 1:colcon.colcon_core.package_identification:_identify(services_discovery) by extension 'ignore'
[0.225s] Level 1:colcon.colcon_core.package_identification:_identify(services_discovery) by extension 'ignore_ament_install'
[0.225s] Level 1:colcon.colcon_core.package_identification:_identify(services_discovery) by extensions ['colcon_pkg']
[0.225s] Level 1:colcon.colcon_core.package_identification:_identify(services_discovery) by extension 'colcon_pkg'
[0.225s] Level 1:colcon.colcon_core.package_identification:_identify(services_discovery) by extensions ['colcon_meta']
[0.225s] Level 1:colcon.colcon_core.package_identification:_identify(services_discovery) by extension 'colcon_meta'
[0.225s] Level 1:colcon.colcon_core.package_identification:_identify(services_discovery) by extensions ['ros']
[0.225s] Level 1:colcon.colcon_core.package_identification:_identify(services_discovery) by extension 'ros'
[0.225s] DEBUG:colcon.colcon_core.package_identification:Package 'services_discovery' with type 'ros.ament_cmake' and name 'services_discovery'
[0.225s] Level 1:colcon.colcon_core.package_identification:_identify(services_discovery_interfaces) by extensions ['ignore', 'ignore_ament_install']
[0.225s] Level 1:colcon.colcon_core.package_identification:_identify(services_discovery_interfaces) by extension 'ignore'
[0.226s] Level 1:colcon.colcon_core.package_identification:_identify(services_discovery_interfaces) by extension 'ignore_ament_install'
[0.226s] Level 1:colcon.colcon_core.package_identification:_identify(services_discovery_interfaces) by extensions ['colcon_pkg']
[0.226s] Level 1:colcon.colcon_core.package_identification:_identify(services_discovery_interfaces) by extension 'colcon_pkg'
[0.226s] Level 1:colcon.colcon_core.package_identification:_identify(services_discovery_interfaces) by extensions ['colcon_meta']
[0.226s] Level 1:colcon.colcon_core.package_identification:_identify(services_discovery_interfaces) by extension 'colcon_meta'
[0.226s] Level 1:colcon.colcon_core.package_identification:_identify(services_discovery_interfaces) by extensions ['ros']
[0.226s] Level 1:colcon.colcon_core.package_identification:_identify(services_discovery_interfaces) by extension 'ros'
[0.226s] DEBUG:colcon.colcon_core.package_identification:Package 'services_discovery_interfaces' with type 'ros.ament_cmake' and name 'services_discovery_interfaces'
[0.226s] Level 1:colcon.colcon_core.package_identification:_identify(services_registry) by extensions ['ignore', 'ignore_ament_install']
[0.226s] Level 1:colcon.colcon_core.package_identification:_identify(services_registry) by extension 'ignore'
[0.226s] Level 1:colcon.colcon_core.package_identification:_identify(services_registry) by extension 'ignore_ament_install'
[0.226s] Level 1:colcon.colcon_core.package_identification:_identify(services_registry) by extensions ['colcon_pkg']
[0.226s] Level 1:colcon.colcon_core.package_identification:_identify(services_registry) by extension 'colcon_pkg'
[0.226s] Level 1:colcon.colcon_core.package_identification:_identify(services_registry) by extensions ['colcon_meta']
[0.226s] Level 1:colcon.colcon_core.package_identification:_identify(services_registry) by extension 'colcon_meta'
[0.226s] Level 1:colcon.colcon_core.package_identification:_identify(services_registry) by extensions ['ros']
[0.226s] Level 1:colcon.colcon_core.package_identification:_identify(services_registry) by extension 'ros'
[0.227s] DEBUG:colcon.colcon_core.package_identification:Package 'services_registry' with type 'ros.ament_cmake' and name 'services_registry'
[0.227s] Level 1:colcon.colcon_core.package_identification:_identify(services_registry_interfaces) by extensions ['ignore', 'ignore_ament_install']
[0.227s] Level 1:colcon.colcon_core.package_identification:_identify(services_registry_interfaces) by extension 'ignore'
[0.227s] Level 1:colcon.colcon_core.package_identification:_identify(services_registry_interfaces) by extension 'ignore_ament_install'
[0.227s] Level 1:colcon.colcon_core.package_identification:_identify(services_registry_interfaces) by extensions ['colcon_pkg']
[0.227s] Level 1:colcon.colcon_core.package_identification:_identify(services_registry_interfaces) by extension 'colcon_pkg'
[0.227s] Level 1:colcon.colcon_core.package_identification:_identify(services_registry_interfaces) by extensions ['colcon_meta']
[0.227s] Level 1:colcon.colcon_core.package_identification:_identify(services_registry_interfaces) by extension 'colcon_meta'
[0.227s] Level 1:colcon.colcon_core.package_identification:_identify(services_registry_interfaces) by extensions ['ros']
[0.227s] Level 1:colcon.colcon_core.package_identification:_identify(services_registry_interfaces) by extension 'ros'
[0.227s] DEBUG:colcon.colcon_core.package_identification:Package 'services_registry_interfaces' with type 'ros.ament_cmake' and name 'services_registry_interfaces'
[0.227s] Level 1:colcon.colcon_core.package_discovery:discover_packages(recursive) using defaults
[0.227s] Level 1:colcon.colcon_core.package_discovery:discover_packages(ignore) discover
[0.227s] Level 1:colcon.colcon_core.package_discovery:discover_packages(ignore) using defaults
[0.227s] Level 1:colcon.colcon_core.package_discovery:discover_packages(path) discover
[0.227s] Level 1:colcon.colcon_core.package_discovery:discover_packages(path) using defaults
[0.243s] Level 1:colcon.colcon_core.package_discovery:discover_packages(prefix_path) check parameters
[0.243s] Level 1:colcon.colcon_core.package_discovery:discover_packages(prefix_path) discover
[0.245s] DEBUG:colcon.colcon_installed_package_information.package_discovery:Found 6 installed packages in /home/filipe/Desktop/Arrowhead_Integration_Module/arrowhead/src/install
[0.246s] DEBUG:colcon.colcon_installed_package_information.package_discovery:Found 315 installed packages in /opt/ros/galactic
[0.247s] Level 1:colcon.colcon_core.package_discovery:discover_packages(prefix_path) using defaults
[0.291s] Level 5:colcon.colcon_core.verb:set package 'cpp_pubsub' build argument 'cmake_args' from command line to 'None'
[0.291s] Level 5:colcon.colcon_core.verb:set package 'cpp_pubsub' build argument 'cmake_target' from command line to 'None'
[0.291s] Level 5:colcon.colcon_core.verb:set package 'cpp_pubsub' build argument 'cmake_target_skip_unavailable' from command line to 'False'
[0.291s] Level 5:colcon.colcon_core.verb:set package 'cpp_pubsub' build argument 'cmake_clean_cache' from command line to 'False'
[0.291s] Level 5:colcon.colcon_core.verb:set package 'cpp_pubsub' build argument 'cmake_clean_first' from command line to 'False'
[0.291s] Level 5:colcon.colcon_core.verb:set package 'cpp_pubsub' build argument 'cmake_force_configure' from command line to 'False'
[0.291s] Level 5:colcon.colcon_core.verb:set package 'cpp_pubsub' build argument 'ament_cmake_args' from command line to 'None'
[0.291s] Level 5:colcon.colcon_core.verb:set package 'cpp_pubsub' build argument 'catkin_cmake_args' from command line to 'None'
[0.291s] Level 5:colcon.colcon_core.verb:set package 'cpp_pubsub' build argument 'catkin_skip_building_tests' from command line to 'False'
[0.291s] DEBUG:colcon.colcon_core.verb:Building package 'cpp_pubsub' with the following arguments: {'ament_cmake_args': None, 'build_base': '/home/filipe/Desktop/Arrowhead_Integration_Module/arrowhead/src/build/cpp_pubsub', 'catkin_cmake_args': None, 'catkin_skip_building_tests': False, 'cmake_args': None, 'cmake_clean_cache': False, 'cmake_clean_first': False, 'cmake_force_configure': False, 'cmake_target': None, 'cmake_target_skip_unavailable': False, 'install_base': '/home/filipe/Desktop/Arrowhead_Integration_Module/arrowhead/src/install/cpp_pubsub', 'merge_install': False, 'path': '/home/filipe/Desktop/Arrowhead_Integration_Module/arrowhead/src/cpp_pubsub', 'symlink_install': False, 'test_result_base': None}
[0.292s] Level 5:colcon.colcon_core.verb:set package 'services_discovery_interfaces' build argument 'cmake_args' from command line to 'None'
[0.292s] Level 5:colcon.colcon_core.verb:set package 'services_discovery_interfaces' build argument 'cmake_target' from command line to 'None'
[0.292s] Level 5:colcon.colcon_core.verb:set package 'services_discovery_interfaces' build argument 'cmake_target_skip_unavailable' from command line to 'False'
[0.292s] Level 5:colcon.colcon_core.verb:set package 'services_discovery_interfaces' build argument 'cmake_clean_cache' from command line to 'False'
[0.292s] Level 5:colcon.colcon_core.verb:set package 'services_discovery_interfaces' build argument 'cmake_clean_first' from command line to 'False'
[0.292s] Level 5:colcon.colcon_core.verb:set package 'services_discovery_interfaces' build argument 'cmake_force_configure' from command line to 'False'
[0.292s] Level 5:colcon.colcon_core.verb:set package 'services_discovery_interfaces' build argument 'ament_cmake_args' from command line to 'None'
[0.292s] Level 5:colcon.colcon_core.verb:set package 'services_discovery_interfaces' build argument 'catkin_cmake_args' from command line to 'None'
[0.292s] Level 5:colcon.colcon_core.verb:set package 'services_discovery_interfaces' build argument 'catkin_skip_building_tests' from command line to 'False'
[0.292s] DEBUG:colcon.colcon_core.verb:Building package 'services_discovery_interfaces' with the following arguments: {'ament_cmake_args': None, 'build_base': '/home/filipe/Desktop/Arrowhead_Integration_Module/arrowhead/src/build/services_discovery_interfaces', 'catkin_cmake_args': None, 'catkin_skip_building_tests': False, 'cmake_args': None, 'cmake_clean_cache': False, 'cmake_clean_first': False, 'cmake_force_configure': False, 'cmake_target': None, 'cmake_target_skip_unavailable': False, 'install_base': '/home/filipe/Desktop/Arrowhead_Integration_Module/arrowhead/src/install/services_discovery_interfaces', 'merge_install': False, 'path': '/home/filipe/Desktop/Arrowhead_Integration_Module/arrowhead/src/services_discovery_interfaces', 'symlink_install': False, 'test_result_base': None}
[0.292s] Level 5:colcon.colcon_core.verb:set package 'services_registry' build argument 'cmake_args' from command line to 'None'
[0.292s] Level 5:colcon.colcon_core.verb:set package 'services_registry' build argument 'cmake_target' from command line to 'None'
[0.292s] Level 5:colcon.colcon_core.verb:set package 'services_registry' build argument 'cmake_target_skip_unavailable' from command line to 'False'
[0.292s] Level 5:colcon.colcon_core.verb:set package 'services_registry' build argument 'cmake_clean_cache' from command line to 'False'
[0.292s] Level 5:colcon.colcon_core.verb:set package 'services_registry' build argument 'cmake_clean_first' from command line to 'False'
[0.292s] Level 5:colcon.colcon_core.verb:set package 'services_registry' build argument 'cmake_force_configure' from command line to 'False'
[0.292s] Level 5:colcon.colcon_core.verb:set package 'services_registry' build argument 'ament_cmake_args' from command line to 'None'
[0.292s] Level 5:colcon.colcon_core.verb:set package 'services_registry' build argument 'catkin_cmake_args' from command line to 'None'
[0.292s] Level 5:colcon.colcon_core.verb:set package 'services_registry' build argument 'catkin_skip_building_tests' from command line to 'False'
[0.292s] DEBUG:colcon.colcon_core.verb:Building package 'services_registry' with the following arguments: {'ament_cmake_args': None, 'build_base': '/home/filipe/Desktop/Arrowhead_Integration_Module/arrowhead/src/build/services_registry', 'catkin_cmake_args': None, 'catkin_skip_building_tests': False, 'cmake_args': None, 'cmake_clean_cache': False, 'cmake_clean_first': False, 'cmake_force_configure': False, 'cmake_target': None, 'cmake_target_skip_unavailable': False, 'install_base': '/home/filipe/Desktop/Arrowhead_Integration_Module/arrowhead/src/install/services_registry', 'merge_install': False, 'path': '/home/filipe/Desktop/Arrowhead_Integration_Module/arrowhead/src/services_registry', 'symlink_install': False, 'test_result_base': None}
[0.292s] Level 5:colcon.colcon_core.verb:set package 'services_registry_interfaces' build argument 'cmake_args' from command line to 'None'
[0.293s] Level 5:colcon.colcon_core.verb:set package 'services_registry_interfaces' build argument 'cmake_target' from command line to 'None'
[0.293s] Level 5:colcon.colcon_core.verb:set package 'services_registry_interfaces' build argument 'cmake_target_skip_unavailable' from command line to 'False'
[0.293s] Level 5:colcon.colcon_core.verb:set package 'services_registry_interfaces' build argument 'cmake_clean_cache' from command line to 'False'
[0.293s] Level 5:colcon.colcon_core.verb:set package 'services_registry_interfaces' build argument 'cmake_clean_first' from command line to 'False'
[0.293s] Level 5:colcon.colcon_core.verb:set package 'services_registry_interfaces' build argument 'cmake_force_configure' from command line to 'False'
[0.293s] Level 5:colcon.colcon_core.verb:set package 'services_registry_interfaces' build argument 'ament_cmake_args' from command line to 'None'
[0.293s] Level 5:colcon.colcon_core.verb:set package 'services_registry_interfaces' build argument 'catkin_cmake_args' from command line to 'None'
[0.293s] Level 5:colcon.colcon_core.verb:set package 'services_registry_interfaces' build argument 'catkin_skip_building_tests' from command line to 'False'
[0.293s] DEBUG:colcon.colcon_core.verb:Building package 'services_registry_interfaces' with the following arguments: {'ament_cmake_args': None, 'build_base': '/home/filipe/Desktop/Arrowhead_Integration_Module/arrowhead/src/build/services_registry_interfaces', 'catkin_cmake_args': None, 'catkin_skip_building_tests': False, 'cmake_args': None, 'cmake_clean_cache': False, 'cmake_clean_first': False, 'cmake_force_configure': False, 'cmake_target': None, 'cmake_target_skip_unavailable': False, 'install_base': '/home/filipe/Desktop/Arrowhead_Integration_Module/arrowhead/src/install/services_registry_interfaces', 'merge_install': False, 'path': '/home/filipe/Desktop/Arrowhead_Integration_Module/arrowhead/src/services_registry_interfaces', 'symlink_install': False, 'test_result_base': None}
[0.293s] Level 5:colcon.colcon_core.verb:set package 'car_package' build argument 'cmake_args' from command line to 'None'
[0.293s] Level 5:colcon.colcon_core.verb:set package 'car_package' build argument 'cmake_target' from command line to 'None'
[0.293s] Level 5:colcon.colcon_core.verb:set package 'car_package' build argument 'cmake_target_skip_unavailable' from command line to 'False'
[0.293s] Level 5:colcon.colcon_core.verb:set package 'car_package' build argument 'cmake_clean_cache' from command line to 'False'
[0.293s] Level 5:colcon.colcon_core.verb:set package 'car_package' build argument 'cmake_clean_first' from command line to 'False'
[0.293s] Level 5:colcon.colcon_core.verb:set package 'car_package' build argument 'cmake_force_configure' from command line to 'False'
[0.293s] Level 5:colcon.colcon_core.verb:set package 'car_package' build argument 'ament_cmake_args' from command line to 'None'
[0.293s] Level 5:colcon.colcon_core.verb:set package 'car_package' build argument 'catkin_cmake_args' from command line to 'None'
[0.293s] Level 5:colcon.colcon_core.verb:set package 'car_package' build argument 'catkin_skip_building_tests' from command line to 'False'
[0.293s] DEBUG:colcon.colcon_core.verb:Building package 'car_package' with the following arguments: {'ament_cmake_args': None, 'build_base': '/home/filipe/Desktop/Arrowhead_Integration_Module/arrowhead/src/build/car_package', 'catkin_cmake_args': None, 'catkin_skip_building_tests': False, 'cmake_args': None, 'cmake_clean_cache': False, 'cmake_clean_first': False, 'cmake_force_configure': False, 'cmake_target': None, 'cmake_target_skip_unavailable': False, 'install_base': '/home/filipe/Desktop/Arrowhead_Integration_Module/arrowhead/src/install/car_package', 'merge_install': False, 'path': '/home/filipe/Desktop/Arrowhead_Integration_Module/arrowhead/src/car_package', 'symlink_install': False, 'test_result_base': None}
[0.293s] Level 5:colcon.colcon_core.verb:set package 'services_discovery' build argument 'cmake_args' from command line to 'None'
[0.293s] Level 5:colcon.colcon_core.verb:set package 'services_discovery' build argument 'cmake_target' from command line to 'None'
[0.293s] Level 5:colcon.colcon_core.verb:set package 'services_discovery' build argument 'cmake_target_skip_unavailable' from command line to 'False'
[0.293s] Level 5:colcon.colcon_core.verb:set package 'services_discovery' build argument 'cmake_clean_cache' from command line to 'False'
[0.293s] Level 5:colcon.colcon_core.verb:set package 'services_discovery' build argument 'cmake_clean_first' from command line to 'False'
[0.293s] Level 5:colcon.colcon_core.verb:set package 'services_discovery' build argument 'cmake_force_configure' from command line to 'False'
[0.293s] Level 5:colcon.colcon_core.verb:set package 'services_discovery' build argument 'ament_cmake_args' from command line to 'None'
[0.293s] Level 5:colcon.colcon_core.verb:set package 'services_discovery' build argument 'catkin_cmake_args' from command line to 'None'
[0.293s] Level 5:colcon.colcon_core.verb:set package 'services_discovery' build argument 'catkin_skip_building_tests' from command line to 'False'
[0.293s] DEBUG:colcon.colcon_core.verb:Building package 'services_discovery' with the following arguments: {'ament_cmake_args': None, 'build_base': '/home/filipe/Desktop/Arrowhead_Integration_Module/arrowhead/src/build/services_discovery', 'catkin_cmake_args': None, 'catkin_skip_building_tests': False, 'cmake_args': None, 'cmake_clean_cache': False, 'cmake_clean_first': False, 'cmake_force_configure': False, 'cmake_target': None, 'cmake_target_skip_unavailable': False, 'install_base': '/home/filipe/Desktop/Arrowhead_Integration_Module/arrowhead/src/install/services_discovery', 'merge_install': False, 'path': '/home/filipe/Desktop/Arrowhead_Integration_Module/arrowhead/src/services_discovery', 'symlink_install': False, 'test_result_base': None}
[0.293s] INFO:colcon.colcon_core.executor:Executing jobs using 'parallel' executor
[0.294s] DEBUG:colcon.colcon_parallel_executor.executor.parallel:run_until_complete
[0.294s] INFO:colcon.colcon_ros.task.ament_cmake.build:Building ROS package in '/home/filipe/Desktop/Arrowhead_Integration_Module/arrowhead/src/services_discovery_interfaces' with build type 'ament_cmake'
[0.294s] INFO:colcon.colcon_cmake.task.cmake.build:Building CMake package in '/home/filipe/Desktop/Arrowhead_Integration_Module/arrowhead/src/services_discovery_interfaces'
[0.295s] INFO:colcon.colcon_core.plugin_system:Skipping extension 'colcon_core.shell.bat': Not used on non-Windows systems
[0.296s] INFO:colcon.colcon_core.shell:Skip shell extension 'powershell' for command environment: Not usable outside of PowerShell
[0.296s] DEBUG:colcon.colcon_core.shell:Skip shell extension 'dsv' for command environment
[0.300s] INFO:colcon.colcon_ros.task.ament_cmake.build:Building ROS package in '/home/filipe/Desktop/Arrowhead_Integration_Module/arrowhead/src/cpp_pubsub' with build type 'ament_cmake'
[0.300s] INFO:colcon.colcon_cmake.task.cmake.build:Building CMake package in '/home/filipe/Desktop/Arrowhead_Integration_Module/arrowhead/src/cpp_pubsub'
[0.300s] INFO:colcon.colcon_core.shell:Skip shell extension 'powershell' for command environment: Not usable outside of PowerShell
[0.300s] DEBUG:colcon.colcon_core.shell:Skip shell extension 'dsv' for command environment
[0.304s] INFO:colcon.colcon_ros.task.ament_cmake.build:Building ROS package in '/home/filipe/Desktop/Arrowhead_Integration_Module/arrowhead/src/services_registry' with build type 'ament_cmake'
[0.304s] INFO:colcon.colcon_cmake.task.cmake.build:Building CMake package in '/home/filipe/Desktop/Arrowhead_Integration_Module/arrowhead/src/services_registry'
[0.305s] INFO:colcon.colcon_core.shell:Skip shell extension 'powershell' for command environment: Not usable outside of PowerShell
[0.305s] DEBUG:colcon.colcon_core.shell:Skip shell extension 'dsv' for command environment
[0.309s] INFO:colcon.colcon_ros.task.ament_cmake.build:Building ROS package in '/home/filipe/Desktop/Arrowhead_Integration_Module/arrowhead/src/services_registry_interfaces' with build type 'ament_cmake'
[0.309s] INFO:colcon.colcon_cmake.task.cmake.build:Building CMake package in '/home/filipe/Desktop/Arrowhead_Integration_Module/arrowhead/src/services_registry_interfaces'
[0.309s] INFO:colcon.colcon_core.shell:Skip shell extension 'powershell' for command environment: Not usable outside of PowerShell
[0.309s] DEBUG:colcon.colcon_core.shell:Skip shell extension 'dsv' for command environment
[0.319s] DEBUG:colcon.colcon_core.event_handler.log_command:Invoking command in '/home/filipe/Desktop/Arrowhead_Integration_Module/arrowhead/src/build/services_discovery_interfaces': CMAKE_PREFIX_PATH=${CMAKE_PREFIX_PATH}:/opt/ros/galactic /opt/cmake-3.28.1/bin/cmake --build /home/filipe/Desktop/Arrowhead_Integration_Module/arrowhead/src/build/services_discovery_interfaces -- -j12 -l12
[0.322s] DEBUG:colcon.colcon_core.event_handler.log_command:Invoking command in '/home/filipe/Desktop/Arrowhead_Integration_Module/arrowhead/src/build/cpp_pubsub': CMAKE_PREFIX_PATH=${CMAKE_PREFIX_PATH}:/opt/ros/galactic /opt/cmake-3.28.1/bin/cmake --build /home/filipe/Desktop/Arrowhead_Integration_Module/arrowhead/src/build/cpp_pubsub -- -j12 -l12
[0.325s] DEBUG:colcon.colcon_core.event_handler.log_command:Invoking command in '/home/filipe/Desktop/Arrowhead_Integration_Module/arrowhead/src/build/services_registry': CMAKE_PREFIX_PATH=${CMAKE_PREFIX_PATH}:/opt/ros/galactic /opt/cmake-3.28.1/bin/cmake --build /home/filipe/Desktop/Arrowhead_Integration_Module/arrowhead/src/build/services_registry -- -j12 -l12
[0.329s] DEBUG:colcon.colcon_core.event_handler.log_command:Invoking command in '/home/filipe/Desktop/Arrowhead_Integration_Module/arrowhead/src/build/services_registry_interfaces': CMAKE_PREFIX_PATH=${CMAKE_PREFIX_PATH}:/opt/ros/galactic /opt/cmake-3.28.1/bin/cmake --build /home/filipe/Desktop/Arrowhead_Integration_Module/arrowhead/src/build/services_registry_interfaces -- -j12 -l12
[0.366s] DEBUG:colcon.colcon_core.event_handler.log_command:Invoked command in '/home/filipe/Desktop/Arrowhead_Integration_Module/arrowhead/src/build/services_registry' returned '0': CMAKE_PREFIX_PATH=${CMAKE_PREFIX_PATH}:/opt/ros/galactic /opt/cmake-3.28.1/bin/cmake --build /home/filipe/Desktop/Arrowhead_Integration_Module/arrowhead/src/build/services_registry -- -j12 -l12
[0.372s] DEBUG:colcon.colcon_core.event_handler.log_command:Invoking command in '/home/filipe/Desktop/Arrowhead_Integration_Module/arrowhead/src/build/services_registry': CMAKE_PREFIX_PATH=${CMAKE_PREFIX_PATH}:/opt/ros/galactic /opt/cmake-3.28.1/bin/cmake --install /home/filipe/Desktop/Arrowhead_Integration_Module/arrowhead/src/build/services_registry
[0.374s] DEBUG:colcon.colcon_core.event_handler.log_command:Invoked command in '/home/filipe/Desktop/Arrowhead_Integration_Module/arrowhead/src/build/cpp_pubsub' returned '0': CMAKE_PREFIX_PATH=${CMAKE_PREFIX_PATH}:/opt/ros/galactic /opt/cmake-3.28.1/bin/cmake --build /home/filipe/Desktop/Arrowhead_Integration_Module/arrowhead/src/build/cpp_pubsub -- -j12 -l12
[0.377s] DEBUG:colcon.colcon_core.event_handler.log_command:Invoking command in '/home/filipe/Desktop/Arrowhead_Integration_Module/arrowhead/src/build/cpp_pubsub': CMAKE_PREFIX_PATH=${CMAKE_PREFIX_PATH}:/opt/ros/galactic /opt/cmake-3.28.1/bin/cmake --install /home/filipe/Desktop/Arrowhead_Integration_Module/arrowhead/src/build/cpp_pubsub
[0.379s] Level 1:colcon.colcon_core.environment:create_environment_scripts_only(services_registry)
[0.381s] DEBUG:colcon.colcon_core.event_handler.log_command:Invoked command in '/home/filipe/Desktop/Arrowhead_Integration_Module/arrowhead/src/build/services_registry' returned '0': CMAKE_PREFIX_PATH=${CMAKE_PREFIX_PATH}:/opt/ros/galactic /opt/cmake-3.28.1/bin/cmake --install /home/filipe/Desktop/Arrowhead_Integration_Module/arrowhead/src/build/services_registry
[0.385s] Level 1:colcon.colcon_core.environment:checking '/home/filipe/Desktop/Arrowhead_Integration_Module/arrowhead/src/install/services_registry' for CMake module files
[0.385s] Level 1:colcon.colcon_core.environment:checking '/home/filipe/Desktop/Arrowhead_Integration_Module/arrowhead/src/install/services_registry' for CMake config files
[0.385s] Level 1:colcon.colcon_core.shell:create_environment_hook('services_registry', 'cmake_prefix_path')
[0.385s] INFO:colcon.colcon_core.shell:Creating environment hook '/home/filipe/Desktop/Arrowhead_Integration_Module/arrowhead/src/install/services_registry/share/services_registry/hook/cmake_prefix_path.ps1'
[0.386s] INFO:colcon.colcon_core.shell:Creating environment descriptor '/home/filipe/Desktop/Arrowhead_Integration_Module/arrowhead/src/install/services_registry/share/services_registry/hook/cmake_prefix_path.dsv'
[0.386s] INFO:colcon.colcon_core.shell:Creating environment hook '/home/filipe/Desktop/Arrowhead_Integration_Module/arrowhead/src/install/services_registry/share/services_registry/hook/cmake_prefix_path.sh'
[0.387s] Level 1:colcon.colcon_core.environment:checking '/home/filipe/Desktop/Arrowhead_Integration_Module/arrowhead/src/install/services_registry/lib'
[0.387s] Level 1:colcon.colcon_core.environment:checking '/home/filipe/Desktop/Arrowhead_Integration_Module/arrowhead/src/install/services_registry/bin'
[0.387s] Level 1:colcon.colcon_core.environment:checking '/home/filipe/Desktop/Arrowhead_Integration_Module/arrowhead/src/install/services_registry/lib/pkgconfig/services_registry.pc'
[0.388s] Level 1:colcon.colcon_core.environment:checking '/home/filipe/Desktop/Arrowhead_Integration_Module/arrowhead/src/install/services_registry/lib/python3.8/site-packages'
[0.388s] Level 1:colcon.colcon_core.environment:checking '/home/filipe/Desktop/Arrowhead_Integration_Module/arrowhead/src/install/services_registry/bin'
[0.388s] INFO:colcon.colcon_core.shell:Creating package script '/home/filipe/Desktop/Arrowhead_Integration_Module/arrowhead/src/install/services_registry/share/services_registry/package.ps1'
[0.389s] INFO:colcon.colcon_core.shell:Creating package descriptor '/home/filipe/Desktop/Arrowhead_Integration_Module/arrowhead/src/install/services_registry/share/services_registry/package.dsv'
[0.389s] INFO:colcon.colcon_core.shell:Creating package script '/home/filipe/Desktop/Arrowhead_Integration_Module/arrowhead/src/install/services_registry/share/services_registry/package.sh'
[0.390s] INFO:colcon.colcon_core.shell:Creating package script '/home/filipe/Desktop/Arrowhead_Integration_Module/arrowhead/src/install/services_registry/share/services_registry/package.bash'
[0.390s] INFO:colcon.colcon_core.shell:Creating package script '/home/filipe/Desktop/Arrowhead_Integration_Module/arrowhead/src/install/services_registry/share/services_registry/package.zsh'
[0.391s] Level 1:colcon.colcon_core.environment:create_file_with_runtime_dependencies(/home/filipe/Desktop/Arrowhead_Integration_Module/arrowhead/src/install/services_registry/share/colcon-core/packages/services_registry)
[0.391s] Level 1:colcon.colcon_core.environment:create_environment_scripts_only(services_registry)
[0.392s] Level 1:colcon.colcon_core.environment:checking '/home/filipe/Desktop/Arrowhead_Integration_Module/arrowhead/src/install/services_registry' for CMake module files
[0.392s] Level 1:colcon.colcon_core.environment:checking '/home/filipe/Desktop/Arrowhead_Integration_Module/arrowhead/src/install/services_registry' for CMake config files
[0.392s] Level 1:colcon.colcon_core.shell:create_environment_hook('services_registry', 'cmake_prefix_path')
[0.393s] INFO:colcon.colcon_core.shell:Creating environment hook '/home/filipe/Desktop/Arrowhead_Integration_Module/arrowhead/src/install/services_registry/share/services_registry/hook/cmake_prefix_path.ps1'
[0.393s] INFO:colcon.colcon_core.shell:Creating environment descriptor '/home/filipe/Desktop/Arrowhead_Integration_Module/arrowhead/src/install/services_registry/share/services_registry/hook/cmake_prefix_path.dsv'
[0.393s] INFO:colcon.colcon_core.shell:Creating environment hook '/home/filipe/Desktop/Arrowhead_Integration_Module/arrowhead/src/install/services_registry/share/services_registry/hook/cmake_prefix_path.sh'
[0.393s] Level 1:colcon.colcon_core.environment:checking '/home/filipe/Desktop/Arrowhead_Integration_Module/arrowhead/src/install/services_registry/lib'
[0.393s] Level 1:colcon.colcon_core.environment:checking '/home/filipe/Desktop/Arrowhead_Integration_Module/arrowhead/src/install/services_registry/bin'
[0.393s] Level 1:colcon.colcon_core.environment:checking '/home/filipe/Desktop/Arrowhead_Integration_Module/arrowhead/src/install/services_registry/lib/pkgconfig/services_registry.pc'
[0.394s] Level 1:colcon.colcon_core.environment:checking '/home/filipe/Desktop/Arrowhead_Integration_Module/arrowhead/src/install/services_registry/lib/python3.8/site-packages'
[0.394s] Level 1:colcon.colcon_core.environment:checking '/home/filipe/Desktop/Arrowhead_Integration_Module/arrowhead/src/install/services_registry/bin'
[0.394s] INFO:colcon.colcon_core.shell:Creating package script '/home/filipe/Desktop/Arrowhead_Integration_Module/arrowhead/src/install/services_registry/share/services_registry/package.ps1'
[0.394s] INFO:colcon.colcon_core.shell:Creating package descriptor '/home/filipe/Desktop/Arrowhead_Integration_Module/arrowhead/src/install/services_registry/share/services_registry/package.dsv'
[0.395s] INFO:colcon.colcon_core.shell:Creating package script '/home/filipe/Desktop/Arrowhead_Integration_Module/arrowhead/src/install/services_registry/share/services_registry/package.sh'
[0.395s] INFO:colcon.colcon_core.shell:Creating package script '/home/filipe/Desktop/Arrowhead_Integration_Module/arrowhead/src/install/services_registry/share/services_registry/package.bash'
[0.395s] INFO:colcon.colcon_core.shell:Creating package script '/home/filipe/Desktop/Arrowhead_Integration_Module/arrowhead/src/install/services_registry/share/services_registry/package.zsh'
[0.395s] Level 1:colcon.colcon_core.environment:create_file_with_runtime_dependencies(/home/filipe/Desktop/Arrowhead_Integration_Module/arrowhead/src/install/services_registry/share/colcon-core/packages/services_registry)
[0.396s] Level 1:colcon.colcon_core.environment:create_environment_scripts_only(cpp_pubsub)
[0.396s] Level 1:colcon.colcon_core.environment:checking '/home/filipe/Desktop/Arrowhead_Integration_Module/arrowhead/src/install/cpp_pubsub' for CMake module files
[0.397s] DEBUG:colcon.colcon_core.event_handler.log_command:Invoked command in '/home/filipe/Desktop/Arrowhead_Integration_Module/arrowhead/src/build/cpp_pubsub' returned '0': CMAKE_PREFIX_PATH=${CMAKE_PREFIX_PATH}:/opt/ros/galactic /opt/cmake-3.28.1/bin/cmake --install /home/filipe/Desktop/Arrowhead_Integration_Module/arrowhead/src/build/cpp_pubsub
[0.397s] Level 1:colcon.colcon_core.environment:checking '/home/filipe/Desktop/Arrowhead_Integration_Module/arrowhead/src/install/cpp_pubsub' for CMake config files
[0.397s] Level 1:colcon.colcon_core.shell:create_environment_hook('cpp_pubsub', 'cmake_prefix_path')
[0.397s] INFO:colcon.colcon_core.shell:Creating environment hook '/home/filipe/Desktop/Arrowhead_Integration_Module/arrowhead/src/install/cpp_pubsub/share/cpp_pubsub/hook/cmake_prefix_path.ps1'
[0.398s] INFO:colcon.colcon_core.shell:Creating environment descriptor '/home/filipe/Desktop/Arrowhead_Integration_Module/arrowhead/src/install/cpp_pubsub/share/cpp_pubsub/hook/cmake_prefix_path.dsv'
[0.398s] INFO:colcon.colcon_core.shell:Creating environment hook '/home/filipe/Desktop/Arrowhead_Integration_Module/arrowhead/src/install/cpp_pubsub/share/cpp_pubsub/hook/cmake_prefix_path.sh'
[0.398s] Level 1:colcon.colcon_core.environment:checking '/home/filipe/Desktop/Arrowhead_Integration_Module/arrowhead/src/install/cpp_pubsub/lib'
[0.398s] Level 1:colcon.colcon_core.environment:checking '/home/filipe/Desktop/Arrowhead_Integration_Module/arrowhead/src/install/cpp_pubsub/bin'
[0.398s] Level 1:colcon.colcon_core.environment:checking '/home/filipe/Desktop/Arrowhead_Integration_Module/arrowhead/src/install/cpp_pubsub/lib/pkgconfig/cpp_pubsub.pc'
[0.398s] Level 1:colcon.colcon_core.environment:checking '/home/filipe/Desktop/Arrowhead_Integration_Module/arrowhead/src/install/cpp_pubsub/lib/python3.8/site-packages'
[0.398s] Level 1:colcon.colcon_core.environment:checking '/home/filipe/Desktop/Arrowhead_Integration_Module/arrowhead/src/install/cpp_pubsub/bin'
[0.399s] INFO:colcon.colcon_core.shell:Creating package script '/home/filipe/Desktop/Arrowhead_Integration_Module/arrowhead/src/install/cpp_pubsub/share/cpp_pubsub/package.ps1'
[0.399s] INFO:colcon.colcon_core.shell:Creating package descriptor '/home/filipe/Desktop/Arrowhead_Integration_Module/arrowhead/src/install/cpp_pubsub/share/cpp_pubsub/package.dsv'
[0.399s] INFO:colcon.colcon_core.shell:Creating package script '/home/filipe/Desktop/Arrowhead_Integration_Module/arrowhead/src/install/cpp_pubsub/share/cpp_pubsub/package.sh'
[0.400s] INFO:colcon.colcon_core.shell:Creating package script '/home/filipe/Desktop/Arrowhead_Integration_Module/arrowhead/src/install/cpp_pubsub/share/cpp_pubsub/package.bash'
[0.400s] INFO:colcon.colcon_core.shell:Creating package script '/home/filipe/Desktop/Arrowhead_Integration_Module/arrowhead/src/install/cpp_pubsub/share/cpp_pubsub/package.zsh'
[0.400s] Level 1:colcon.colcon_core.environment:create_file_with_runtime_dependencies(/home/filipe/Desktop/Arrowhead_Integration_Module/arrowhead/src/install/cpp_pubsub/share/colcon-core/packages/cpp_pubsub)
[0.400s] Level 1:colcon.colcon_core.environment:create_environment_scripts_only(cpp_pubsub)
[0.400s] Level 1:colcon.colcon_core.environment:checking '/home/filipe/Desktop/Arrowhead_Integration_Module/arrowhead/src/install/cpp_pubsub' for CMake module files
[0.401s] Level 1:colcon.colcon_core.environment:checking '/home/filipe/Desktop/Arrowhead_Integration_Module/arrowhead/src/install/cpp_pubsub' for CMake config files
[0.401s] Level 1:colcon.colcon_core.shell:create_environment_hook('cpp_pubsub', 'cmake_prefix_path')
[0.401s] INFO:colcon.colcon_core.shell:Creating environment hook '/home/filipe/Desktop/Arrowhead_Integration_Module/arrowhead/src/install/cpp_pubsub/share/cpp_pubsub/hook/cmake_prefix_path.ps1'
[0.401s] INFO:colcon.colcon_core.shell:Creating environment descriptor '/home/filipe/Desktop/Arrowhead_Integration_Module/arrowhead/src/install/cpp_pubsub/share/cpp_pubsub/hook/cmake_prefix_path.dsv'
[0.402s] INFO:colcon.colcon_core.shell:Creating environment hook '/home/filipe/Desktop/Arrowhead_Integration_Module/arrowhead/src/install/cpp_pubsub/share/cpp_pubsub/hook/cmake_prefix_path.sh'
[0.402s] Level 1:colcon.colcon_core.environment:checking '/home/filipe/Desktop/Arrowhead_Integration_Module/arrowhead/src/install/cpp_pubsub/lib'
[0.402s] Level 1:colcon.colcon_core.environment:checking '/home/filipe/Desktop/Arrowhead_Integration_Module/arrowhead/src/install/cpp_pubsub/bin'
[0.402s] Level 1:colcon.colcon_core.environment:checking '/home/filipe/Desktop/Arrowhead_Integration_Module/arrowhead/src/install/cpp_pubsub/lib/pkgconfig/cpp_pubsub.pc'
[0.402s] Level 1:colcon.colcon_core.environment:checking '/home/filipe/Desktop/Arrowhead_Integration_Module/arrowhead/src/install/cpp_pubsub/lib/python3.8/site-packages'
[0.402s] Level 1:colcon.colcon_core.environment:checking '/home/filipe/Desktop/Arrowhead_Integration_Module/arrowhead/src/install/cpp_pubsub/bin'
[0.402s] INFO:colcon.colcon_core.shell:Creating package script '/home/filipe/Desktop/Arrowhead_Integration_Module/arrowhead/src/install/cpp_pubsub/share/cpp_pubsub/package.ps1'
[0.403s] INFO:colcon.colcon_core.shell:Creating package descriptor '/home/filipe/Desktop/Arrowhead_Integration_Module/arrowhead/src/install/cpp_pubsub/share/cpp_pubsub/package.dsv'
[0.403s] INFO:colcon.colcon_core.shell:Creating package script '/home/filipe/Desktop/Arrowhead_Integration_Module/arrowhead/src/install/cpp_pubsub/share/cpp_pubsub/package.sh'
[0.403s] INFO:colcon.colcon_core.shell:Creating package script '/home/filipe/Desktop/Arrowhead_Integration_Module/arrowhead/src/install/cpp_pubsub/share/cpp_pubsub/package.bash'
[0.404s] INFO:colcon.colcon_core.shell:Creating package script '/home/filipe/Desktop/Arrowhead_Integration_Module/arrowhead/src/install/cpp_pubsub/share/cpp_pubsub/package.zsh'
[0.404s] Level 1:colcon.colcon_core.environment:create_file_with_runtime_dependencies(/home/filipe/Desktop/Arrowhead_Integration_Module/arrowhead/src/install/cpp_pubsub/share/colcon-core/packages/cpp_pubsub)
[0.417s] DEBUG:colcon.colcon_core.event_handler.log_command:Invoked command in '/home/filipe/Desktop/Arrowhead_Integration_Module/arrowhead/src/build/services_discovery_interfaces' returned '0': CMAKE_PREFIX_PATH=${CMAKE_PREFIX_PATH}:/opt/ros/galactic /opt/cmake-3.28.1/bin/cmake --build /home/filipe/Desktop/Arrowhead_Integration_Module/arrowhead/src/build/services_discovery_interfaces -- -j12 -l12
[0.420s] DEBUG:colcon.colcon_core.event_handler.log_command:Invoking command in '/home/filipe/Desktop/Arrowhead_Integration_Module/arrowhead/src/build/services_discovery_interfaces': CMAKE_PREFIX_PATH=${CMAKE_PREFIX_PATH}:/opt/ros/galactic /opt/cmake-3.28.1/bin/cmake --install /home/filipe/Desktop/Arrowhead_Integration_Module/arrowhead/src/build/services_discovery_interfaces
[0.428s] DEBUG:colcon.colcon_core.event_handler.log_command:Invoked command in '/home/filipe/Desktop/Arrowhead_Integration_Module/arrowhead/src/build/services_registry_interfaces' returned '0': CMAKE_PREFIX_PATH=${CMAKE_PREFIX_PATH}:/opt/ros/galactic /opt/cmake-3.28.1/bin/cmake --build /home/filipe/Desktop/Arrowhead_Integration_Module/arrowhead/src/build/services_registry_interfaces -- -j12 -l12
[0.429s] DEBUG:colcon.colcon_core.event_handler.log_command:Invoking command in '/home/filipe/Desktop/Arrowhead_Integration_Module/arrowhead/src/build/services_registry_interfaces': CMAKE_PREFIX_PATH=${CMAKE_PREFIX_PATH}:/opt/ros/galactic /opt/cmake-3.28.1/bin/cmake --install /home/filipe/Desktop/Arrowhead_Integration_Module/arrowhead/src/build/services_registry_interfaces
[0.461s] Level 1:colcon.colcon_core.environment:create_environment_scripts_only(services_discovery_interfaces)
[0.462s] Level 1:colcon.colcon_core.environment:checking '/home/filipe/Desktop/Arrowhead_Integration_Module/arrowhead/src/install/services_discovery_interfaces' for CMake module files
[0.462s] DEBUG:colcon.colcon_core.event_handler.log_command:Invoked command in '/home/filipe/Desktop/Arrowhead_Integration_Module/arrowhead/src/build/services_discovery_interfaces' returned '0': CMAKE_PREFIX_PATH=${CMAKE_PREFIX_PATH}:/opt/ros/galactic /opt/cmake-3.28.1/bin/cmake --install /home/filipe/Desktop/Arrowhead_Integration_Module/arrowhead/src/build/services_discovery_interfaces
[0.463s] Level 1:colcon.colcon_core.environment:checking '/home/filipe/Desktop/Arrowhead_Integration_Module/arrowhead/src/install/services_discovery_interfaces' for CMake config files
[0.463s] Level 1:colcon.colcon_core.shell:create_environment_hook('services_discovery_interfaces', 'cmake_prefix_path')
[0.463s] INFO:colcon.colcon_core.shell:Creating environment hook '/home/filipe/Desktop/Arrowhead_Integration_Module/arrowhead/src/install/services_discovery_interfaces/share/services_discovery_interfaces/hook/cmake_prefix_path.ps1'
[0.463s] INFO:colcon.colcon_core.shell:Creating environment descriptor '/home/filipe/Desktop/Arrowhead_Integration_Module/arrowhead/src/install/services_discovery_interfaces/share/services_discovery_interfaces/hook/cmake_prefix_path.dsv'
[0.464s] INFO:colcon.colcon_core.shell:Creating environment hook '/home/filipe/Desktop/Arrowhead_Integration_Module/arrowhead/src/install/services_discovery_interfaces/share/services_discovery_interfaces/hook/cmake_prefix_path.sh'
[0.464s] Level 1:colcon.colcon_core.environment:checking '/home/filipe/Desktop/Arrowhead_Integration_Module/arrowhead/src/install/services_discovery_interfaces/lib'
[0.465s] Level 1:colcon.colcon_core.shell:create_environment_hook('services_discovery_interfaces', 'ld_library_path_lib')
[0.465s] INFO:colcon.colcon_core.shell:Creating environment hook '/home/filipe/Desktop/Arrowhead_Integration_Module/arrowhead/src/install/services_discovery_interfaces/share/services_discovery_interfaces/hook/ld_library_path_lib.ps1'
[0.465s] INFO:colcon.colcon_core.shell:Creating environment descriptor '/home/filipe/Desktop/Arrowhead_Integration_Module/arrowhead/src/install/services_discovery_interfaces/share/services_discovery_interfaces/hook/ld_library_path_lib.dsv'
[0.466s] INFO:colcon.colcon_core.shell:Creating environment hook '/home/filipe/Desktop/Arrowhead_Integration_Module/arrowhead/src/install/services_discovery_interfaces/share/services_discovery_interfaces/hook/ld_library_path_lib.sh'
[0.467s] Level 1:colcon.colcon_core.environment:checking '/home/filipe/Desktop/Arrowhead_Integration_Module/arrowhead/src/install/services_discovery_interfaces/bin'
[0.467s] Level 1:colcon.colcon_core.environment:checking '/home/filipe/Desktop/Arrowhead_Integration_Module/arrowhead/src/install/services_discovery_interfaces/lib/pkgconfig/services_discovery_interfaces.pc'
[0.467s] Level 1:colcon.colcon_core.environment:checking '/home/filipe/Desktop/Arrowhead_Integration_Module/arrowhead/src/install/services_discovery_interfaces/lib/python3.8/site-packages'
[0.467s] Level 1:colcon.colcon_core.shell:create_environment_hook('services_discovery_interfaces', 'pythonpath')
[0.468s] INFO:colcon.colcon_core.shell:Creating environment hook '/home/filipe/Desktop/Arrowhead_Integration_Module/arrowhead/src/install/services_discovery_interfaces/share/services_discovery_interfaces/hook/pythonpath.ps1'
[0.468s] INFO:colcon.colcon_core.shell:Creating environment descriptor '/home/filipe/Desktop/Arrowhead_Integration_Module/arrowhead/src/install/services_discovery_interfaces/share/services_discovery_interfaces/hook/pythonpath.dsv'
[0.469s] INFO:colcon.colcon_core.shell:Creating environment hook '/home/filipe/Desktop/Arrowhead_Integration_Module/arrowhead/src/install/services_discovery_interfaces/share/services_discovery_interfaces/hook/pythonpath.sh'
[0.469s] Level 1:colcon.colcon_core.environment:checking '/home/filipe/Desktop/Arrowhead_Integration_Module/arrowhead/src/install/services_discovery_interfaces/bin'
[0.470s] INFO:colcon.colcon_core.shell:Creating package script '/home/filipe/Desktop/Arrowhead_Integration_Module/arrowhead/src/install/services_discovery_interfaces/share/services_discovery_interfaces/package.ps1'
[0.470s] INFO:colcon.colcon_core.shell:Creating package descriptor '/home/filipe/Desktop/Arrowhead_Integration_Module/arrowhead/src/install/services_discovery_interfaces/share/services_discovery_interfaces/package.dsv'
[0.471s] INFO:colcon.colcon_core.shell:Creating package script '/home/filipe/Desktop/Arrowhead_Integration_Module/arrowhead/src/install/services_discovery_interfaces/share/services_discovery_interfaces/package.sh'
[0.471s] INFO:colcon.colcon_core.shell:Creating package script '/home/filipe/Desktop/Arrowhead_Integration_Module/arrowhead/src/install/services_discovery_interfaces/share/services_discovery_interfaces/package.bash'
[0.472s] INFO:colcon.colcon_core.shell:Creating package script '/home/filipe/Desktop/Arrowhead_Integration_Module/arrowhead/src/install/services_discovery_interfaces/share/services_discovery_interfaces/package.zsh'
[0.472s] Level 1:colcon.colcon_core.environment:create_file_with_runtime_dependencies(/home/filipe/Desktop/Arrowhead_Integration_Module/arrowhead/src/install/services_discovery_interfaces/share/colcon-core/packages/services_discovery_interfaces)
[0.473s] Level 1:colcon.colcon_core.environment:create_environment_scripts_only(services_discovery_interfaces)
[0.473s] Level 1:colcon.colcon_core.environment:checking '/home/filipe/Desktop/Arrowhead_Integration_Module/arrowhead/src/install/services_discovery_interfaces' for CMake module files
[0.473s] Level 1:colcon.colcon_core.environment:checking '/home/filipe/Desktop/Arrowhead_Integration_Module/arrowhead/src/install/services_discovery_interfaces' for CMake config files
[0.474s] Level 1:colcon.colcon_core.shell:create_environment_hook('services_discovery_interfaces', 'cmake_prefix_path')
[0.474s] INFO:colcon.colcon_core.shell:Creating environment hook '/home/filipe/Desktop/Arrowhead_Integration_Module/arrowhead/src/install/services_discovery_interfaces/share/services_discovery_interfaces/hook/cmake_prefix_path.ps1'
[0.474s] INFO:colcon.colcon_core.shell:Creating environment descriptor '/home/filipe/Desktop/Arrowhead_Integration_Module/arrowhead/src/install/services_discovery_interfaces/share/services_discovery_interfaces/hook/cmake_prefix_path.dsv'
[0.474s] INFO:colcon.colcon_core.shell:Creating environment hook '/home/filipe/Desktop/Arrowhead_Integration_Module/arrowhead/src/install/services_discovery_interfaces/share/services_discovery_interfaces/hook/cmake_prefix_path.sh'
[0.475s] Level 1:colcon.colcon_core.environment:checking '/home/filipe/Desktop/Arrowhead_Integration_Module/arrowhead/src/install/services_discovery_interfaces/lib'
[0.475s] Level 1:colcon.colcon_core.shell:create_environment_hook('services_discovery_interfaces', 'ld_library_path_lib')
[0.475s] INFO:colcon.colcon_core.shell:Creating environment hook '/home/filipe/Desktop/Arrowhead_Integration_Module/arrowhead/src/install/services_discovery_interfaces/share/services_discovery_interfaces/hook/ld_library_path_lib.ps1'
[0.475s] INFO:colcon.colcon_core.shell:Creating environment descriptor '/home/filipe/Desktop/Arrowhead_Integration_Module/arrowhead/src/install/services_discovery_interfaces/share/services_discovery_interfaces/hook/ld_library_path_lib.dsv'
[0.475s] INFO:colcon.colcon_core.shell:Creating environment hook '/home/filipe/Desktop/Arrowhead_Integration_Module/arrowhead/src/install/services_discovery_interfaces/share/services_discovery_interfaces/hook/ld_library_path_lib.sh'
[0.475s] Level 1:colcon.colcon_core.environment:checking '/home/filipe/Desktop/Arrowhead_Integration_Module/arrowhead/src/install/services_discovery_interfaces/bin'
[0.476s] Level 1:colcon.colcon_core.environment:checking '/home/filipe/Desktop/Arrowhead_Integration_Module/arrowhead/src/install/services_discovery_interfaces/lib/pkgconfig/services_discovery_interfaces.pc'
[0.476s] Level 1:colcon.colcon_core.environment:checking '/home/filipe/Desktop/Arrowhead_Integration_Module/arrowhead/src/install/services_discovery_interfaces/lib/python3.8/site-packages'
[0.476s] Level 1:colcon.colcon_core.shell:create_environment_hook('services_discovery_interfaces', 'pythonpath')
[0.476s] INFO:colcon.colcon_core.shell:Creating environment hook '/home/filipe/Desktop/Arrowhead_Integration_Module/arrowhead/src/install/services_discovery_interfaces/share/services_discovery_interfaces/hook/pythonpath.ps1'
[0.476s] INFO:colcon.colcon_core.shell:Creating environment descriptor '/home/filipe/Desktop/Arrowhead_Integration_Module/arrowhead/src/install/services_discovery_interfaces/share/services_discovery_interfaces/hook/pythonpath.dsv'
[0.476s] INFO:colcon.colcon_core.shell:Creating environment hook '/home/filipe/Desktop/Arrowhead_Integration_Module/arrowhead/src/install/services_discovery_interfaces/share/services_discovery_interfaces/hook/pythonpath.sh'
[0.477s] Level 1:colcon.colcon_core.environment:checking '/home/filipe/Desktop/Arrowhead_Integration_Module/arrowhead/src/install/services_discovery_interfaces/bin'
[0.477s] INFO:colcon.colcon_core.shell:Creating package script '/home/filipe/Desktop/Arrowhead_Integration_Module/arrowhead/src/install/services_discovery_interfaces/share/services_discovery_interfaces/package.ps1'
[0.477s] INFO:colcon.colcon_core.shell:Creating package descriptor '/home/filipe/Desktop/Arrowhead_Integration_Module/arrowhead/src/install/services_discovery_interfaces/share/services_discovery_interfaces/package.dsv'
[0.477s] INFO:colcon.colcon_core.shell:Creating package script '/home/filipe/Desktop/Arrowhead_Integration_Module/arrowhead/src/install/services_discovery_interfaces/share/services_discovery_interfaces/package.sh'
[0.478s] INFO:colcon.colcon_core.shell:Creating package script '/home/filipe/Desktop/Arrowhead_Integration_Module/arrowhead/src/install/services_discovery_interfaces/share/services_discovery_interfaces/package.bash'
[0.478s] INFO:colcon.colcon_core.shell:Creating package script '/home/filipe/Desktop/Arrowhead_Integration_Module/arrowhead/src/install/services_discovery_interfaces/share/services_discovery_interfaces/package.zsh'
[0.478s] Level 1:colcon.colcon_core.environment:create_file_with_runtime_dependencies(/home/filipe/Desktop/Arrowhead_Integration_Module/arrowhead/src/install/services_discovery_interfaces/share/colcon-core/packages/services_discovery_interfaces)
[0.479s] INFO:colcon.colcon_ros.task.ament_cmake.build:Building ROS package in '/home/filipe/Desktop/Arrowhead_Integration_Module/arrowhead/src/car_package' with build type 'ament_cmake'
[0.479s] INFO:colcon.colcon_cmake.task.cmake.build:Building CMake package in '/home/filipe/Desktop/Arrowhead_Integration_Module/arrowhead/src/car_package'
[0.479s] INFO:colcon.colcon_core.shell:Skip shell extension 'powershell' for command environment: Not usable outside of PowerShell
[0.479s] DEBUG:colcon.colcon_core.shell:Skip shell extension 'dsv' for command environment
[0.485s] INFO:colcon.colcon_ros.task.ament_cmake.build:Building ROS package in '/home/filipe/Desktop/Arrowhead_Integration_Module/arrowhead/src/services_discovery' with build type 'ament_cmake'
[0.485s] INFO:colcon.colcon_cmake.task.cmake.build:Building CMake package in '/home/filipe/Desktop/Arrowhead_Integration_Module/arrowhead/src/services_discovery'
[0.486s] INFO:colcon.colcon_core.shell:Skip shell extension 'powershell' for command environment: Not usable outside of PowerShell
[0.486s] DEBUG:colcon.colcon_core.shell:Skip shell extension 'dsv' for command environment
[0.493s] Level 1:colcon.colcon_core.environment:create_environment_scripts_only(services_registry_interfaces)
[0.493s] Level 1:colcon.colcon_core.environment:checking '/home/filipe/Desktop/Arrowhead_Integration_Module/arrowhead/src/install/services_registry_interfaces' for CMake module files
[0.494s] DEBUG:colcon.colcon_core.event_handler.log_command:Invoked command in '/home/filipe/Desktop/Arrowhead_Integration_Module/arrowhead/src/build/services_registry_interfaces' returned '0': CMAKE_PREFIX_PATH=${CMAKE_PREFIX_PATH}:/opt/ros/galactic /opt/cmake-3.28.1/bin/cmake --install /home/filipe/Desktop/Arrowhead_Integration_Module/arrowhead/src/build/services_registry_interfaces
[0.495s] Level 1:colcon.colcon_core.environment:checking '/home/filipe/Desktop/Arrowhead_Integration_Module/arrowhead/src/install/services_registry_interfaces' for CMake config files
[0.495s] Level 1:colcon.colcon_core.shell:create_environment_hook('services_registry_interfaces', 'cmake_prefix_path')
[0.495s] INFO:colcon.colcon_core.shell:Creating environment hook '/home/filipe/Desktop/Arrowhead_Integration_Module/arrowhead/src/install/services_registry_interfaces/share/services_registry_interfaces/hook/cmake_prefix_path.ps1'
[0.495s] INFO:colcon.colcon_core.shell:Creating environment descriptor '/home/filipe/Desktop/Arrowhead_Integration_Module/arrowhead/src/install/services_registry_interfaces/share/services_registry_interfaces/hook/cmake_prefix_path.dsv'
[0.496s] INFO:colcon.colcon_core.shell:Creating environment hook '/home/filipe/Desktop/Arrowhead_Integration_Module/arrowhead/src/install/services_registry_interfaces/share/services_registry_interfaces/hook/cmake_prefix_path.sh'
[0.496s] Level 1:colcon.colcon_core.environment:checking '/home/filipe/Desktop/Arrowhead_Integration_Module/arrowhead/src/install/services_registry_interfaces/lib'
[0.496s] Level 1:colcon.colcon_core.shell:create_environment_hook('services_registry_interfaces', 'ld_library_path_lib')
[0.496s] INFO:colcon.colcon_core.shell:Creating environment hook '/home/filipe/Desktop/Arrowhead_Integration_Module/arrowhead/src/install/services_registry_interfaces/share/services_registry_interfaces/hook/ld_library_path_lib.ps1'
[0.496s] INFO:colcon.colcon_core.shell:Creating environment descriptor '/home/filipe/Desktop/Arrowhead_Integration_Module/arrowhead/src/install/services_registry_interfaces/share/services_registry_interfaces/hook/ld_library_path_lib.dsv'
[0.497s] INFO:colcon.colcon_core.shell:Creating environment hook '/home/filipe/Desktop/Arrowhead_Integration_Module/arrowhead/src/install/services_registry_interfaces/share/services_registry_interfaces/hook/ld_library_path_lib.sh'
[0.497s] Level 1:colcon.colcon_core.environment:checking '/home/filipe/Desktop/Arrowhead_Integration_Module/arrowhead/src/install/services_registry_interfaces/bin'
[0.497s] Level 1:colcon.colcon_core.environment:checking '/home/filipe/Desktop/Arrowhead_Integration_Module/arrowhead/src/install/services_registry_interfaces/lib/pkgconfig/services_registry_interfaces.pc'
[0.497s] Level 1:colcon.colcon_core.environment:checking '/home/filipe/Desktop/Arrowhead_Integration_Module/arrowhead/src/install/services_registry_interfaces/lib/python3.8/site-packages'
[0.497s] Level 1:colcon.colcon_core.shell:create_environment_hook('services_registry_interfaces', 'pythonpath')
[0.497s] INFO:colcon.colcon_core.shell:Creating environment hook '/home/filipe/Desktop/Arrowhead_Integration_Module/arrowhead/src/install/services_registry_interfaces/share/services_registry_interfaces/hook/pythonpath.ps1'
[0.498s] INFO:colcon.colcon_core.shell:Creating environment descriptor '/home/filipe/Desktop/Arrowhead_Integration_Module/arrowhead/src/install/services_registry_interfaces/share/services_registry_interfaces/hook/pythonpath.dsv'
[0.498s] INFO:colcon.colcon_core.shell:Creating environment hook '/home/filipe/Desktop/Arrowhead_Integration_Module/arrowhead/src/install/services_registry_interfaces/share/services_registry_interfaces/hook/pythonpath.sh'
[0.498s] Level 1:colcon.colcon_core.environment:checking '/home/filipe/Desktop/Arrowhead_Integration_Module/arrowhead/src/install/services_registry_interfaces/bin'
[0.498s] INFO:colcon.colcon_core.shell:Creating package script '/home/filipe/Desktop/Arrowhead_Integration_Module/arrowhead/src/install/services_registry_interfaces/share/services_registry_interfaces/package.ps1'
[0.499s] INFO:colcon.colcon_core.shell:Creating package descriptor '/home/filipe/Desktop/Arrowhead_Integration_Module/arrowhead/src/install/services_registry_interfaces/share/services_registry_interfaces/package.dsv'
[0.499s] INFO:colcon.colcon_core.shell:Creating package script '/home/filipe/Desktop/Arrowhead_Integration_Module/arrowhead/src/install/services_registry_interfaces/share/services_registry_interfaces/package.sh'
[0.499s] INFO:colcon.colcon_core.shell:Creating package script '/home/filipe/Desktop/Arrowhead_Integration_Module/arrowhead/src/install/services_registry_interfaces/share/services_registry_interfaces/package.bash'
[0.500s] INFO:colcon.colcon_core.shell:Creating package script '/home/filipe/Desktop/Arrowhead_Integration_Module/arrowhead/src/install/services_registry_interfaces/share/services_registry_interfaces/package.zsh'
[0.500s] Level 1:colcon.colcon_core.environment:create_file_with_runtime_dependencies(/home/filipe/Desktop/Arrowhead_Integration_Module/arrowhead/src/install/services_registry_interfaces/share/colcon-core/packages/services_registry_interfaces)
[0.500s] Level 1:colcon.colcon_core.environment:create_environment_scripts_only(services_registry_interfaces)
[0.500s] Level 1:colcon.colcon_core.environment:checking '/home/filipe/Desktop/Arrowhead_Integration_Module/arrowhead/src/install/services_registry_interfaces' for CMake module files
[0.501s] Level 1:colcon.colcon_core.environment:checking '/home/filipe/Desktop/Arrowhead_Integration_Module/arrowhead/src/install/services_registry_interfaces' for CMake config files
[0.501s] Level 1:colcon.colcon_core.shell:create_environment_hook('services_registry_interfaces', 'cmake_prefix_path')
[0.501s] INFO:colcon.colcon_core.shell:Creating environment hook '/home/filipe/Desktop/Arrowhead_Integration_Module/arrowhead/src/install/services_registry_interfaces/share/services_registry_interfaces/hook/cmake_prefix_path.ps1'
[0.501s] INFO:colcon.colcon_core.shell:Creating environment descriptor '/home/filipe/Desktop/Arrowhead_Integration_Module/arrowhead/src/install/services_registry_interfaces/share/services_registry_interfaces/hook/cmake_prefix_path.dsv'
[0.502s] INFO:colcon.colcon_core.shell:Creating environment hook '/home/filipe/Desktop/Arrowhead_Integration_Module/arrowhead/src/install/services_registry_interfaces/share/services_registry_interfaces/hook/cmake_prefix_path.sh'
[0.502s] Level 1:colcon.colcon_core.environment:checking '/home/filipe/Desktop/Arrowhead_Integration_Module/arrowhead/src/install/services_registry_interfaces/lib'
[0.502s] Level 1:colcon.colcon_core.shell:create_environment_hook('services_registry_interfaces', 'ld_library_path_lib')
[0.502s] INFO:colcon.colcon_core.shell:Creating environment hook '/home/filipe/Desktop/Arrowhead_Integration_Module/arrowhead/src/install/services_registry_interfaces/share/services_registry_interfaces/hook/ld_library_path_lib.ps1'
[0.502s] INFO:colcon.colcon_core.shell:Creating environment descriptor '/home/filipe/Desktop/Arrowhead_Integration_Module/arrowhead/src/install/services_registry_interfaces/share/services_registry_interfaces/hook/ld_library_path_lib.dsv'
[0.503s] INFO:colcon.colcon_core.shell:Creating environment hook '/home/filipe/Desktop/Arrowhead_Integration_Module/arrowhead/src/install/services_registry_interfaces/share/services_registry_interfaces/hook/ld_library_path_lib.sh'
[0.503s] Level 1:colcon.colcon_core.environment:checking '/home/filipe/Desktop/Arrowhead_Integration_Module/arrowhead/src/install/services_registry_interfaces/bin'
[0.503s] Level 1:colcon.colcon_core.environment:checking '/home/filipe/Desktop/Arrowhead_Integration_Module/arrowhead/src/install/services_registry_interfaces/lib/pkgconfig/services_registry_interfaces.pc'
[0.503s] Level 1:colcon.colcon_core.environment:checking '/home/filipe/Desktop/Arrowhead_Integration_Module/arrowhead/src/install/services_registry_interfaces/lib/python3.8/site-packages'
[0.503s] Level 1:colcon.colcon_core.shell:create_environment_hook('services_registry_interfaces', 'pythonpath')
[0.503s] INFO:colcon.colcon_core.shell:Creating environment hook '/home/filipe/Desktop/Arrowhead_Integration_Module/arrowhead/src/install/services_registry_interfaces/share/services_registry_interfaces/hook/pythonpath.ps1'
[0.504s] INFO:colcon.colcon_core.shell:Creating environment descriptor '/home/filipe/Desktop/Arrowhead_Integration_Module/arrowhead/src/install/services_registry_interfaces/share/services_registry_interfaces/hook/pythonpath.dsv'
[0.504s] INFO:colcon.colcon_core.shell:Creating environment hook '/home/filipe/Desktop/Arrowhead_Integration_Module/arrowhead/src/install/services_registry_interfaces/share/services_registry_interfaces/hook/pythonpath.sh'
[0.504s] Level 1:colcon.colcon_core.environment:checking '/home/filipe/Desktop/Arrowhead_Integration_Module/arrowhead/src/install/services_registry_interfaces/bin'
[0.504s] INFO:colcon.colcon_core.shell:Creating package script '/home/filipe/Desktop/Arrowhead_Integration_Module/arrowhead/src/install/services_registry_interfaces/share/services_registry_interfaces/package.ps1'
[0.505s] INFO:colcon.colcon_core.shell:Creating package descriptor '/home/filipe/Desktop/Arrowhead_Integration_Module/arrowhead/src/install/services_registry_interfaces/share/services_registry_interfaces/package.dsv'
[0.505s] INFO:colcon.colcon_core.shell:Creating package script '/home/filipe/Desktop/Arrowhead_Integration_Module/arrowhead/src/install/services_registry_interfaces/share/services_registry_interfaces/package.sh'
[0.506s] INFO:colcon.colcon_core.shell:Creating package script '/home/filipe/Desktop/Arrowhead_Integration_Module/arrowhead/src/install/services_registry_interfaces/share/services_registry_interfaces/package.bash'
[0.506s] INFO:colcon.colcon_core.shell:Creating package script '/home/filipe/Desktop/Arrowhead_Integration_Module/arrowhead/src/install/services_registry_interfaces/share/services_registry_interfaces/package.zsh'
[0.506s] Level 1:colcon.colcon_core.environment:create_file_with_runtime_dependencies(/home/filipe/Desktop/Arrowhead_Integration_Module/arrowhead/src/install/services_registry_interfaces/share/colcon-core/packages/services_registry_interfaces)
[0.511s] DEBUG:colcon.colcon_core.event_handler.log_command:Invoking command in '/home/filipe/Desktop/Arrowhead_Integration_Module/arrowhead/src/build/car_package': CMAKE_PREFIX_PATH=/home/filipe/Desktop/Arrowhead_Integration_Module/arrowhead/src/install/services_discovery_interfaces:/home/filipe/Desktop/Arrowhead_Integration_Module/arrowhead/src/install/services_registry_interfaces:/home/filipe/Desktop/Arrowhead_Integration_Module/arrowhead/src/install/services_registry:/home/filipe/Desktop/Arrowhead_Integration_Module/arrowhead/src/install/services_discovery:/home/filipe/Desktop/Arrowhead_Integration_Module/arrowhead/src/install/car_package:/home/filipe/Desktop/Arrowhead_Integration_Module/arrowhead/src/install/cpp_pubsub:/opt/ros/galactic LD_LIBRARY_PATH=/home/filipe/Desktop/Arrowhead_Integration_Module/arrowhead/src/install/services_discovery_interfaces/lib:/home/filipe/Desktop/Arrowhead_Integration_Module/arrowhead/src/install/services_registry_interfaces/lib:/usr/lib/x86_64-linux-gnu/gazebo-11/plugins:/opt/ros/galactic/opt/yaml_cpp_vendor/lib:/opt/ros/galactic/opt/rviz_ogre_vendor/lib:/opt/ros/galactic/lib/x86_64-linux-gnu:/opt/ros/galactic/lib PYTHONPATH=/home/filipe/Desktop/Arrowhead_Integration_Module/arrowhead/src/install/services_discovery_interfaces/lib/python3.8/site-packages:/home/filipe/Desktop/Arrowhead_Integration_Module/arrowhead/src/install/services_registry_interfaces/lib/python3.8/site-packages:/opt/ros/galactic/lib/python3.8/site-packages /opt/cmake-3.28.1/bin/cmake --build /home/filipe/Desktop/Arrowhead_Integration_Module/arrowhead/src/build/car_package -- -j12 -l12
[0.514s] DEBUG:colcon.colcon_core.event_handler.log_command:Invoking command in '/home/filipe/Desktop/Arrowhead_Integration_Module/arrowhead/src/build/services_discovery': CMAKE_PREFIX_PATH=/home/filipe/Desktop/Arrowhead_Integration_Module/arrowhead/src/install/services_discovery_interfaces:/home/filipe/Desktop/Arrowhead_Integration_Module/arrowhead/src/install/services_registry_interfaces:/home/filipe/Desktop/Arrowhead_Integration_Module/arrowhead/src/install/services_registry:/home/filipe/Desktop/Arrowhead_Integration_Module/arrowhead/src/install/services_discovery:/home/filipe/Desktop/Arrowhead_Integration_Module/arrowhead/src/install/car_package:/home/filipe/Desktop/Arrowhead_Integration_Module/arrowhead/src/install/cpp_pubsub:/opt/ros/galactic LD_LIBRARY_PATH=/home/filipe/Desktop/Arrowhead_Integration_Module/arrowhead/src/install/services_discovery_interfaces/lib:/home/filipe/Desktop/Arrowhead_Integration_Module/arrowhead/src/install/services_registry_interfaces/lib:/usr/lib/x86_64-linux-gnu/gazebo-11/plugins:/opt/ros/galactic/opt/yaml_cpp_vendor/lib:/opt/ros/galactic/opt/rviz_ogre_vendor/lib:/opt/ros/galactic/lib/x86_64-linux-gnu:/opt/ros/galactic/lib PYTHONPATH=/home/filipe/Desktop/Arrowhead_Integration_Module/arrowhead/src/install/services_discovery_interfaces/lib/python3.8/site-packages:/home/filipe/Desktop/Arrowhead_Integration_Module/arrowhead/src/install/services_registry_interfaces/lib/python3.8/site-packages:/opt/ros/galactic/lib/python3.8/site-packages /opt/cmake-3.28.1/bin/cmake --build /home/filipe/Desktop/Arrowhead_Integration_Module/arrowhead/src/build/services_discovery -- -j12 -l12
[0.554s] DEBUG:colcon.colcon_core.event_handler.log_command:Invoked command in '/home/filipe/Desktop/Arrowhead_Integration_Module/arrowhead/src/build/services_discovery' returned '0': CMAKE_PREFIX_PATH=/home/filipe/Desktop/Arrowhead_Integration_Module/arrowhead/src/install/services_discovery_interfaces:/home/filipe/Desktop/Arrowhead_Integration_Module/arrowhead/src/install/services_registry_interfaces:/home/filipe/Desktop/Arrowhead_Integration_Module/arrowhead/src/install/services_registry:/home/filipe/Desktop/Arrowhead_Integration_Module/arrowhead/src/install/services_discovery:/home/filipe/Desktop/Arrowhead_Integration_Module/arrowhead/src/install/car_package:/home/filipe/Desktop/Arrowhead_Integration_Module/arrowhead/src/install/cpp_pubsub:/opt/ros/galactic LD_LIBRARY_PATH=/home/filipe/Desktop/Arrowhead_Integration_Module/arrowhead/src/install/services_discovery_interfaces/lib:/home/filipe/Desktop/Arrowhead_Integration_Module/arrowhead/src/install/services_registry_interfaces/lib:/usr/lib/x86_64-linux-gnu/gazebo-11/plugins:/opt/ros/galactic/opt/yaml_cpp_vendor/lib:/opt/ros/galactic/opt/rviz_ogre_vendor/lib:/opt/ros/galactic/lib/x86_64-linux-gnu:/opt/ros/galactic/lib PYTHONPATH=/home/filipe/Desktop/Arrowhead_Integration_Module/arrowhead/src/install/services_discovery_interfaces/lib/python3.8/site-packages:/home/filipe/Desktop/Arrowhead_Integration_Module/arrowhead/src/install/services_registry_interfaces/lib/python3.8/site-packages:/opt/ros/galactic/lib/python3.8/site-packages /opt/cmake-3.28.1/bin/cmake --build /home/filipe/Desktop/Arrowhead_Integration_Module/arrowhead/src/build/services_discovery -- -j12 -l12
[0.556s] DEBUG:colcon.colcon_core.event_handler.log_command:Invoking command in '/home/filipe/Desktop/Arrowhead_Integration_Module/arrowhead/src/build/services_discovery': CMAKE_PREFIX_PATH=/home/filipe/Desktop/Arrowhead_Integration_Module/arrowhead/src/install/services_discovery_interfaces:/home/filipe/Desktop/Arrowhead_Integration_Module/arrowhead/src/install/services_registry_interfaces:/home/filipe/Desktop/Arrowhead_Integration_Module/arrowhead/src/install/services_registry:/home/filipe/Desktop/Arrowhead_Integration_Module/arrowhead/src/install/services_discovery:/home/filipe/Desktop/Arrowhead_Integration_Module/arrowhead/src/install/car_package:/home/filipe/Desktop/Arrowhead_Integration_Module/arrowhead/src/install/cpp_pubsub:/opt/ros/galactic LD_LIBRARY_PATH=/home/filipe/Desktop/Arrowhead_Integration_Module/arrowhead/src/install/services_discovery_interfaces/lib:/home/filipe/Desktop/Arrowhead_Integration_Module/arrowhead/src/install/services_registry_interfaces/lib:/usr/lib/x86_64-linux-gnu/gazebo-11/plugins:/opt/ros/galactic/opt/yaml_cpp_vendor/lib:/opt/ros/galactic/opt/rviz_ogre_vendor/lib:/opt/ros/galactic/lib/x86_64-linux-gnu:/opt/ros/galactic/lib PYTHONPATH=/home/filipe/Desktop/Arrowhead_Integration_Module/arrowhead/src/install/services_discovery_interfaces/lib/python3.8/site-packages:/home/filipe/Desktop/Arrowhead_Integration_Module/arrowhead/src/install/services_registry_interfaces/lib/python3.8/site-packages:/opt/ros/galactic/lib/python3.8/site-packages /opt/cmake-3.28.1/bin/cmake --install /home/filipe/Desktop/Arrowhead_Integration_Module/arrowhead/src/build/services_discovery
[0.558s] DEBUG:colcon.colcon_core.event_handler.log_command:Invoked command in '/home/filipe/Desktop/Arrowhead_Integration_Module/arrowhead/src/build/car_package' returned '0': CMAKE_PREFIX_PATH=/home/filipe/Desktop/Arrowhead_Integration_Module/arrowhead/src/install/services_discovery_interfaces:/home/filipe/Desktop/Arrowhead_Integration_Module/arrowhead/src/install/services_registry_interfaces:/home/filipe/Desktop/Arrowhead_Integration_Module/arrowhead/src/install/services_registry:/home/filipe/Desktop/Arrowhead_Integration_Module/arrowhead/src/install/services_discovery:/home/filipe/Desktop/Arrowhead_Integration_Module/arrowhead/src/install/car_package:/home/filipe/Desktop/Arrowhead_Integration_Module/arrowhead/src/install/cpp_pubsub:/opt/ros/galactic LD_LIBRARY_PATH=/home/filipe/Desktop/Arrowhead_Integration_Module/arrowhead/src/install/services_discovery_interfaces/lib:/home/filipe/Desktop/Arrowhead_Integration_Module/arrowhead/src/install/services_registry_interfaces/lib:/usr/lib/x86_64-linux-gnu/gazebo-11/plugins:/opt/ros/galactic/opt/yaml_cpp_vendor/lib:/opt/ros/galactic/opt/rviz_ogre_vendor/lib:/opt/ros/galactic/lib/x86_64-linux-gnu:/opt/ros/galactic/lib PYTHONPATH=/home/filipe/Desktop/Arrowhead_Integration_Module/arrowhead/src/install/services_discovery_interfaces/lib/python3.8/site-packages:/home/filipe/Desktop/Arrowhead_Integration_Module/arrowhead/src/install/services_registry_interfaces/lib/python3.8/site-packages:/opt/ros/galactic/lib/python3.8/site-packages /opt/cmake-3.28.1/bin/cmake --build /home/filipe/Desktop/Arrowhead_Integration_Module/arrowhead/src/build/car_package -- -j12 -l12
[0.562s] Level 1:colcon.colcon_core.environment:create_environment_scripts_only(services_discovery)
[0.562s] Level 1:colcon.colcon_core.environment:checking '/home/filipe/Desktop/Arrowhead_Integration_Module/arrowhead/src/install/services_discovery' for CMake module files
[0.564s] Level 1:colcon.colcon_core.environment:checking '/home/filipe/Desktop/Arrowhead_Integration_Module/arrowhead/src/install/services_discovery' for CMake config files
[0.564s] DEBUG:colcon.colcon_core.event_handler.log_command:Invoking command in '/home/filipe/Desktop/Arrowhead_Integration_Module/arrowhead/src/build/car_package': CMAKE_PREFIX_PATH=/home/filipe/Desktop/Arrowhead_Integration_Module/arrowhead/src/install/services_discovery_interfaces:/home/filipe/Desktop/Arrowhead_Integration_Module/arrowhead/src/install/services_registry_interfaces:/home/filipe/Desktop/Arrowhead_Integration_Module/arrowhead/src/install/services_registry:/home/filipe/Desktop/Arrowhead_Integration_Module/arrowhead/src/install/services_discovery:/home/filipe/Desktop/Arrowhead_Integration_Module/arrowhead/src/install/car_package:/home/filipe/Desktop/Arrowhead_Integration_Module/arrowhead/src/install/cpp_pubsub:/opt/ros/galactic LD_LIBRARY_PATH=/home/filipe/Desktop/Arrowhead_Integration_Module/arrowhead/src/install/services_discovery_interfaces/lib:/home/filipe/Desktop/Arrowhead_Integration_Module/arrowhead/src/install/services_registry_interfaces/lib:/usr/lib/x86_64-linux-gnu/gazebo-11/plugins:/opt/ros/galactic/opt/yaml_cpp_vendor/lib:/opt/ros/galactic/opt/rviz_ogre_vendor/lib:/opt/ros/galactic/lib/x86_64-linux-gnu:/opt/ros/galactic/lib PYTHONPATH=/home/filipe/Desktop/Arrowhead_Integration_Module/arrowhead/src/install/services_discovery_interfaces/lib/python3.8/site-packages:/home/filipe/Desktop/Arrowhead_Integration_Module/arrowhead/src/install/services_registry_interfaces/lib/python3.8/site-packages:/opt/ros/galactic/lib/python3.8/site-packages /opt/cmake-3.28.1/bin/cmake --install /home/filipe/Desktop/Arrowhead_Integration_Module/arrowhead/src/build/car_package
[0.565s] DEBUG:colcon.colcon_core.event_handler.log_command:Invoked command in '/home/filipe/Desktop/Arrowhead_Integration_Module/arrowhead/src/build/services_discovery' returned '0': CMAKE_PREFIX_PATH=/home/filipe/Desktop/Arrowhead_Integration_Module/arrowhead/src/install/services_discovery_interfaces:/home/filipe/Desktop/Arrowhead_Integration_Module/arrowhead/src/install/services_registry_interfaces:/home/filipe/Desktop/Arrowhead_Integration_Module/arrowhead/src/install/services_registry:/home/filipe/Desktop/Arrowhead_Integration_Module/arrowhead/src/install/services_discovery:/home/filipe/Desktop/Arrowhead_Integration_Module/arrowhead/src/install/car_package:/home/filipe/Desktop/Arrowhead_Integration_Module/arrowhead/src/install/cpp_pubsub:/opt/ros/galactic LD_LIBRARY_PATH=/home/filipe/Desktop/Arrowhead_Integration_Module/arrowhead/src/install/services_discovery_interfaces/lib:/home/filipe/Desktop/Arrowhead_Integration_Module/arrowhead/src/install/services_registry_interfaces/lib:/usr/lib/x86_64-linux-gnu/gazebo-11/plugins:/opt/ros/galactic/opt/yaml_cpp_vendor/lib:/opt/ros/galactic/opt/rviz_ogre_vendor/lib:/opt/ros/galactic/lib/x86_64-linux-gnu:/opt/ros/galactic/lib PYTHONPATH=/home/filipe/Desktop/Arrowhead_Integration_Module/arrowhead/src/install/services_discovery_interfaces/lib/python3.8/site-packages:/home/filipe/Desktop/Arrowhead_Integration_Module/arrowhead/src/install/services_registry_interfaces/lib/python3.8/site-packages:/opt/ros/galactic/lib/python3.8/site-packages /opt/cmake-3.28.1/bin/cmake --install /home/filipe/Desktop/Arrowhead_Integration_Module/arrowhead/src/build/services_discovery
[0.566s] Level 1:colcon.colcon_core.shell:create_environment_hook('services_discovery', 'cmake_prefix_path')
[0.566s] INFO:colcon.colcon_core.shell:Creating environment hook '/home/filipe/Desktop/Arrowhead_Integration_Module/arrowhead/src/install/services_discovery/share/services_discovery/hook/cmake_prefix_path.ps1'
[0.567s] INFO:colcon.colcon_core.shell:Creating environment descriptor '/home/filipe/Desktop/Arrowhead_Integration_Module/arrowhead/src/install/services_discovery/share/services_discovery/hook/cmake_prefix_path.dsv'
[0.568s] INFO:colcon.colcon_core.shell:Creating environment hook '/home/filipe/Desktop/Arrowhead_Integration_Module/arrowhead/src/install/services_discovery/share/services_discovery/hook/cmake_prefix_path.sh'
[0.569s] Level 1:colcon.colcon_core.environment:checking '/home/filipe/Desktop/Arrowhead_Integration_Module/arrowhead/src/install/services_discovery/lib'
[0.569s] Level 1:colcon.colcon_core.environment:checking '/home/filipe/Desktop/Arrowhead_Integration_Module/arrowhead/src/install/services_discovery/bin'
[0.570s] Level 1:colcon.colcon_core.environment:checking '/home/filipe/Desktop/Arrowhead_Integration_Module/arrowhead/src/install/services_discovery/lib/pkgconfig/services_discovery.pc'
[0.570s] Level 1:colcon.colcon_core.environment:checking '/home/filipe/Desktop/Arrowhead_Integration_Module/arrowhead/src/install/services_discovery/lib/python3.8/site-packages'
[0.570s] Level 1:colcon.colcon_core.environment:checking '/home/filipe/Desktop/Arrowhead_Integration_Module/arrowhead/src/install/services_discovery/bin'
[0.570s] INFO:colcon.colcon_core.shell:Creating package script '/home/filipe/Desktop/Arrowhead_Integration_Module/arrowhead/src/install/services_discovery/share/services_discovery/package.ps1'
[0.571s] INFO:colcon.colcon_core.shell:Creating package descriptor '/home/filipe/Desktop/Arrowhead_Integration_Module/arrowhead/src/install/services_discovery/share/services_discovery/package.dsv'
[0.571s] INFO:colcon.colcon_core.shell:Creating package script '/home/filipe/Desktop/Arrowhead_Integration_Module/arrowhead/src/install/services_discovery/share/services_discovery/package.sh'
[0.572s] INFO:colcon.colcon_core.shell:Creating package script '/home/filipe/Desktop/Arrowhead_Integration_Module/arrowhead/src/install/services_discovery/share/services_discovery/package.bash'
[0.572s] INFO:colcon.colcon_core.shell:Creating package script '/home/filipe/Desktop/Arrowhead_Integration_Module/arrowhead/src/install/services_discovery/share/services_discovery/package.zsh'
[0.572s] Level 1:colcon.colcon_core.environment:create_file_with_runtime_dependencies(/home/filipe/Desktop/Arrowhead_Integration_Module/arrowhead/src/install/services_discovery/share/colcon-core/packages/services_discovery)
[0.573s] Level 1:colcon.colcon_core.environment:create_environment_scripts_only(services_discovery)
[0.573s] Level 1:colcon.colcon_core.environment:checking '/home/filipe/Desktop/Arrowhead_Integration_Module/arrowhead/src/install/services_discovery' for CMake module files
[0.574s] Level 1:colcon.colcon_core.environment:checking '/home/filipe/Desktop/Arrowhead_Integration_Module/arrowhead/src/install/services_discovery' for CMake config files
[0.574s] Level 1:colcon.colcon_core.shell:create_environment_hook('services_discovery', 'cmake_prefix_path')
[0.574s] INFO:colcon.colcon_core.shell:Creating environment hook '/home/filipe/Desktop/Arrowhead_Integration_Module/arrowhead/src/install/services_discovery/share/services_discovery/hook/cmake_prefix_path.ps1'
[0.575s] INFO:colcon.colcon_core.shell:Creating environment descriptor '/home/filipe/Desktop/Arrowhead_Integration_Module/arrowhead/src/install/services_discovery/share/services_discovery/hook/cmake_prefix_path.dsv'
[0.575s] INFO:colcon.colcon_core.shell:Creating environment hook '/home/filipe/Desktop/Arrowhead_Integration_Module/arrowhead/src/install/services_discovery/share/services_discovery/hook/cmake_prefix_path.sh'
[0.576s] Level 1:colcon.colcon_core.environment:checking '/home/filipe/Desktop/Arrowhead_Integration_Module/arrowhead/src/install/services_discovery/lib'
[0.576s] Level 1:colcon.colcon_core.environment:checking '/home/filipe/Desktop/Arrowhead_Integration_Module/arrowhead/src/install/services_discovery/bin'
[0.576s] Level 1:colcon.colcon_core.environment:checking '/home/filipe/Desktop/Arrowhead_Integration_Module/arrowhead/src/install/services_discovery/lib/pkgconfig/services_discovery.pc'
[0.576s] Level 1:colcon.colcon_core.environment:checking '/home/filipe/Desktop/Arrowhead_Integration_Module/arrowhead/src/install/services_discovery/lib/python3.8/site-packages'
[0.576s] Level 1:colcon.colcon_core.environment:checking '/home/filipe/Desktop/Arrowhead_Integration_Module/arrowhead/src/install/services_discovery/bin'
[0.576s] INFO:colcon.colcon_core.shell:Creating package script '/home/filipe/Desktop/Arrowhead_Integration_Module/arrowhead/src/install/services_discovery/share/services_discovery/package.ps1'
[0.577s] INFO:colcon.colcon_core.shell:Creating package descriptor '/home/filipe/Desktop/Arrowhead_Integration_Module/arrowhead/src/install/services_discovery/share/services_discovery/package.dsv'
[0.577s] INFO:colcon.colcon_core.shell:Creating package script '/home/filipe/Desktop/Arrowhead_Integration_Module/arrowhead/src/install/services_discovery/share/services_discovery/package.sh'
[0.578s] INFO:colcon.colcon_core.shell:Creating package script '/home/filipe/Desktop/Arrowhead_Integration_Module/arrowhead/src/install/services_discovery/share/services_discovery/package.bash'
[0.578s] INFO:colcon.colcon_core.shell:Creating package script '/home/filipe/Desktop/Arrowhead_Integration_Module/arrowhead/src/install/services_discovery/share/services_discovery/package.zsh'
[0.579s] Level 1:colcon.colcon_core.environment:create_file_with_runtime_dependencies(/home/filipe/Desktop/Arrowhead_Integration_Module/arrowhead/src/install/services_discovery/share/colcon-core/packages/services_discovery)
[0.580s] Level 1:colcon.colcon_core.environment:create_environment_scripts_only(car_package)
[0.580s] Level 1:colcon.colcon_core.environment:checking '/home/filipe/Desktop/Arrowhead_Integration_Module/arrowhead/src/install/car_package' for CMake module files
[0.581s] DEBUG:colcon.colcon_core.event_handler.log_command:Invoked command in '/home/filipe/Desktop/Arrowhead_Integration_Module/arrowhead/src/build/car_package' returned '0': CMAKE_PREFIX_PATH=/home/filipe/Desktop/Arrowhead_Integration_Module/arrowhead/src/install/services_discovery_interfaces:/home/filipe/Desktop/Arrowhead_Integration_Module/arrowhead/src/install/services_registry_interfaces:/home/filipe/Desktop/Arrowhead_Integration_Module/arrowhead/src/install/services_registry:/home/filipe/Desktop/Arrowhead_Integration_Module/arrowhead/src/install/services_discovery:/home/filipe/Desktop/Arrowhead_Integration_Module/arrowhead/src/install/car_package:/home/filipe/Desktop/Arrowhead_Integration_Module/arrowhead/src/install/cpp_pubsub:/opt/ros/galactic LD_LIBRARY_PATH=/home/filipe/Desktop/Arrowhead_Integration_Module/arrowhead/src/install/services_discovery_interfaces/lib:/home/filipe/Desktop/Arrowhead_Integration_Module/arrowhead/src/install/services_registry_interfaces/lib:/usr/lib/x86_64-linux-gnu/gazebo-11/plugins:/opt/ros/galactic/opt/yaml_cpp_vendor/lib:/opt/ros/galactic/opt/rviz_ogre_vendor/lib:/opt/ros/galactic/lib/x86_64-linux-gnu:/opt/ros/galactic/lib PYTHONPATH=/home/filipe/Desktop/Arrowhead_Integration_Module/arrowhead/src/install/services_discovery_interfaces/lib/python3.8/site-packages:/home/filipe/Desktop/Arrowhead_Integration_Module/arrowhead/src/install/services_registry_interfaces/lib/python3.8/site-packages:/opt/ros/galactic/lib/python3.8/site-packages /opt/cmake-3.28.1/bin/cmake --install /home/filipe/Desktop/Arrowhead_Integration_Module/arrowhead/src/build/car_package
[0.581s] Level 1:colcon.colcon_core.environment:checking '/home/filipe/Desktop/Arrowhead_Integration_Module/arrowhead/src/install/car_package' for CMake config files
[0.581s] Level 1:colcon.colcon_core.shell:create_environment_hook('car_package', 'cmake_prefix_path')
[0.581s] INFO:colcon.colcon_core.shell:Creating environment hook '/home/filipe/Desktop/Arrowhead_Integration_Module/arrowhead/src/install/car_package/share/car_package/hook/cmake_prefix_path.ps1'
[0.581s] INFO:colcon.colcon_core.shell:Creating environment descriptor '/home/filipe/Desktop/Arrowhead_Integration_Module/arrowhead/src/install/car_package/share/car_package/hook/cmake_prefix_path.dsv'
[0.582s] INFO:colcon.colcon_core.shell:Creating environment hook '/home/filipe/Desktop/Arrowhead_Integration_Module/arrowhead/src/install/car_package/share/car_package/hook/cmake_prefix_path.sh'
[0.582s] Level 1:colcon.colcon_core.environment:checking '/home/filipe/Desktop/Arrowhead_Integration_Module/arrowhead/src/install/car_package/lib'
[0.582s] Level 1:colcon.colcon_core.environment:checking '/home/filipe/Desktop/Arrowhead_Integration_Module/arrowhead/src/install/car_package/bin'
[0.582s] Level 1:colcon.colcon_core.environment:checking '/home/filipe/Desktop/Arrowhead_Integration_Module/arrowhead/src/install/car_package/lib/pkgconfig/car_package.pc'
[0.582s] Level 1:colcon.colcon_core.environment:checking '/home/filipe/Desktop/Arrowhead_Integration_Module/arrowhead/src/install/car_package/lib/python3.8/site-packages'
[0.582s] Level 1:colcon.colcon_core.environment:checking '/home/filipe/Desktop/Arrowhead_Integration_Module/arrowhead/src/install/car_package/bin'
[0.582s] INFO:colcon.colcon_core.shell:Creating package script '/home/filipe/Desktop/Arrowhead_Integration_Module/arrowhead/src/install/car_package/share/car_package/package.ps1'
[0.583s] INFO:colcon.colcon_core.shell:Creating package descriptor '/home/filipe/Desktop/Arrowhead_Integration_Module/arrowhead/src/install/car_package/share/car_package/package.dsv'
[0.583s] INFO:colcon.colcon_core.shell:Creating package script '/home/filipe/Desktop/Arrowhead_Integration_Module/arrowhead/src/install/car_package/share/car_package/package.sh'
[0.583s] INFO:colcon.colcon_core.shell:Creating package script '/home/filipe/Desktop/Arrowhead_Integration_Module/arrowhead/src/install/car_package/share/car_package/package.bash'
[0.583s] INFO:colcon.colcon_core.shell:Creating package script '/home/filipe/Desktop/Arrowhead_Integration_Module/arrowhead/src/install/car_package/share/car_package/package.zsh'
[0.584s] Level 1:colcon.colcon_core.environment:create_file_with_runtime_dependencies(/home/filipe/Desktop/Arrowhead_Integration_Module/arrowhead/src/install/car_package/share/colcon-core/packages/car_package)
[0.584s] Level 1:colcon.colcon_core.environment:create_environment_scripts_only(car_package)
[0.584s] Level 1:colcon.colcon_core.environment:checking '/home/filipe/Desktop/Arrowhead_Integration_Module/arrowhead/src/install/car_package' for CMake module files
[0.585s] Level 1:colcon.colcon_core.environment:checking '/home/filipe/Desktop/Arrowhead_Integration_Module/arrowhead/src/install/car_package' for CMake config files
[0.585s] Level 1:colcon.colcon_core.shell:create_environment_hook('car_package', 'cmake_prefix_path')
[0.585s] INFO:colcon.colcon_core.shell:Creating environment hook '/home/filipe/Desktop/Arrowhead_Integration_Module/arrowhead/src/install/car_package/share/car_package/hook/cmake_prefix_path.ps1'
[0.585s] INFO:colcon.colcon_core.shell:Creating environment descriptor '/home/filipe/Desktop/Arrowhead_Integration_Module/arrowhead/src/install/car_package/share/car_package/hook/cmake_prefix_path.dsv'
[0.585s] INFO:colcon.colcon_core.shell:Creating environment hook '/home/filipe/Desktop/Arrowhead_Integration_Module/arrowhead/src/install/car_package/share/car_package/hook/cmake_prefix_path.sh'
[0.586s] Level 1:colcon.colcon_core.environment:checking '/home/filipe/Desktop/Arrowhead_Integration_Module/arrowhead/src/install/car_package/lib'
[0.586s] Level 1:colcon.colcon_core.environment:checking '/home/filipe/Desktop/Arrowhead_Integration_Module/arrowhead/src/install/car_package/bin'
[0.586s] Level 1:colcon.colcon_core.environment:checking '/home/filipe/Desktop/Arrowhead_Integration_Module/arrowhead/src/install/car_package/lib/pkgconfig/car_package.pc'
[0.586s] Level 1:colcon.colcon_core.environment:checking '/home/filipe/Desktop/Arrowhead_Integration_Module/arrowhead/src/install/car_package/lib/python3.8/site-packages'
[0.586s] Level 1:colcon.colcon_core.environment:checking '/home/filipe/Desktop/Arrowhead_Integration_Module/arrowhead/src/install/car_package/bin'
[0.586s] INFO:colcon.colcon_core.shell:Creating package script '/home/filipe/Desktop/Arrowhead_Integration_Module/arrowhead/src/install/car_package/share/car_package/package.ps1'
[0.586s] INFO:colcon.colcon_core.shell:Creating package descriptor '/home/filipe/Desktop/Arrowhead_Integration_Module/arrowhead/src/install/car_package/share/car_package/package.dsv'
[0.587s] INFO:colcon.colcon_core.shell:Creating package script '/home/filipe/Desktop/Arrowhead_Integration_Module/arrowhead/src/install/car_package/share/car_package/package.sh'
[0.587s] INFO:colcon.colcon_core.shell:Creating package script '/home/filipe/Desktop/Arrowhead_Integration_Module/arrowhead/src/install/car_package/share/car_package/package.bash'
[0.587s] INFO:colcon.colcon_core.shell:Creating package script '/home/filipe/Desktop/Arrowhead_Integration_Module/arrowhead/src/install/car_package/share/car_package/package.zsh'
[0.587s] Level 1:colcon.colcon_core.environment:create_file_with_runtime_dependencies(/home/filipe/Desktop/Arrowhead_Integration_Module/arrowhead/src/install/car_package/share/colcon-core/packages/car_package)
[0.588s] DEBUG:colcon.colcon_parallel_executor.executor.parallel:closing loop
[0.588s] DEBUG:colcon.colcon_parallel_executor.executor.parallel:loop closed
[0.588s] DEBUG:colcon.colcon_parallel_executor.executor.parallel:run_until_complete finished with '0'
[0.588s] DEBUG:colcon.colcon_core.event_reactor:joining thread
[0.593s] INFO:colcon.colcon_core.plugin_system:Skipping extension 'colcon_notification.desktop_notification.terminal_notifier': Not used on non-Darwin systems
[0.593s] INFO:colcon.colcon_core.plugin_system:Skipping extension 'colcon_notification.desktop_notification.win32': Not used on non-Windows systems
[0.593s] INFO:colcon.colcon_notification.desktop_notification:Sending desktop notification using 'notify2'
[0.605s] DEBUG:colcon.colcon_core.event_reactor:joined thread
[0.605s] INFO:colcon.colcon_core.shell:Creating prefix script '/home/filipe/Desktop/Arrowhead_Integration_Module/arrowhead/src/install/local_setup.ps1'
[0.606s] INFO:colcon.colcon_core.shell:Creating prefix util module '/home/filipe/Desktop/Arrowhead_Integration_Module/arrowhead/src/install/_local_setup_util_ps1.py'
[0.607s] INFO:colcon.colcon_core.shell:Creating prefix chain script '/home/filipe/Desktop/Arrowhead_Integration_Module/arrowhead/src/install/setup.ps1'
[0.608s] INFO:colcon.colcon_core.shell:Creating prefix script '/home/filipe/Desktop/Arrowhead_Integration_Module/arrowhead/src/install/local_setup.sh'
[0.609s] INFO:colcon.colcon_core.shell:Creating prefix util module '/home/filipe/Desktop/Arrowhead_Integration_Module/arrowhead/src/install/_local_setup_util_sh.py'
[0.609s] INFO:colcon.colcon_core.shell:Creating prefix chain script '/home/filipe/Desktop/Arrowhead_Integration_Module/arrowhead/src/install/setup.sh'
[0.610s] INFO:colcon.colcon_core.shell:Creating prefix script '/home/filipe/Desktop/Arrowhead_Integration_Module/arrowhead/src/install/local_setup.bash'
[0.611s] INFO:colcon.colcon_core.shell:Creating prefix chain script '/home/filipe/Desktop/Arrowhead_Integration_Module/arrowhead/src/install/setup.bash'
[0.612s] INFO:colcon.colcon_core.shell:Creating prefix script '/home/filipe/Desktop/Arrowhead_Integration_Module/arrowhead/src/install/local_setup.zsh'
[0.613s] INFO:colcon.colcon_core.shell:Creating prefix chain script '/home/filipe/Desktop/Arrowhead_Integration_Module/arrowhead/src/install/setup.zsh'
