-- Found ament_cmake: 1.1.6 (/opt/ros/galactic/share/ament_cmake/cmake)
-- Using PYTHON_EXECUTABLE: /usr/bin/python3
-- Found rclcpp: 9.2.2 (/opt/ros/galactic/share/rclcpp/cmake)
-- Using all available rosidl_typesupport_c: rosidl_typesupport_fastrtps_c;rosidl_typesupport_introspection_c
-- Found rosidl_adapter: 2.2.3 (/opt/ros/galactic/share/rosidl_adapter/cmake)
-- Using all available rosidl_typesupport_cpp: rosidl_typesupport_fastrtps_cpp;rosidl_typesupport_introspection_cpp
-- Found rmw_implementation_cmake: 3.3.1 (/opt/ros/galactic/share/rmw_implementation_cmake/cmake)
-- Found rmw_cyclonedds_cpp: 0.22.6 (/opt/ros/galactic/share/rmw_cyclonedds_cpp/cmake)
-- Using RMW implementation 'rmw_cyclonedds_cpp' as default
-- Found services_registry_interfaces: 0.0.0 (/home/filipe/Desktop/Arrowhead_Integration_Module/arrowhead/src/install/services_registry_interfaces/share/services_registry_interfaces/cmake)
-- Configuring done (0.4s)
-- Generating done (0.0s)
-- Build files have been written to: /home/filipe/Desktop/Arrowhead_Integration_Module/arrowhead/src/build/services_registry
[ 33%] [32mBuilding CXX object CMakeFiles/server.dir/src/RegistrationRequestReceiver.cpp.o[0m
[ 66%] [32mBuilding CXX object CMakeFiles/server.dir/src/ServiceRegister.cpp.o[0m
[100%] [32m[1mLinking CXX executable server[0m
[100%] Built target server
-- Install configuration: ""
-- Installing: /home/filipe/Desktop/Arrowhead_Integration_Module/arrowhead/src/install/services_registry/lib/services_registry/server
-- Set non-toolchain portion of runtime path of "/home/filipe/Desktop/Arrowhead_Integration_Module/arrowhead/src/install/services_registry/lib/services_registry/server" to ""
-- Installing: /home/filipe/Desktop/Arrowhead_Integration_Module/arrowhead/src/install/services_registry/share/ament_index/resource_index/package_run_dependencies/services_registry
-- Installing: /home/filipe/Desktop/Arrowhead_Integration_Module/arrowhead/src/install/services_registry/share/ament_index/resource_index/parent_prefix_path/services_registry
-- Installing: /home/filipe/Desktop/Arrowhead_Integration_Module/arrowhead/src/install/services_registry/share/services_registry/environment/ament_prefix_path.sh
-- Installing: /home/filipe/Desktop/Arrowhead_Integration_Module/arrowhead/src/install/services_registry/share/services_registry/environment/ament_prefix_path.dsv
-- Installing: /home/filipe/Desktop/Arrowhead_Integration_Module/arrowhead/src/install/services_registry/share/services_registry/environment/path.sh
-- Installing: /home/filipe/Desktop/Arrowhead_Integration_Module/arrowhead/src/install/services_registry/share/services_registry/environment/path.dsv
-- Installing: /home/filipe/Desktop/Arrowhead_Integration_Module/arrowhead/src/install/services_registry/share/services_registry/local_setup.bash
-- Installing: /home/filipe/Desktop/Arrowhead_Integration_Module/arrowhead/src/install/services_registry/share/services_registry/local_setup.sh
-- Installing: /home/filipe/Desktop/Arrowhead_Integration_Module/arrowhead/src/install/services_registry/share/services_registry/local_setup.zsh
-- Installing: /home/filipe/Desktop/Arrowhead_Integration_Module/arrowhead/src/install/services_registry/share/services_registry/local_setup.dsv
-- Installing: /home/filipe/Desktop/Arrowhead_Integration_Module/arrowhead/src/install/services_registry/share/services_registry/package.dsv
-- Installing: /home/filipe/Desktop/Arrowhead_Integration_Module/arrowhead/src/install/services_registry/share/ament_index/resource_index/packages/services_registry
-- Installing: /home/filipe/Desktop/Arrowhead_Integration_Module/arrowhead/src/install/services_registry/share/services_registry/cmake/services_registryConfig.cmake
-- Installing: /home/filipe/Desktop/Arrowhead_Integration_Module/arrowhead/src/install/services_registry/share/services_registry/cmake/services_registryConfig-version.cmake
-- Installing: /home/filipe/Desktop/Arrowhead_Integration_Module/arrowhead/src/install/services_registry/share/services_registry/package.xml
