[0.019s] Invoking command in '/home/filipe/Desktop/Arrowhead_Integration_Module/arrowhead/src/build/services_registry': CMAKE_PREFIX_PATH=${CMAKE_PREFIX_PATH}:/opt/ros/galactic /opt/cmake-3.28.1/bin/cmake /home/filipe/Desktop/Arrowhead_Integration_Module/arrowhead/src/services_registry -DCMAKE_INSTALL_PREFIX=/home/filipe/Desktop/Arrowhead_Integration_Module/arrowhead/src/install/services_registry
[0.028s] -- Found ament_cmake: 1.1.6 (/opt/ros/galactic/share/ament_cmake/cmake)
[0.030s] [33mCMake Warning (dev) at /opt/ros/galactic/share/ament_cmake_core/cmake/core/python.cmake:22 (find_package):
[0.030s]   Policy CMP0148 is not set: The FindPythonInterp and FindPythonLibs modules
[0.030s]   are removed.  Run "cmake --help-policy CMP0148" for policy details.  Use
[0.030s]   the cmake_policy command to set the policy and suppress this warning.
[0.030s] 
[0.030s] Call Stack (most recent call first):
[0.030s]   /opt/ros/galactic/share/ament_cmake_core/cmake/core/all.cmake:53 (include)
[0.030s]   /opt/ros/galactic/share/ament_cmake_core/cmake/ament_cmake_core-extras.cmake:17 (include)
[0.030s]   /opt/ros/galactic/share/ament_cmake_core/cmake/ament_cmake_coreConfig.cmake:41 (include)
[0.030s]   /opt/ros/galactic/share/ament_cmake/cmake/ament_cmake_export_dependencies-extras.cmake:15 (find_package)
[0.030s]   /opt/ros/galactic/share/ament_cmake/cmake/ament_cmakeConfig.cmake:41 (include)
[0.030s]   CMakeLists.txt:9 (find_package)
[0.030s] This warning is for project developers.  Use -Wno-dev to suppress it.
[0.030s] [0m
[0.047s] -- Using PYTHON_EXECUTABLE: /usr/bin/python3
[0.098s] -- Found rclcpp: 9.2.2 (/opt/ros/galactic/share/rclcpp/cmake)
[0.128s] -- Using all available rosidl_typesupport_c: rosidl_typesupport_fastrtps_c;rosidl_typesupport_introspection_c
[0.130s] -- Found rosidl_adapter: 2.2.3 (/opt/ros/galactic/share/rosidl_adapter/cmake)
[0.244s] -- Using all available rosidl_typesupport_cpp: rosidl_typesupport_fastrtps_cpp;rosidl_typesupport_introspection_cpp
[0.278s] -- Found rmw_implementation_cmake: 3.3.1 (/opt/ros/galactic/share/rmw_implementation_cmake/cmake)
[0.280s] -- Found rmw_cyclonedds_cpp: 0.22.6 (/opt/ros/galactic/share/rmw_cyclonedds_cpp/cmake)
[0.295s] -- Using RMW implementation 'rmw_cyclonedds_cpp' as default
[0.386s] -- Found services_registry_interfaces: 0.0.0 (/home/filipe/Desktop/Arrowhead_Integration_Module/arrowhead/src/install/services_registry_interfaces/share/services_registry_interfaces/cmake)
[0.436s] -- Configuring done (0.4s)
[0.446s] -- Generating done (0.0s)
[0.448s] -- Build files have been written to: /home/filipe/Desktop/Arrowhead_Integration_Module/arrowhead/src/build/services_registry
[0.453s] Invoked command in '/home/filipe/Desktop/Arrowhead_Integration_Module/arrowhead/src/build/services_registry' returned '0': CMAKE_PREFIX_PATH=${CMAKE_PREFIX_PATH}:/opt/ros/galactic /opt/cmake-3.28.1/bin/cmake /home/filipe/Desktop/Arrowhead_Integration_Module/arrowhead/src/services_registry -DCMAKE_INSTALL_PREFIX=/home/filipe/Desktop/Arrowhead_Integration_Module/arrowhead/src/install/services_registry
[0.455s] Invoking command in '/home/filipe/Desktop/Arrowhead_Integration_Module/arrowhead/src/build/services_registry': CMAKE_PREFIX_PATH=${CMAKE_PREFIX_PATH}:/opt/ros/galactic /opt/cmake-3.28.1/bin/cmake --build /home/filipe/Desktop/Arrowhead_Integration_Module/arrowhead/src/build/services_registry -- -j12 -l12
[0.479s] [ 33%] [32mBuilding CXX object CMakeFiles/server.dir/src/RegistrationRequestReceiver.cpp.o[0m
[0.479s] [ 66%] [32mBuilding CXX object CMakeFiles/server.dir/src/ServiceRegister.cpp.o[0m
[3.009s] [01m[K/home/filipe/Desktop/Arrowhead_Integration_Module/arrowhead/src/services_registry/src/ServiceRegister.cpp:[m[K In member function ‘[01m[Kint ServiceRegister::registerService()[m[K’:
[3.009s] [01m[K/home/filipe/Desktop/Arrowhead_Integration_Module/arrowhead/src/services_registry/src/ServiceRegister.cpp:160:1:[m[K [01;35m[Kwarning: [m[Kcontrol reaches end of non-void function [[01;35m[K-Wreturn-type[m[K]
[3.009s]   160 | [01;35m[K}[m[K
[3.009s]       | [01;35m[K^[m[K
[3.042s] [01m[K/home/filipe/Desktop/Arrowhead_Integration_Module/arrowhead/src/services_registry/src/ServiceRegister.cpp:[m[K In member function ‘[01m[Kint ServiceRegister::updateExpirationDay(int)[m[K’:
[3.043s] [01m[K/home/filipe/Desktop/Arrowhead_Integration_Module/arrowhead/src/services_registry/src/ServiceRegister.cpp:266:1:[m[K [01;35m[Kwarning: [m[Kcontrol reaches end of non-void function [[01;35m[K-Wreturn-type[m[K]
[3.043s]   266 | [01;35m[K}[m[K
[3.043s]       | [01;35m[K^[m[K
[3.043s] [01m[K/home/filipe/Desktop/Arrowhead_Integration_Module/arrowhead/src/services_registry/src/ServiceRegister.cpp:[m[K In member function ‘[01m[Kint ServiceRegister::deleteService()[m[K’:
[3.043s] [01m[K/home/filipe/Desktop/Arrowhead_Integration_Module/arrowhead/src/services_registry/src/ServiceRegister.cpp:370:1:[m[K [01;35m[Kwarning: [m[Kcontrol reaches end of non-void function [[01;35m[K-Wreturn-type[m[K]
[3.043s]   370 | [01;35m[K}[m[K
[3.043s]       | [01;35m[K^[m[K
[7.411s] [100%] [32m[1mLinking CXX executable server[0m
[8.350s] [100%] Built target server
[8.405s] Invoked command in '/home/filipe/Desktop/Arrowhead_Integration_Module/arrowhead/src/build/services_registry' returned '0': CMAKE_PREFIX_PATH=${CMAKE_PREFIX_PATH}:/opt/ros/galactic /opt/cmake-3.28.1/bin/cmake --build /home/filipe/Desktop/Arrowhead_Integration_Module/arrowhead/src/build/services_registry -- -j12 -l12
[8.409s] Invoking command in '/home/filipe/Desktop/Arrowhead_Integration_Module/arrowhead/src/build/services_registry': CMAKE_PREFIX_PATH=${CMAKE_PREFIX_PATH}:/opt/ros/galactic /opt/cmake-3.28.1/bin/cmake --install /home/filipe/Desktop/Arrowhead_Integration_Module/arrowhead/src/build/services_registry
[8.443s] -- Install configuration: ""
[8.444s] -- Installing: /home/filipe/Desktop/Arrowhead_Integration_Module/arrowhead/src/install/services_registry/lib/services_registry/server
[8.446s] -- Set non-toolchain portion of runtime path of "/home/filipe/Desktop/Arrowhead_Integration_Module/arrowhead/src/install/services_registry/lib/services_registry/server" to ""
[8.446s] -- Installing: /home/filipe/Desktop/Arrowhead_Integration_Module/arrowhead/src/install/services_registry/share/ament_index/resource_index/package_run_dependencies/services_registry
[8.450s] -- Installing: /home/filipe/Desktop/Arrowhead_Integration_Module/arrowhead/src/install/services_registry/share/ament_index/resource_index/parent_prefix_path/services_registry
[8.451s] -- Installing: /home/filipe/Desktop/Arrowhead_Integration_Module/arrowhead/src/install/services_registry/share/services_registry/environment/ament_prefix_path.sh
[8.452s] -- Installing: /home/filipe/Desktop/Arrowhead_Integration_Module/arrowhead/src/install/services_registry/share/services_registry/environment/ament_prefix_path.dsv
[8.452s] -- Installing: /home/filipe/Desktop/Arrowhead_Integration_Module/arrowhead/src/install/services_registry/share/services_registry/environment/path.sh
[8.452s] -- Installing: /home/filipe/Desktop/Arrowhead_Integration_Module/arrowhead/src/install/services_registry/share/services_registry/environment/path.dsv
[8.453s] -- Installing: /home/filipe/Desktop/Arrowhead_Integration_Module/arrowhead/src/install/services_registry/share/services_registry/local_setup.bash
[8.453s] -- Installing: /home/filipe/Desktop/Arrowhead_Integration_Module/arrowhead/src/install/services_registry/share/services_registry/local_setup.sh
[8.453s] -- Installing: /home/filipe/Desktop/Arrowhead_Integration_Module/arrowhead/src/install/services_registry/share/services_registry/local_setup.zsh
[8.453s] -- Installing: /home/filipe/Desktop/Arrowhead_Integration_Module/arrowhead/src/install/services_registry/share/services_registry/local_setup.dsv
[8.454s] -- Installing: /home/filipe/Desktop/Arrowhead_Integration_Module/arrowhead/src/install/services_registry/share/services_registry/package.dsv
[8.454s] -- Installing: /home/filipe/Desktop/Arrowhead_Integration_Module/arrowhead/src/install/services_registry/share/ament_index/resource_index/packages/services_registry
[8.455s] -- Installing: /home/filipe/Desktop/Arrowhead_Integration_Module/arrowhead/src/install/services_registry/share/services_registry/cmake/services_registryConfig.cmake
[8.461s] -- Installing: /home/filipe/Desktop/Arrowhead_Integration_Module/arrowhead/src/install/services_registry/share/services_registry/cmake/services_registryConfig-version.cmake
[8.462s] -- Installing: /home/filipe/Desktop/Arrowhead_Integration_Module/arrowhead/src/install/services_registry/share/services_registry/package.xml
[8.466s] Invoked command in '/home/filipe/Desktop/Arrowhead_Integration_Module/arrowhead/src/build/services_registry' returned '0': CMAKE_PREFIX_PATH=${CMAKE_PREFIX_PATH}:/opt/ros/galactic /opt/cmake-3.28.1/bin/cmake --install /home/filipe/Desktop/Arrowhead_Integration_Module/arrowhead/src/build/services_registry
