[0.028s] Invoking command in '/home/filipe/Desktop/Arrowhead_Integration_Module/arrowhead/src/build/services_registry_interfaces': CMAKE_PREFIX_PATH=/opt/ros/galactic /opt/cmake-3.28.1/bin/cmake --build /home/filipe/Desktop/Arrowhead_Integration_Module/arrowhead/src/build/services_registry_interfaces -- -j12 -l12
[0.055s] [  3%] Built target services_registry_interfaces__cpp
[0.061s] [ 12%] Built target services_registry_interfaces__rosidl_generator_c
[0.073s] [ 22%] Built target services_registry_interfaces__rosidl_typesupport_c
[0.073s] [ 32%] Built target services_registry_interfaces__rosidl_typesupport_cpp
[0.074s] [ 41%] Built target services_registry_interfaces__rosidl_typesupport_introspection_cpp
[0.074s] [ 51%] Built target services_registry_interfaces__rosidl_typesupport_fastrtps_cpp
[0.074s] [ 61%] Built target services_registry_interfaces__rosidl_typesupport_introspection_c
[0.085s] [ 70%] Built target services_registry_interfaces__rosidl_typesupport_fastrtps_c
[0.094s] [ 70%] Built target services_registry_interfaces
[0.104s] [ 74%] Built target services_registry_interfaces__py
[0.123s] [ 80%] Built target services_registry_interfaces__python
[0.133s] [ 87%] Built target services_registry_interfaces__rosidl_typesupport_fastrtps_c__pyext
[0.133s] [ 96%] Built target services_registry_interfaces__rosidl_typesupport_c__pyext
[0.133s] [100%] Built target services_registry_interfaces__rosidl_typesupport_introspection_c__pyext
[0.147s] Invoked command in '/home/filipe/Desktop/Arrowhead_Integration_Module/arrowhead/src/build/services_registry_interfaces' returned '0': CMAKE_PREFIX_PATH=/opt/ros/galactic /opt/cmake-3.28.1/bin/cmake --build /home/filipe/Desktop/Arrowhead_Integration_Module/arrowhead/src/build/services_registry_interfaces -- -j12 -l12
[0.149s] Invoking command in '/home/filipe/Desktop/Arrowhead_Integration_Module/arrowhead/src/build/services_registry_interfaces': CMAKE_PREFIX_PATH=/opt/ros/galactic /opt/cmake-3.28.1/bin/cmake --install /home/filipe/Desktop/Arrowhead_Integration_Module/arrowhead/src/build/services_registry_interfaces
[0.162s] -- Install configuration: ""
[0.162s] -- Up-to-date: /home/filipe/Desktop/Arrowhead_Integration_Module/arrowhead/src/install/services_registry_interfaces/share/ament_index/resource_index/rosidl_interfaces/services_registry_interfaces
[0.162s] -- Up-to-date: /home/filipe/Desktop/Arrowhead_Integration_Module/arrowhead/src/install/services_registry_interfaces/include/services_registry_interfaces
[0.163s] -- Up-to-date: /home/filipe/Desktop/Arrowhead_Integration_Module/arrowhead/src/install/services_registry_interfaces/include/services_registry_interfaces/msg
[0.163s] -- Up-to-date: /home/filipe/Desktop/Arrowhead_Integration_Module/arrowhead/src/install/services_registry_interfaces/include/services_registry_interfaces/msg/rosidl_generator_c__visibility_control.h
[0.163s] -- Up-to-date: /home/filipe/Desktop/Arrowhead_Integration_Module/arrowhead/src/install/services_registry_interfaces/include/services_registry_interfaces/srv
[0.163s] -- Up-to-date: /home/filipe/Desktop/Arrowhead_Integration_Module/arrowhead/src/install/services_registry_interfaces/include/services_registry_interfaces/srv/detail
[0.163s] -- Up-to-date: /home/filipe/Desktop/Arrowhead_Integration_Module/arrowhead/src/install/services_registry_interfaces/include/services_registry_interfaces/srv/detail/registration_interface__type_support.h
[0.163s] -- Up-to-date: /home/filipe/Desktop/Arrowhead_Integration_Module/arrowhead/src/install/services_registry_interfaces/include/services_registry_interfaces/srv/detail/registration_interface__functions.c
[0.163s] -- Up-to-date: /home/filipe/Desktop/Arrowhead_Integration_Module/arrowhead/src/install/services_registry_interfaces/include/services_registry_interfaces/srv/detail/registration_interface__struct.h
[0.163s] -- Up-to-date: /home/filipe/Desktop/Arrowhead_Integration_Module/arrowhead/src/install/services_registry_interfaces/include/services_registry_interfaces/srv/detail/registration_interface__functions.h
[0.163s] -- Up-to-date: /home/filipe/Desktop/Arrowhead_Integration_Module/arrowhead/src/install/services_registry_interfaces/include/services_registry_interfaces/srv/registration_interface.h
[0.163s] -- Up-to-date: /home/filipe/Desktop/Arrowhead_Integration_Module/arrowhead/src/install/services_registry_interfaces/share/services_registry_interfaces/environment/library_path.sh
[0.164s] -- Up-to-date: /home/filipe/Desktop/Arrowhead_Integration_Module/arrowhead/src/install/services_registry_interfaces/share/services_registry_interfaces/environment/library_path.dsv
[0.164s] -- Up-to-date: /home/filipe/Desktop/Arrowhead_Integration_Module/arrowhead/src/install/services_registry_interfaces/lib/libservices_registry_interfaces__rosidl_generator_c.so
[0.164s] -- Up-to-date: /home/filipe/Desktop/Arrowhead_Integration_Module/arrowhead/src/install/services_registry_interfaces/include/services_registry_interfaces
[0.164s] -- Up-to-date: /home/filipe/Desktop/Arrowhead_Integration_Module/arrowhead/src/install/services_registry_interfaces/include/services_registry_interfaces/msg
[0.164s] -- Up-to-date: /home/filipe/Desktop/Arrowhead_Integration_Module/arrowhead/src/install/services_registry_interfaces/include/services_registry_interfaces/msg/rosidl_typesupport_fastrtps_c__visibility_control.h
[0.164s] -- Up-to-date: /home/filipe/Desktop/Arrowhead_Integration_Module/arrowhead/src/install/services_registry_interfaces/include/services_registry_interfaces/srv
[0.164s] -- Up-to-date: /home/filipe/Desktop/Arrowhead_Integration_Module/arrowhead/src/install/services_registry_interfaces/include/services_registry_interfaces/srv/detail
[0.164s] -- Up-to-date: /home/filipe/Desktop/Arrowhead_Integration_Module/arrowhead/src/install/services_registry_interfaces/include/services_registry_interfaces/srv/detail/registration_interface__rosidl_typesupport_fastrtps_c.h
[0.165s] -- Up-to-date: /home/filipe/Desktop/Arrowhead_Integration_Module/arrowhead/src/install/services_registry_interfaces/lib/libservices_registry_interfaces__rosidl_typesupport_fastrtps_c.so
[0.165s] -- Up-to-date: /home/filipe/Desktop/Arrowhead_Integration_Module/arrowhead/src/install/services_registry_interfaces/include/services_registry_interfaces
[0.165s] -- Up-to-date: /home/filipe/Desktop/Arrowhead_Integration_Module/arrowhead/src/install/services_registry_interfaces/include/services_registry_interfaces/msg
[0.165s] -- Up-to-date: /home/filipe/Desktop/Arrowhead_Integration_Module/arrowhead/src/install/services_registry_interfaces/include/services_registry_interfaces/msg/rosidl_typesupport_fastrtps_cpp__visibility_control.h
[0.165s] -- Up-to-date: /home/filipe/Desktop/Arrowhead_Integration_Module/arrowhead/src/install/services_registry_interfaces/include/services_registry_interfaces/srv
[0.165s] -- Up-to-date: /home/filipe/Desktop/Arrowhead_Integration_Module/arrowhead/src/install/services_registry_interfaces/include/services_registry_interfaces/srv/detail
[0.165s] -- Up-to-date: /home/filipe/Desktop/Arrowhead_Integration_Module/arrowhead/src/install/services_registry_interfaces/include/services_registry_interfaces/srv/detail/dds_fastrtps
[0.165s] -- Up-to-date: /home/filipe/Desktop/Arrowhead_Integration_Module/arrowhead/src/install/services_registry_interfaces/include/services_registry_interfaces/srv/detail/registration_interface__rosidl_typesupport_fastrtps_cpp.hpp
[0.165s] -- Up-to-date: /home/filipe/Desktop/Arrowhead_Integration_Module/arrowhead/src/install/services_registry_interfaces/lib/libservices_registry_interfaces__rosidl_typesupport_fastrtps_cpp.so
[0.165s] -- Up-to-date: /home/filipe/Desktop/Arrowhead_Integration_Module/arrowhead/src/install/services_registry_interfaces/include/services_registry_interfaces
[0.165s] -- Up-to-date: /home/filipe/Desktop/Arrowhead_Integration_Module/arrowhead/src/install/services_registry_interfaces/include/services_registry_interfaces/msg
[0.165s] -- Up-to-date: /home/filipe/Desktop/Arrowhead_Integration_Module/arrowhead/src/install/services_registry_interfaces/include/services_registry_interfaces/msg/rosidl_typesupport_introspection_c__visibility_control.h
[0.166s] -- Up-to-date: /home/filipe/Desktop/Arrowhead_Integration_Module/arrowhead/src/install/services_registry_interfaces/include/services_registry_interfaces/srv
[0.166s] -- Up-to-date: /home/filipe/Desktop/Arrowhead_Integration_Module/arrowhead/src/install/services_registry_interfaces/include/services_registry_interfaces/srv/detail
[0.166s] -- Up-to-date: /home/filipe/Desktop/Arrowhead_Integration_Module/arrowhead/src/install/services_registry_interfaces/include/services_registry_interfaces/srv/detail/registration_interface__rosidl_typesupport_introspection_c.h
[0.166s] -- Up-to-date: /home/filipe/Desktop/Arrowhead_Integration_Module/arrowhead/src/install/services_registry_interfaces/include/services_registry_interfaces/srv/detail/registration_interface__type_support.c
[0.166s] -- Up-to-date: /home/filipe/Desktop/Arrowhead_Integration_Module/arrowhead/src/install/services_registry_interfaces/lib/libservices_registry_interfaces__rosidl_typesupport_introspection_c.so
[0.166s] -- Up-to-date: /home/filipe/Desktop/Arrowhead_Integration_Module/arrowhead/src/install/services_registry_interfaces/lib/libservices_registry_interfaces__rosidl_typesupport_c.so
[0.166s] -- Up-to-date: /home/filipe/Desktop/Arrowhead_Integration_Module/arrowhead/src/install/services_registry_interfaces/include/services_registry_interfaces
[0.166s] -- Up-to-date: /home/filipe/Desktop/Arrowhead_Integration_Module/arrowhead/src/install/services_registry_interfaces/include/services_registry_interfaces/srv
[0.166s] -- Up-to-date: /home/filipe/Desktop/Arrowhead_Integration_Module/arrowhead/src/install/services_registry_interfaces/include/services_registry_interfaces/srv/registration_interface.hpp
[0.166s] -- Up-to-date: /home/filipe/Desktop/Arrowhead_Integration_Module/arrowhead/src/install/services_registry_interfaces/include/services_registry_interfaces/srv/detail
[0.166s] -- Up-to-date: /home/filipe/Desktop/Arrowhead_Integration_Module/arrowhead/src/install/services_registry_interfaces/include/services_registry_interfaces/srv/detail/registration_interface__builder.hpp
[0.166s] -- Up-to-date: /home/filipe/Desktop/Arrowhead_Integration_Module/arrowhead/src/install/services_registry_interfaces/include/services_registry_interfaces/srv/detail/registration_interface__struct.hpp
[0.166s] -- Up-to-date: /home/filipe/Desktop/Arrowhead_Integration_Module/arrowhead/src/install/services_registry_interfaces/include/services_registry_interfaces/srv/detail/registration_interface__traits.hpp
[0.166s] -- Up-to-date: /home/filipe/Desktop/Arrowhead_Integration_Module/arrowhead/src/install/services_registry_interfaces/include/services_registry_interfaces
[0.167s] -- Up-to-date: /home/filipe/Desktop/Arrowhead_Integration_Module/arrowhead/src/install/services_registry_interfaces/include/services_registry_interfaces/srv
[0.167s] -- Up-to-date: /home/filipe/Desktop/Arrowhead_Integration_Module/arrowhead/src/install/services_registry_interfaces/include/services_registry_interfaces/srv/detail
[0.167s] -- Up-to-date: /home/filipe/Desktop/Arrowhead_Integration_Module/arrowhead/src/install/services_registry_interfaces/include/services_registry_interfaces/srv/detail/registration_interface__type_support.cpp
[0.167s] -- Up-to-date: /home/filipe/Desktop/Arrowhead_Integration_Module/arrowhead/src/install/services_registry_interfaces/include/services_registry_interfaces/srv/detail/registration_interface__rosidl_typesupport_introspection_cpp.hpp
[0.167s] -- Up-to-date: /home/filipe/Desktop/Arrowhead_Integration_Module/arrowhead/src/install/services_registry_interfaces/lib/libservices_registry_interfaces__rosidl_typesupport_introspection_cpp.so
[0.167s] -- Up-to-date: /home/filipe/Desktop/Arrowhead_Integration_Module/arrowhead/src/install/services_registry_interfaces/lib/libservices_registry_interfaces__rosidl_typesupport_cpp.so
[0.167s] -- Up-to-date: /home/filipe/Desktop/Arrowhead_Integration_Module/arrowhead/src/install/services_registry_interfaces/share/services_registry_interfaces/environment/pythonpath.sh
[0.167s] -- Up-to-date: /home/filipe/Desktop/Arrowhead_Integration_Module/arrowhead/src/install/services_registry_interfaces/share/services_registry_interfaces/environment/pythonpath.dsv
[0.167s] -- Up-to-date: /home/filipe/Desktop/Arrowhead_Integration_Module/arrowhead/src/install/services_registry_interfaces/lib/python3.8/site-packages/services_registry_interfaces/__init__.py
[0.188s] -- Up-to-date: /home/filipe/Desktop/Arrowhead_Integration_Module/arrowhead/src/install/services_registry_interfaces/lib/python3.8/site-packages/services_registry_interfaces/srv
[0.188s] -- Up-to-date: /home/filipe/Desktop/Arrowhead_Integration_Module/arrowhead/src/install/services_registry_interfaces/lib/python3.8/site-packages/services_registry_interfaces/srv/_registration_interface.py
[0.188s] -- Up-to-date: /home/filipe/Desktop/Arrowhead_Integration_Module/arrowhead/src/install/services_registry_interfaces/lib/python3.8/site-packages/services_registry_interfaces/srv/__init__.py
[0.188s] -- Up-to-date: /home/filipe/Desktop/Arrowhead_Integration_Module/arrowhead/src/install/services_registry_interfaces/lib/python3.8/site-packages/services_registry_interfaces/srv/_registration_interface_s.c
[0.188s] -- Up-to-date: /home/filipe/Desktop/Arrowhead_Integration_Module/arrowhead/src/install/services_registry_interfaces/lib/python3.8/site-packages/services_registry_interfaces/services_registry_interfaces_s__rosidl_typesupport_fastrtps_c.cpython-38-x86_64-linux-gnu.so
[0.189s] -- Up-to-date: /home/filipe/Desktop/Arrowhead_Integration_Module/arrowhead/src/install/services_registry_interfaces/lib/python3.8/site-packages/services_registry_interfaces/services_registry_interfaces_s__rosidl_typesupport_introspection_c.cpython-38-x86_64-linux-gnu.so
[0.189s] -- Up-to-date: /home/filipe/Desktop/Arrowhead_Integration_Module/arrowhead/src/install/services_registry_interfaces/lib/python3.8/site-packages/services_registry_interfaces/services_registry_interfaces_s__rosidl_typesupport_c.cpython-38-x86_64-linux-gnu.so
[0.189s] -- Up-to-date: /home/filipe/Desktop/Arrowhead_Integration_Module/arrowhead/src/install/services_registry_interfaces/lib/libservices_registry_interfaces__python.so
[0.190s] -- Up-to-date: /home/filipe/Desktop/Arrowhead_Integration_Module/arrowhead/src/install/services_registry_interfaces/share/services_registry_interfaces/srv/RegistrationInterface.idl
[0.190s] -- Up-to-date: /home/filipe/Desktop/Arrowhead_Integration_Module/arrowhead/src/install/services_registry_interfaces/share/services_registry_interfaces/srv/RegistrationInterface.srv
[0.190s] -- Up-to-date: /home/filipe/Desktop/Arrowhead_Integration_Module/arrowhead/src/install/services_registry_interfaces/share/services_registry_interfaces/srv/RegistrationInterface_Request.msg
[0.190s] -- Up-to-date: /home/filipe/Desktop/Arrowhead_Integration_Module/arrowhead/src/install/services_registry_interfaces/share/services_registry_interfaces/srv/RegistrationInterface_Response.msg
[0.190s] -- Up-to-date: /home/filipe/Desktop/Arrowhead_Integration_Module/arrowhead/src/install/services_registry_interfaces/share/ament_index/resource_index/package_run_dependencies/services_registry_interfaces
[0.190s] -- Up-to-date: /home/filipe/Desktop/Arrowhead_Integration_Module/arrowhead/src/install/services_registry_interfaces/share/ament_index/resource_index/parent_prefix_path/services_registry_interfaces
[0.190s] -- Up-to-date: /home/filipe/Desktop/Arrowhead_Integration_Module/arrowhead/src/install/services_registry_interfaces/share/services_registry_interfaces/environment/ament_prefix_path.sh
[0.190s] -- Up-to-date: /home/filipe/Desktop/Arrowhead_Integration_Module/arrowhead/src/install/services_registry_interfaces/share/services_registry_interfaces/environment/ament_prefix_path.dsv
[0.190s] -- Up-to-date: /home/filipe/Desktop/Arrowhead_Integration_Module/arrowhead/src/install/services_registry_interfaces/share/services_registry_interfaces/environment/path.sh
[0.190s] -- Up-to-date: /home/filipe/Desktop/Arrowhead_Integration_Module/arrowhead/src/install/services_registry_interfaces/share/services_registry_interfaces/environment/path.dsv
[0.190s] -- Up-to-date: /home/filipe/Desktop/Arrowhead_Integration_Module/arrowhead/src/install/services_registry_interfaces/share/services_registry_interfaces/local_setup.bash
[0.190s] -- Up-to-date: /home/filipe/Desktop/Arrowhead_Integration_Module/arrowhead/src/install/services_registry_interfaces/share/services_registry_interfaces/local_setup.sh
[0.191s] -- Up-to-date: /home/filipe/Desktop/Arrowhead_Integration_Module/arrowhead/src/install/services_registry_interfaces/share/services_registry_interfaces/local_setup.zsh
[0.191s] -- Up-to-date: /home/filipe/Desktop/Arrowhead_Integration_Module/arrowhead/src/install/services_registry_interfaces/share/services_registry_interfaces/local_setup.dsv
[0.191s] -- Installing: /home/filipe/Desktop/Arrowhead_Integration_Module/arrowhead/src/install/services_registry_interfaces/share/services_registry_interfaces/package.dsv
[0.191s] -- Up-to-date: /home/filipe/Desktop/Arrowhead_Integration_Module/arrowhead/src/install/services_registry_interfaces/share/ament_index/resource_index/packages/services_registry_interfaces
[0.191s] -- Up-to-date: /home/filipe/Desktop/Arrowhead_Integration_Module/arrowhead/src/install/services_registry_interfaces/share/services_registry_interfaces/cmake/services_registry_interfaces__rosidl_generator_cExport.cmake
[0.191s] -- Up-to-date: /home/filipe/Desktop/Arrowhead_Integration_Module/arrowhead/src/install/services_registry_interfaces/share/services_registry_interfaces/cmake/services_registry_interfaces__rosidl_generator_cExport-noconfig.cmake
[0.192s] -- Up-to-date: /home/filipe/Desktop/Arrowhead_Integration_Module/arrowhead/src/install/services_registry_interfaces/share/services_registry_interfaces/cmake/services_registry_interfaces__rosidl_typesupport_introspection_cExport.cmake
[0.192s] -- Up-to-date: /home/filipe/Desktop/Arrowhead_Integration_Module/arrowhead/src/install/services_registry_interfaces/share/services_registry_interfaces/cmake/services_registry_interfaces__rosidl_typesupport_introspection_cExport-noconfig.cmake
[0.192s] -- Up-to-date: /home/filipe/Desktop/Arrowhead_Integration_Module/arrowhead/src/install/services_registry_interfaces/share/services_registry_interfaces/cmake/services_registry_interfaces__rosidl_typesupport_cExport.cmake
[0.192s] -- Up-to-date: /home/filipe/Desktop/Arrowhead_Integration_Module/arrowhead/src/install/services_registry_interfaces/share/services_registry_interfaces/cmake/services_registry_interfaces__rosidl_typesupport_cExport-noconfig.cmake
[0.193s] -- Up-to-date: /home/filipe/Desktop/Arrowhead_Integration_Module/arrowhead/src/install/services_registry_interfaces/share/services_registry_interfaces/cmake/services_registry_interfaces__rosidl_generator_cppExport.cmake
[0.193s] -- Up-to-date: /home/filipe/Desktop/Arrowhead_Integration_Module/arrowhead/src/install/services_registry_interfaces/share/services_registry_interfaces/cmake/services_registry_interfaces__rosidl_typesupport_introspection_cppExport.cmake
[0.193s] -- Up-to-date: /home/filipe/Desktop/Arrowhead_Integration_Module/arrowhead/src/install/services_registry_interfaces/share/services_registry_interfaces/cmake/services_registry_interfaces__rosidl_typesupport_introspection_cppExport-noconfig.cmake
[0.193s] -- Up-to-date: /home/filipe/Desktop/Arrowhead_Integration_Module/arrowhead/src/install/services_registry_interfaces/share/services_registry_interfaces/cmake/services_registry_interfaces__rosidl_typesupport_cppExport.cmake
[0.193s] -- Up-to-date: /home/filipe/Desktop/Arrowhead_Integration_Module/arrowhead/src/install/services_registry_interfaces/share/services_registry_interfaces/cmake/services_registry_interfaces__rosidl_typesupport_cppExport-noconfig.cmake
[0.193s] -- Up-to-date: /home/filipe/Desktop/Arrowhead_Integration_Module/arrowhead/src/install/services_registry_interfaces/share/services_registry_interfaces/cmake/rosidl_cmake-extras.cmake
[0.194s] -- Up-to-date: /home/filipe/Desktop/Arrowhead_Integration_Module/arrowhead/src/install/services_registry_interfaces/share/services_registry_interfaces/cmake/ament_cmake_export_dependencies-extras.cmake
[0.194s] -- Up-to-date: /home/filipe/Desktop/Arrowhead_Integration_Module/arrowhead/src/install/services_registry_interfaces/share/services_registry_interfaces/cmake/ament_cmake_export_libraries-extras.cmake
[0.194s] -- Up-to-date: /home/filipe/Desktop/Arrowhead_Integration_Module/arrowhead/src/install/services_registry_interfaces/share/services_registry_interfaces/cmake/ament_cmake_export_targets-extras.cmake
[0.194s] -- Up-to-date: /home/filipe/Desktop/Arrowhead_Integration_Module/arrowhead/src/install/services_registry_interfaces/share/services_registry_interfaces/cmake/ament_cmake_export_include_directories-extras.cmake
[0.194s] -- Up-to-date: /home/filipe/Desktop/Arrowhead_Integration_Module/arrowhead/src/install/services_registry_interfaces/share/services_registry_interfaces/cmake/rosidl_cmake_export_typesupport_libraries-extras.cmake
[0.194s] -- Up-to-date: /home/filipe/Desktop/Arrowhead_Integration_Module/arrowhead/src/install/services_registry_interfaces/share/services_registry_interfaces/cmake/rosidl_cmake_export_typesupport_targets-extras.cmake
[0.194s] -- Up-to-date: /home/filipe/Desktop/Arrowhead_Integration_Module/arrowhead/src/install/services_registry_interfaces/share/services_registry_interfaces/cmake/services_registry_interfacesConfig.cmake
[0.194s] -- Up-to-date: /home/filipe/Desktop/Arrowhead_Integration_Module/arrowhead/src/install/services_registry_interfaces/share/services_registry_interfaces/cmake/services_registry_interfacesConfig-version.cmake
[0.194s] -- Up-to-date: /home/filipe/Desktop/Arrowhead_Integration_Module/arrowhead/src/install/services_registry_interfaces/share/services_registry_interfaces/package.xml
[0.196s] Invoked command in '/home/filipe/Desktop/Arrowhead_Integration_Module/arrowhead/src/build/services_registry_interfaces' returned '0': CMAKE_PREFIX_PATH=/opt/ros/galactic /opt/cmake-3.28.1/bin/cmake --install /home/filipe/Desktop/Arrowhead_Integration_Module/arrowhead/src/build/services_registry_interfaces
