[0.020s] Invoking command in '/home/filipe/Desktop/Arrowhead_Integration_Module/arrowhead/src/build/services_registry_interfaces': CMAKE_PREFIX_PATH=${CMAKE_PREFIX_PATH}:/opt/ros/galactic /opt/cmake-3.28.1/bin/cmake --build /home/filipe/Desktop/Arrowhead_Integration_Module/arrowhead/src/build/services_registry_interfaces -- -j12 -l12
[0.044s] [  3%] Built target services_registry_interfaces__cpp
[0.046s] [ 12%] Built target services_registry_interfaces__rosidl_generator_c
[0.057s] [ 22%] Built target services_registry_interfaces__rosidl_typesupport_cpp
[0.059s] [ 32%] Built target services_registry_interfaces__rosidl_typesupport_introspection_c
[0.059s] [ 41%] Built target services_registry_interfaces__rosidl_typesupport_fastrtps_cpp
[0.059s] [ 58%] Built target services_registry_interfaces__rosidl_typesupport_introspection_cpp
[0.059s] [ 61%] Built target services_registry_interfaces__rosidl_typesupport_c
[0.072s] [ 70%] Built target services_registry_interfaces__rosidl_typesupport_fastrtps_c
[0.079s] [ 70%] Built target services_registry_interfaces
[0.087s] [ 74%] Built target services_registry_interfaces__py
[0.098s] [ 80%] Built target services_registry_interfaces__python
[0.111s] [ 87%] Built target services_registry_interfaces__rosidl_typesupport_c__pyext
[0.111s] [ 93%] Built target services_registry_interfaces__rosidl_typesupport_introspection_c__pyext
[0.112s] [100%] Built target services_registry_interfaces__rosidl_typesupport_fastrtps_c__pyext
[0.119s] Invoked command in '/home/filipe/Desktop/Arrowhead_Integration_Module/arrowhead/src/build/services_registry_interfaces' returned '0': CMAKE_PREFIX_PATH=${CMAKE_PREFIX_PATH}:/opt/ros/galactic /opt/cmake-3.28.1/bin/cmake --build /home/filipe/Desktop/Arrowhead_Integration_Module/arrowhead/src/build/services_registry_interfaces -- -j12 -l12
[0.120s] Invoking command in '/home/filipe/Desktop/Arrowhead_Integration_Module/arrowhead/src/build/services_registry_interfaces': CMAKE_PREFIX_PATH=${CMAKE_PREFIX_PATH}:/opt/ros/galactic /opt/cmake-3.28.1/bin/cmake --install /home/filipe/Desktop/Arrowhead_Integration_Module/arrowhead/src/build/services_registry_interfaces
[0.122s] -- Install configuration: ""
[0.122s] -- Up-to-date: /home/filipe/Desktop/Arrowhead_Integration_Module/arrowhead/src/install/services_registry_interfaces/share/ament_index/resource_index/rosidl_interfaces/services_registry_interfaces
[0.122s] -- Up-to-date: /home/filipe/Desktop/Arrowhead_Integration_Module/arrowhead/src/install/services_registry_interfaces/include/services_registry_interfaces
[0.122s] -- Up-to-date: /home/filipe/Desktop/Arrowhead_Integration_Module/arrowhead/src/install/services_registry_interfaces/include/services_registry_interfaces/msg
[0.122s] -- Up-to-date: /home/filipe/Desktop/Arrowhead_Integration_Module/arrowhead/src/install/services_registry_interfaces/include/services_registry_interfaces/msg/rosidl_generator_c__visibility_control.h
[0.122s] -- Up-to-date: /home/filipe/Desktop/Arrowhead_Integration_Module/arrowhead/src/install/services_registry_interfaces/include/services_registry_interfaces/srv
[0.122s] -- Up-to-date: /home/filipe/Desktop/Arrowhead_Integration_Module/arrowhead/src/install/services_registry_interfaces/include/services_registry_interfaces/srv/detail
[0.122s] -- Up-to-date: /home/filipe/Desktop/Arrowhead_Integration_Module/arrowhead/src/install/services_registry_interfaces/include/services_registry_interfaces/srv/detail/registration_interface__type_support.h
[0.122s] -- Up-to-date: /home/filipe/Desktop/Arrowhead_Integration_Module/arrowhead/src/install/services_registry_interfaces/include/services_registry_interfaces/srv/detail/registration_interface__functions.c
[0.122s] -- Up-to-date: /home/filipe/Desktop/Arrowhead_Integration_Module/arrowhead/src/install/services_registry_interfaces/include/services_registry_interfaces/srv/detail/registration_interface__struct.h
[0.123s] -- Up-to-date: /home/filipe/Desktop/Arrowhead_Integration_Module/arrowhead/src/install/services_registry_interfaces/include/services_registry_interfaces/srv/detail/registration_interface__functions.h
[0.123s] -- Up-to-date: /home/filipe/Desktop/Arrowhead_Integration_Module/arrowhead/src/install/services_registry_interfaces/include/services_registry_interfaces/srv/registration_interface.h
[0.123s] -- Up-to-date: /home/filipe/Desktop/Arrowhead_Integration_Module/arrowhead/src/install/services_registry_interfaces/share/services_registry_interfaces/environment/library_path.sh
[0.123s] -- Up-to-date: /home/filipe/Desktop/Arrowhead_Integration_Module/arrowhead/src/install/services_registry_interfaces/share/services_registry_interfaces/environment/library_path.dsv
[0.123s] -- Up-to-date: /home/filipe/Desktop/Arrowhead_Integration_Module/arrowhead/src/install/services_registry_interfaces/lib/libservices_registry_interfaces__rosidl_generator_c.so
[0.123s] -- Up-to-date: /home/filipe/Desktop/Arrowhead_Integration_Module/arrowhead/src/install/services_registry_interfaces/include/services_registry_interfaces
[0.123s] -- Up-to-date: /home/filipe/Desktop/Arrowhead_Integration_Module/arrowhead/src/install/services_registry_interfaces/include/services_registry_interfaces/msg
[0.123s] -- Up-to-date: /home/filipe/Desktop/Arrowhead_Integration_Module/arrowhead/src/install/services_registry_interfaces/include/services_registry_interfaces/msg/rosidl_typesupport_fastrtps_c__visibility_control.h
[0.123s] -- Up-to-date: /home/filipe/Desktop/Arrowhead_Integration_Module/arrowhead/src/install/services_registry_interfaces/include/services_registry_interfaces/srv
[0.123s] -- Up-to-date: /home/filipe/Desktop/Arrowhead_Integration_Module/arrowhead/src/install/services_registry_interfaces/include/services_registry_interfaces/srv/detail
[0.123s] -- Up-to-date: /home/filipe/Desktop/Arrowhead_Integration_Module/arrowhead/src/install/services_registry_interfaces/include/services_registry_interfaces/srv/detail/registration_interface__rosidl_typesupport_fastrtps_c.h
[0.123s] -- Up-to-date: /home/filipe/Desktop/Arrowhead_Integration_Module/arrowhead/src/install/services_registry_interfaces/lib/libservices_registry_interfaces__rosidl_typesupport_fastrtps_c.so
[0.123s] -- Up-to-date: /home/filipe/Desktop/Arrowhead_Integration_Module/arrowhead/src/install/services_registry_interfaces/include/services_registry_interfaces
[0.124s] -- Up-to-date: /home/filipe/Desktop/Arrowhead_Integration_Module/arrowhead/src/install/services_registry_interfaces/include/services_registry_interfaces/msg
[0.124s] -- Up-to-date: /home/filipe/Desktop/Arrowhead_Integration_Module/arrowhead/src/install/services_registry_interfaces/include/services_registry_interfaces/msg/rosidl_typesupport_fastrtps_cpp__visibility_control.h
[0.124s] -- Up-to-date: /home/filipe/Desktop/Arrowhead_Integration_Module/arrowhead/src/install/services_registry_interfaces/include/services_registry_interfaces/srv
[0.124s] -- Up-to-date: /home/filipe/Desktop/Arrowhead_Integration_Module/arrowhead/src/install/services_registry_interfaces/include/services_registry_interfaces/srv/detail
[0.124s] -- Up-to-date: /home/filipe/Desktop/Arrowhead_Integration_Module/arrowhead/src/install/services_registry_interfaces/include/services_registry_interfaces/srv/detail/dds_fastrtps
[0.124s] -- Up-to-date: /home/filipe/Desktop/Arrowhead_Integration_Module/arrowhead/src/install/services_registry_interfaces/include/services_registry_interfaces/srv/detail/registration_interface__rosidl_typesupport_fastrtps_cpp.hpp
[0.124s] -- Up-to-date: /home/filipe/Desktop/Arrowhead_Integration_Module/arrowhead/src/install/services_registry_interfaces/lib/libservices_registry_interfaces__rosidl_typesupport_fastrtps_cpp.so
[0.124s] -- Up-to-date: /home/filipe/Desktop/Arrowhead_Integration_Module/arrowhead/src/install/services_registry_interfaces/include/services_registry_interfaces
[0.124s] -- Up-to-date: /home/filipe/Desktop/Arrowhead_Integration_Module/arrowhead/src/install/services_registry_interfaces/include/services_registry_interfaces/msg
[0.125s] -- Up-to-date: /home/filipe/Desktop/Arrowhead_Integration_Module/arrowhead/src/install/services_registry_interfaces/include/services_registry_interfaces/msg/rosidl_typesupport_introspection_c__visibility_control.h
[0.125s] -- Up-to-date: /home/filipe/Desktop/Arrowhead_Integration_Module/arrowhead/src/install/services_registry_interfaces/include/services_registry_interfaces/srv
[0.125s] -- Up-to-date: /home/filipe/Desktop/Arrowhead_Integration_Module/arrowhead/src/install/services_registry_interfaces/include/services_registry_interfaces/srv/detail
[0.125s] -- Up-to-date: /home/filipe/Desktop/Arrowhead_Integration_Module/arrowhead/src/install/services_registry_interfaces/include/services_registry_interfaces/srv/detail/registration_interface__rosidl_typesupport_introspection_c.h
[0.125s] -- Up-to-date: /home/filipe/Desktop/Arrowhead_Integration_Module/arrowhead/src/install/services_registry_interfaces/include/services_registry_interfaces/srv/detail/registration_interface__type_support.c
[0.125s] -- Up-to-date: /home/filipe/Desktop/Arrowhead_Integration_Module/arrowhead/src/install/services_registry_interfaces/lib/libservices_registry_interfaces__rosidl_typesupport_introspection_c.so
[0.125s] -- Up-to-date: /home/filipe/Desktop/Arrowhead_Integration_Module/arrowhead/src/install/services_registry_interfaces/lib/libservices_registry_interfaces__rosidl_typesupport_c.so
[0.125s] -- Up-to-date: /home/filipe/Desktop/Arrowhead_Integration_Module/arrowhead/src/install/services_registry_interfaces/include/services_registry_interfaces
[0.125s] -- Up-to-date: /home/filipe/Desktop/Arrowhead_Integration_Module/arrowhead/src/install/services_registry_interfaces/include/services_registry_interfaces/srv
[0.126s] -- Up-to-date: /home/filipe/Desktop/Arrowhead_Integration_Module/arrowhead/src/install/services_registry_interfaces/include/services_registry_interfaces/srv/registration_interface.hpp
[0.126s] -- Up-to-date: /home/filipe/Desktop/Arrowhead_Integration_Module/arrowhead/src/install/services_registry_interfaces/include/services_registry_interfaces/srv/detail
[0.126s] -- Up-to-date: /home/filipe/Desktop/Arrowhead_Integration_Module/arrowhead/src/install/services_registry_interfaces/include/services_registry_interfaces/srv/detail/registration_interface__builder.hpp
[0.126s] -- Up-to-date: /home/filipe/Desktop/Arrowhead_Integration_Module/arrowhead/src/install/services_registry_interfaces/include/services_registry_interfaces/srv/detail/registration_interface__struct.hpp
[0.126s] -- Up-to-date: /home/filipe/Desktop/Arrowhead_Integration_Module/arrowhead/src/install/services_registry_interfaces/include/services_registry_interfaces/srv/detail/registration_interface__traits.hpp
[0.126s] -- Up-to-date: /home/filipe/Desktop/Arrowhead_Integration_Module/arrowhead/src/install/services_registry_interfaces/include/services_registry_interfaces
[0.126s] -- Up-to-date: /home/filipe/Desktop/Arrowhead_Integration_Module/arrowhead/src/install/services_registry_interfaces/include/services_registry_interfaces/srv
[0.126s] -- Up-to-date: /home/filipe/Desktop/Arrowhead_Integration_Module/arrowhead/src/install/services_registry_interfaces/include/services_registry_interfaces/srv/detail
[0.126s] -- Up-to-date: /home/filipe/Desktop/Arrowhead_Integration_Module/arrowhead/src/install/services_registry_interfaces/include/services_registry_interfaces/srv/detail/registration_interface__type_support.cpp
[0.126s] -- Up-to-date: /home/filipe/Desktop/Arrowhead_Integration_Module/arrowhead/src/install/services_registry_interfaces/include/services_registry_interfaces/srv/detail/registration_interface__rosidl_typesupport_introspection_cpp.hpp
[0.126s] -- Up-to-date: /home/filipe/Desktop/Arrowhead_Integration_Module/arrowhead/src/install/services_registry_interfaces/lib/libservices_registry_interfaces__rosidl_typesupport_introspection_cpp.so
[0.126s] -- Up-to-date: /home/filipe/Desktop/Arrowhead_Integration_Module/arrowhead/src/install/services_registry_interfaces/lib/libservices_registry_interfaces__rosidl_typesupport_cpp.so
[0.126s] -- Up-to-date: /home/filipe/Desktop/Arrowhead_Integration_Module/arrowhead/src/install/services_registry_interfaces/share/services_registry_interfaces/environment/pythonpath.sh
[0.127s] -- Up-to-date: /home/filipe/Desktop/Arrowhead_Integration_Module/arrowhead/src/install/services_registry_interfaces/share/services_registry_interfaces/environment/pythonpath.dsv
[0.127s] -- Up-to-date: /home/filipe/Desktop/Arrowhead_Integration_Module/arrowhead/src/install/services_registry_interfaces/lib/python3.8/site-packages/services_registry_interfaces/__init__.py
[0.155s] -- Up-to-date: /home/filipe/Desktop/Arrowhead_Integration_Module/arrowhead/src/install/services_registry_interfaces/lib/python3.8/site-packages/services_registry_interfaces/srv
[0.155s] -- Up-to-date: /home/filipe/Desktop/Arrowhead_Integration_Module/arrowhead/src/install/services_registry_interfaces/lib/python3.8/site-packages/services_registry_interfaces/srv/_registration_interface.py
[0.155s] -- Up-to-date: /home/filipe/Desktop/Arrowhead_Integration_Module/arrowhead/src/install/services_registry_interfaces/lib/python3.8/site-packages/services_registry_interfaces/srv/__init__.py
[0.155s] -- Up-to-date: /home/filipe/Desktop/Arrowhead_Integration_Module/arrowhead/src/install/services_registry_interfaces/lib/python3.8/site-packages/services_registry_interfaces/srv/_registration_interface_s.c
[0.156s] -- Up-to-date: /home/filipe/Desktop/Arrowhead_Integration_Module/arrowhead/src/install/services_registry_interfaces/lib/python3.8/site-packages/services_registry_interfaces/services_registry_interfaces_s__rosidl_typesupport_fastrtps_c.cpython-38-x86_64-linux-gnu.so
[0.156s] -- Up-to-date: /home/filipe/Desktop/Arrowhead_Integration_Module/arrowhead/src/install/services_registry_interfaces/lib/python3.8/site-packages/services_registry_interfaces/services_registry_interfaces_s__rosidl_typesupport_introspection_c.cpython-38-x86_64-linux-gnu.so
[0.156s] -- Up-to-date: /home/filipe/Desktop/Arrowhead_Integration_Module/arrowhead/src/install/services_registry_interfaces/lib/python3.8/site-packages/services_registry_interfaces/services_registry_interfaces_s__rosidl_typesupport_c.cpython-38-x86_64-linux-gnu.so
[0.156s] -- Up-to-date: /home/filipe/Desktop/Arrowhead_Integration_Module/arrowhead/src/install/services_registry_interfaces/lib/libservices_registry_interfaces__python.so
[0.156s] -- Up-to-date: /home/filipe/Desktop/Arrowhead_Integration_Module/arrowhead/src/install/services_registry_interfaces/share/services_registry_interfaces/srv/RegistrationInterface.idl
[0.157s] -- Up-to-date: /home/filipe/Desktop/Arrowhead_Integration_Module/arrowhead/src/install/services_registry_interfaces/share/services_registry_interfaces/srv/RegistrationInterface.srv
[0.157s] -- Up-to-date: /home/filipe/Desktop/Arrowhead_Integration_Module/arrowhead/src/install/services_registry_interfaces/share/services_registry_interfaces/srv/RegistrationInterface_Request.msg
[0.157s] -- Up-to-date: /home/filipe/Desktop/Arrowhead_Integration_Module/arrowhead/src/install/services_registry_interfaces/share/services_registry_interfaces/srv/RegistrationInterface_Response.msg
[0.158s] -- Up-to-date: /home/filipe/Desktop/Arrowhead_Integration_Module/arrowhead/src/install/services_registry_interfaces/share/ament_index/resource_index/package_run_dependencies/services_registry_interfaces
[0.158s] -- Up-to-date: /home/filipe/Desktop/Arrowhead_Integration_Module/arrowhead/src/install/services_registry_interfaces/share/ament_index/resource_index/parent_prefix_path/services_registry_interfaces
[0.158s] -- Up-to-date: /home/filipe/Desktop/Arrowhead_Integration_Module/arrowhead/src/install/services_registry_interfaces/share/services_registry_interfaces/environment/ament_prefix_path.sh
[0.159s] -- Up-to-date: /home/filipe/Desktop/Arrowhead_Integration_Module/arrowhead/src/install/services_registry_interfaces/share/services_registry_interfaces/environment/ament_prefix_path.dsv
[0.159s] -- Up-to-date: /home/filipe/Desktop/Arrowhead_Integration_Module/arrowhead/src/install/services_registry_interfaces/share/services_registry_interfaces/environment/path.sh
[0.159s] -- Up-to-date: /home/filipe/Desktop/Arrowhead_Integration_Module/arrowhead/src/install/services_registry_interfaces/share/services_registry_interfaces/environment/path.dsv
[0.159s] -- Up-to-date: /home/filipe/Desktop/Arrowhead_Integration_Module/arrowhead/src/install/services_registry_interfaces/share/services_registry_interfaces/local_setup.bash
[0.159s] -- Up-to-date: /home/filipe/Desktop/Arrowhead_Integration_Module/arrowhead/src/install/services_registry_interfaces/share/services_registry_interfaces/local_setup.sh
[0.159s] -- Up-to-date: /home/filipe/Desktop/Arrowhead_Integration_Module/arrowhead/src/install/services_registry_interfaces/share/services_registry_interfaces/local_setup.zsh
[0.160s] -- Up-to-date: /home/filipe/Desktop/Arrowhead_Integration_Module/arrowhead/src/install/services_registry_interfaces/share/services_registry_interfaces/local_setup.dsv
[0.160s] -- Installing: /home/filipe/Desktop/Arrowhead_Integration_Module/arrowhead/src/install/services_registry_interfaces/share/services_registry_interfaces/package.dsv
[0.160s] -- Up-to-date: /home/filipe/Desktop/Arrowhead_Integration_Module/arrowhead/src/install/services_registry_interfaces/share/ament_index/resource_index/packages/services_registry_interfaces
[0.160s] -- Up-to-date: /home/filipe/Desktop/Arrowhead_Integration_Module/arrowhead/src/install/services_registry_interfaces/share/services_registry_interfaces/cmake/services_registry_interfaces__rosidl_generator_cExport.cmake
[0.161s] -- Up-to-date: /home/filipe/Desktop/Arrowhead_Integration_Module/arrowhead/src/install/services_registry_interfaces/share/services_registry_interfaces/cmake/services_registry_interfaces__rosidl_generator_cExport-noconfig.cmake
[0.161s] -- Up-to-date: /home/filipe/Desktop/Arrowhead_Integration_Module/arrowhead/src/install/services_registry_interfaces/share/services_registry_interfaces/cmake/services_registry_interfaces__rosidl_typesupport_introspection_cExport.cmake
[0.161s] -- Up-to-date: /home/filipe/Desktop/Arrowhead_Integration_Module/arrowhead/src/install/services_registry_interfaces/share/services_registry_interfaces/cmake/services_registry_interfaces__rosidl_typesupport_introspection_cExport-noconfig.cmake
[0.161s] -- Up-to-date: /home/filipe/Desktop/Arrowhead_Integration_Module/arrowhead/src/install/services_registry_interfaces/share/services_registry_interfaces/cmake/services_registry_interfaces__rosidl_typesupport_cExport.cmake
[0.161s] -- Up-to-date: /home/filipe/Desktop/Arrowhead_Integration_Module/arrowhead/src/install/services_registry_interfaces/share/services_registry_interfaces/cmake/services_registry_interfaces__rosidl_typesupport_cExport-noconfig.cmake
[0.161s] -- Up-to-date: /home/filipe/Desktop/Arrowhead_Integration_Module/arrowhead/src/install/services_registry_interfaces/share/services_registry_interfaces/cmake/services_registry_interfaces__rosidl_generator_cppExport.cmake
[0.162s] -- Up-to-date: /home/filipe/Desktop/Arrowhead_Integration_Module/arrowhead/src/install/services_registry_interfaces/share/services_registry_interfaces/cmake/services_registry_interfaces__rosidl_typesupport_introspection_cppExport.cmake
[0.162s] -- Up-to-date: /home/filipe/Desktop/Arrowhead_Integration_Module/arrowhead/src/install/services_registry_interfaces/share/services_registry_interfaces/cmake/services_registry_interfaces__rosidl_typesupport_introspection_cppExport-noconfig.cmake
[0.162s] -- Up-to-date: /home/filipe/Desktop/Arrowhead_Integration_Module/arrowhead/src/install/services_registry_interfaces/share/services_registry_interfaces/cmake/services_registry_interfaces__rosidl_typesupport_cppExport.cmake
[0.162s] -- Up-to-date: /home/filipe/Desktop/Arrowhead_Integration_Module/arrowhead/src/install/services_registry_interfaces/share/services_registry_interfaces/cmake/services_registry_interfaces__rosidl_typesupport_cppExport-noconfig.cmake
[0.162s] -- Up-to-date: /home/filipe/Desktop/Arrowhead_Integration_Module/arrowhead/src/install/services_registry_interfaces/share/services_registry_interfaces/cmake/rosidl_cmake-extras.cmake
[0.162s] -- Up-to-date: /home/filipe/Desktop/Arrowhead_Integration_Module/arrowhead/src/install/services_registry_interfaces/share/services_registry_interfaces/cmake/ament_cmake_export_dependencies-extras.cmake
[0.162s] -- Up-to-date: /home/filipe/Desktop/Arrowhead_Integration_Module/arrowhead/src/install/services_registry_interfaces/share/services_registry_interfaces/cmake/ament_cmake_export_libraries-extras.cmake
[0.162s] -- Up-to-date: /home/filipe/Desktop/Arrowhead_Integration_Module/arrowhead/src/install/services_registry_interfaces/share/services_registry_interfaces/cmake/ament_cmake_export_targets-extras.cmake
[0.163s] -- Up-to-date: /home/filipe/Desktop/Arrowhead_Integration_Module/arrowhead/src/install/services_registry_interfaces/share/services_registry_interfaces/cmake/ament_cmake_export_include_directories-extras.cmake
[0.163s] -- Up-to-date: /home/filipe/Desktop/Arrowhead_Integration_Module/arrowhead/src/install/services_registry_interfaces/share/services_registry_interfaces/cmake/rosidl_cmake_export_typesupport_libraries-extras.cmake
[0.163s] -- Up-to-date: /home/filipe/Desktop/Arrowhead_Integration_Module/arrowhead/src/install/services_registry_interfaces/share/services_registry_interfaces/cmake/rosidl_cmake_export_typesupport_targets-extras.cmake
[0.163s] -- Up-to-date: /home/filipe/Desktop/Arrowhead_Integration_Module/arrowhead/src/install/services_registry_interfaces/share/services_registry_interfaces/cmake/services_registry_interfacesConfig.cmake
[0.163s] -- Up-to-date: /home/filipe/Desktop/Arrowhead_Integration_Module/arrowhead/src/install/services_registry_interfaces/share/services_registry_interfaces/cmake/services_registry_interfacesConfig-version.cmake
[0.163s] -- Up-to-date: /home/filipe/Desktop/Arrowhead_Integration_Module/arrowhead/src/install/services_registry_interfaces/share/services_registry_interfaces/package.xml
[0.184s] Invoked command in '/home/filipe/Desktop/Arrowhead_Integration_Module/arrowhead/src/build/services_registry_interfaces' returned '0': CMAKE_PREFIX_PATH=${CMAKE_PREFIX_PATH}:/opt/ros/galactic /opt/cmake-3.28.1/bin/cmake --install /home/filipe/Desktop/Arrowhead_Integration_Module/arrowhead/src/build/services_registry_interfaces
