[0.020s] Invoking command in '/home/filipe/Desktop/Arrowhead_Integration_Module/arrowhead/src/build/cpp_pubsub': CMAKE_PREFIX_PATH=/opt/ros/galactic /opt/cmake-3.28.1/bin/cmake --build /home/filipe/Desktop/Arrowhead_Integration_Module/arrowhead/src/build/cpp_pubsub -- -j12 -l12
[0.082s] [ 33%] Built target traffic
[0.082s] [ 66%] Built target police
[0.084s] [100%] Built target test_police
[0.094s] Invoked command in '/home/filipe/Desktop/Arrowhead_Integration_Module/arrowhead/src/build/cpp_pubsub' returned '0': CMAKE_PREFIX_PATH=/opt/ros/galactic /opt/cmake-3.28.1/bin/cmake --build /home/filipe/Desktop/Arrowhead_Integration_Module/arrowhead/src/build/cpp_pubsub -- -j12 -l12
[0.097s] Invoking command in '/home/filipe/Desktop/Arrowhead_Integration_Module/arrowhead/src/build/cpp_pubsub': CMAKE_PREFIX_PATH=/opt/ros/galactic /opt/cmake-3.28.1/bin/cmake --install /home/filipe/Desktop/Arrowhead_Integration_Module/arrowhead/src/build/cpp_pubsub
[0.099s] -- Install configuration: ""
[0.099s] -- Up-to-date: /home/filipe/Desktop/Arrowhead_Integration_Module/arrowhead/src/install/cpp_pubsub/lib/cpp_pubsub/police
[0.101s] -- Up-to-date: /home/filipe/Desktop/Arrowhead_Integration_Module/arrowhead/src/install/cpp_pubsub/lib/cpp_pubsub/traffic
[0.103s] -- Up-to-date: /home/filipe/Desktop/Arrowhead_Integration_Module/arrowhead/src/install/cpp_pubsub/lib/cpp_pubsub/test_police
[0.103s] -- Up-to-date: /home/filipe/Desktop/Arrowhead_Integration_Module/arrowhead/src/install/cpp_pubsub/share/ament_index/resource_index/package_run_dependencies/cpp_pubsub
[0.103s] -- Up-to-date: /home/filipe/Desktop/Arrowhead_Integration_Module/arrowhead/src/install/cpp_pubsub/share/ament_index/resource_index/parent_prefix_path/cpp_pubsub
[0.103s] -- Up-to-date: /home/filipe/Desktop/Arrowhead_Integration_Module/arrowhead/src/install/cpp_pubsub/share/cpp_pubsub/environment/ament_prefix_path.sh
[0.103s] -- Up-to-date: /home/filipe/Desktop/Arrowhead_Integration_Module/arrowhead/src/install/cpp_pubsub/share/cpp_pubsub/environment/ament_prefix_path.dsv
[0.103s] -- Up-to-date: /home/filipe/Desktop/Arrowhead_Integration_Module/arrowhead/src/install/cpp_pubsub/share/cpp_pubsub/environment/path.sh
[0.104s] -- Up-to-date: /home/filipe/Desktop/Arrowhead_Integration_Module/arrowhead/src/install/cpp_pubsub/share/cpp_pubsub/environment/path.dsv
[0.104s] -- Up-to-date: /home/filipe/Desktop/Arrowhead_Integration_Module/arrowhead/src/install/cpp_pubsub/share/cpp_pubsub/local_setup.bash
[0.104s] -- Up-to-date: /home/filipe/Desktop/Arrowhead_Integration_Module/arrowhead/src/install/cpp_pubsub/share/cpp_pubsub/local_setup.sh
[0.104s] -- Up-to-date: /home/filipe/Desktop/Arrowhead_Integration_Module/arrowhead/src/install/cpp_pubsub/share/cpp_pubsub/local_setup.zsh
[0.104s] -- Up-to-date: /home/filipe/Desktop/Arrowhead_Integration_Module/arrowhead/src/install/cpp_pubsub/share/cpp_pubsub/local_setup.dsv
[0.104s] -- Installing: /home/filipe/Desktop/Arrowhead_Integration_Module/arrowhead/src/install/cpp_pubsub/share/cpp_pubsub/package.dsv
[0.104s] -- Up-to-date: /home/filipe/Desktop/Arrowhead_Integration_Module/arrowhead/src/install/cpp_pubsub/share/ament_index/resource_index/packages/cpp_pubsub
[0.104s] -- Up-to-date: /home/filipe/Desktop/Arrowhead_Integration_Module/arrowhead/src/install/cpp_pubsub/share/cpp_pubsub/cmake/cpp_pubsubConfig.cmake
[0.104s] -- Up-to-date: /home/filipe/Desktop/Arrowhead_Integration_Module/arrowhead/src/install/cpp_pubsub/share/cpp_pubsub/cmake/cpp_pubsubConfig-version.cmake
[0.104s] -- Up-to-date: /home/filipe/Desktop/Arrowhead_Integration_Module/arrowhead/src/install/cpp_pubsub/share/cpp_pubsub/package.xml
[0.124s] Invoked command in '/home/filipe/Desktop/Arrowhead_Integration_Module/arrowhead/src/build/cpp_pubsub' returned '0': CMAKE_PREFIX_PATH=/opt/ros/galactic /opt/cmake-3.28.1/bin/cmake --install /home/filipe/Desktop/Arrowhead_Integration_Module/arrowhead/src/build/cpp_pubsub
