[  3%] [34m[1mGenerating C code for ROS interfaces[0m
[  6%] [34m[1mGenerating C++ code for ROS interfaces[0m
[  6%] Built target services_discovery_interfaces__cpp
[  9%] [34m[1mGenerating C++ type support dispatch for ROS interfaces[0m
[ 12%] [34m[1mGenerating C++ introspection for ROS interfaces[0m
[ 16%] [34m[1mGenerating C++ type support for eProsima Fast-RTPS[0m
[ 19%] [32mBuilding C object CMakeFiles/services_discovery_interfaces__rosidl_generator_c.dir/rosidl_generator_c/services_discovery_interfaces/srv/detail/request_interface__functions.c.o[0m
[ 22%] [32m[1mLinking C shared library libservices_discovery_interfaces__rosidl_generator_c.so[0m
[ 22%] Built target services_discovery_interfaces__rosidl_generator_c
[ 29%] [34m[1mGenerating C type support dispatch for ROS interfaces[0m
[ 29%] [34m[1mGenerating C introspection for ROS interfaces[0m
[ 32%] [32mBuilding CXX object CMakeFiles/services_discovery_interfaces__rosidl_typesupport_fastrtps_cpp.dir/rosidl_typesupport_fastrtps_cpp/services_discovery_interfaces/srv/detail/dds_fastrtps/request_interface__type_support.cpp.o[0m
[ 35%] [32mBuilding CXX object CMakeFiles/services_discovery_interfaces__rosidl_typesupport_cpp.dir/rosidl_typesupport_cpp/services_discovery_interfaces/srv/request_interface__type_support.cpp.o[0m
[ 38%] [32mBuilding CXX object CMakeFiles/services_discovery_interfaces__rosidl_typesupport_introspection_cpp.dir/rosidl_typesupport_introspection_cpp/services_discovery_interfaces/srv/detail/request_interface__type_support.cpp.o[0m
[ 41%] [32mBuilding CXX object CMakeFiles/services_discovery_interfaces__rosidl_typesupport_c.dir/rosidl_typesupport_c/services_discovery_interfaces/srv/request_interface__type_support.cpp.o[0m
[ 45%] [32m[1mLinking CXX shared library libservices_discovery_interfaces__rosidl_typesupport_c.so[0m
[ 48%] [32mBuilding C object CMakeFiles/services_discovery_interfaces__rosidl_typesupport_introspection_c.dir/rosidl_typesupport_introspection_c/services_discovery_interfaces/srv/detail/request_interface__type_support.c.o[0m
[ 48%] Built target services_discovery_interfaces__rosidl_typesupport_c
[ 51%] [32m[1mLinking C shared library libservices_discovery_interfaces__rosidl_typesupport_introspection_c.so[0m
[ 51%] Built target services_discovery_interfaces__rosidl_typesupport_introspection_c
[ 54%] [32m[1mLinking CXX shared library libservices_discovery_interfaces__rosidl_typesupport_cpp.so[0m
[ 54%] Built target services_discovery_interfaces__rosidl_typesupport_cpp
[ 58%] [32m[1mLinking CXX shared library libservices_discovery_interfaces__rosidl_typesupport_fastrtps_cpp.so[0m
[ 61%] [32m[1mLinking CXX shared library libservices_discovery_interfaces__rosidl_typesupport_introspection_cpp.so[0m
[ 61%] Built target services_discovery_interfaces__rosidl_typesupport_fastrtps_cpp
[ 64%] [34m[1mGenerating C type support for eProsima Fast-RTPS[0m
[ 64%] Built target services_discovery_interfaces__rosidl_typesupport_introspection_cpp
[ 67%] [32mBuilding CXX object CMakeFiles/services_discovery_interfaces__rosidl_typesupport_fastrtps_c.dir/rosidl_typesupport_fastrtps_c/services_discovery_interfaces/srv/detail/request_interface__type_support_c.cpp.o[0m
[ 70%] [32m[1mLinking CXX shared library libservices_discovery_interfaces__rosidl_typesupport_fastrtps_c.so[0m
[ 70%] Built target services_discovery_interfaces__rosidl_typesupport_fastrtps_c
[ 70%] Built target services_discovery_interfaces
[ 74%] [34m[1mGenerating Python code for ROS interfaces[0m
[ 74%] Built target services_discovery_interfaces__py
[ 77%] [32mBuilding C object CMakeFiles/services_discovery_interfaces__python.dir/rosidl_generator_py/services_discovery_interfaces/srv/_request_interface_s.c.o[0m
[ 80%] [32m[1mLinking C shared library rosidl_generator_py/services_discovery_interfaces/libservices_discovery_interfaces__python.so[0m
[ 80%] Built target services_discovery_interfaces__python
[ 83%] [32mBuilding C object CMakeFiles/services_discovery_interfaces__rosidl_typesupport_fastrtps_c__pyext.dir/rosidl_generator_py/services_discovery_interfaces/_services_discovery_interfaces_s.ep.rosidl_typesupport_fastrtps_c.c.o[0m
[ 87%] [32mBuilding C object CMakeFiles/services_discovery_interfaces__rosidl_typesupport_introspection_c__pyext.dir/rosidl_generator_py/services_discovery_interfaces/_services_discovery_interfaces_s.ep.rosidl_typesupport_introspection_c.c.o[0m
[ 90%] [32mBuilding C object CMakeFiles/services_discovery_interfaces__rosidl_typesupport_c__pyext.dir/rosidl_generator_py/services_discovery_interfaces/_services_discovery_interfaces_s.ep.rosidl_typesupport_c.c.o[0m
[ 93%] [32m[1mLinking C shared library rosidl_generator_py/services_discovery_interfaces/services_discovery_interfaces_s__rosidl_typesupport_c.cpython-38-x86_64-linux-gnu.so[0m
[ 96%] [32m[1mLinking C shared library rosidl_generator_py/services_discovery_interfaces/services_discovery_interfaces_s__rosidl_typesupport_introspection_c.cpython-38-x86_64-linux-gnu.so[0m
[100%] [32m[1mLinking CXX shared library rosidl_generator_py/services_discovery_interfaces/services_discovery_interfaces_s__rosidl_typesupport_fastrtps_c.cpython-38-x86_64-linux-gnu.so[0m
[100%] Built target services_discovery_interfaces__rosidl_typesupport_c__pyext
[100%] Built target services_discovery_interfaces__rosidl_typesupport_introspection_c__pyext
[100%] Built target services_discovery_interfaces__rosidl_typesupport_fastrtps_c__pyext
-- Install configuration: ""
-- Installing: /home/filipe/Desktop/Arrowhead_Integration_Module/arrowhead/src/install/services_discovery_interfaces/share/ament_index/resource_index/rosidl_interfaces/services_discovery_interfaces
-- Installing: /home/filipe/Desktop/Arrowhead_Integration_Module/arrowhead/src/install/services_discovery_interfaces/include/services_discovery_interfaces
-- Installing: /home/filipe/Desktop/Arrowhead_Integration_Module/arrowhead/src/install/services_discovery_interfaces/include/services_discovery_interfaces/msg
-- Installing: /home/filipe/Desktop/Arrowhead_Integration_Module/arrowhead/src/install/services_discovery_interfaces/include/services_discovery_interfaces/msg/rosidl_generator_c__visibility_control.h
-- Installing: /home/filipe/Desktop/Arrowhead_Integration_Module/arrowhead/src/install/services_discovery_interfaces/include/services_discovery_interfaces/srv
-- Installing: /home/filipe/Desktop/Arrowhead_Integration_Module/arrowhead/src/install/services_discovery_interfaces/include/services_discovery_interfaces/srv/request_interface.h
-- Installing: /home/filipe/Desktop/Arrowhead_Integration_Module/arrowhead/src/install/services_discovery_interfaces/include/services_discovery_interfaces/srv/detail
-- Installing: /home/filipe/Desktop/Arrowhead_Integration_Module/arrowhead/src/install/services_discovery_interfaces/include/services_discovery_interfaces/srv/detail/request_interface__functions.c
-- Installing: /home/filipe/Desktop/Arrowhead_Integration_Module/arrowhead/src/install/services_discovery_interfaces/include/services_discovery_interfaces/srv/detail/request_interface__struct.h
-- Installing: /home/filipe/Desktop/Arrowhead_Integration_Module/arrowhead/src/install/services_discovery_interfaces/include/services_discovery_interfaces/srv/detail/request_interface__functions.h
-- Installing: /home/filipe/Desktop/Arrowhead_Integration_Module/arrowhead/src/install/services_discovery_interfaces/include/services_discovery_interfaces/srv/detail/request_interface__type_support.h
-- Installing: /home/filipe/Desktop/Arrowhead_Integration_Module/arrowhead/src/install/services_discovery_interfaces/share/services_discovery_interfaces/environment/library_path.sh
-- Installing: /home/filipe/Desktop/Arrowhead_Integration_Module/arrowhead/src/install/services_discovery_interfaces/share/services_discovery_interfaces/environment/library_path.dsv
-- Installing: /home/filipe/Desktop/Arrowhead_Integration_Module/arrowhead/src/install/services_discovery_interfaces/lib/libservices_discovery_interfaces__rosidl_generator_c.so
-- Set non-toolchain portion of runtime path of "/home/filipe/Desktop/Arrowhead_Integration_Module/arrowhead/src/install/services_discovery_interfaces/lib/libservices_discovery_interfaces__rosidl_generator_c.so" to ""
-- Up-to-date: /home/filipe/Desktop/Arrowhead_Integration_Module/arrowhead/src/install/services_discovery_interfaces/include/services_discovery_interfaces
-- Up-to-date: /home/filipe/Desktop/Arrowhead_Integration_Module/arrowhead/src/install/services_discovery_interfaces/include/services_discovery_interfaces/msg
-- Installing: /home/filipe/Desktop/Arrowhead_Integration_Module/arrowhead/src/install/services_discovery_interfaces/include/services_discovery_interfaces/msg/rosidl_typesupport_fastrtps_c__visibility_control.h
-- Up-to-date: /home/filipe/Desktop/Arrowhead_Integration_Module/arrowhead/src/install/services_discovery_interfaces/include/services_discovery_interfaces/srv
-- Up-to-date: /home/filipe/Desktop/Arrowhead_Integration_Module/arrowhead/src/install/services_discovery_interfaces/include/services_discovery_interfaces/srv/detail
-- Installing: /home/filipe/Desktop/Arrowhead_Integration_Module/arrowhead/src/install/services_discovery_interfaces/include/services_discovery_interfaces/srv/detail/request_interface__rosidl_typesupport_fastrtps_c.h
-- Installing: /home/filipe/Desktop/Arrowhead_Integration_Module/arrowhead/src/install/services_discovery_interfaces/lib/libservices_discovery_interfaces__rosidl_typesupport_fastrtps_c.so
-- Set non-toolchain portion of runtime path of "/home/filipe/Desktop/Arrowhead_Integration_Module/arrowhead/src/install/services_discovery_interfaces/lib/libservices_discovery_interfaces__rosidl_typesupport_fastrtps_c.so" to ""
-- Up-to-date: /home/filipe/Desktop/Arrowhead_Integration_Module/arrowhead/src/install/services_discovery_interfaces/include/services_discovery_interfaces
-- Up-to-date: /home/filipe/Desktop/Arrowhead_Integration_Module/arrowhead/src/install/services_discovery_interfaces/include/services_discovery_interfaces/msg
-- Installing: /home/filipe/Desktop/Arrowhead_Integration_Module/arrowhead/src/install/services_discovery_interfaces/include/services_discovery_interfaces/msg/rosidl_typesupport_fastrtps_cpp__visibility_control.h
-- Up-to-date: /home/filipe/Desktop/Arrowhead_Integration_Module/arrowhead/src/install/services_discovery_interfaces/include/services_discovery_interfaces/srv
-- Up-to-date: /home/filipe/Desktop/Arrowhead_Integration_Module/arrowhead/src/install/services_discovery_interfaces/include/services_discovery_interfaces/srv/detail
-- Installing: /home/filipe/Desktop/Arrowhead_Integration_Module/arrowhead/src/install/services_discovery_interfaces/include/services_discovery_interfaces/srv/detail/dds_fastrtps
-- Installing: /home/filipe/Desktop/Arrowhead_Integration_Module/arrowhead/src/install/services_discovery_interfaces/include/services_discovery_interfaces/srv/detail/request_interface__rosidl_typesupport_fastrtps_cpp.hpp
-- Installing: /home/filipe/Desktop/Arrowhead_Integration_Module/arrowhead/src/install/services_discovery_interfaces/lib/libservices_discovery_interfaces__rosidl_typesupport_fastrtps_cpp.so
-- Set non-toolchain portion of runtime path of "/home/filipe/Desktop/Arrowhead_Integration_Module/arrowhead/src/install/services_discovery_interfaces/lib/libservices_discovery_interfaces__rosidl_typesupport_fastrtps_cpp.so" to ""
-- Up-to-date: /home/filipe/Desktop/Arrowhead_Integration_Module/arrowhead/src/install/services_discovery_interfaces/include/services_discovery_interfaces
-- Up-to-date: /home/filipe/Desktop/Arrowhead_Integration_Module/arrowhead/src/install/services_discovery_interfaces/include/services_discovery_interfaces/msg
-- Installing: /home/filipe/Desktop/Arrowhead_Integration_Module/arrowhead/src/install/services_discovery_interfaces/include/services_discovery_interfaces/msg/rosidl_typesupport_introspection_c__visibility_control.h
-- Up-to-date: /home/filipe/Desktop/Arrowhead_Integration_Module/arrowhead/src/install/services_discovery_interfaces/include/services_discovery_interfaces/srv
-- Up-to-date: /home/filipe/Desktop/Arrowhead_Integration_Module/arrowhead/src/install/services_discovery_interfaces/include/services_discovery_interfaces/srv/detail
-- Installing: /home/filipe/Desktop/Arrowhead_Integration_Module/arrowhead/src/install/services_discovery_interfaces/include/services_discovery_interfaces/srv/detail/request_interface__rosidl_typesupport_introspection_c.h
-- Installing: /home/filipe/Desktop/Arrowhead_Integration_Module/arrowhead/src/install/services_discovery_interfaces/include/services_discovery_interfaces/srv/detail/request_interface__type_support.c
-- Installing: /home/filipe/Desktop/Arrowhead_Integration_Module/arrowhead/src/install/services_discovery_interfaces/lib/libservices_discovery_interfaces__rosidl_typesupport_introspection_c.so
-- Set non-toolchain portion of runtime path of "/home/filipe/Desktop/Arrowhead_Integration_Module/arrowhead/src/install/services_discovery_interfaces/lib/libservices_discovery_interfaces__rosidl_typesupport_introspection_c.so" to ""
-- Installing: /home/filipe/Desktop/Arrowhead_Integration_Module/arrowhead/src/install/services_discovery_interfaces/lib/libservices_discovery_interfaces__rosidl_typesupport_c.so
-- Set non-toolchain portion of runtime path of "/home/filipe/Desktop/Arrowhead_Integration_Module/arrowhead/src/install/services_discovery_interfaces/lib/libservices_discovery_interfaces__rosidl_typesupport_c.so" to ""
-- Up-to-date: /home/filipe/Desktop/Arrowhead_Integration_Module/arrowhead/src/install/services_discovery_interfaces/include/services_discovery_interfaces
-- Up-to-date: /home/filipe/Desktop/Arrowhead_Integration_Module/arrowhead/src/install/services_discovery_interfaces/include/services_discovery_interfaces/srv
-- Installing: /home/filipe/Desktop/Arrowhead_Integration_Module/arrowhead/src/install/services_discovery_interfaces/include/services_discovery_interfaces/srv/request_interface.hpp
-- Up-to-date: /home/filipe/Desktop/Arrowhead_Integration_Module/arrowhead/src/install/services_discovery_interfaces/include/services_discovery_interfaces/srv/detail
-- Installing: /home/filipe/Desktop/Arrowhead_Integration_Module/arrowhead/src/install/services_discovery_interfaces/include/services_discovery_interfaces/srv/detail/request_interface__builder.hpp
-- Installing: /home/filipe/Desktop/Arrowhead_Integration_Module/arrowhead/src/install/services_discovery_interfaces/include/services_discovery_interfaces/srv/detail/request_interface__traits.hpp
-- Installing: /home/filipe/Desktop/Arrowhead_Integration_Module/arrowhead/src/install/services_discovery_interfaces/include/services_discovery_interfaces/srv/detail/request_interface__struct.hpp
-- Up-to-date: /home/filipe/Desktop/Arrowhead_Integration_Module/arrowhead/src/install/services_discovery_interfaces/include/services_discovery_interfaces
-- Up-to-date: /home/filipe/Desktop/Arrowhead_Integration_Module/arrowhead/src/install/services_discovery_interfaces/include/services_discovery_interfaces/srv
-- Up-to-date: /home/filipe/Desktop/Arrowhead_Integration_Module/arrowhead/src/install/services_discovery_interfaces/include/services_discovery_interfaces/srv/detail
-- Installing: /home/filipe/Desktop/Arrowhead_Integration_Module/arrowhead/src/install/services_discovery_interfaces/include/services_discovery_interfaces/srv/detail/request_interface__rosidl_typesupport_introspection_cpp.hpp
-- Installing: /home/filipe/Desktop/Arrowhead_Integration_Module/arrowhead/src/install/services_discovery_interfaces/include/services_discovery_interfaces/srv/detail/request_interface__type_support.cpp
-- Installing: /home/filipe/Desktop/Arrowhead_Integration_Module/arrowhead/src/install/services_discovery_interfaces/lib/libservices_discovery_interfaces__rosidl_typesupport_introspection_cpp.so
-- Set non-toolchain portion of runtime path of "/home/filipe/Desktop/Arrowhead_Integration_Module/arrowhead/src/install/services_discovery_interfaces/lib/libservices_discovery_interfaces__rosidl_typesupport_introspection_cpp.so" to ""
-- Installing: /home/filipe/Desktop/Arrowhead_Integration_Module/arrowhead/src/install/services_discovery_interfaces/lib/libservices_discovery_interfaces__rosidl_typesupport_cpp.so
-- Set non-toolchain portion of runtime path of "/home/filipe/Desktop/Arrowhead_Integration_Module/arrowhead/src/install/services_discovery_interfaces/lib/libservices_discovery_interfaces__rosidl_typesupport_cpp.so" to ""
-- Installing: /home/filipe/Desktop/Arrowhead_Integration_Module/arrowhead/src/install/services_discovery_interfaces/share/services_discovery_interfaces/environment/pythonpath.sh
-- Installing: /home/filipe/Desktop/Arrowhead_Integration_Module/arrowhead/src/install/services_discovery_interfaces/share/services_discovery_interfaces/environment/pythonpath.dsv
-- Installing: /home/filipe/Desktop/Arrowhead_Integration_Module/arrowhead/src/install/services_discovery_interfaces/lib/python3.8/site-packages/services_discovery_interfaces/__init__.py
Compiling '/home/filipe/Desktop/Arrowhead_Integration_Module/arrowhead/src/install/services_discovery_interfaces/lib/python3.8/site-packages/services_discovery_interfaces/__init__.py'...
-- Installing: /home/filipe/Desktop/Arrowhead_Integration_Module/arrowhead/src/install/services_discovery_interfaces/lib/python3.8/site-packages/services_discovery_interfaces/srv
-- Installing: /home/filipe/Desktop/Arrowhead_Integration_Module/arrowhead/src/install/services_discovery_interfaces/lib/python3.8/site-packages/services_discovery_interfaces/srv/_request_interface_s.c
-- Installing: /home/filipe/Desktop/Arrowhead_Integration_Module/arrowhead/src/install/services_discovery_interfaces/lib/python3.8/site-packages/services_discovery_interfaces/srv/__init__.py
-- Installing: /home/filipe/Desktop/Arrowhead_Integration_Module/arrowhead/src/install/services_discovery_interfaces/lib/python3.8/site-packages/services_discovery_interfaces/srv/_request_interface.py
-- Installing: /home/filipe/Desktop/Arrowhead_Integration_Module/arrowhead/src/install/services_discovery_interfaces/lib/python3.8/site-packages/services_discovery_interfaces/services_discovery_interfaces_s__rosidl_typesupport_fastrtps_c.cpython-38-x86_64-linux-gnu.so
-- Set non-toolchain portion of runtime path of "/home/filipe/Desktop/Arrowhead_Integration_Module/arrowhead/src/install/services_discovery_interfaces/lib/python3.8/site-packages/services_discovery_interfaces/services_discovery_interfaces_s__rosidl_typesupport_fastrtps_c.cpython-38-x86_64-linux-gnu.so" to ""
-- Installing: /home/filipe/Desktop/Arrowhead_Integration_Module/arrowhead/src/install/services_discovery_interfaces/lib/python3.8/site-packages/services_discovery_interfaces/services_discovery_interfaces_s__rosidl_typesupport_introspection_c.cpython-38-x86_64-linux-gnu.so
-- Set non-toolchain portion of runtime path of "/home/filipe/Desktop/Arrowhead_Integration_Module/arrowhead/src/install/services_discovery_interfaces/lib/python3.8/site-packages/services_discovery_interfaces/services_discovery_interfaces_s__rosidl_typesupport_introspection_c.cpython-38-x86_64-linux-gnu.so" to ""
-- Installing: /home/filipe/Desktop/Arrowhead_Integration_Module/arrowhead/src/install/services_discovery_interfaces/lib/python3.8/site-packages/services_discovery_interfaces/services_discovery_interfaces_s__rosidl_typesupport_c.cpython-38-x86_64-linux-gnu.so
-- Set non-toolchain portion of runtime path of "/home/filipe/Desktop/Arrowhead_Integration_Module/arrowhead/src/install/services_discovery_interfaces/lib/python3.8/site-packages/services_discovery_interfaces/services_discovery_interfaces_s__rosidl_typesupport_c.cpython-38-x86_64-linux-gnu.so" to ""
-- Installing: /home/filipe/Desktop/Arrowhead_Integration_Module/arrowhead/src/install/services_discovery_interfaces/lib/libservices_discovery_interfaces__python.so
-- Set non-toolchain portion of runtime path of "/home/filipe/Desktop/Arrowhead_Integration_Module/arrowhead/src/install/services_discovery_interfaces/lib/libservices_discovery_interfaces__python.so" to ""
-- Installing: /home/filipe/Desktop/Arrowhead_Integration_Module/arrowhead/src/install/services_discovery_interfaces/share/services_discovery_interfaces/srv/RequestInterface.idl
-- Installing: /home/filipe/Desktop/Arrowhead_Integration_Module/arrowhead/src/install/services_discovery_interfaces/share/services_discovery_interfaces/srv/RequestInterface.srv
-- Installing: /home/filipe/Desktop/Arrowhead_Integration_Module/arrowhead/src/install/services_discovery_interfaces/share/services_discovery_interfaces/srv/RequestInterface_Request.msg
-- Installing: /home/filipe/Desktop/Arrowhead_Integration_Module/arrowhead/src/install/services_discovery_interfaces/share/services_discovery_interfaces/srv/RequestInterface_Response.msg
-- Installing: /home/filipe/Desktop/Arrowhead_Integration_Module/arrowhead/src/install/services_discovery_interfaces/share/ament_index/resource_index/package_run_dependencies/services_discovery_interfaces
-- Installing: /home/filipe/Desktop/Arrowhead_Integration_Module/arrowhead/src/install/services_discovery_interfaces/share/ament_index/resource_index/parent_prefix_path/services_discovery_interfaces
-- Installing: /home/filipe/Desktop/Arrowhead_Integration_Module/arrowhead/src/install/services_discovery_interfaces/share/services_discovery_interfaces/environment/ament_prefix_path.sh
-- Installing: /home/filipe/Desktop/Arrowhead_Integration_Module/arrowhead/src/install/services_discovery_interfaces/share/services_discovery_interfaces/environment/ament_prefix_path.dsv
-- Installing: /home/filipe/Desktop/Arrowhead_Integration_Module/arrowhead/src/install/services_discovery_interfaces/share/services_discovery_interfaces/environment/path.sh
-- Installing: /home/filipe/Desktop/Arrowhead_Integration_Module/arrowhead/src/install/services_discovery_interfaces/share/services_discovery_interfaces/environment/path.dsv
-- Installing: /home/filipe/Desktop/Arrowhead_Integration_Module/arrowhead/src/install/services_discovery_interfaces/share/services_discovery_interfaces/local_setup.bash
-- Installing: /home/filipe/Desktop/Arrowhead_Integration_Module/arrowhead/src/install/services_discovery_interfaces/share/services_discovery_interfaces/local_setup.sh
-- Installing: /home/filipe/Desktop/Arrowhead_Integration_Module/arrowhead/src/install/services_discovery_interfaces/share/services_discovery_interfaces/local_setup.zsh
-- Installing: /home/filipe/Desktop/Arrowhead_Integration_Module/arrowhead/src/install/services_discovery_interfaces/share/services_discovery_interfaces/local_setup.dsv
-- Installing: /home/filipe/Desktop/Arrowhead_Integration_Module/arrowhead/src/install/services_discovery_interfaces/share/services_discovery_interfaces/package.dsv
-- Installing: /home/filipe/Desktop/Arrowhead_Integration_Module/arrowhead/src/install/services_discovery_interfaces/share/ament_index/resource_index/packages/services_discovery_interfaces
-- Installing: /home/filipe/Desktop/Arrowhead_Integration_Module/arrowhead/src/install/services_discovery_interfaces/share/services_discovery_interfaces/cmake/services_discovery_interfaces__rosidl_generator_cExport.cmake
-- Installing: /home/filipe/Desktop/Arrowhead_Integration_Module/arrowhead/src/install/services_discovery_interfaces/share/services_discovery_interfaces/cmake/services_discovery_interfaces__rosidl_generator_cExport-noconfig.cmake
-- Installing: /home/filipe/Desktop/Arrowhead_Integration_Module/arrowhead/src/install/services_discovery_interfaces/share/services_discovery_interfaces/cmake/services_discovery_interfaces__rosidl_typesupport_introspection_cExport.cmake
-- Installing: /home/filipe/Desktop/Arrowhead_Integration_Module/arrowhead/src/install/services_discovery_interfaces/share/services_discovery_interfaces/cmake/services_discovery_interfaces__rosidl_typesupport_introspection_cExport-noconfig.cmake
-- Installing: /home/filipe/Desktop/Arrowhead_Integration_Module/arrowhead/src/install/services_discovery_interfaces/share/services_discovery_interfaces/cmake/services_discovery_interfaces__rosidl_typesupport_cExport.cmake
-- Installing: /home/filipe/Desktop/Arrowhead_Integration_Module/arrowhead/src/install/services_discovery_interfaces/share/services_discovery_interfaces/cmake/services_discovery_interfaces__rosidl_typesupport_cExport-noconfig.cmake
-- Installing: /home/filipe/Desktop/Arrowhead_Integration_Module/arrowhead/src/install/services_discovery_interfaces/share/services_discovery_interfaces/cmake/services_discovery_interfaces__rosidl_generator_cppExport.cmake
-- Installing: /home/filipe/Desktop/Arrowhead_Integration_Module/arrowhead/src/install/services_discovery_interfaces/share/services_discovery_interfaces/cmake/services_discovery_interfaces__rosidl_typesupport_introspection_cppExport.cmake
-- Installing: /home/filipe/Desktop/Arrowhead_Integration_Module/arrowhead/src/install/services_discovery_interfaces/share/services_discovery_interfaces/cmake/services_discovery_interfaces__rosidl_typesupport_introspection_cppExport-noconfig.cmake
-- Installing: /home/filipe/Desktop/Arrowhead_Integration_Module/arrowhead/src/install/services_discovery_interfaces/share/services_discovery_interfaces/cmake/services_discovery_interfaces__rosidl_typesupport_cppExport.cmake
-- Installing: /home/filipe/Desktop/Arrowhead_Integration_Module/arrowhead/src/install/services_discovery_interfaces/share/services_discovery_interfaces/cmake/services_discovery_interfaces__rosidl_typesupport_cppExport-noconfig.cmake
-- Installing: /home/filipe/Desktop/Arrowhead_Integration_Module/arrowhead/src/install/services_discovery_interfaces/share/services_discovery_interfaces/cmake/rosidl_cmake-extras.cmake
-- Installing: /home/filipe/Desktop/Arrowhead_Integration_Module/arrowhead/src/install/services_discovery_interfaces/share/services_discovery_interfaces/cmake/ament_cmake_export_dependencies-extras.cmake
-- Installing: /home/filipe/Desktop/Arrowhead_Integration_Module/arrowhead/src/install/services_discovery_interfaces/share/services_discovery_interfaces/cmake/ament_cmake_export_libraries-extras.cmake
-- Installing: /home/filipe/Desktop/Arrowhead_Integration_Module/arrowhead/src/install/services_discovery_interfaces/share/services_discovery_interfaces/cmake/ament_cmake_export_targets-extras.cmake
-- Installing: /home/filipe/Desktop/Arrowhead_Integration_Module/arrowhead/src/install/services_discovery_interfaces/share/services_discovery_interfaces/cmake/ament_cmake_export_include_directories-extras.cmake
-- Installing: /home/filipe/Desktop/Arrowhead_Integration_Module/arrowhead/src/install/services_discovery_interfaces/share/services_discovery_interfaces/cmake/rosidl_cmake_export_typesupport_libraries-extras.cmake
-- Installing: /home/filipe/Desktop/Arrowhead_Integration_Module/arrowhead/src/install/services_discovery_interfaces/share/services_discovery_interfaces/cmake/rosidl_cmake_export_typesupport_targets-extras.cmake
-- Installing: /home/filipe/Desktop/Arrowhead_Integration_Module/arrowhead/src/install/services_discovery_interfaces/share/services_discovery_interfaces/cmake/services_discovery_interfacesConfig.cmake
-- Installing: /home/filipe/Desktop/Arrowhead_Integration_Module/arrowhead/src/install/services_discovery_interfaces/share/services_discovery_interfaces/cmake/services_discovery_interfacesConfig-version.cmake
-- Installing: /home/filipe/Desktop/Arrowhead_Integration_Module/arrowhead/src/install/services_discovery_interfaces/share/services_discovery_interfaces/package.xml
