[0.014s] Invoking command in '/home/filipe/Desktop/Arrowhead_Integration_Module/arrowhead/src/build/services_discovery_interfaces': CMAKE_PREFIX_PATH=${CMAKE_PREFIX_PATH}:/opt/ros/galactic /opt/cmake-3.28.1/bin/cmake --build /home/filipe/Desktop/Arrowhead_Integration_Module/arrowhead/src/build/services_discovery_interfaces -- -j12 -l12
[0.040s] [  3%] [34m[1mGenerating C code for ROS interfaces[0m
[0.044s] [  6%] [34m[1mGenerating C++ code for ROS interfaces[0m
[0.219s] [  6%] Built target services_discovery_interfaces__cpp
[0.224s] [  9%] [34m[1mGenerating C++ type support dispatch for ROS interfaces[0m
[0.224s] [ 12%] [34m[1mGenerating C++ introspection for ROS interfaces[0m
[0.224s] [ 16%] [34m[1mGenerating C++ type support for eProsima Fast-RTPS[0m
[0.230s] [ 19%] [32mBuilding C object CMakeFiles/services_discovery_interfaces__rosidl_generator_c.dir/rosidl_generator_c/services_discovery_interfaces/srv/detail/request_interface__functions.c.o[0m
[0.282s] [ 22%] [32m[1mLinking C shared library libservices_discovery_interfaces__rosidl_generator_c.so[0m
[0.302s] [ 22%] Built target services_discovery_interfaces__rosidl_generator_c
[0.308s] [ 29%] [34m[1mGenerating C type support dispatch for ROS interfaces[0m
[0.308s] [ 29%] [34m[1mGenerating C introspection for ROS interfaces[0m
[0.412s] [ 32%] [32mBuilding CXX object CMakeFiles/services_discovery_interfaces__rosidl_typesupport_fastrtps_cpp.dir/rosidl_typesupport_fastrtps_cpp/services_discovery_interfaces/srv/detail/dds_fastrtps/request_interface__type_support.cpp.o[0m
[0.452s] [ 35%] [32mBuilding CXX object CMakeFiles/services_discovery_interfaces__rosidl_typesupport_cpp.dir/rosidl_typesupport_cpp/services_discovery_interfaces/srv/request_interface__type_support.cpp.o[0m
[0.493s] [ 38%] [32mBuilding CXX object CMakeFiles/services_discovery_interfaces__rosidl_typesupport_introspection_cpp.dir/rosidl_typesupport_introspection_cpp/services_discovery_interfaces/srv/detail/request_interface__type_support.cpp.o[0m
[0.531s] [ 41%] [32mBuilding CXX object CMakeFiles/services_discovery_interfaces__rosidl_typesupport_c.dir/rosidl_typesupport_c/services_discovery_interfaces/srv/request_interface__type_support.cpp.o[0m
[0.556s] [ 45%] [32m[1mLinking CXX shared library libservices_discovery_interfaces__rosidl_typesupport_c.so[0m
[0.572s] [ 48%] [32mBuilding C object CMakeFiles/services_discovery_interfaces__rosidl_typesupport_introspection_c.dir/rosidl_typesupport_introspection_c/services_discovery_interfaces/srv/detail/request_interface__type_support.c.o[0m
[0.579s] [ 48%] Built target services_discovery_interfaces__rosidl_typesupport_c
[0.596s] [ 51%] [32m[1mLinking C shared library libservices_discovery_interfaces__rosidl_typesupport_introspection_c.so[0m
[0.611s] [ 51%] Built target services_discovery_interfaces__rosidl_typesupport_introspection_c
[0.680s] [ 54%] [32m[1mLinking CXX shared library libservices_discovery_interfaces__rosidl_typesupport_cpp.so[0m
[0.704s] [ 54%] Built target services_discovery_interfaces__rosidl_typesupport_cpp
[0.789s] [ 58%] [32m[1mLinking CXX shared library libservices_discovery_interfaces__rosidl_typesupport_fastrtps_cpp.so[0m
[0.809s] [ 61%] [32m[1mLinking CXX shared library libservices_discovery_interfaces__rosidl_typesupport_introspection_cpp.so[0m
[0.845s] [ 61%] Built target services_discovery_interfaces__rosidl_typesupport_fastrtps_cpp
[0.850s] [ 64%] [34m[1mGenerating C type support for eProsima Fast-RTPS[0m
[0.852s] [ 64%] Built target services_discovery_interfaces__rosidl_typesupport_introspection_cpp
[1.026s] [ 67%] [32mBuilding CXX object CMakeFiles/services_discovery_interfaces__rosidl_typesupport_fastrtps_c.dir/rosidl_typesupport_fastrtps_c/services_discovery_interfaces/srv/detail/request_interface__type_support_c.cpp.o[0m
[1.267s] [ 70%] [32m[1mLinking CXX shared library libservices_discovery_interfaces__rosidl_typesupport_fastrtps_c.so[0m
[1.318s] [ 70%] Built target services_discovery_interfaces__rosidl_typesupport_fastrtps_c
[1.328s] [ 70%] Built target services_discovery_interfaces
[1.337s] [ 74%] [34m[1mGenerating Python code for ROS interfaces[0m
[1.691s] [ 74%] Built target services_discovery_interfaces__py
[1.700s] [ 77%] [32mBuilding C object CMakeFiles/services_discovery_interfaces__python.dir/rosidl_generator_py/services_discovery_interfaces/srv/_request_interface_s.c.o[0m
[1.789s] [ 80%] [32m[1mLinking C shared library rosidl_generator_py/services_discovery_interfaces/libservices_discovery_interfaces__python.so[0m
[1.817s] [ 80%] Built target services_discovery_interfaces__python
[1.826s] [ 83%] [32mBuilding C object CMakeFiles/services_discovery_interfaces__rosidl_typesupport_fastrtps_c__pyext.dir/rosidl_generator_py/services_discovery_interfaces/_services_discovery_interfaces_s.ep.rosidl_typesupport_fastrtps_c.c.o[0m
[1.827s] [ 87%] [32mBuilding C object CMakeFiles/services_discovery_interfaces__rosidl_typesupport_introspection_c__pyext.dir/rosidl_generator_py/services_discovery_interfaces/_services_discovery_interfaces_s.ep.rosidl_typesupport_introspection_c.c.o[0m
[1.827s] [ 90%] [32mBuilding C object CMakeFiles/services_discovery_interfaces__rosidl_typesupport_c__pyext.dir/rosidl_generator_py/services_discovery_interfaces/_services_discovery_interfaces_s.ep.rosidl_typesupport_c.c.o[0m
[1.882s] [ 93%] [32m[1mLinking C shared library rosidl_generator_py/services_discovery_interfaces/services_discovery_interfaces_s__rosidl_typesupport_c.cpython-38-x86_64-linux-gnu.so[0m
[1.884s] [ 96%] [32m[1mLinking C shared library rosidl_generator_py/services_discovery_interfaces/services_discovery_interfaces_s__rosidl_typesupport_introspection_c.cpython-38-x86_64-linux-gnu.so[0m
[1.884s] [100%] [32m[1mLinking CXX shared library rosidl_generator_py/services_discovery_interfaces/services_discovery_interfaces_s__rosidl_typesupport_fastrtps_c.cpython-38-x86_64-linux-gnu.so[0m
[1.901s] [100%] Built target services_discovery_interfaces__rosidl_typesupport_c__pyext
[1.902s] [100%] Built target services_discovery_interfaces__rosidl_typesupport_introspection_c__pyext
[1.925s] [100%] Built target services_discovery_interfaces__rosidl_typesupport_fastrtps_c__pyext
[1.930s] Invoked command in '/home/filipe/Desktop/Arrowhead_Integration_Module/arrowhead/src/build/services_discovery_interfaces' returned '0': CMAKE_PREFIX_PATH=${CMAKE_PREFIX_PATH}:/opt/ros/galactic /opt/cmake-3.28.1/bin/cmake --build /home/filipe/Desktop/Arrowhead_Integration_Module/arrowhead/src/build/services_discovery_interfaces -- -j12 -l12
[1.936s] Invoking command in '/home/filipe/Desktop/Arrowhead_Integration_Module/arrowhead/src/build/services_discovery_interfaces': CMAKE_PREFIX_PATH=${CMAKE_PREFIX_PATH}:/opt/ros/galactic /opt/cmake-3.28.1/bin/cmake --install /home/filipe/Desktop/Arrowhead_Integration_Module/arrowhead/src/build/services_discovery_interfaces
[1.940s] -- Install configuration: ""
[1.940s] -- Installing: /home/filipe/Desktop/Arrowhead_Integration_Module/arrowhead/src/install/services_discovery_interfaces/share/ament_index/resource_index/rosidl_interfaces/services_discovery_interfaces
[1.940s] -- Installing: /home/filipe/Desktop/Arrowhead_Integration_Module/arrowhead/src/install/services_discovery_interfaces/include/services_discovery_interfaces
[1.940s] -- Installing: /home/filipe/Desktop/Arrowhead_Integration_Module/arrowhead/src/install/services_discovery_interfaces/include/services_discovery_interfaces/msg
[1.940s] -- Installing: /home/filipe/Desktop/Arrowhead_Integration_Module/arrowhead/src/install/services_discovery_interfaces/include/services_discovery_interfaces/msg/rosidl_generator_c__visibility_control.h
[1.940s] -- Installing: /home/filipe/Desktop/Arrowhead_Integration_Module/arrowhead/src/install/services_discovery_interfaces/include/services_discovery_interfaces/srv
[1.940s] -- Installing: /home/filipe/Desktop/Arrowhead_Integration_Module/arrowhead/src/install/services_discovery_interfaces/include/services_discovery_interfaces/srv/request_interface.h
[1.941s] -- Installing: /home/filipe/Desktop/Arrowhead_Integration_Module/arrowhead/src/install/services_discovery_interfaces/include/services_discovery_interfaces/srv/detail
[1.941s] -- Installing: /home/filipe/Desktop/Arrowhead_Integration_Module/arrowhead/src/install/services_discovery_interfaces/include/services_discovery_interfaces/srv/detail/request_interface__functions.c
[1.941s] -- Installing: /home/filipe/Desktop/Arrowhead_Integration_Module/arrowhead/src/install/services_discovery_interfaces/include/services_discovery_interfaces/srv/detail/request_interface__struct.h
[1.941s] -- Installing: /home/filipe/Desktop/Arrowhead_Integration_Module/arrowhead/src/install/services_discovery_interfaces/include/services_discovery_interfaces/srv/detail/request_interface__functions.h
[1.941s] -- Installing: /home/filipe/Desktop/Arrowhead_Integration_Module/arrowhead/src/install/services_discovery_interfaces/include/services_discovery_interfaces/srv/detail/request_interface__type_support.h
[1.941s] -- Installing: /home/filipe/Desktop/Arrowhead_Integration_Module/arrowhead/src/install/services_discovery_interfaces/share/services_discovery_interfaces/environment/library_path.sh
[1.942s] -- Installing: /home/filipe/Desktop/Arrowhead_Integration_Module/arrowhead/src/install/services_discovery_interfaces/share/services_discovery_interfaces/environment/library_path.dsv
[1.942s] -- Installing: /home/filipe/Desktop/Arrowhead_Integration_Module/arrowhead/src/install/services_discovery_interfaces/lib/libservices_discovery_interfaces__rosidl_generator_c.so
[1.942s] -- Set non-toolchain portion of runtime path of "/home/filipe/Desktop/Arrowhead_Integration_Module/arrowhead/src/install/services_discovery_interfaces/lib/libservices_discovery_interfaces__rosidl_generator_c.so" to ""
[1.942s] -- Up-to-date: /home/filipe/Desktop/Arrowhead_Integration_Module/arrowhead/src/install/services_discovery_interfaces/include/services_discovery_interfaces
[1.942s] -- Up-to-date: /home/filipe/Desktop/Arrowhead_Integration_Module/arrowhead/src/install/services_discovery_interfaces/include/services_discovery_interfaces/msg
[1.942s] -- Installing: /home/filipe/Desktop/Arrowhead_Integration_Module/arrowhead/src/install/services_discovery_interfaces/include/services_discovery_interfaces/msg/rosidl_typesupport_fastrtps_c__visibility_control.h
[1.943s] -- Up-to-date: /home/filipe/Desktop/Arrowhead_Integration_Module/arrowhead/src/install/services_discovery_interfaces/include/services_discovery_interfaces/srv
[1.943s] -- Up-to-date: /home/filipe/Desktop/Arrowhead_Integration_Module/arrowhead/src/install/services_discovery_interfaces/include/services_discovery_interfaces/srv/detail
[1.943s] -- Installing: /home/filipe/Desktop/Arrowhead_Integration_Module/arrowhead/src/install/services_discovery_interfaces/include/services_discovery_interfaces/srv/detail/request_interface__rosidl_typesupport_fastrtps_c.h
[1.943s] -- Installing: /home/filipe/Desktop/Arrowhead_Integration_Module/arrowhead/src/install/services_discovery_interfaces/lib/libservices_discovery_interfaces__rosidl_typesupport_fastrtps_c.so
[1.943s] -- Set non-toolchain portion of runtime path of "/home/filipe/Desktop/Arrowhead_Integration_Module/arrowhead/src/install/services_discovery_interfaces/lib/libservices_discovery_interfaces__rosidl_typesupport_fastrtps_c.so" to ""
[1.943s] -- Up-to-date: /home/filipe/Desktop/Arrowhead_Integration_Module/arrowhead/src/install/services_discovery_interfaces/include/services_discovery_interfaces
[1.943s] -- Up-to-date: /home/filipe/Desktop/Arrowhead_Integration_Module/arrowhead/src/install/services_discovery_interfaces/include/services_discovery_interfaces/msg
[1.943s] -- Installing: /home/filipe/Desktop/Arrowhead_Integration_Module/arrowhead/src/install/services_discovery_interfaces/include/services_discovery_interfaces/msg/rosidl_typesupport_fastrtps_cpp__visibility_control.h
[1.944s] -- Up-to-date: /home/filipe/Desktop/Arrowhead_Integration_Module/arrowhead/src/install/services_discovery_interfaces/include/services_discovery_interfaces/srv
[1.944s] -- Up-to-date: /home/filipe/Desktop/Arrowhead_Integration_Module/arrowhead/src/install/services_discovery_interfaces/include/services_discovery_interfaces/srv/detail
[1.944s] -- Installing: /home/filipe/Desktop/Arrowhead_Integration_Module/arrowhead/src/install/services_discovery_interfaces/include/services_discovery_interfaces/srv/detail/dds_fastrtps
[1.944s] -- Installing: /home/filipe/Desktop/Arrowhead_Integration_Module/arrowhead/src/install/services_discovery_interfaces/include/services_discovery_interfaces/srv/detail/request_interface__rosidl_typesupport_fastrtps_cpp.hpp
[1.944s] -- Installing: /home/filipe/Desktop/Arrowhead_Integration_Module/arrowhead/src/install/services_discovery_interfaces/lib/libservices_discovery_interfaces__rosidl_typesupport_fastrtps_cpp.so
[1.944s] -- Set non-toolchain portion of runtime path of "/home/filipe/Desktop/Arrowhead_Integration_Module/arrowhead/src/install/services_discovery_interfaces/lib/libservices_discovery_interfaces__rosidl_typesupport_fastrtps_cpp.so" to ""
[1.944s] -- Up-to-date: /home/filipe/Desktop/Arrowhead_Integration_Module/arrowhead/src/install/services_discovery_interfaces/include/services_discovery_interfaces
[1.945s] -- Up-to-date: /home/filipe/Desktop/Arrowhead_Integration_Module/arrowhead/src/install/services_discovery_interfaces/include/services_discovery_interfaces/msg
[1.945s] -- Installing: /home/filipe/Desktop/Arrowhead_Integration_Module/arrowhead/src/install/services_discovery_interfaces/include/services_discovery_interfaces/msg/rosidl_typesupport_introspection_c__visibility_control.h
[1.945s] -- Up-to-date: /home/filipe/Desktop/Arrowhead_Integration_Module/arrowhead/src/install/services_discovery_interfaces/include/services_discovery_interfaces/srv
[1.945s] -- Up-to-date: /home/filipe/Desktop/Arrowhead_Integration_Module/arrowhead/src/install/services_discovery_interfaces/include/services_discovery_interfaces/srv/detail
[1.945s] -- Installing: /home/filipe/Desktop/Arrowhead_Integration_Module/arrowhead/src/install/services_discovery_interfaces/include/services_discovery_interfaces/srv/detail/request_interface__rosidl_typesupport_introspection_c.h
[1.945s] -- Installing: /home/filipe/Desktop/Arrowhead_Integration_Module/arrowhead/src/install/services_discovery_interfaces/include/services_discovery_interfaces/srv/detail/request_interface__type_support.c
[1.945s] -- Installing: /home/filipe/Desktop/Arrowhead_Integration_Module/arrowhead/src/install/services_discovery_interfaces/lib/libservices_discovery_interfaces__rosidl_typesupport_introspection_c.so
[1.946s] -- Set non-toolchain portion of runtime path of "/home/filipe/Desktop/Arrowhead_Integration_Module/arrowhead/src/install/services_discovery_interfaces/lib/libservices_discovery_interfaces__rosidl_typesupport_introspection_c.so" to ""
[1.946s] -- Installing: /home/filipe/Desktop/Arrowhead_Integration_Module/arrowhead/src/install/services_discovery_interfaces/lib/libservices_discovery_interfaces__rosidl_typesupport_c.so
[1.946s] -- Set non-toolchain portion of runtime path of "/home/filipe/Desktop/Arrowhead_Integration_Module/arrowhead/src/install/services_discovery_interfaces/lib/libservices_discovery_interfaces__rosidl_typesupport_c.so" to ""
[1.946s] -- Up-to-date: /home/filipe/Desktop/Arrowhead_Integration_Module/arrowhead/src/install/services_discovery_interfaces/include/services_discovery_interfaces
[1.946s] -- Up-to-date: /home/filipe/Desktop/Arrowhead_Integration_Module/arrowhead/src/install/services_discovery_interfaces/include/services_discovery_interfaces/srv
[1.946s] -- Installing: /home/filipe/Desktop/Arrowhead_Integration_Module/arrowhead/src/install/services_discovery_interfaces/include/services_discovery_interfaces/srv/request_interface.hpp
[1.946s] -- Up-to-date: /home/filipe/Desktop/Arrowhead_Integration_Module/arrowhead/src/install/services_discovery_interfaces/include/services_discovery_interfaces/srv/detail
[1.946s] -- Installing: /home/filipe/Desktop/Arrowhead_Integration_Module/arrowhead/src/install/services_discovery_interfaces/include/services_discovery_interfaces/srv/detail/request_interface__builder.hpp
[1.947s] -- Installing: /home/filipe/Desktop/Arrowhead_Integration_Module/arrowhead/src/install/services_discovery_interfaces/include/services_discovery_interfaces/srv/detail/request_interface__traits.hpp
[1.947s] -- Installing: /home/filipe/Desktop/Arrowhead_Integration_Module/arrowhead/src/install/services_discovery_interfaces/include/services_discovery_interfaces/srv/detail/request_interface__struct.hpp
[1.947s] -- Up-to-date: /home/filipe/Desktop/Arrowhead_Integration_Module/arrowhead/src/install/services_discovery_interfaces/include/services_discovery_interfaces
[1.947s] -- Up-to-date: /home/filipe/Desktop/Arrowhead_Integration_Module/arrowhead/src/install/services_discovery_interfaces/include/services_discovery_interfaces/srv
[1.947s] -- Up-to-date: /home/filipe/Desktop/Arrowhead_Integration_Module/arrowhead/src/install/services_discovery_interfaces/include/services_discovery_interfaces/srv/detail
[1.947s] -- Installing: /home/filipe/Desktop/Arrowhead_Integration_Module/arrowhead/src/install/services_discovery_interfaces/include/services_discovery_interfaces/srv/detail/request_interface__rosidl_typesupport_introspection_cpp.hpp
[1.947s] -- Installing: /home/filipe/Desktop/Arrowhead_Integration_Module/arrowhead/src/install/services_discovery_interfaces/include/services_discovery_interfaces/srv/detail/request_interface__type_support.cpp
[1.948s] -- Installing: /home/filipe/Desktop/Arrowhead_Integration_Module/arrowhead/src/install/services_discovery_interfaces/lib/libservices_discovery_interfaces__rosidl_typesupport_introspection_cpp.so
[1.948s] -- Set non-toolchain portion of runtime path of "/home/filipe/Desktop/Arrowhead_Integration_Module/arrowhead/src/install/services_discovery_interfaces/lib/libservices_discovery_interfaces__rosidl_typesupport_introspection_cpp.so" to ""
[1.948s] -- Installing: /home/filipe/Desktop/Arrowhead_Integration_Module/arrowhead/src/install/services_discovery_interfaces/lib/libservices_discovery_interfaces__rosidl_typesupport_cpp.so
[1.949s] -- Set non-toolchain portion of runtime path of "/home/filipe/Desktop/Arrowhead_Integration_Module/arrowhead/src/install/services_discovery_interfaces/lib/libservices_discovery_interfaces__rosidl_typesupport_cpp.so" to ""
[1.949s] -- Installing: /home/filipe/Desktop/Arrowhead_Integration_Module/arrowhead/src/install/services_discovery_interfaces/share/services_discovery_interfaces/environment/pythonpath.sh
[1.949s] -- Installing: /home/filipe/Desktop/Arrowhead_Integration_Module/arrowhead/src/install/services_discovery_interfaces/share/services_discovery_interfaces/environment/pythonpath.dsv
[1.949s] -- Installing: /home/filipe/Desktop/Arrowhead_Integration_Module/arrowhead/src/install/services_discovery_interfaces/lib/python3.8/site-packages/services_discovery_interfaces/__init__.py
[1.974s] Compiling '/home/filipe/Desktop/Arrowhead_Integration_Module/arrowhead/src/install/services_discovery_interfaces/lib/python3.8/site-packages/services_discovery_interfaces/__init__.py'...
[1.977s] -- Installing: /home/filipe/Desktop/Arrowhead_Integration_Module/arrowhead/src/install/services_discovery_interfaces/lib/python3.8/site-packages/services_discovery_interfaces/srv
[1.977s] -- Installing: /home/filipe/Desktop/Arrowhead_Integration_Module/arrowhead/src/install/services_discovery_interfaces/lib/python3.8/site-packages/services_discovery_interfaces/srv/_request_interface_s.c
[1.977s] -- Installing: /home/filipe/Desktop/Arrowhead_Integration_Module/arrowhead/src/install/services_discovery_interfaces/lib/python3.8/site-packages/services_discovery_interfaces/srv/__init__.py
[1.977s] -- Installing: /home/filipe/Desktop/Arrowhead_Integration_Module/arrowhead/src/install/services_discovery_interfaces/lib/python3.8/site-packages/services_discovery_interfaces/srv/_request_interface.py
[1.978s] -- Installing: /home/filipe/Desktop/Arrowhead_Integration_Module/arrowhead/src/install/services_discovery_interfaces/lib/python3.8/site-packages/services_discovery_interfaces/services_discovery_interfaces_s__rosidl_typesupport_fastrtps_c.cpython-38-x86_64-linux-gnu.so
[1.978s] -- Set non-toolchain portion of runtime path of "/home/filipe/Desktop/Arrowhead_Integration_Module/arrowhead/src/install/services_discovery_interfaces/lib/python3.8/site-packages/services_discovery_interfaces/services_discovery_interfaces_s__rosidl_typesupport_fastrtps_c.cpython-38-x86_64-linux-gnu.so" to ""
[1.978s] -- Installing: /home/filipe/Desktop/Arrowhead_Integration_Module/arrowhead/src/install/services_discovery_interfaces/lib/python3.8/site-packages/services_discovery_interfaces/services_discovery_interfaces_s__rosidl_typesupport_introspection_c.cpython-38-x86_64-linux-gnu.so
[1.979s] -- Set non-toolchain portion of runtime path of "/home/filipe/Desktop/Arrowhead_Integration_Module/arrowhead/src/install/services_discovery_interfaces/lib/python3.8/site-packages/services_discovery_interfaces/services_discovery_interfaces_s__rosidl_typesupport_introspection_c.cpython-38-x86_64-linux-gnu.so" to ""
[1.979s] -- Installing: /home/filipe/Desktop/Arrowhead_Integration_Module/arrowhead/src/install/services_discovery_interfaces/lib/python3.8/site-packages/services_discovery_interfaces/services_discovery_interfaces_s__rosidl_typesupport_c.cpython-38-x86_64-linux-gnu.so
[1.980s] -- Set non-toolchain portion of runtime path of "/home/filipe/Desktop/Arrowhead_Integration_Module/arrowhead/src/install/services_discovery_interfaces/lib/python3.8/site-packages/services_discovery_interfaces/services_discovery_interfaces_s__rosidl_typesupport_c.cpython-38-x86_64-linux-gnu.so" to ""
[1.980s] -- Installing: /home/filipe/Desktop/Arrowhead_Integration_Module/arrowhead/src/install/services_discovery_interfaces/lib/libservices_discovery_interfaces__python.so
[1.981s] -- Set non-toolchain portion of runtime path of "/home/filipe/Desktop/Arrowhead_Integration_Module/arrowhead/src/install/services_discovery_interfaces/lib/libservices_discovery_interfaces__python.so" to ""
[1.981s] -- Installing: /home/filipe/Desktop/Arrowhead_Integration_Module/arrowhead/src/install/services_discovery_interfaces/share/services_discovery_interfaces/srv/RequestInterface.idl
[1.982s] -- Installing: /home/filipe/Desktop/Arrowhead_Integration_Module/arrowhead/src/install/services_discovery_interfaces/share/services_discovery_interfaces/srv/RequestInterface.srv
[1.982s] -- Installing: /home/filipe/Desktop/Arrowhead_Integration_Module/arrowhead/src/install/services_discovery_interfaces/share/services_discovery_interfaces/srv/RequestInterface_Request.msg
[1.982s] -- Installing: /home/filipe/Desktop/Arrowhead_Integration_Module/arrowhead/src/install/services_discovery_interfaces/share/services_discovery_interfaces/srv/RequestInterface_Response.msg
[1.983s] -- Installing: /home/filipe/Desktop/Arrowhead_Integration_Module/arrowhead/src/install/services_discovery_interfaces/share/ament_index/resource_index/package_run_dependencies/services_discovery_interfaces
[1.983s] -- Installing: /home/filipe/Desktop/Arrowhead_Integration_Module/arrowhead/src/install/services_discovery_interfaces/share/ament_index/resource_index/parent_prefix_path/services_discovery_interfaces
[1.984s] -- Installing: /home/filipe/Desktop/Arrowhead_Integration_Module/arrowhead/src/install/services_discovery_interfaces/share/services_discovery_interfaces/environment/ament_prefix_path.sh
[1.984s] -- Installing: /home/filipe/Desktop/Arrowhead_Integration_Module/arrowhead/src/install/services_discovery_interfaces/share/services_discovery_interfaces/environment/ament_prefix_path.dsv
[1.984s] -- Installing: /home/filipe/Desktop/Arrowhead_Integration_Module/arrowhead/src/install/services_discovery_interfaces/share/services_discovery_interfaces/environment/path.sh
[1.985s] -- Installing: /home/filipe/Desktop/Arrowhead_Integration_Module/arrowhead/src/install/services_discovery_interfaces/share/services_discovery_interfaces/environment/path.dsv
[1.985s] -- Installing: /home/filipe/Desktop/Arrowhead_Integration_Module/arrowhead/src/install/services_discovery_interfaces/share/services_discovery_interfaces/local_setup.bash
[1.985s] -- Installing: /home/filipe/Desktop/Arrowhead_Integration_Module/arrowhead/src/install/services_discovery_interfaces/share/services_discovery_interfaces/local_setup.sh
[1.985s] -- Installing: /home/filipe/Desktop/Arrowhead_Integration_Module/arrowhead/src/install/services_discovery_interfaces/share/services_discovery_interfaces/local_setup.zsh
[1.985s] -- Installing: /home/filipe/Desktop/Arrowhead_Integration_Module/arrowhead/src/install/services_discovery_interfaces/share/services_discovery_interfaces/local_setup.dsv
[1.986s] -- Installing: /home/filipe/Desktop/Arrowhead_Integration_Module/arrowhead/src/install/services_discovery_interfaces/share/services_discovery_interfaces/package.dsv
[1.986s] -- Installing: /home/filipe/Desktop/Arrowhead_Integration_Module/arrowhead/src/install/services_discovery_interfaces/share/ament_index/resource_index/packages/services_discovery_interfaces
[1.986s] -- Installing: /home/filipe/Desktop/Arrowhead_Integration_Module/arrowhead/src/install/services_discovery_interfaces/share/services_discovery_interfaces/cmake/services_discovery_interfaces__rosidl_generator_cExport.cmake
[1.986s] -- Installing: /home/filipe/Desktop/Arrowhead_Integration_Module/arrowhead/src/install/services_discovery_interfaces/share/services_discovery_interfaces/cmake/services_discovery_interfaces__rosidl_generator_cExport-noconfig.cmake
[1.987s] -- Installing: /home/filipe/Desktop/Arrowhead_Integration_Module/arrowhead/src/install/services_discovery_interfaces/share/services_discovery_interfaces/cmake/services_discovery_interfaces__rosidl_typesupport_introspection_cExport.cmake
[1.987s] -- Installing: /home/filipe/Desktop/Arrowhead_Integration_Module/arrowhead/src/install/services_discovery_interfaces/share/services_discovery_interfaces/cmake/services_discovery_interfaces__rosidl_typesupport_introspection_cExport-noconfig.cmake
[1.987s] -- Installing: /home/filipe/Desktop/Arrowhead_Integration_Module/arrowhead/src/install/services_discovery_interfaces/share/services_discovery_interfaces/cmake/services_discovery_interfaces__rosidl_typesupport_cExport.cmake
[1.987s] -- Installing: /home/filipe/Desktop/Arrowhead_Integration_Module/arrowhead/src/install/services_discovery_interfaces/share/services_discovery_interfaces/cmake/services_discovery_interfaces__rosidl_typesupport_cExport-noconfig.cmake
[1.988s] -- Installing: /home/filipe/Desktop/Arrowhead_Integration_Module/arrowhead/src/install/services_discovery_interfaces/share/services_discovery_interfaces/cmake/services_discovery_interfaces__rosidl_generator_cppExport.cmake
[1.988s] -- Installing: /home/filipe/Desktop/Arrowhead_Integration_Module/arrowhead/src/install/services_discovery_interfaces/share/services_discovery_interfaces/cmake/services_discovery_interfaces__rosidl_typesupport_introspection_cppExport.cmake
[1.988s] -- Installing: /home/filipe/Desktop/Arrowhead_Integration_Module/arrowhead/src/install/services_discovery_interfaces/share/services_discovery_interfaces/cmake/services_discovery_interfaces__rosidl_typesupport_introspection_cppExport-noconfig.cmake
[1.988s] -- Installing: /home/filipe/Desktop/Arrowhead_Integration_Module/arrowhead/src/install/services_discovery_interfaces/share/services_discovery_interfaces/cmake/services_discovery_interfaces__rosidl_typesupport_cppExport.cmake
[1.989s] -- Installing: /home/filipe/Desktop/Arrowhead_Integration_Module/arrowhead/src/install/services_discovery_interfaces/share/services_discovery_interfaces/cmake/services_discovery_interfaces__rosidl_typesupport_cppExport-noconfig.cmake
[1.989s] -- Installing: /home/filipe/Desktop/Arrowhead_Integration_Module/arrowhead/src/install/services_discovery_interfaces/share/services_discovery_interfaces/cmake/rosidl_cmake-extras.cmake
[1.989s] -- Installing: /home/filipe/Desktop/Arrowhead_Integration_Module/arrowhead/src/install/services_discovery_interfaces/share/services_discovery_interfaces/cmake/ament_cmake_export_dependencies-extras.cmake
[1.989s] -- Installing: /home/filipe/Desktop/Arrowhead_Integration_Module/arrowhead/src/install/services_discovery_interfaces/share/services_discovery_interfaces/cmake/ament_cmake_export_libraries-extras.cmake
[1.989s] -- Installing: /home/filipe/Desktop/Arrowhead_Integration_Module/arrowhead/src/install/services_discovery_interfaces/share/services_discovery_interfaces/cmake/ament_cmake_export_targets-extras.cmake
[1.990s] -- Installing: /home/filipe/Desktop/Arrowhead_Integration_Module/arrowhead/src/install/services_discovery_interfaces/share/services_discovery_interfaces/cmake/ament_cmake_export_include_directories-extras.cmake
[1.990s] -- Installing: /home/filipe/Desktop/Arrowhead_Integration_Module/arrowhead/src/install/services_discovery_interfaces/share/services_discovery_interfaces/cmake/rosidl_cmake_export_typesupport_libraries-extras.cmake
[1.990s] -- Installing: /home/filipe/Desktop/Arrowhead_Integration_Module/arrowhead/src/install/services_discovery_interfaces/share/services_discovery_interfaces/cmake/rosidl_cmake_export_typesupport_targets-extras.cmake
[1.990s] -- Installing: /home/filipe/Desktop/Arrowhead_Integration_Module/arrowhead/src/install/services_discovery_interfaces/share/services_discovery_interfaces/cmake/services_discovery_interfacesConfig.cmake
[1.990s] -- Installing: /home/filipe/Desktop/Arrowhead_Integration_Module/arrowhead/src/install/services_discovery_interfaces/share/services_discovery_interfaces/cmake/services_discovery_interfacesConfig-version.cmake
[1.991s] -- Installing: /home/filipe/Desktop/Arrowhead_Integration_Module/arrowhead/src/install/services_discovery_interfaces/share/services_discovery_interfaces/package.xml
[1.993s] Invoked command in '/home/filipe/Desktop/Arrowhead_Integration_Module/arrowhead/src/build/services_discovery_interfaces' returned '0': CMAKE_PREFIX_PATH=${CMAKE_PREFIX_PATH}:/opt/ros/galactic /opt/cmake-3.28.1/bin/cmake --install /home/filipe/Desktop/Arrowhead_Integration_Module/arrowhead/src/build/services_discovery_interfaces
