[ 20%] Built target simulation
[ 46%] Built target traffic
[ 73%] Built target test_police
[100%] Built target police
-- Install configuration: ""
-- Up-to-date: /home/filipe/Desktop/Arrowhead_Integration_Module/arrowhead/src/install/car_package/lib/car_package/police
-- Up-to-date: /home/filipe/Desktop/Arrowhead_Integration_Module/arrowhead/src/install/car_package/lib/car_package/traffic
-- Up-to-date: /home/filipe/Desktop/Arrowhead_Integration_Module/arrowhead/src/install/car_package/lib/car_package/simulation
-- Up-to-date: /home/filipe/Desktop/Arrowhead_Integration_Module/arrowhead/src/install/car_package/lib/car_package/test_police
-- Up-to-date: /home/filipe/Desktop/Arrowhead_Integration_Module/arrowhead/src/install/car_package/share/ament_index/resource_index/package_run_dependencies/car_package
-- Up-to-date: /home/filipe/Desktop/Arrowhead_Integration_Module/arrowhead/src/install/car_package/share/ament_index/resource_index/parent_prefix_path/car_package
-- Up-to-date: /home/filipe/Desktop/Arrowhead_Integration_Module/arrowhead/src/install/car_package/share/car_package/environment/ament_prefix_path.sh
-- Up-to-date: /home/filipe/Desktop/Arrowhead_Integration_Module/arrowhead/src/install/car_package/share/car_package/environment/ament_prefix_path.dsv
-- Up-to-date: /home/filipe/Desktop/Arrowhead_Integration_Module/arrowhead/src/install/car_package/share/car_package/environment/path.sh
-- Up-to-date: /home/filipe/Desktop/Arrowhead_Integration_Module/arrowhead/src/install/car_package/share/car_package/environment/path.dsv
-- Up-to-date: /home/filipe/Desktop/Arrowhead_Integration_Module/arrowhead/src/install/car_package/share/car_package/local_setup.bash
-- Up-to-date: /home/filipe/Desktop/Arrowhead_Integration_Module/arrowhead/src/install/car_package/share/car_package/local_setup.sh
-- Up-to-date: /home/filipe/Desktop/Arrowhead_Integration_Module/arrowhead/src/install/car_package/share/car_package/local_setup.zsh
-- Up-to-date: /home/filipe/Desktop/Arrowhead_Integration_Module/arrowhead/src/install/car_package/share/car_package/local_setup.dsv
-- Installing: /home/filipe/Desktop/Arrowhead_Integration_Module/arrowhead/src/install/car_package/share/car_package/package.dsv
-- Up-to-date: /home/filipe/Desktop/Arrowhead_Integration_Module/arrowhead/src/install/car_package/share/ament_index/resource_index/packages/car_package
-- Up-to-date: /home/filipe/Desktop/Arrowhead_Integration_Module/arrowhead/src/install/car_package/share/car_package/cmake/car_packageConfig.cmake
-- Up-to-date: /home/filipe/Desktop/Arrowhead_Integration_Module/arrowhead/src/install/car_package/share/car_package/cmake/car_packageConfig-version.cmake
-- Up-to-date: /home/filipe/Desktop/Arrowhead_Integration_Module/arrowhead/src/install/car_package/share/car_package/package.xml
