[0.012s] Invoking command in '/home/filipe/Desktop/Arrowhead_Integration_Module/arrowhead/src/build/car_package': AMENT_PREFIX_PATH=/home/filipe/Desktop/Arrowhead_Integration_Module/arrowhead/src/install/services_discovery_interfaces:${AMENT_PREFIX_PATH} CMAKE_PREFIX_PATH=/home/filipe/Desktop/Arrowhead_Integration_Module/arrowhead/src/install/services_discovery_interfaces:/opt/ros/galactic LD_LIBRARY_PATH=/home/filipe/Desktop/Arrowhead_Integration_Module/arrowhead/src/install/services_discovery_interfaces/lib:${LD_LIBRARY_PATH} PYTHONPATH=/home/filipe/Desktop/Arrowhead_Integration_Module/arrowhead/src/install/services_discovery_interfaces/lib/python3.8/site-packages:${PYTHONPATH} /opt/cmake-3.28.1/bin/cmake --build /home/filipe/Desktop/Arrowhead_Integration_Module/arrowhead/src/build/car_package -- -j12 -l12
[0.061s] [ 20%] Built target simulation
[0.066s] [ 46%] Built target traffic
[0.067s] [ 73%] Built target test_police
[0.069s] [100%] Built target police
[0.074s] Invoked command in '/home/filipe/Desktop/Arrowhead_Integration_Module/arrowhead/src/build/car_package' returned '0': AMENT_PREFIX_PATH=/home/filipe/Desktop/Arrowhead_Integration_Module/arrowhead/src/install/services_discovery_interfaces:${AMENT_PREFIX_PATH} CMAKE_PREFIX_PATH=/home/filipe/Desktop/Arrowhead_Integration_Module/arrowhead/src/install/services_discovery_interfaces:/opt/ros/galactic LD_LIBRARY_PATH=/home/filipe/Desktop/Arrowhead_Integration_Module/arrowhead/src/install/services_discovery_interfaces/lib:${LD_LIBRARY_PATH} PYTHONPATH=/home/filipe/Desktop/Arrowhead_Integration_Module/arrowhead/src/install/services_discovery_interfaces/lib/python3.8/site-packages:${PYTHONPATH} /opt/cmake-3.28.1/bin/cmake --build /home/filipe/Desktop/Arrowhead_Integration_Module/arrowhead/src/build/car_package -- -j12 -l12
[0.076s] Invoking command in '/home/filipe/Desktop/Arrowhead_Integration_Module/arrowhead/src/build/car_package': AMENT_PREFIX_PATH=/home/filipe/Desktop/Arrowhead_Integration_Module/arrowhead/src/install/services_discovery_interfaces:${AMENT_PREFIX_PATH} CMAKE_PREFIX_PATH=/home/filipe/Desktop/Arrowhead_Integration_Module/arrowhead/src/install/services_discovery_interfaces:/opt/ros/galactic LD_LIBRARY_PATH=/home/filipe/Desktop/Arrowhead_Integration_Module/arrowhead/src/install/services_discovery_interfaces/lib:${LD_LIBRARY_PATH} PYTHONPATH=/home/filipe/Desktop/Arrowhead_Integration_Module/arrowhead/src/install/services_discovery_interfaces/lib/python3.8/site-packages:${PYTHONPATH} /opt/cmake-3.28.1/bin/cmake --install /home/filipe/Desktop/Arrowhead_Integration_Module/arrowhead/src/build/car_package
[0.080s] -- Install configuration: ""
[0.080s] -- Up-to-date: /home/filipe/Desktop/Arrowhead_Integration_Module/arrowhead/src/install/car_package/lib/car_package/police
[0.081s] -- Up-to-date: /home/filipe/Desktop/Arrowhead_Integration_Module/arrowhead/src/install/car_package/lib/car_package/traffic
[0.081s] -- Up-to-date: /home/filipe/Desktop/Arrowhead_Integration_Module/arrowhead/src/install/car_package/lib/car_package/simulation
[0.082s] -- Up-to-date: /home/filipe/Desktop/Arrowhead_Integration_Module/arrowhead/src/install/car_package/lib/car_package/test_police
[0.082s] -- Up-to-date: /home/filipe/Desktop/Arrowhead_Integration_Module/arrowhead/src/install/car_package/share/ament_index/resource_index/package_run_dependencies/car_package
[0.082s] -- Up-to-date: /home/filipe/Desktop/Arrowhead_Integration_Module/arrowhead/src/install/car_package/share/ament_index/resource_index/parent_prefix_path/car_package
[0.082s] -- Up-to-date: /home/filipe/Desktop/Arrowhead_Integration_Module/arrowhead/src/install/car_package/share/car_package/environment/ament_prefix_path.sh
[0.083s] -- Up-to-date: /home/filipe/Desktop/Arrowhead_Integration_Module/arrowhead/src/install/car_package/share/car_package/environment/ament_prefix_path.dsv
[0.083s] -- Up-to-date: /home/filipe/Desktop/Arrowhead_Integration_Module/arrowhead/src/install/car_package/share/car_package/environment/path.sh
[0.083s] -- Up-to-date: /home/filipe/Desktop/Arrowhead_Integration_Module/arrowhead/src/install/car_package/share/car_package/environment/path.dsv
[0.083s] -- Up-to-date: /home/filipe/Desktop/Arrowhead_Integration_Module/arrowhead/src/install/car_package/share/car_package/local_setup.bash
[0.083s] -- Up-to-date: /home/filipe/Desktop/Arrowhead_Integration_Module/arrowhead/src/install/car_package/share/car_package/local_setup.sh
[0.083s] -- Up-to-date: /home/filipe/Desktop/Arrowhead_Integration_Module/arrowhead/src/install/car_package/share/car_package/local_setup.zsh
[0.083s] -- Up-to-date: /home/filipe/Desktop/Arrowhead_Integration_Module/arrowhead/src/install/car_package/share/car_package/local_setup.dsv
[0.083s] -- Installing: /home/filipe/Desktop/Arrowhead_Integration_Module/arrowhead/src/install/car_package/share/car_package/package.dsv
[0.084s] -- Up-to-date: /home/filipe/Desktop/Arrowhead_Integration_Module/arrowhead/src/install/car_package/share/ament_index/resource_index/packages/car_package
[0.084s] -- Up-to-date: /home/filipe/Desktop/Arrowhead_Integration_Module/arrowhead/src/install/car_package/share/car_package/cmake/car_packageConfig.cmake
[0.084s] -- Up-to-date: /home/filipe/Desktop/Arrowhead_Integration_Module/arrowhead/src/install/car_package/share/car_package/cmake/car_packageConfig-version.cmake
[0.084s] -- Up-to-date: /home/filipe/Desktop/Arrowhead_Integration_Module/arrowhead/src/install/car_package/share/car_package/package.xml
[0.092s] Invoked command in '/home/filipe/Desktop/Arrowhead_Integration_Module/arrowhead/src/build/car_package' returned '0': AMENT_PREFIX_PATH=/home/filipe/Desktop/Arrowhead_Integration_Module/arrowhead/src/install/services_discovery_interfaces:${AMENT_PREFIX_PATH} CMAKE_PREFIX_PATH=/home/filipe/Desktop/Arrowhead_Integration_Module/arrowhead/src/install/services_discovery_interfaces:/opt/ros/galactic LD_LIBRARY_PATH=/home/filipe/Desktop/Arrowhead_Integration_Module/arrowhead/src/install/services_discovery_interfaces/lib:${LD_LIBRARY_PATH} PYTHONPATH=/home/filipe/Desktop/Arrowhead_Integration_Module/arrowhead/src/install/services_discovery_interfaces/lib/python3.8/site-packages:${PYTHONPATH} /opt/cmake-3.28.1/bin/cmake --install /home/filipe/Desktop/Arrowhead_Integration_Module/arrowhead/src/build/car_package
