[0.013s] Invoking command in '/home/filipe/Desktop/Arrowhead_Integration_Module/arrowhead/src/build/services_discovery': AMENT_PREFIX_PATH=/home/filipe/Desktop/Arrowhead_Integration_Module/arrowhead/src/install/services_discovery_interfaces:${AMENT_PREFIX_PATH} CMAKE_PREFIX_PATH=/home/filipe/Desktop/Arrowhead_Integration_Module/arrowhead/src/install/services_discovery_interfaces:/opt/ros/galactic LD_LIBRARY_PATH=/home/filipe/Desktop/Arrowhead_Integration_Module/arrowhead/src/install/services_discovery_interfaces/lib:${LD_LIBRARY_PATH} PYTHONPATH=/home/filipe/Desktop/Arrowhead_Integration_Module/arrowhead/src/install/services_discovery_interfaces/lib/python3.8/site-packages:${PYTHONPATH} /opt/cmake-3.28.1/bin/cmake --build /home/filipe/Desktop/Arrowhead_Integration_Module/arrowhead/src/build/services_discovery -- -j12 -l12
[0.061s] [100%] Built target server
[0.066s] Invoked command in '/home/filipe/Desktop/Arrowhead_Integration_Module/arrowhead/src/build/services_discovery' returned '0': AMENT_PREFIX_PATH=/home/filipe/Desktop/Arrowhead_Integration_Module/arrowhead/src/install/services_discovery_interfaces:${AMENT_PREFIX_PATH} CMAKE_PREFIX_PATH=/home/filipe/Desktop/Arrowhead_Integration_Module/arrowhead/src/install/services_discovery_interfaces:/opt/ros/galactic LD_LIBRARY_PATH=/home/filipe/Desktop/Arrowhead_Integration_Module/arrowhead/src/install/services_discovery_interfaces/lib:${LD_LIBRARY_PATH} PYTHONPATH=/home/filipe/Desktop/Arrowhead_Integration_Module/arrowhead/src/install/services_discovery_interfaces/lib/python3.8/site-packages:${PYTHONPATH} /opt/cmake-3.28.1/bin/cmake --build /home/filipe/Desktop/Arrowhead_Integration_Module/arrowhead/src/build/services_discovery -- -j12 -l12
[0.068s] Invoking command in '/home/filipe/Desktop/Arrowhead_Integration_Module/arrowhead/src/build/services_discovery': AMENT_PREFIX_PATH=/home/filipe/Desktop/Arrowhead_Integration_Module/arrowhead/src/install/services_discovery_interfaces:${AMENT_PREFIX_PATH} CMAKE_PREFIX_PATH=/home/filipe/Desktop/Arrowhead_Integration_Module/arrowhead/src/install/services_discovery_interfaces:/opt/ros/galactic LD_LIBRARY_PATH=/home/filipe/Desktop/Arrowhead_Integration_Module/arrowhead/src/install/services_discovery_interfaces/lib:${LD_LIBRARY_PATH} PYTHONPATH=/home/filipe/Desktop/Arrowhead_Integration_Module/arrowhead/src/install/services_discovery_interfaces/lib/python3.8/site-packages:${PYTHONPATH} /opt/cmake-3.28.1/bin/cmake --install /home/filipe/Desktop/Arrowhead_Integration_Module/arrowhead/src/build/services_discovery
[0.072s] -- Install configuration: ""
[0.073s] -- Up-to-date: /home/filipe/Desktop/Arrowhead_Integration_Module/arrowhead/src/install/services_discovery/lib/services_discovery/server
[0.073s] -- Up-to-date: /home/filipe/Desktop/Arrowhead_Integration_Module/arrowhead/src/install/services_discovery/share/ament_index/resource_index/package_run_dependencies/services_discovery
[0.073s] -- Up-to-date: /home/filipe/Desktop/Arrowhead_Integration_Module/arrowhead/src/install/services_discovery/share/ament_index/resource_index/parent_prefix_path/services_discovery
[0.073s] -- Up-to-date: /home/filipe/Desktop/Arrowhead_Integration_Module/arrowhead/src/install/services_discovery/share/services_discovery/environment/ament_prefix_path.sh
[0.073s] -- Up-to-date: /home/filipe/Desktop/Arrowhead_Integration_Module/arrowhead/src/install/services_discovery/share/services_discovery/environment/ament_prefix_path.dsv
[0.073s] -- Up-to-date: /home/filipe/Desktop/Arrowhead_Integration_Module/arrowhead/src/install/services_discovery/share/services_discovery/environment/path.sh
[0.073s] -- Up-to-date: /home/filipe/Desktop/Arrowhead_Integration_Module/arrowhead/src/install/services_discovery/share/services_discovery/environment/path.dsv
[0.073s] -- Up-to-date: /home/filipe/Desktop/Arrowhead_Integration_Module/arrowhead/src/install/services_discovery/share/services_discovery/local_setup.bash
[0.074s] -- Up-to-date: /home/filipe/Desktop/Arrowhead_Integration_Module/arrowhead/src/install/services_discovery/share/services_discovery/local_setup.sh
[0.074s] -- Up-to-date: /home/filipe/Desktop/Arrowhead_Integration_Module/arrowhead/src/install/services_discovery/share/services_discovery/local_setup.zsh
[0.074s] -- Up-to-date: /home/filipe/Desktop/Arrowhead_Integration_Module/arrowhead/src/install/services_discovery/share/services_discovery/local_setup.dsv
[0.075s] -- Installing: /home/filipe/Desktop/Arrowhead_Integration_Module/arrowhead/src/install/services_discovery/share/services_discovery/package.dsv
[0.075s] -- Up-to-date: /home/filipe/Desktop/Arrowhead_Integration_Module/arrowhead/src/install/services_discovery/share/ament_index/resource_index/packages/services_discovery
[0.075s] -- Up-to-date: /home/filipe/Desktop/Arrowhead_Integration_Module/arrowhead/src/install/services_discovery/share/services_discovery/cmake/services_discoveryConfig.cmake
[0.075s] -- Up-to-date: /home/filipe/Desktop/Arrowhead_Integration_Module/arrowhead/src/install/services_discovery/share/services_discovery/cmake/services_discoveryConfig-version.cmake
[0.075s] -- Up-to-date: /home/filipe/Desktop/Arrowhead_Integration_Module/arrowhead/src/install/services_discovery/share/services_discovery/package.xml
[0.075s] Invoked command in '/home/filipe/Desktop/Arrowhead_Integration_Module/arrowhead/src/build/services_discovery' returned '0': AMENT_PREFIX_PATH=/home/filipe/Desktop/Arrowhead_Integration_Module/arrowhead/src/install/services_discovery_interfaces:${AMENT_PREFIX_PATH} CMAKE_PREFIX_PATH=/home/filipe/Desktop/Arrowhead_Integration_Module/arrowhead/src/install/services_discovery_interfaces:/opt/ros/galactic LD_LIBRARY_PATH=/home/filipe/Desktop/Arrowhead_Integration_Module/arrowhead/src/install/services_discovery_interfaces/lib:${LD_LIBRARY_PATH} PYTHONPATH=/home/filipe/Desktop/Arrowhead_Integration_Module/arrowhead/src/install/services_discovery_interfaces/lib/python3.8/site-packages:${PYTHONPATH} /opt/cmake-3.28.1/bin/cmake --install /home/filipe/Desktop/Arrowhead_Integration_Module/arrowhead/src/build/services_discovery
