[0.181s] DEBUG:colcon:Command line arguments: ['/usr/bin/colcon', 'build', '--packages-select', 'services_registry', 'services_registry_interfaces', 'services_discovery_interfaces']
[0.181s] DEBUG:colcon:Parsed command line arguments: Namespace(allow_overriding=[], ament_cmake_args=None, base_paths=['.'], build_base='build', catkin_cmake_args=None, catkin_skip_building_tests=False, cmake_args=None, cmake_clean_cache=False, cmake_clean_first=False, cmake_force_configure=False, cmake_target=None, cmake_target_skip_unavailable=False, continue_on_error=False, event_handlers=None, executor='parallel', ignore_user_meta=False, install_base='install', log_base=None, log_level=None, main=<bound method BuildVerb.main of <colcon_core.verb.build.BuildVerb object at 0x7fdec28d5400>>, merge_install=False, metas=['./colcon.meta'], mixin=None, mixin_files=None, mixin_verb=('build',), packages_above=None, packages_above_and_dependencies=None, packages_above_depth=None, packages_end=None, packages_ignore=None, packages_ignore_regex=None, packages_select=['services_registry', 'services_registry_interfaces', 'services_discovery_interfaces'], packages_select_build_failed=False, packages_select_by_dep=None, packages_select_regex=None, packages_select_test_failures=False, packages_skip=None, packages_skip_build_finished=False, packages_skip_by_dep=None, packages_skip_regex=None, packages_skip_test_passed=False, packages_skip_up_to=None, packages_start=None, packages_up_to=None, packages_up_to_regex=None, parallel_workers=12, paths=None, symlink_install=False, test_result_base=None, verb_extension=<colcon_core.verb.build.BuildVerb object at 0x7fdec28d5400>, verb_name='build', verb_parser=<colcon_mixin.mixin.mixin_argument.MixinArgumentDecorator object at 0x7fdec2803dc0>)
[0.215s] Level 1:colcon.colcon_core.package_discovery:discover_packages(colcon_meta) check parameters
[0.215s] Level 1:colcon.colcon_core.package_discovery:discover_packages(recursive) check parameters
[0.215s] Level 1:colcon.colcon_core.package_discovery:discover_packages(ignore) check parameters
[0.215s] Level 1:colcon.colcon_core.package_discovery:discover_packages(path) check parameters
[0.215s] Level 1:colcon.colcon_core.package_discovery:discover_packages(colcon_meta) discover
[0.215s] Level 1:colcon.colcon_core.package_discovery:discover_packages(recursive) discover
[0.215s] INFO:colcon.colcon_core.package_discovery:Crawling recursively for packages in '/home/filipe/Desktop/Arrowhead_Integration_Module/arrowhead/src'
[0.215s] Level 1:colcon.colcon_core.package_identification:_identify(.) by extensions ['ignore', 'ignore_ament_install']
[0.215s] Level 1:colcon.colcon_core.package_identification:_identify(.) by extension 'ignore'
[0.215s] Level 1:colcon.colcon_core.package_identification:_identify(.) by extension 'ignore_ament_install'
[0.215s] Level 1:colcon.colcon_core.package_identification:_identify(.) by extensions ['colcon_pkg']
[0.215s] Level 1:colcon.colcon_core.package_identification:_identify(.) by extension 'colcon_pkg'
[0.215s] Level 1:colcon.colcon_core.package_identification:_identify(.) by extensions ['colcon_meta']
[0.215s] Level 1:colcon.colcon_core.package_identification:_identify(.) by extension 'colcon_meta'
[0.215s] Level 1:colcon.colcon_core.package_identification:_identify(.) by extensions ['ros']
[0.215s] Level 1:colcon.colcon_core.package_identification:_identify(.) by extension 'ros'
[0.225s] Level 1:colcon.colcon_core.package_identification:_identify(.) by extensions ['cmake', 'python']
[0.225s] Level 1:colcon.colcon_core.package_identification:_identify(.) by extension 'cmake'
[0.225s] Level 1:colcon.colcon_core.package_identification:_identify(.) by extension 'python'
[0.225s] Level 1:colcon.colcon_core.package_identification:_identify(.) by extensions ['python_setup_py']
[0.225s] Level 1:colcon.colcon_core.package_identification:_identify(.) by extension 'python_setup_py'
[0.225s] Level 1:colcon.colcon_core.package_identification:_identify(build) by extensions ['ignore', 'ignore_ament_install']
[0.225s] Level 1:colcon.colcon_core.package_identification:_identify(build) by extension 'ignore'
[0.225s] Level 1:colcon.colcon_core.package_identification:_identify(build) ignored
[0.225s] Level 1:colcon.colcon_core.package_identification:_identify(car_package) by extensions ['ignore', 'ignore_ament_install']
[0.225s] Level 1:colcon.colcon_core.package_identification:_identify(car_package) by extension 'ignore'
[0.225s] Level 1:colcon.colcon_core.package_identification:_identify(car_package) by extension 'ignore_ament_install'
[0.225s] Level 1:colcon.colcon_core.package_identification:_identify(car_package) by extensions ['colcon_pkg']
[0.225s] Level 1:colcon.colcon_core.package_identification:_identify(car_package) by extension 'colcon_pkg'
[0.225s] Level 1:colcon.colcon_core.package_identification:_identify(car_package) by extensions ['colcon_meta']
[0.225s] Level 1:colcon.colcon_core.package_identification:_identify(car_package) by extension 'colcon_meta'
[0.225s] Level 1:colcon.colcon_core.package_identification:_identify(car_package) by extensions ['ros']
[0.225s] Level 1:colcon.colcon_core.package_identification:_identify(car_package) by extension 'ros'
[0.227s] DEBUG:colcon.colcon_core.package_identification:Package 'car_package' with type 'ros.ament_cmake' and name 'car_package'
[0.227s] Level 1:colcon.colcon_core.package_identification:_identify(cpp_pubsub) by extensions ['ignore', 'ignore_ament_install']
[0.227s] Level 1:colcon.colcon_core.package_identification:_identify(cpp_pubsub) by extension 'ignore'
[0.227s] Level 1:colcon.colcon_core.package_identification:_identify(cpp_pubsub) by extension 'ignore_ament_install'
[0.227s] Level 1:colcon.colcon_core.package_identification:_identify(cpp_pubsub) by extensions ['colcon_pkg']
[0.227s] Level 1:colcon.colcon_core.package_identification:_identify(cpp_pubsub) by extension 'colcon_pkg'
[0.227s] Level 1:colcon.colcon_core.package_identification:_identify(cpp_pubsub) by extensions ['colcon_meta']
[0.227s] Level 1:colcon.colcon_core.package_identification:_identify(cpp_pubsub) by extension 'colcon_meta'
[0.227s] Level 1:colcon.colcon_core.package_identification:_identify(cpp_pubsub) by extensions ['ros']
[0.227s] Level 1:colcon.colcon_core.package_identification:_identify(cpp_pubsub) by extension 'ros'
[0.228s] DEBUG:colcon.colcon_core.package_identification:Package 'cpp_pubsub' with type 'ros.ament_cmake' and name 'cpp_pubsub'
[0.228s] Level 1:colcon.colcon_core.package_identification:_identify(install) by extensions ['ignore', 'ignore_ament_install']
[0.228s] Level 1:colcon.colcon_core.package_identification:_identify(install) by extension 'ignore'
[0.228s] Level 1:colcon.colcon_core.package_identification:_identify(install) ignored
[0.228s] Level 1:colcon.colcon_core.package_identification:_identify(log) by extensions ['ignore', 'ignore_ament_install']
[0.228s] Level 1:colcon.colcon_core.package_identification:_identify(log) by extension 'ignore'
[0.228s] Level 1:colcon.colcon_core.package_identification:_identify(log) ignored
[0.228s] Level 1:colcon.colcon_core.package_identification:_identify(services_discovery) by extensions ['ignore', 'ignore_ament_install']
[0.228s] Level 1:colcon.colcon_core.package_identification:_identify(services_discovery) by extension 'ignore'
[0.228s] Level 1:colcon.colcon_core.package_identification:_identify(services_discovery) by extension 'ignore_ament_install'
[0.228s] Level 1:colcon.colcon_core.package_identification:_identify(services_discovery) by extensions ['colcon_pkg']
[0.228s] Level 1:colcon.colcon_core.package_identification:_identify(services_discovery) by extension 'colcon_pkg'
[0.228s] Level 1:colcon.colcon_core.package_identification:_identify(services_discovery) by extensions ['colcon_meta']
[0.228s] Level 1:colcon.colcon_core.package_identification:_identify(services_discovery) by extension 'colcon_meta'
[0.228s] Level 1:colcon.colcon_core.package_identification:_identify(services_discovery) by extensions ['ros']
[0.228s] Level 1:colcon.colcon_core.package_identification:_identify(services_discovery) by extension 'ros'
[0.229s] DEBUG:colcon.colcon_core.package_identification:Package 'services_discovery' with type 'ros.ament_cmake' and name 'services_discovery'
[0.229s] Level 1:colcon.colcon_core.package_identification:_identify(services_discovery_interfaces) by extensions ['ignore', 'ignore_ament_install']
[0.229s] Level 1:colcon.colcon_core.package_identification:_identify(services_discovery_interfaces) by extension 'ignore'
[0.229s] Level 1:colcon.colcon_core.package_identification:_identify(services_discovery_interfaces) by extension 'ignore_ament_install'
[0.229s] Level 1:colcon.colcon_core.package_identification:_identify(services_discovery_interfaces) by extensions ['colcon_pkg']
[0.229s] Level 1:colcon.colcon_core.package_identification:_identify(services_discovery_interfaces) by extension 'colcon_pkg'
[0.229s] Level 1:colcon.colcon_core.package_identification:_identify(services_discovery_interfaces) by extensions ['colcon_meta']
[0.229s] Level 1:colcon.colcon_core.package_identification:_identify(services_discovery_interfaces) by extension 'colcon_meta'
[0.229s] Level 1:colcon.colcon_core.package_identification:_identify(services_discovery_interfaces) by extensions ['ros']
[0.229s] Level 1:colcon.colcon_core.package_identification:_identify(services_discovery_interfaces) by extension 'ros'
[0.230s] DEBUG:colcon.colcon_core.package_identification:Package 'services_discovery_interfaces' with type 'ros.ament_cmake' and name 'services_discovery_interfaces'
[0.230s] Level 1:colcon.colcon_core.package_identification:_identify(services_registry) by extensions ['ignore', 'ignore_ament_install']
[0.230s] Level 1:colcon.colcon_core.package_identification:_identify(services_registry) by extension 'ignore'
[0.230s] Level 1:colcon.colcon_core.package_identification:_identify(services_registry) by extension 'ignore_ament_install'
[0.230s] Level 1:colcon.colcon_core.package_identification:_identify(services_registry) by extensions ['colcon_pkg']
[0.230s] Level 1:colcon.colcon_core.package_identification:_identify(services_registry) by extension 'colcon_pkg'
[0.230s] Level 1:colcon.colcon_core.package_identification:_identify(services_registry) by extensions ['colcon_meta']
[0.230s] Level 1:colcon.colcon_core.package_identification:_identify(services_registry) by extension 'colcon_meta'
[0.230s] Level 1:colcon.colcon_core.package_identification:_identify(services_registry) by extensions ['ros']
[0.230s] Level 1:colcon.colcon_core.package_identification:_identify(services_registry) by extension 'ros'
[0.230s] DEBUG:colcon.colcon_core.package_identification:Package 'services_registry' with type 'ros.ament_cmake' and name 'services_registry'
[0.230s] Level 1:colcon.colcon_core.package_identification:_identify(services_registry_interfaces) by extensions ['ignore', 'ignore_ament_install']
[0.230s] Level 1:colcon.colcon_core.package_identification:_identify(services_registry_interfaces) by extension 'ignore'
[0.231s] Level 1:colcon.colcon_core.package_identification:_identify(services_registry_interfaces) by extension 'ignore_ament_install'
[0.231s] Level 1:colcon.colcon_core.package_identification:_identify(services_registry_interfaces) by extensions ['colcon_pkg']
[0.231s] Level 1:colcon.colcon_core.package_identification:_identify(services_registry_interfaces) by extension 'colcon_pkg'
[0.231s] Level 1:colcon.colcon_core.package_identification:_identify(services_registry_interfaces) by extensions ['colcon_meta']
[0.231s] Level 1:colcon.colcon_core.package_identification:_identify(services_registry_interfaces) by extension 'colcon_meta'
[0.231s] Level 1:colcon.colcon_core.package_identification:_identify(services_registry_interfaces) by extensions ['ros']
[0.231s] Level 1:colcon.colcon_core.package_identification:_identify(services_registry_interfaces) by extension 'ros'
[0.231s] DEBUG:colcon.colcon_core.package_identification:Package 'services_registry_interfaces' with type 'ros.ament_cmake' and name 'services_registry_interfaces'
[0.231s] Level 1:colcon.colcon_core.package_discovery:discover_packages(recursive) using defaults
[0.231s] Level 1:colcon.colcon_core.package_discovery:discover_packages(ignore) discover
[0.231s] Level 1:colcon.colcon_core.package_discovery:discover_packages(ignore) using defaults
[0.231s] Level 1:colcon.colcon_core.package_discovery:discover_packages(path) discover
[0.231s] Level 1:colcon.colcon_core.package_discovery:discover_packages(path) using defaults
[0.244s] INFO:colcon.colcon_core.package_selection:Skipping not selected package 'cpp_pubsub' in 'cpp_pubsub'
[0.244s] INFO:colcon.colcon_core.package_selection:Skipping not selected package 'car_package' in 'car_package'
[0.244s] INFO:colcon.colcon_core.package_selection:Skipping not selected package 'services_discovery' in 'services_discovery'
[0.244s] Level 1:colcon.colcon_core.package_discovery:discover_packages(prefix_path) check parameters
[0.244s] Level 1:colcon.colcon_core.package_discovery:discover_packages(prefix_path) discover
[0.245s] WARNING:colcon.colcon_core.prefix_path.colcon:The path '/home/filipe/Desktop/Arrowhead_Integration_Module/Arrowhead/src/install' in the environment variable COLCON_PREFIX_PATH doesn't exist
[0.245s] WARNING:colcon.colcon_ros.prefix_path.ament:The path '/home/filipe/Desktop/Arrowhead_Integration_Module/Arrowhead/src/install/services_discovery' in the environment variable AMENT_PREFIX_PATH doesn't exist
[0.245s] WARNING:colcon.colcon_ros.prefix_path.ament:The path '/home/filipe/Desktop/Arrowhead_Integration_Module/Arrowhead/src/install/car_package' in the environment variable AMENT_PREFIX_PATH doesn't exist
[0.245s] WARNING:colcon.colcon_ros.prefix_path.ament:The path '/home/filipe/Desktop/Arrowhead_Integration_Module/Arrowhead/src/install/cpp_pubsub' in the environment variable AMENT_PREFIX_PATH doesn't exist
[0.245s] WARNING:colcon.colcon_ros.prefix_path.ament:The path '/home/filipe/Desktop/Arrowhead_Integration_Module/Arrowhead/src/install/services_registry_interfaces' in the environment variable AMENT_PREFIX_PATH doesn't exist
[0.245s] WARNING:colcon.colcon_ros.prefix_path.ament:The path '/home/filipe/Desktop/Arrowhead_Integration_Module/Arrowhead/src/install/services_discovery_interfaces' in the environment variable AMENT_PREFIX_PATH doesn't exist
[0.245s] WARNING:colcon.colcon_ros.prefix_path.catkin:The path '/home/filipe/Desktop/Arrowhead_Integration_Module/Arrowhead/src/install/services_discovery' in the environment variable CMAKE_PREFIX_PATH doesn't exist
[0.245s] WARNING:colcon.colcon_ros.prefix_path.catkin:The path '/home/filipe/Desktop/Arrowhead_Integration_Module/Arrowhead/src/install/car_package' in the environment variable CMAKE_PREFIX_PATH doesn't exist
[0.245s] WARNING:colcon.colcon_ros.prefix_path.catkin:The path '/home/filipe/Desktop/Arrowhead_Integration_Module/Arrowhead/src/install/cpp_pubsub' in the environment variable CMAKE_PREFIX_PATH doesn't exist
[0.245s] WARNING:colcon.colcon_ros.prefix_path.catkin:The path '/home/filipe/Desktop/Arrowhead_Integration_Module/Arrowhead/src/install/services_registry_interfaces' in the environment variable CMAKE_PREFIX_PATH doesn't exist
[0.245s] WARNING:colcon.colcon_ros.prefix_path.catkin:The path '/home/filipe/Desktop/Arrowhead_Integration_Module/Arrowhead/src/install/services_discovery_interfaces' in the environment variable CMAKE_PREFIX_PATH doesn't exist
[0.246s] DEBUG:colcon.colcon_installed_package_information.package_discovery:Found 315 installed packages in /opt/ros/galactic
[0.247s] Level 1:colcon.colcon_core.package_discovery:discover_packages(prefix_path) using defaults
[0.292s] Level 5:colcon.colcon_core.verb:set package 'services_discovery_interfaces' build argument 'cmake_args' from command line to 'None'
[0.292s] Level 5:colcon.colcon_core.verb:set package 'services_discovery_interfaces' build argument 'cmake_target' from command line to 'None'
[0.292s] Level 5:colcon.colcon_core.verb:set package 'services_discovery_interfaces' build argument 'cmake_target_skip_unavailable' from command line to 'False'
[0.292s] Level 5:colcon.colcon_core.verb:set package 'services_discovery_interfaces' build argument 'cmake_clean_cache' from command line to 'False'
[0.292s] Level 5:colcon.colcon_core.verb:set package 'services_discovery_interfaces' build argument 'cmake_clean_first' from command line to 'False'
[0.292s] Level 5:colcon.colcon_core.verb:set package 'services_discovery_interfaces' build argument 'cmake_force_configure' from command line to 'False'
[0.293s] Level 5:colcon.colcon_core.verb:set package 'services_discovery_interfaces' build argument 'ament_cmake_args' from command line to 'None'
[0.293s] Level 5:colcon.colcon_core.verb:set package 'services_discovery_interfaces' build argument 'catkin_cmake_args' from command line to 'None'
[0.293s] Level 5:colcon.colcon_core.verb:set package 'services_discovery_interfaces' build argument 'catkin_skip_building_tests' from command line to 'False'
[0.293s] DEBUG:colcon.colcon_core.verb:Building package 'services_discovery_interfaces' with the following arguments: {'ament_cmake_args': None, 'build_base': '/home/filipe/Desktop/Arrowhead_Integration_Module/arrowhead/src/build/services_discovery_interfaces', 'catkin_cmake_args': None, 'catkin_skip_building_tests': False, 'cmake_args': None, 'cmake_clean_cache': False, 'cmake_clean_first': False, 'cmake_force_configure': False, 'cmake_target': None, 'cmake_target_skip_unavailable': False, 'install_base': '/home/filipe/Desktop/Arrowhead_Integration_Module/arrowhead/src/install/services_discovery_interfaces', 'merge_install': False, 'path': '/home/filipe/Desktop/Arrowhead_Integration_Module/arrowhead/src/services_discovery_interfaces', 'symlink_install': False, 'test_result_base': None}
[0.293s] Level 5:colcon.colcon_core.verb:set package 'services_registry' build argument 'cmake_args' from command line to 'None'
[0.293s] Level 5:colcon.colcon_core.verb:set package 'services_registry' build argument 'cmake_target' from command line to 'None'
[0.293s] Level 5:colcon.colcon_core.verb:set package 'services_registry' build argument 'cmake_target_skip_unavailable' from command line to 'False'
[0.293s] Level 5:colcon.colcon_core.verb:set package 'services_registry' build argument 'cmake_clean_cache' from command line to 'False'
[0.293s] Level 5:colcon.colcon_core.verb:set package 'services_registry' build argument 'cmake_clean_first' from command line to 'False'
[0.293s] Level 5:colcon.colcon_core.verb:set package 'services_registry' build argument 'cmake_force_configure' from command line to 'False'
[0.293s] Level 5:colcon.colcon_core.verb:set package 'services_registry' build argument 'ament_cmake_args' from command line to 'None'
[0.293s] Level 5:colcon.colcon_core.verb:set package 'services_registry' build argument 'catkin_cmake_args' from command line to 'None'
[0.293s] Level 5:colcon.colcon_core.verb:set package 'services_registry' build argument 'catkin_skip_building_tests' from command line to 'False'
[0.293s] DEBUG:colcon.colcon_core.verb:Building package 'services_registry' with the following arguments: {'ament_cmake_args': None, 'build_base': '/home/filipe/Desktop/Arrowhead_Integration_Module/arrowhead/src/build/services_registry', 'catkin_cmake_args': None, 'catkin_skip_building_tests': False, 'cmake_args': None, 'cmake_clean_cache': False, 'cmake_clean_first': False, 'cmake_force_configure': False, 'cmake_target': None, 'cmake_target_skip_unavailable': False, 'install_base': '/home/filipe/Desktop/Arrowhead_Integration_Module/arrowhead/src/install/services_registry', 'merge_install': False, 'path': '/home/filipe/Desktop/Arrowhead_Integration_Module/arrowhead/src/services_registry', 'symlink_install': False, 'test_result_base': None}
[0.293s] Level 5:colcon.colcon_core.verb:set package 'services_registry_interfaces' build argument 'cmake_args' from command line to 'None'
[0.293s] Level 5:colcon.colcon_core.verb:set package 'services_registry_interfaces' build argument 'cmake_target' from command line to 'None'
[0.293s] Level 5:colcon.colcon_core.verb:set package 'services_registry_interfaces' build argument 'cmake_target_skip_unavailable' from command line to 'False'
[0.293s] Level 5:colcon.colcon_core.verb:set package 'services_registry_interfaces' build argument 'cmake_clean_cache' from command line to 'False'
[0.293s] Level 5:colcon.colcon_core.verb:set package 'services_registry_interfaces' build argument 'cmake_clean_first' from command line to 'False'
[0.293s] Level 5:colcon.colcon_core.verb:set package 'services_registry_interfaces' build argument 'cmake_force_configure' from command line to 'False'
[0.293s] Level 5:colcon.colcon_core.verb:set package 'services_registry_interfaces' build argument 'ament_cmake_args' from command line to 'None'
[0.293s] Level 5:colcon.colcon_core.verb:set package 'services_registry_interfaces' build argument 'catkin_cmake_args' from command line to 'None'
[0.293s] Level 5:colcon.colcon_core.verb:set package 'services_registry_interfaces' build argument 'catkin_skip_building_tests' from command line to 'False'
[0.293s] DEBUG:colcon.colcon_core.verb:Building package 'services_registry_interfaces' with the following arguments: {'ament_cmake_args': None, 'build_base': '/home/filipe/Desktop/Arrowhead_Integration_Module/arrowhead/src/build/services_registry_interfaces', 'catkin_cmake_args': None, 'catkin_skip_building_tests': False, 'cmake_args': None, 'cmake_clean_cache': False, 'cmake_clean_first': False, 'cmake_force_configure': False, 'cmake_target': None, 'cmake_target_skip_unavailable': False, 'install_base': '/home/filipe/Desktop/Arrowhead_Integration_Module/arrowhead/src/install/services_registry_interfaces', 'merge_install': False, 'path': '/home/filipe/Desktop/Arrowhead_Integration_Module/arrowhead/src/services_registry_interfaces', 'symlink_install': False, 'test_result_base': None}
[0.293s] INFO:colcon.colcon_core.executor:Executing jobs using 'parallel' executor
[0.294s] DEBUG:colcon.colcon_parallel_executor.executor.parallel:run_until_complete
[0.294s] INFO:colcon.colcon_ros.task.ament_cmake.build:Building ROS package in '/home/filipe/Desktop/Arrowhead_Integration_Module/arrowhead/src/services_discovery_interfaces' with build type 'ament_cmake'
[0.294s] INFO:colcon.colcon_cmake.task.cmake.build:Building CMake package in '/home/filipe/Desktop/Arrowhead_Integration_Module/arrowhead/src/services_discovery_interfaces'
[0.296s] INFO:colcon.colcon_core.plugin_system:Skipping extension 'colcon_core.shell.bat': Not used on non-Windows systems
[0.296s] INFO:colcon.colcon_core.shell:Skip shell extension 'powershell' for command environment: Not usable outside of PowerShell
[0.296s] DEBUG:colcon.colcon_core.shell:Skip shell extension 'dsv' for command environment
[0.299s] INFO:colcon.colcon_ros.task.ament_cmake.build:Building ROS package in '/home/filipe/Desktop/Arrowhead_Integration_Module/arrowhead/src/services_registry' with build type 'ament_cmake'
[0.300s] INFO:colcon.colcon_cmake.task.cmake.build:Building CMake package in '/home/filipe/Desktop/Arrowhead_Integration_Module/arrowhead/src/services_registry'
[0.300s] INFO:colcon.colcon_core.shell:Skip shell extension 'powershell' for command environment: Not usable outside of PowerShell
[0.300s] DEBUG:colcon.colcon_core.shell:Skip shell extension 'dsv' for command environment
[0.303s] INFO:colcon.colcon_ros.task.ament_cmake.build:Building ROS package in '/home/filipe/Desktop/Arrowhead_Integration_Module/arrowhead/src/services_registry_interfaces' with build type 'ament_cmake'
[0.304s] INFO:colcon.colcon_cmake.task.cmake.build:Building CMake package in '/home/filipe/Desktop/Arrowhead_Integration_Module/arrowhead/src/services_registry_interfaces'
[0.304s] INFO:colcon.colcon_core.shell:Skip shell extension 'powershell' for command environment: Not usable outside of PowerShell
[0.304s] DEBUG:colcon.colcon_core.shell:Skip shell extension 'dsv' for command environment
[0.312s] DEBUG:colcon.colcon_core.event_handler.log_command:Invoking command in '/home/filipe/Desktop/Arrowhead_Integration_Module/arrowhead/src/build/services_discovery_interfaces': CMAKE_PREFIX_PATH=${CMAKE_PREFIX_PATH}:/opt/ros/galactic /opt/cmake-3.28.1/bin/cmake /home/filipe/Desktop/Arrowhead_Integration_Module/arrowhead/src/services_discovery_interfaces -DCMAKE_INSTALL_PREFIX=/home/filipe/Desktop/Arrowhead_Integration_Module/arrowhead/src/install/services_discovery_interfaces
[0.315s] DEBUG:colcon.colcon_core.event_handler.log_command:Invoking command in '/home/filipe/Desktop/Arrowhead_Integration_Module/arrowhead/src/build/services_registry': CMAKE_PREFIX_PATH=${CMAKE_PREFIX_PATH}:/opt/ros/galactic /opt/cmake-3.28.1/bin/cmake /home/filipe/Desktop/Arrowhead_Integration_Module/arrowhead/src/services_registry -DCMAKE_INSTALL_PREFIX=/home/filipe/Desktop/Arrowhead_Integration_Module/arrowhead/src/install/services_registry
[0.321s] DEBUG:colcon.colcon_core.event_handler.log_command:Invoking command in '/home/filipe/Desktop/Arrowhead_Integration_Module/arrowhead/src/build/services_registry_interfaces': CMAKE_PREFIX_PATH=${CMAKE_PREFIX_PATH}:/opt/ros/galactic /opt/cmake-3.28.1/bin/cmake /home/filipe/Desktop/Arrowhead_Integration_Module/arrowhead/src/services_registry_interfaces -DCMAKE_INSTALL_PREFIX=/home/filipe/Desktop/Arrowhead_Integration_Module/arrowhead/src/install/services_registry_interfaces
[1.284s] DEBUG:colcon.colcon_core.event_handler.log_command:Invoked command in '/home/filipe/Desktop/Arrowhead_Integration_Module/arrowhead/src/build/services_registry' returned '1': CMAKE_PREFIX_PATH=${CMAKE_PREFIX_PATH}:/opt/ros/galactic /opt/cmake-3.28.1/bin/cmake /home/filipe/Desktop/Arrowhead_Integration_Module/arrowhead/src/services_registry -DCMAKE_INSTALL_PREFIX=/home/filipe/Desktop/Arrowhead_Integration_Module/arrowhead/src/install/services_registry
[1.291s] Level 1:colcon.colcon_core.environment:create_environment_scripts_only(services_registry)
[1.293s] Level 1:colcon.colcon_core.environment:checking '/home/filipe/Desktop/Arrowhead_Integration_Module/arrowhead/src/install/services_registry' for CMake module files
[1.293s] Level 1:colcon.colcon_core.environment:checking '/home/filipe/Desktop/Arrowhead_Integration_Module/arrowhead/src/install/services_registry' for CMake config files
[1.294s] Level 1:colcon.colcon_core.environment:checking '/home/filipe/Desktop/Arrowhead_Integration_Module/arrowhead/src/install/services_registry/bin'
[1.294s] Level 1:colcon.colcon_core.environment:checking '/home/filipe/Desktop/Arrowhead_Integration_Module/arrowhead/src/install/services_registry/lib/pkgconfig/services_registry.pc'
[1.294s] Level 1:colcon.colcon_core.environment:checking '/home/filipe/Desktop/Arrowhead_Integration_Module/arrowhead/src/install/services_registry/lib/python3.8/site-packages'
[1.294s] Level 1:colcon.colcon_core.environment:checking '/home/filipe/Desktop/Arrowhead_Integration_Module/arrowhead/src/install/services_registry/bin'
[1.294s] INFO:colcon.colcon_core.shell:Creating package script '/home/filipe/Desktop/Arrowhead_Integration_Module/arrowhead/src/install/services_registry/share/services_registry/package.ps1'
[1.295s] INFO:colcon.colcon_core.shell:Creating package descriptor '/home/filipe/Desktop/Arrowhead_Integration_Module/arrowhead/src/install/services_registry/share/services_registry/package.dsv'
[1.296s] INFO:colcon.colcon_core.shell:Creating package script '/home/filipe/Desktop/Arrowhead_Integration_Module/arrowhead/src/install/services_registry/share/services_registry/package.sh'
[1.296s] INFO:colcon.colcon_core.shell:Creating package script '/home/filipe/Desktop/Arrowhead_Integration_Module/arrowhead/src/install/services_registry/share/services_registry/package.bash'
[1.297s] INFO:colcon.colcon_core.shell:Creating package script '/home/filipe/Desktop/Arrowhead_Integration_Module/arrowhead/src/install/services_registry/share/services_registry/package.zsh'
[1.297s] Level 1:colcon.colcon_core.environment:create_file_with_runtime_dependencies(/home/filipe/Desktop/Arrowhead_Integration_Module/arrowhead/src/install/services_registry/share/colcon-core/packages/services_registry)
[1.725s] DEBUG:colcon.colcon_parallel_executor.executor.parallel:closing loop
[1.726s] DEBUG:colcon.colcon_parallel_executor.executor.parallel:loop closed
[1.726s] DEBUG:colcon.colcon_parallel_executor.executor.parallel:run_until_complete finished with '1'
[1.726s] DEBUG:colcon.colcon_core.event_reactor:joining thread
[1.733s] INFO:colcon.colcon_core.plugin_system:Skipping extension 'colcon_notification.desktop_notification.terminal_notifier': Not used on non-Darwin systems
[1.733s] INFO:colcon.colcon_core.plugin_system:Skipping extension 'colcon_notification.desktop_notification.win32': Not used on non-Windows systems
[1.733s] INFO:colcon.colcon_notification.desktop_notification:Sending desktop notification using 'notify2'
[1.745s] DEBUG:colcon.colcon_core.event_reactor:joined thread
[1.745s] INFO:colcon.colcon_core.shell:Creating prefix script '/home/filipe/Desktop/Arrowhead_Integration_Module/arrowhead/src/install/local_setup.ps1'
[1.747s] INFO:colcon.colcon_core.shell:Creating prefix util module '/home/filipe/Desktop/Arrowhead_Integration_Module/arrowhead/src/install/_local_setup_util_ps1.py'
[1.748s] INFO:colcon.colcon_core.shell:Creating prefix chain script '/home/filipe/Desktop/Arrowhead_Integration_Module/arrowhead/src/install/setup.ps1'
[1.749s] INFO:colcon.colcon_core.shell:Creating prefix script '/home/filipe/Desktop/Arrowhead_Integration_Module/arrowhead/src/install/local_setup.sh'
[1.750s] INFO:colcon.colcon_core.shell:Creating prefix util module '/home/filipe/Desktop/Arrowhead_Integration_Module/arrowhead/src/install/_local_setup_util_sh.py'
[1.751s] INFO:colcon.colcon_core.shell:Creating prefix chain script '/home/filipe/Desktop/Arrowhead_Integration_Module/arrowhead/src/install/setup.sh'
[1.752s] INFO:colcon.colcon_core.shell:Creating prefix script '/home/filipe/Desktop/Arrowhead_Integration_Module/arrowhead/src/install/local_setup.bash'
[1.753s] INFO:colcon.colcon_core.shell:Creating prefix chain script '/home/filipe/Desktop/Arrowhead_Integration_Module/arrowhead/src/install/setup.bash'
[1.754s] INFO:colcon.colcon_core.shell:Creating prefix script '/home/filipe/Desktop/Arrowhead_Integration_Module/arrowhead/src/install/local_setup.zsh'
[1.755s] INFO:colcon.colcon_core.shell:Creating prefix chain script '/home/filipe/Desktop/Arrowhead_Integration_Module/arrowhead/src/install/setup.zsh'
