[0.014s] Invoking command in '/home/filipe/Desktop/Arrowhead_Integration_Module/arrowhead/src/build/services_registry_interfaces': CMAKE_PREFIX_PATH=${CMAKE_PREFIX_PATH}:/opt/ros/galactic /opt/cmake-3.28.1/bin/cmake --build /home/filipe/Desktop/Arrowhead_Integration_Module/arrowhead/src/build/services_registry_interfaces -- -j12 -l12
[0.035s] [  3%] [34m[1mGenerating C code for ROS interfaces[0m
[0.038s] [  6%] [34m[1mGenerating C++ code for ROS interfaces[0m
[0.215s] [  6%] Built target services_registry_interfaces__cpp
[0.220s] [ 12%] [34m[1mGenerating C++ type support for eProsima Fast-RTPS[0m
[0.220s] [ 12%] [34m[1mGenerating C++ type support dispatch for ROS interfaces[0m
[0.220s] [ 16%] [34m[1mGenerating C++ introspection for ROS interfaces[0m
[0.225s] [ 19%] [32mBuilding C object CMakeFiles/services_registry_interfaces__rosidl_generator_c.dir/rosidl_generator_c/services_registry_interfaces/srv/detail/registration_interface__functions.c.o[0m
[0.265s] [ 22%] [32m[1mLinking C shared library libservices_registry_interfaces__rosidl_generator_c.so[0m
[0.290s] [ 22%] Built target services_registry_interfaces__rosidl_generator_c
[0.295s] [ 25%] [34m[1mGenerating C introspection for ROS interfaces[0m
[0.296s] [ 29%] [34m[1mGenerating C type support dispatch for ROS interfaces[0m
[0.456s] [ 32%] [32mBuilding CXX object CMakeFiles/services_registry_interfaces__rosidl_typesupport_introspection_cpp.dir/rosidl_typesupport_introspection_cpp/services_registry_interfaces/srv/detail/registration_interface__type_support.cpp.o[0m
[0.477s] [ 35%] [32mBuilding CXX object CMakeFiles/services_registry_interfaces__rosidl_typesupport_cpp.dir/rosidl_typesupport_cpp/services_registry_interfaces/srv/registration_interface__type_support.cpp.o[0m
[0.505s] [ 41%] [32mBuilding CXX object CMakeFiles/services_registry_interfaces__rosidl_typesupport_fastrtps_cpp.dir/rosidl_typesupport_fastrtps_cpp/services_registry_interfaces/srv/detail/dds_fastrtps/registration_interface__type_support.cpp.o[0m
[0.505s] [ 41%] [32mBuilding C object CMakeFiles/services_registry_interfaces__rosidl_typesupport_introspection_c.dir/rosidl_typesupport_introspection_c/services_registry_interfaces/srv/detail/registration_interface__type_support.c.o[0m
[0.543s] [ 45%] [32m[1mLinking C shared library libservices_registry_interfaces__rosidl_typesupport_introspection_c.so[0m
[0.548s] [ 48%] [32mBuilding CXX object CMakeFiles/services_registry_interfaces__rosidl_typesupport_c.dir/rosidl_typesupport_c/services_registry_interfaces/srv/registration_interface__type_support.cpp.o[0m
[0.562s] [ 48%] Built target services_registry_interfaces__rosidl_typesupport_introspection_c
[0.578s] [ 51%] [32m[1mLinking CXX shared library libservices_registry_interfaces__rosidl_typesupport_c.so[0m
[0.602s] [ 51%] Built target services_registry_interfaces__rosidl_typesupport_c
[0.735s] [ 54%] [32m[1mLinking CXX shared library libservices_registry_interfaces__rosidl_typesupport_introspection_cpp.so[0m
[0.764s] [ 58%] [32m[1mLinking CXX shared library libservices_registry_interfaces__rosidl_typesupport_cpp.so[0m
[0.772s] [ 58%] Built target services_registry_interfaces__rosidl_typesupport_introspection_cpp
[0.788s] [ 58%] Built target services_registry_interfaces__rosidl_typesupport_cpp
[0.871s] [ 61%] [32m[1mLinking CXX shared library libservices_registry_interfaces__rosidl_typesupport_fastrtps_cpp.so[0m
[0.921s] [ 61%] Built target services_registry_interfaces__rosidl_typesupport_fastrtps_cpp
[0.925s] [ 64%] [34m[1mGenerating C type support for eProsima Fast-RTPS[0m
[1.099s] [ 67%] [32mBuilding CXX object CMakeFiles/services_registry_interfaces__rosidl_typesupport_fastrtps_c.dir/rosidl_typesupport_fastrtps_c/services_registry_interfaces/srv/detail/registration_interface__type_support_c.cpp.o[0m
[1.343s] [ 70%] [32m[1mLinking CXX shared library libservices_registry_interfaces__rosidl_typesupport_fastrtps_c.so[0m
[1.394s] [ 70%] Built target services_registry_interfaces__rosidl_typesupport_fastrtps_c
[1.404s] [ 70%] Built target services_registry_interfaces
[1.413s] [ 74%] [34m[1mGenerating Python code for ROS interfaces[0m
[1.728s] [ 74%] Built target services_registry_interfaces__py
[1.739s] [ 77%] [32mBuilding C object CMakeFiles/services_registry_interfaces__python.dir/rosidl_generator_py/services_registry_interfaces/srv/_registration_interface_s.c.o[0m
[1.809s] [ 80%] [32m[1mLinking C shared library rosidl_generator_py/services_registry_interfaces/libservices_registry_interfaces__python.so[0m
[1.834s] [ 80%] Built target services_registry_interfaces__python
[1.843s] [ 83%] [32mBuilding C object CMakeFiles/services_registry_interfaces__rosidl_typesupport_introspection_c__pyext.dir/rosidl_generator_py/services_registry_interfaces/_services_registry_interfaces_s.ep.rosidl_typesupport_introspection_c.c.o[0m
[1.843s] [ 87%] [32mBuilding C object CMakeFiles/services_registry_interfaces__rosidl_typesupport_fastrtps_c__pyext.dir/rosidl_generator_py/services_registry_interfaces/_services_registry_interfaces_s.ep.rosidl_typesupport_fastrtps_c.c.o[0m
[1.844s] [ 90%] [32mBuilding C object CMakeFiles/services_registry_interfaces__rosidl_typesupport_c__pyext.dir/rosidl_generator_py/services_registry_interfaces/_services_registry_interfaces_s.ep.rosidl_typesupport_c.c.o[0m
[1.901s] [ 93%] [32m[1mLinking C shared library rosidl_generator_py/services_registry_interfaces/services_registry_interfaces_s__rosidl_typesupport_c.cpython-38-x86_64-linux-gnu.so[0m
[1.901s] [ 96%] [32m[1mLinking CXX shared library rosidl_generator_py/services_registry_interfaces/services_registry_interfaces_s__rosidl_typesupport_fastrtps_c.cpython-38-x86_64-linux-gnu.so[0m
[1.902s] [100%] [32m[1mLinking C shared library rosidl_generator_py/services_registry_interfaces/services_registry_interfaces_s__rosidl_typesupport_introspection_c.cpython-38-x86_64-linux-gnu.so[0m
[1.919s] [100%] Built target services_registry_interfaces__rosidl_typesupport_c__pyext
[1.921s] [100%] Built target services_registry_interfaces__rosidl_typesupport_introspection_c__pyext
[1.942s] [100%] Built target services_registry_interfaces__rosidl_typesupport_fastrtps_c__pyext
[1.947s] Invoked command in '/home/filipe/Desktop/Arrowhead_Integration_Module/arrowhead/src/build/services_registry_interfaces' returned '0': CMAKE_PREFIX_PATH=${CMAKE_PREFIX_PATH}:/opt/ros/galactic /opt/cmake-3.28.1/bin/cmake --build /home/filipe/Desktop/Arrowhead_Integration_Module/arrowhead/src/build/services_registry_interfaces -- -j12 -l12
[1.949s] Invoking command in '/home/filipe/Desktop/Arrowhead_Integration_Module/arrowhead/src/build/services_registry_interfaces': CMAKE_PREFIX_PATH=${CMAKE_PREFIX_PATH}:/opt/ros/galactic /opt/cmake-3.28.1/bin/cmake --install /home/filipe/Desktop/Arrowhead_Integration_Module/arrowhead/src/build/services_registry_interfaces
[1.953s] -- Install configuration: ""
[1.954s] -- Installing: /home/filipe/Desktop/Arrowhead_Integration_Module/arrowhead/src/install/services_registry_interfaces/share/ament_index/resource_index/rosidl_interfaces/services_registry_interfaces
[1.954s] -- Installing: /home/filipe/Desktop/Arrowhead_Integration_Module/arrowhead/src/install/services_registry_interfaces/include/services_registry_interfaces
[1.954s] -- Installing: /home/filipe/Desktop/Arrowhead_Integration_Module/arrowhead/src/install/services_registry_interfaces/include/services_registry_interfaces/msg
[1.954s] -- Installing: /home/filipe/Desktop/Arrowhead_Integration_Module/arrowhead/src/install/services_registry_interfaces/include/services_registry_interfaces/msg/rosidl_generator_c__visibility_control.h
[1.954s] -- Installing: /home/filipe/Desktop/Arrowhead_Integration_Module/arrowhead/src/install/services_registry_interfaces/include/services_registry_interfaces/srv
[1.954s] -- Installing: /home/filipe/Desktop/Arrowhead_Integration_Module/arrowhead/src/install/services_registry_interfaces/include/services_registry_interfaces/srv/detail
[1.954s] -- Installing: /home/filipe/Desktop/Arrowhead_Integration_Module/arrowhead/src/install/services_registry_interfaces/include/services_registry_interfaces/srv/detail/registration_interface__type_support.h
[1.954s] -- Installing: /home/filipe/Desktop/Arrowhead_Integration_Module/arrowhead/src/install/services_registry_interfaces/include/services_registry_interfaces/srv/detail/registration_interface__functions.c
[1.955s] -- Installing: /home/filipe/Desktop/Arrowhead_Integration_Module/arrowhead/src/install/services_registry_interfaces/include/services_registry_interfaces/srv/detail/registration_interface__struct.h
[1.955s] -- Installing: /home/filipe/Desktop/Arrowhead_Integration_Module/arrowhead/src/install/services_registry_interfaces/include/services_registry_interfaces/srv/detail/registration_interface__functions.h
[1.955s] -- Installing: /home/filipe/Desktop/Arrowhead_Integration_Module/arrowhead/src/install/services_registry_interfaces/include/services_registry_interfaces/srv/registration_interface.h
[1.955s] -- Installing: /home/filipe/Desktop/Arrowhead_Integration_Module/arrowhead/src/install/services_registry_interfaces/share/services_registry_interfaces/environment/library_path.sh
[1.955s] -- Installing: /home/filipe/Desktop/Arrowhead_Integration_Module/arrowhead/src/install/services_registry_interfaces/share/services_registry_interfaces/environment/library_path.dsv
[1.956s] -- Installing: /home/filipe/Desktop/Arrowhead_Integration_Module/arrowhead/src/install/services_registry_interfaces/lib/libservices_registry_interfaces__rosidl_generator_c.so
[1.956s] -- Set non-toolchain portion of runtime path of "/home/filipe/Desktop/Arrowhead_Integration_Module/arrowhead/src/install/services_registry_interfaces/lib/libservices_registry_interfaces__rosidl_generator_c.so" to ""
[1.956s] -- Up-to-date: /home/filipe/Desktop/Arrowhead_Integration_Module/arrowhead/src/install/services_registry_interfaces/include/services_registry_interfaces
[1.956s] -- Up-to-date: /home/filipe/Desktop/Arrowhead_Integration_Module/arrowhead/src/install/services_registry_interfaces/include/services_registry_interfaces/msg
[1.956s] -- Installing: /home/filipe/Desktop/Arrowhead_Integration_Module/arrowhead/src/install/services_registry_interfaces/include/services_registry_interfaces/msg/rosidl_typesupport_fastrtps_c__visibility_control.h
[1.956s] -- Up-to-date: /home/filipe/Desktop/Arrowhead_Integration_Module/arrowhead/src/install/services_registry_interfaces/include/services_registry_interfaces/srv
[1.956s] -- Up-to-date: /home/filipe/Desktop/Arrowhead_Integration_Module/arrowhead/src/install/services_registry_interfaces/include/services_registry_interfaces/srv/detail
[1.957s] -- Installing: /home/filipe/Desktop/Arrowhead_Integration_Module/arrowhead/src/install/services_registry_interfaces/include/services_registry_interfaces/srv/detail/registration_interface__rosidl_typesupport_fastrtps_c.h
[1.957s] -- Installing: /home/filipe/Desktop/Arrowhead_Integration_Module/arrowhead/src/install/services_registry_interfaces/lib/libservices_registry_interfaces__rosidl_typesupport_fastrtps_c.so
[1.957s] -- Set non-toolchain portion of runtime path of "/home/filipe/Desktop/Arrowhead_Integration_Module/arrowhead/src/install/services_registry_interfaces/lib/libservices_registry_interfaces__rosidl_typesupport_fastrtps_c.so" to ""
[1.957s] -- Up-to-date: /home/filipe/Desktop/Arrowhead_Integration_Module/arrowhead/src/install/services_registry_interfaces/include/services_registry_interfaces
[1.957s] -- Up-to-date: /home/filipe/Desktop/Arrowhead_Integration_Module/arrowhead/src/install/services_registry_interfaces/include/services_registry_interfaces/msg
[1.957s] -- Installing: /home/filipe/Desktop/Arrowhead_Integration_Module/arrowhead/src/install/services_registry_interfaces/include/services_registry_interfaces/msg/rosidl_typesupport_fastrtps_cpp__visibility_control.h
[1.957s] -- Up-to-date: /home/filipe/Desktop/Arrowhead_Integration_Module/arrowhead/src/install/services_registry_interfaces/include/services_registry_interfaces/srv
[1.958s] -- Up-to-date: /home/filipe/Desktop/Arrowhead_Integration_Module/arrowhead/src/install/services_registry_interfaces/include/services_registry_interfaces/srv/detail
[1.958s] -- Installing: /home/filipe/Desktop/Arrowhead_Integration_Module/arrowhead/src/install/services_registry_interfaces/include/services_registry_interfaces/srv/detail/dds_fastrtps
[1.958s] -- Installing: /home/filipe/Desktop/Arrowhead_Integration_Module/arrowhead/src/install/services_registry_interfaces/include/services_registry_interfaces/srv/detail/registration_interface__rosidl_typesupport_fastrtps_cpp.hpp
[1.958s] -- Installing: /home/filipe/Desktop/Arrowhead_Integration_Module/arrowhead/src/install/services_registry_interfaces/lib/libservices_registry_interfaces__rosidl_typesupport_fastrtps_cpp.so
[1.958s] -- Set non-toolchain portion of runtime path of "/home/filipe/Desktop/Arrowhead_Integration_Module/arrowhead/src/install/services_registry_interfaces/lib/libservices_registry_interfaces__rosidl_typesupport_fastrtps_cpp.so" to ""
[1.958s] -- Up-to-date: /home/filipe/Desktop/Arrowhead_Integration_Module/arrowhead/src/install/services_registry_interfaces/include/services_registry_interfaces
[1.958s] -- Up-to-date: /home/filipe/Desktop/Arrowhead_Integration_Module/arrowhead/src/install/services_registry_interfaces/include/services_registry_interfaces/msg
[1.958s] -- Installing: /home/filipe/Desktop/Arrowhead_Integration_Module/arrowhead/src/install/services_registry_interfaces/include/services_registry_interfaces/msg/rosidl_typesupport_introspection_c__visibility_control.h
[1.959s] -- Up-to-date: /home/filipe/Desktop/Arrowhead_Integration_Module/arrowhead/src/install/services_registry_interfaces/include/services_registry_interfaces/srv
[1.959s] -- Up-to-date: /home/filipe/Desktop/Arrowhead_Integration_Module/arrowhead/src/install/services_registry_interfaces/include/services_registry_interfaces/srv/detail
[1.959s] -- Installing: /home/filipe/Desktop/Arrowhead_Integration_Module/arrowhead/src/install/services_registry_interfaces/include/services_registry_interfaces/srv/detail/registration_interface__rosidl_typesupport_introspection_c.h
[1.959s] -- Installing: /home/filipe/Desktop/Arrowhead_Integration_Module/arrowhead/src/install/services_registry_interfaces/include/services_registry_interfaces/srv/detail/registration_interface__type_support.c
[1.959s] -- Installing: /home/filipe/Desktop/Arrowhead_Integration_Module/arrowhead/src/install/services_registry_interfaces/lib/libservices_registry_interfaces__rosidl_typesupport_introspection_c.so
[1.959s] -- Set non-toolchain portion of runtime path of "/home/filipe/Desktop/Arrowhead_Integration_Module/arrowhead/src/install/services_registry_interfaces/lib/libservices_registry_interfaces__rosidl_typesupport_introspection_c.so" to ""
[1.959s] -- Installing: /home/filipe/Desktop/Arrowhead_Integration_Module/arrowhead/src/install/services_registry_interfaces/lib/libservices_registry_interfaces__rosidl_typesupport_c.so
[1.960s] -- Set non-toolchain portion of runtime path of "/home/filipe/Desktop/Arrowhead_Integration_Module/arrowhead/src/install/services_registry_interfaces/lib/libservices_registry_interfaces__rosidl_typesupport_c.so" to ""
[1.960s] -- Up-to-date: /home/filipe/Desktop/Arrowhead_Integration_Module/arrowhead/src/install/services_registry_interfaces/include/services_registry_interfaces
[1.960s] -- Up-to-date: /home/filipe/Desktop/Arrowhead_Integration_Module/arrowhead/src/install/services_registry_interfaces/include/services_registry_interfaces/srv
[1.960s] -- Installing: /home/filipe/Desktop/Arrowhead_Integration_Module/arrowhead/src/install/services_registry_interfaces/include/services_registry_interfaces/srv/registration_interface.hpp
[1.960s] -- Up-to-date: /home/filipe/Desktop/Arrowhead_Integration_Module/arrowhead/src/install/services_registry_interfaces/include/services_registry_interfaces/srv/detail
[1.960s] -- Installing: /home/filipe/Desktop/Arrowhead_Integration_Module/arrowhead/src/install/services_registry_interfaces/include/services_registry_interfaces/srv/detail/registration_interface__builder.hpp
[1.960s] -- Installing: /home/filipe/Desktop/Arrowhead_Integration_Module/arrowhead/src/install/services_registry_interfaces/include/services_registry_interfaces/srv/detail/registration_interface__struct.hpp
[1.961s] -- Installing: /home/filipe/Desktop/Arrowhead_Integration_Module/arrowhead/src/install/services_registry_interfaces/include/services_registry_interfaces/srv/detail/registration_interface__traits.hpp
[1.961s] -- Up-to-date: /home/filipe/Desktop/Arrowhead_Integration_Module/arrowhead/src/install/services_registry_interfaces/include/services_registry_interfaces
[1.961s] -- Up-to-date: /home/filipe/Desktop/Arrowhead_Integration_Module/arrowhead/src/install/services_registry_interfaces/include/services_registry_interfaces/srv
[1.961s] -- Up-to-date: /home/filipe/Desktop/Arrowhead_Integration_Module/arrowhead/src/install/services_registry_interfaces/include/services_registry_interfaces/srv/detail
[1.961s] -- Installing: /home/filipe/Desktop/Arrowhead_Integration_Module/arrowhead/src/install/services_registry_interfaces/include/services_registry_interfaces/srv/detail/registration_interface__type_support.cpp
[1.961s] -- Installing: /home/filipe/Desktop/Arrowhead_Integration_Module/arrowhead/src/install/services_registry_interfaces/include/services_registry_interfaces/srv/detail/registration_interface__rosidl_typesupport_introspection_cpp.hpp
[1.961s] -- Installing: /home/filipe/Desktop/Arrowhead_Integration_Module/arrowhead/src/install/services_registry_interfaces/lib/libservices_registry_interfaces__rosidl_typesupport_introspection_cpp.so
[1.962s] -- Set non-toolchain portion of runtime path of "/home/filipe/Desktop/Arrowhead_Integration_Module/arrowhead/src/install/services_registry_interfaces/lib/libservices_registry_interfaces__rosidl_typesupport_introspection_cpp.so" to ""
[1.962s] -- Installing: /home/filipe/Desktop/Arrowhead_Integration_Module/arrowhead/src/install/services_registry_interfaces/lib/libservices_registry_interfaces__rosidl_typesupport_cpp.so
[1.962s] -- Set non-toolchain portion of runtime path of "/home/filipe/Desktop/Arrowhead_Integration_Module/arrowhead/src/install/services_registry_interfaces/lib/libservices_registry_interfaces__rosidl_typesupport_cpp.so" to ""
[1.962s] -- Installing: /home/filipe/Desktop/Arrowhead_Integration_Module/arrowhead/src/install/services_registry_interfaces/share/services_registry_interfaces/environment/pythonpath.sh
[1.962s] -- Installing: /home/filipe/Desktop/Arrowhead_Integration_Module/arrowhead/src/install/services_registry_interfaces/share/services_registry_interfaces/environment/pythonpath.dsv
[1.962s] -- Installing: /home/filipe/Desktop/Arrowhead_Integration_Module/arrowhead/src/install/services_registry_interfaces/lib/python3.8/site-packages/services_registry_interfaces/__init__.py
[1.991s] Compiling '/home/filipe/Desktop/Arrowhead_Integration_Module/arrowhead/src/install/services_registry_interfaces/lib/python3.8/site-packages/services_registry_interfaces/__init__.py'...
[1.993s] -- Installing: /home/filipe/Desktop/Arrowhead_Integration_Module/arrowhead/src/install/services_registry_interfaces/lib/python3.8/site-packages/services_registry_interfaces/srv
[1.994s] -- Installing: /home/filipe/Desktop/Arrowhead_Integration_Module/arrowhead/src/install/services_registry_interfaces/lib/python3.8/site-packages/services_registry_interfaces/srv/_registration_interface.py
[1.994s] -- Installing: /home/filipe/Desktop/Arrowhead_Integration_Module/arrowhead/src/install/services_registry_interfaces/lib/python3.8/site-packages/services_registry_interfaces/srv/__init__.py
[1.994s] -- Installing: /home/filipe/Desktop/Arrowhead_Integration_Module/arrowhead/src/install/services_registry_interfaces/lib/python3.8/site-packages/services_registry_interfaces/srv/_registration_interface_s.c
[1.994s] -- Installing: /home/filipe/Desktop/Arrowhead_Integration_Module/arrowhead/src/install/services_registry_interfaces/lib/python3.8/site-packages/services_registry_interfaces/services_registry_interfaces_s__rosidl_typesupport_fastrtps_c.cpython-38-x86_64-linux-gnu.so
[1.994s] -- Set non-toolchain portion of runtime path of "/home/filipe/Desktop/Arrowhead_Integration_Module/arrowhead/src/install/services_registry_interfaces/lib/python3.8/site-packages/services_registry_interfaces/services_registry_interfaces_s__rosidl_typesupport_fastrtps_c.cpython-38-x86_64-linux-gnu.so" to ""
[1.995s] -- Installing: /home/filipe/Desktop/Arrowhead_Integration_Module/arrowhead/src/install/services_registry_interfaces/lib/python3.8/site-packages/services_registry_interfaces/services_registry_interfaces_s__rosidl_typesupport_introspection_c.cpython-38-x86_64-linux-gnu.so
[1.995s] -- Set non-toolchain portion of runtime path of "/home/filipe/Desktop/Arrowhead_Integration_Module/arrowhead/src/install/services_registry_interfaces/lib/python3.8/site-packages/services_registry_interfaces/services_registry_interfaces_s__rosidl_typesupport_introspection_c.cpython-38-x86_64-linux-gnu.so" to ""
[1.995s] -- Installing: /home/filipe/Desktop/Arrowhead_Integration_Module/arrowhead/src/install/services_registry_interfaces/lib/python3.8/site-packages/services_registry_interfaces/services_registry_interfaces_s__rosidl_typesupport_c.cpython-38-x86_64-linux-gnu.so
[1.996s] -- Set non-toolchain portion of runtime path of "/home/filipe/Desktop/Arrowhead_Integration_Module/arrowhead/src/install/services_registry_interfaces/lib/python3.8/site-packages/services_registry_interfaces/services_registry_interfaces_s__rosidl_typesupport_c.cpython-38-x86_64-linux-gnu.so" to ""
[1.996s] -- Installing: /home/filipe/Desktop/Arrowhead_Integration_Module/arrowhead/src/install/services_registry_interfaces/lib/libservices_registry_interfaces__python.so
[1.996s] -- Set non-toolchain portion of runtime path of "/home/filipe/Desktop/Arrowhead_Integration_Module/arrowhead/src/install/services_registry_interfaces/lib/libservices_registry_interfaces__python.so" to ""
[1.996s] -- Installing: /home/filipe/Desktop/Arrowhead_Integration_Module/arrowhead/src/install/services_registry_interfaces/share/services_registry_interfaces/srv/RegistrationInterface.idl
[1.996s] -- Installing: /home/filipe/Desktop/Arrowhead_Integration_Module/arrowhead/src/install/services_registry_interfaces/share/services_registry_interfaces/srv/RegistrationInterface.srv
[1.997s] -- Installing: /home/filipe/Desktop/Arrowhead_Integration_Module/arrowhead/src/install/services_registry_interfaces/share/services_registry_interfaces/srv/RegistrationInterface_Request.msg
[1.997s] -- Installing: /home/filipe/Desktop/Arrowhead_Integration_Module/arrowhead/src/install/services_registry_interfaces/share/services_registry_interfaces/srv/RegistrationInterface_Response.msg
[1.997s] -- Installing: /home/filipe/Desktop/Arrowhead_Integration_Module/arrowhead/src/install/services_registry_interfaces/share/ament_index/resource_index/package_run_dependencies/services_registry_interfaces
[1.997s] -- Installing: /home/filipe/Desktop/Arrowhead_Integration_Module/arrowhead/src/install/services_registry_interfaces/share/ament_index/resource_index/parent_prefix_path/services_registry_interfaces
[1.997s] -- Installing: /home/filipe/Desktop/Arrowhead_Integration_Module/arrowhead/src/install/services_registry_interfaces/share/services_registry_interfaces/environment/ament_prefix_path.sh
[1.998s] -- Installing: /home/filipe/Desktop/Arrowhead_Integration_Module/arrowhead/src/install/services_registry_interfaces/share/services_registry_interfaces/environment/ament_prefix_path.dsv
[1.998s] -- Installing: /home/filipe/Desktop/Arrowhead_Integration_Module/arrowhead/src/install/services_registry_interfaces/share/services_registry_interfaces/environment/path.sh
[1.998s] -- Installing: /home/filipe/Desktop/Arrowhead_Integration_Module/arrowhead/src/install/services_registry_interfaces/share/services_registry_interfaces/environment/path.dsv
[1.998s] -- Installing: /home/filipe/Desktop/Arrowhead_Integration_Module/arrowhead/src/install/services_registry_interfaces/share/services_registry_interfaces/local_setup.bash
[1.998s] -- Installing: /home/filipe/Desktop/Arrowhead_Integration_Module/arrowhead/src/install/services_registry_interfaces/share/services_registry_interfaces/local_setup.sh
[1.998s] -- Installing: /home/filipe/Desktop/Arrowhead_Integration_Module/arrowhead/src/install/services_registry_interfaces/share/services_registry_interfaces/local_setup.zsh
[1.998s] -- Installing: /home/filipe/Desktop/Arrowhead_Integration_Module/arrowhead/src/install/services_registry_interfaces/share/services_registry_interfaces/local_setup.dsv
[1.998s] -- Installing: /home/filipe/Desktop/Arrowhead_Integration_Module/arrowhead/src/install/services_registry_interfaces/share/services_registry_interfaces/package.dsv
[1.999s] -- Installing: /home/filipe/Desktop/Arrowhead_Integration_Module/arrowhead/src/install/services_registry_interfaces/share/ament_index/resource_index/packages/services_registry_interfaces
[1.999s] -- Installing: /home/filipe/Desktop/Arrowhead_Integration_Module/arrowhead/src/install/services_registry_interfaces/share/services_registry_interfaces/cmake/services_registry_interfaces__rosidl_generator_cExport.cmake
[1.999s] -- Installing: /home/filipe/Desktop/Arrowhead_Integration_Module/arrowhead/src/install/services_registry_interfaces/share/services_registry_interfaces/cmake/services_registry_interfaces__rosidl_generator_cExport-noconfig.cmake
[1.999s] -- Installing: /home/filipe/Desktop/Arrowhead_Integration_Module/arrowhead/src/install/services_registry_interfaces/share/services_registry_interfaces/cmake/services_registry_interfaces__rosidl_typesupport_introspection_cExport.cmake
[2.000s] -- Installing: /home/filipe/Desktop/Arrowhead_Integration_Module/arrowhead/src/install/services_registry_interfaces/share/services_registry_interfaces/cmake/services_registry_interfaces__rosidl_typesupport_introspection_cExport-noconfig.cmake
[2.000s] -- Installing: /home/filipe/Desktop/Arrowhead_Integration_Module/arrowhead/src/install/services_registry_interfaces/share/services_registry_interfaces/cmake/services_registry_interfaces__rosidl_typesupport_cExport.cmake
[2.000s] -- Installing: /home/filipe/Desktop/Arrowhead_Integration_Module/arrowhead/src/install/services_registry_interfaces/share/services_registry_interfaces/cmake/services_registry_interfaces__rosidl_typesupport_cExport-noconfig.cmake
[2.000s] -- Installing: /home/filipe/Desktop/Arrowhead_Integration_Module/arrowhead/src/install/services_registry_interfaces/share/services_registry_interfaces/cmake/services_registry_interfaces__rosidl_generator_cppExport.cmake
[2.001s] -- Installing: /home/filipe/Desktop/Arrowhead_Integration_Module/arrowhead/src/install/services_registry_interfaces/share/services_registry_interfaces/cmake/services_registry_interfaces__rosidl_typesupport_introspection_cppExport.cmake
[2.001s] -- Installing: /home/filipe/Desktop/Arrowhead_Integration_Module/arrowhead/src/install/services_registry_interfaces/share/services_registry_interfaces/cmake/services_registry_interfaces__rosidl_typesupport_introspection_cppExport-noconfig.cmake
[2.001s] -- Installing: /home/filipe/Desktop/Arrowhead_Integration_Module/arrowhead/src/install/services_registry_interfaces/share/services_registry_interfaces/cmake/services_registry_interfaces__rosidl_typesupport_cppExport.cmake
[2.001s] -- Installing: /home/filipe/Desktop/Arrowhead_Integration_Module/arrowhead/src/install/services_registry_interfaces/share/services_registry_interfaces/cmake/services_registry_interfaces__rosidl_typesupport_cppExport-noconfig.cmake
[2.001s] -- Installing: /home/filipe/Desktop/Arrowhead_Integration_Module/arrowhead/src/install/services_registry_interfaces/share/services_registry_interfaces/cmake/rosidl_cmake-extras.cmake
[2.002s] -- Installing: /home/filipe/Desktop/Arrowhead_Integration_Module/arrowhead/src/install/services_registry_interfaces/share/services_registry_interfaces/cmake/ament_cmake_export_dependencies-extras.cmake
[2.002s] -- Installing: /home/filipe/Desktop/Arrowhead_Integration_Module/arrowhead/src/install/services_registry_interfaces/share/services_registry_interfaces/cmake/ament_cmake_export_libraries-extras.cmake
[2.002s] -- Installing: /home/filipe/Desktop/Arrowhead_Integration_Module/arrowhead/src/install/services_registry_interfaces/share/services_registry_interfaces/cmake/ament_cmake_export_targets-extras.cmake
[2.002s] -- Installing: /home/filipe/Desktop/Arrowhead_Integration_Module/arrowhead/src/install/services_registry_interfaces/share/services_registry_interfaces/cmake/ament_cmake_export_include_directories-extras.cmake
[2.002s] -- Installing: /home/filipe/Desktop/Arrowhead_Integration_Module/arrowhead/src/install/services_registry_interfaces/share/services_registry_interfaces/cmake/rosidl_cmake_export_typesupport_libraries-extras.cmake
[2.002s] -- Installing: /home/filipe/Desktop/Arrowhead_Integration_Module/arrowhead/src/install/services_registry_interfaces/share/services_registry_interfaces/cmake/rosidl_cmake_export_typesupport_targets-extras.cmake
[2.003s] -- Installing: /home/filipe/Desktop/Arrowhead_Integration_Module/arrowhead/src/install/services_registry_interfaces/share/services_registry_interfaces/cmake/services_registry_interfacesConfig.cmake
[2.003s] -- Installing: /home/filipe/Desktop/Arrowhead_Integration_Module/arrowhead/src/install/services_registry_interfaces/share/services_registry_interfaces/cmake/services_registry_interfacesConfig-version.cmake
[2.003s] -- Installing: /home/filipe/Desktop/Arrowhead_Integration_Module/arrowhead/src/install/services_registry_interfaces/share/services_registry_interfaces/package.xml
[2.007s] Invoked command in '/home/filipe/Desktop/Arrowhead_Integration_Module/arrowhead/src/build/services_registry_interfaces' returned '0': CMAKE_PREFIX_PATH=${CMAKE_PREFIX_PATH}:/opt/ros/galactic /opt/cmake-3.28.1/bin/cmake --install /home/filipe/Desktop/Arrowhead_Integration_Module/arrowhead/src/build/services_registry_interfaces
