[0.025s] Invoking command in '/home/filipe/Desktop/Arrowhead_Integration_Module/arrowhead/src/build/services_registry_interfaces': CMAKE_PREFIX_PATH=${CMAKE_PREFIX_PATH}:/opt/ros/galactic /opt/cmake-3.28.1/bin/cmake --build /home/filipe/Desktop/Arrowhead_Integration_Module/arrowhead/src/build/services_registry_interfaces -- -j12 -l12
[0.054s] [  3%] Built target services_registry_interfaces__cpp
[0.055s] [ 12%] Built target services_registry_interfaces__rosidl_generator_c
[0.069s] [ 22%] Built target services_registry_interfaces__rosidl_typesupport_cpp
[0.071s] [ 32%] Built target services_registry_interfaces__rosidl_typesupport_fastrtps_cpp
[0.072s] [ 41%] Built target services_registry_interfaces__rosidl_typesupport_introspection_cpp
[0.074s] [ 51%] Built target services_registry_interfaces__rosidl_typesupport_introspection_c
[0.074s] [ 61%] Built target services_registry_interfaces__rosidl_typesupport_c
[0.083s] [ 70%] Built target services_registry_interfaces__rosidl_typesupport_fastrtps_c
[0.090s] [ 70%] Built target services_registry_interfaces
[0.103s] [ 74%] Built target services_registry_interfaces__py
[0.115s] [ 80%] Built target services_registry_interfaces__python
[0.126s] [ 87%] Built target services_registry_interfaces__rosidl_typesupport_fastrtps_c__pyext
[0.127s] [ 93%] Built target services_registry_interfaces__rosidl_typesupport_c__pyext
[0.128s] [100%] Built target services_registry_interfaces__rosidl_typesupport_introspection_c__pyext
[0.134s] Invoked command in '/home/filipe/Desktop/Arrowhead_Integration_Module/arrowhead/src/build/services_registry_interfaces' returned '0': CMAKE_PREFIX_PATH=${CMAKE_PREFIX_PATH}:/opt/ros/galactic /opt/cmake-3.28.1/bin/cmake --build /home/filipe/Desktop/Arrowhead_Integration_Module/arrowhead/src/build/services_registry_interfaces -- -j12 -l12
[0.137s] Invoking command in '/home/filipe/Desktop/Arrowhead_Integration_Module/arrowhead/src/build/services_registry_interfaces': CMAKE_PREFIX_PATH=${CMAKE_PREFIX_PATH}:/opt/ros/galactic /opt/cmake-3.28.1/bin/cmake --install /home/filipe/Desktop/Arrowhead_Integration_Module/arrowhead/src/build/services_registry_interfaces
[0.141s] -- Install configuration: ""
[0.141s] -- Up-to-date: /home/filipe/Desktop/Arrowhead_Integration_Module/arrowhead/src/install/services_registry_interfaces/share/ament_index/resource_index/rosidl_interfaces/services_registry_interfaces
[0.141s] -- Up-to-date: /home/filipe/Desktop/Arrowhead_Integration_Module/arrowhead/src/install/services_registry_interfaces/include/services_registry_interfaces
[0.141s] -- Up-to-date: /home/filipe/Desktop/Arrowhead_Integration_Module/arrowhead/src/install/services_registry_interfaces/include/services_registry_interfaces/msg
[0.142s] -- Up-to-date: /home/filipe/Desktop/Arrowhead_Integration_Module/arrowhead/src/install/services_registry_interfaces/include/services_registry_interfaces/msg/rosidl_generator_c__visibility_control.h
[0.142s] -- Up-to-date: /home/filipe/Desktop/Arrowhead_Integration_Module/arrowhead/src/install/services_registry_interfaces/include/services_registry_interfaces/srv
[0.142s] -- Up-to-date: /home/filipe/Desktop/Arrowhead_Integration_Module/arrowhead/src/install/services_registry_interfaces/include/services_registry_interfaces/srv/detail
[0.142s] -- Up-to-date: /home/filipe/Desktop/Arrowhead_Integration_Module/arrowhead/src/install/services_registry_interfaces/include/services_registry_interfaces/srv/detail/registration_interface__type_support.h
[0.142s] -- Up-to-date: /home/filipe/Desktop/Arrowhead_Integration_Module/arrowhead/src/install/services_registry_interfaces/include/services_registry_interfaces/srv/detail/registration_interface__functions.c
[0.142s] -- Up-to-date: /home/filipe/Desktop/Arrowhead_Integration_Module/arrowhead/src/install/services_registry_interfaces/include/services_registry_interfaces/srv/detail/registration_interface__struct.h
[0.142s] -- Up-to-date: /home/filipe/Desktop/Arrowhead_Integration_Module/arrowhead/src/install/services_registry_interfaces/include/services_registry_interfaces/srv/detail/registration_interface__functions.h
[0.142s] -- Up-to-date: /home/filipe/Desktop/Arrowhead_Integration_Module/arrowhead/src/install/services_registry_interfaces/include/services_registry_interfaces/srv/registration_interface.h
[0.142s] -- Up-to-date: /home/filipe/Desktop/Arrowhead_Integration_Module/arrowhead/src/install/services_registry_interfaces/share/services_registry_interfaces/environment/library_path.sh
[0.142s] -- Up-to-date: /home/filipe/Desktop/Arrowhead_Integration_Module/arrowhead/src/install/services_registry_interfaces/share/services_registry_interfaces/environment/library_path.dsv
[0.143s] -- Up-to-date: /home/filipe/Desktop/Arrowhead_Integration_Module/arrowhead/src/install/services_registry_interfaces/lib/libservices_registry_interfaces__rosidl_generator_c.so
[0.143s] -- Up-to-date: /home/filipe/Desktop/Arrowhead_Integration_Module/arrowhead/src/install/services_registry_interfaces/include/services_registry_interfaces
[0.143s] -- Up-to-date: /home/filipe/Desktop/Arrowhead_Integration_Module/arrowhead/src/install/services_registry_interfaces/include/services_registry_interfaces/msg
[0.143s] -- Up-to-date: /home/filipe/Desktop/Arrowhead_Integration_Module/arrowhead/src/install/services_registry_interfaces/include/services_registry_interfaces/msg/rosidl_typesupport_fastrtps_c__visibility_control.h
[0.144s] -- Up-to-date: /home/filipe/Desktop/Arrowhead_Integration_Module/arrowhead/src/install/services_registry_interfaces/include/services_registry_interfaces/srv
[0.144s] -- Up-to-date: /home/filipe/Desktop/Arrowhead_Integration_Module/arrowhead/src/install/services_registry_interfaces/include/services_registry_interfaces/srv/detail
[0.144s] -- Up-to-date: /home/filipe/Desktop/Arrowhead_Integration_Module/arrowhead/src/install/services_registry_interfaces/include/services_registry_interfaces/srv/detail/registration_interface__rosidl_typesupport_fastrtps_c.h
[0.144s] -- Up-to-date: /home/filipe/Desktop/Arrowhead_Integration_Module/arrowhead/src/install/services_registry_interfaces/lib/libservices_registry_interfaces__rosidl_typesupport_fastrtps_c.so
[0.144s] -- Up-to-date: /home/filipe/Desktop/Arrowhead_Integration_Module/arrowhead/src/install/services_registry_interfaces/include/services_registry_interfaces
[0.145s] -- Up-to-date: /home/filipe/Desktop/Arrowhead_Integration_Module/arrowhead/src/install/services_registry_interfaces/include/services_registry_interfaces/msg
[0.145s] -- Up-to-date: /home/filipe/Desktop/Arrowhead_Integration_Module/arrowhead/src/install/services_registry_interfaces/include/services_registry_interfaces/msg/rosidl_typesupport_fastrtps_cpp__visibility_control.h
[0.145s] -- Up-to-date: /home/filipe/Desktop/Arrowhead_Integration_Module/arrowhead/src/install/services_registry_interfaces/include/services_registry_interfaces/srv
[0.145s] -- Up-to-date: /home/filipe/Desktop/Arrowhead_Integration_Module/arrowhead/src/install/services_registry_interfaces/include/services_registry_interfaces/srv/detail
[0.145s] -- Up-to-date: /home/filipe/Desktop/Arrowhead_Integration_Module/arrowhead/src/install/services_registry_interfaces/include/services_registry_interfaces/srv/detail/dds_fastrtps
[0.146s] -- Up-to-date: /home/filipe/Desktop/Arrowhead_Integration_Module/arrowhead/src/install/services_registry_interfaces/include/services_registry_interfaces/srv/detail/registration_interface__rosidl_typesupport_fastrtps_cpp.hpp
[0.146s] -- Up-to-date: /home/filipe/Desktop/Arrowhead_Integration_Module/arrowhead/src/install/services_registry_interfaces/lib/libservices_registry_interfaces__rosidl_typesupport_fastrtps_cpp.so
[0.147s] -- Up-to-date: /home/filipe/Desktop/Arrowhead_Integration_Module/arrowhead/src/install/services_registry_interfaces/include/services_registry_interfaces
[0.147s] -- Up-to-date: /home/filipe/Desktop/Arrowhead_Integration_Module/arrowhead/src/install/services_registry_interfaces/include/services_registry_interfaces/msg
[0.147s] -- Up-to-date: /home/filipe/Desktop/Arrowhead_Integration_Module/arrowhead/src/install/services_registry_interfaces/include/services_registry_interfaces/msg/rosidl_typesupport_introspection_c__visibility_control.h
[0.147s] -- Up-to-date: /home/filipe/Desktop/Arrowhead_Integration_Module/arrowhead/src/install/services_registry_interfaces/include/services_registry_interfaces/srv
[0.147s] -- Up-to-date: /home/filipe/Desktop/Arrowhead_Integration_Module/arrowhead/src/install/services_registry_interfaces/include/services_registry_interfaces/srv/detail
[0.147s] -- Up-to-date: /home/filipe/Desktop/Arrowhead_Integration_Module/arrowhead/src/install/services_registry_interfaces/include/services_registry_interfaces/srv/detail/registration_interface__rosidl_typesupport_introspection_c.h
[0.147s] -- Up-to-date: /home/filipe/Desktop/Arrowhead_Integration_Module/arrowhead/src/install/services_registry_interfaces/include/services_registry_interfaces/srv/detail/registration_interface__type_support.c
[0.147s] -- Up-to-date: /home/filipe/Desktop/Arrowhead_Integration_Module/arrowhead/src/install/services_registry_interfaces/lib/libservices_registry_interfaces__rosidl_typesupport_introspection_c.so
[0.148s] -- Up-to-date: /home/filipe/Desktop/Arrowhead_Integration_Module/arrowhead/src/install/services_registry_interfaces/lib/libservices_registry_interfaces__rosidl_typesupport_c.so
[0.148s] -- Up-to-date: /home/filipe/Desktop/Arrowhead_Integration_Module/arrowhead/src/install/services_registry_interfaces/include/services_registry_interfaces
[0.148s] -- Up-to-date: /home/filipe/Desktop/Arrowhead_Integration_Module/arrowhead/src/install/services_registry_interfaces/include/services_registry_interfaces/srv
[0.148s] -- Up-to-date: /home/filipe/Desktop/Arrowhead_Integration_Module/arrowhead/src/install/services_registry_interfaces/include/services_registry_interfaces/srv/registration_interface.hpp
[0.148s] -- Up-to-date: /home/filipe/Desktop/Arrowhead_Integration_Module/arrowhead/src/install/services_registry_interfaces/include/services_registry_interfaces/srv/detail
[0.148s] -- Up-to-date: /home/filipe/Desktop/Arrowhead_Integration_Module/arrowhead/src/install/services_registry_interfaces/include/services_registry_interfaces/srv/detail/registration_interface__builder.hpp
[0.148s] -- Up-to-date: /home/filipe/Desktop/Arrowhead_Integration_Module/arrowhead/src/install/services_registry_interfaces/include/services_registry_interfaces/srv/detail/registration_interface__struct.hpp
[0.148s] -- Up-to-date: /home/filipe/Desktop/Arrowhead_Integration_Module/arrowhead/src/install/services_registry_interfaces/include/services_registry_interfaces/srv/detail/registration_interface__traits.hpp
[0.148s] -- Up-to-date: /home/filipe/Desktop/Arrowhead_Integration_Module/arrowhead/src/install/services_registry_interfaces/include/services_registry_interfaces
[0.148s] -- Up-to-date: /home/filipe/Desktop/Arrowhead_Integration_Module/arrowhead/src/install/services_registry_interfaces/include/services_registry_interfaces/srv
[0.148s] -- Up-to-date: /home/filipe/Desktop/Arrowhead_Integration_Module/arrowhead/src/install/services_registry_interfaces/include/services_registry_interfaces/srv/detail
[0.148s] -- Up-to-date: /home/filipe/Desktop/Arrowhead_Integration_Module/arrowhead/src/install/services_registry_interfaces/include/services_registry_interfaces/srv/detail/registration_interface__type_support.cpp
[0.148s] -- Up-to-date: /home/filipe/Desktop/Arrowhead_Integration_Module/arrowhead/src/install/services_registry_interfaces/include/services_registry_interfaces/srv/detail/registration_interface__rosidl_typesupport_introspection_cpp.hpp
[0.148s] -- Up-to-date: /home/filipe/Desktop/Arrowhead_Integration_Module/arrowhead/src/install/services_registry_interfaces/lib/libservices_registry_interfaces__rosidl_typesupport_introspection_cpp.so
[0.149s] -- Up-to-date: /home/filipe/Desktop/Arrowhead_Integration_Module/arrowhead/src/install/services_registry_interfaces/lib/libservices_registry_interfaces__rosidl_typesupport_cpp.so
[0.149s] -- Up-to-date: /home/filipe/Desktop/Arrowhead_Integration_Module/arrowhead/src/install/services_registry_interfaces/share/services_registry_interfaces/environment/pythonpath.sh
[0.149s] -- Up-to-date: /home/filipe/Desktop/Arrowhead_Integration_Module/arrowhead/src/install/services_registry_interfaces/share/services_registry_interfaces/environment/pythonpath.dsv
[0.149s] -- Up-to-date: /home/filipe/Desktop/Arrowhead_Integration_Module/arrowhead/src/install/services_registry_interfaces/lib/python3.8/site-packages/services_registry_interfaces/__init__.py
[0.177s] -- Up-to-date: /home/filipe/Desktop/Arrowhead_Integration_Module/arrowhead/src/install/services_registry_interfaces/lib/python3.8/site-packages/services_registry_interfaces/srv
[0.177s] -- Up-to-date: /home/filipe/Desktop/Arrowhead_Integration_Module/arrowhead/src/install/services_registry_interfaces/lib/python3.8/site-packages/services_registry_interfaces/srv/_registration_interface.py
[0.177s] -- Up-to-date: /home/filipe/Desktop/Arrowhead_Integration_Module/arrowhead/src/install/services_registry_interfaces/lib/python3.8/site-packages/services_registry_interfaces/srv/__init__.py
[0.177s] -- Up-to-date: /home/filipe/Desktop/Arrowhead_Integration_Module/arrowhead/src/install/services_registry_interfaces/lib/python3.8/site-packages/services_registry_interfaces/srv/_registration_interface_s.c
[0.178s] -- Up-to-date: /home/filipe/Desktop/Arrowhead_Integration_Module/arrowhead/src/install/services_registry_interfaces/lib/python3.8/site-packages/services_registry_interfaces/services_registry_interfaces_s__rosidl_typesupport_fastrtps_c.cpython-38-x86_64-linux-gnu.so
[0.178s] -- Up-to-date: /home/filipe/Desktop/Arrowhead_Integration_Module/arrowhead/src/install/services_registry_interfaces/lib/python3.8/site-packages/services_registry_interfaces/services_registry_interfaces_s__rosidl_typesupport_introspection_c.cpython-38-x86_64-linux-gnu.so
[0.179s] -- Up-to-date: /home/filipe/Desktop/Arrowhead_Integration_Module/arrowhead/src/install/services_registry_interfaces/lib/python3.8/site-packages/services_registry_interfaces/services_registry_interfaces_s__rosidl_typesupport_c.cpython-38-x86_64-linux-gnu.so
[0.180s] -- Up-to-date: /home/filipe/Desktop/Arrowhead_Integration_Module/arrowhead/src/install/services_registry_interfaces/lib/libservices_registry_interfaces__python.so
[0.180s] -- Up-to-date: /home/filipe/Desktop/Arrowhead_Integration_Module/arrowhead/src/install/services_registry_interfaces/share/services_registry_interfaces/srv/RegistrationInterface.idl
[0.180s] -- Up-to-date: /home/filipe/Desktop/Arrowhead_Integration_Module/arrowhead/src/install/services_registry_interfaces/share/services_registry_interfaces/srv/RegistrationInterface.srv
[0.180s] -- Up-to-date: /home/filipe/Desktop/Arrowhead_Integration_Module/arrowhead/src/install/services_registry_interfaces/share/services_registry_interfaces/srv/RegistrationInterface_Request.msg
[0.180s] -- Up-to-date: /home/filipe/Desktop/Arrowhead_Integration_Module/arrowhead/src/install/services_registry_interfaces/share/services_registry_interfaces/srv/RegistrationInterface_Response.msg
[0.181s] -- Up-to-date: /home/filipe/Desktop/Arrowhead_Integration_Module/arrowhead/src/install/services_registry_interfaces/share/ament_index/resource_index/package_run_dependencies/services_registry_interfaces
[0.181s] -- Up-to-date: /home/filipe/Desktop/Arrowhead_Integration_Module/arrowhead/src/install/services_registry_interfaces/share/ament_index/resource_index/parent_prefix_path/services_registry_interfaces
[0.181s] -- Up-to-date: /home/filipe/Desktop/Arrowhead_Integration_Module/arrowhead/src/install/services_registry_interfaces/share/services_registry_interfaces/environment/ament_prefix_path.sh
[0.181s] -- Up-to-date: /home/filipe/Desktop/Arrowhead_Integration_Module/arrowhead/src/install/services_registry_interfaces/share/services_registry_interfaces/environment/ament_prefix_path.dsv
[0.181s] -- Up-to-date: /home/filipe/Desktop/Arrowhead_Integration_Module/arrowhead/src/install/services_registry_interfaces/share/services_registry_interfaces/environment/path.sh
[0.181s] -- Up-to-date: /home/filipe/Desktop/Arrowhead_Integration_Module/arrowhead/src/install/services_registry_interfaces/share/services_registry_interfaces/environment/path.dsv
[0.181s] -- Up-to-date: /home/filipe/Desktop/Arrowhead_Integration_Module/arrowhead/src/install/services_registry_interfaces/share/services_registry_interfaces/local_setup.bash
[0.181s] -- Up-to-date: /home/filipe/Desktop/Arrowhead_Integration_Module/arrowhead/src/install/services_registry_interfaces/share/services_registry_interfaces/local_setup.sh
[0.182s] -- Up-to-date: /home/filipe/Desktop/Arrowhead_Integration_Module/arrowhead/src/install/services_registry_interfaces/share/services_registry_interfaces/local_setup.zsh
[0.182s] -- Up-to-date: /home/filipe/Desktop/Arrowhead_Integration_Module/arrowhead/src/install/services_registry_interfaces/share/services_registry_interfaces/local_setup.dsv
[0.182s] -- Installing: /home/filipe/Desktop/Arrowhead_Integration_Module/arrowhead/src/install/services_registry_interfaces/share/services_registry_interfaces/package.dsv
[0.182s] -- Up-to-date: /home/filipe/Desktop/Arrowhead_Integration_Module/arrowhead/src/install/services_registry_interfaces/share/ament_index/resource_index/packages/services_registry_interfaces
[0.182s] -- Up-to-date: /home/filipe/Desktop/Arrowhead_Integration_Module/arrowhead/src/install/services_registry_interfaces/share/services_registry_interfaces/cmake/services_registry_interfaces__rosidl_generator_cExport.cmake
[0.183s] -- Up-to-date: /home/filipe/Desktop/Arrowhead_Integration_Module/arrowhead/src/install/services_registry_interfaces/share/services_registry_interfaces/cmake/services_registry_interfaces__rosidl_generator_cExport-noconfig.cmake
[0.183s] -- Up-to-date: /home/filipe/Desktop/Arrowhead_Integration_Module/arrowhead/src/install/services_registry_interfaces/share/services_registry_interfaces/cmake/services_registry_interfaces__rosidl_typesupport_introspection_cExport.cmake
[0.183s] -- Up-to-date: /home/filipe/Desktop/Arrowhead_Integration_Module/arrowhead/src/install/services_registry_interfaces/share/services_registry_interfaces/cmake/services_registry_interfaces__rosidl_typesupport_introspection_cExport-noconfig.cmake
[0.184s] -- Up-to-date: /home/filipe/Desktop/Arrowhead_Integration_Module/arrowhead/src/install/services_registry_interfaces/share/services_registry_interfaces/cmake/services_registry_interfaces__rosidl_typesupport_cExport.cmake
[0.184s] -- Up-to-date: /home/filipe/Desktop/Arrowhead_Integration_Module/arrowhead/src/install/services_registry_interfaces/share/services_registry_interfaces/cmake/services_registry_interfaces__rosidl_typesupport_cExport-noconfig.cmake
[0.184s] -- Up-to-date: /home/filipe/Desktop/Arrowhead_Integration_Module/arrowhead/src/install/services_registry_interfaces/share/services_registry_interfaces/cmake/services_registry_interfaces__rosidl_generator_cppExport.cmake
[0.184s] -- Up-to-date: /home/filipe/Desktop/Arrowhead_Integration_Module/arrowhead/src/install/services_registry_interfaces/share/services_registry_interfaces/cmake/services_registry_interfaces__rosidl_typesupport_introspection_cppExport.cmake
[0.185s] -- Up-to-date: /home/filipe/Desktop/Arrowhead_Integration_Module/arrowhead/src/install/services_registry_interfaces/share/services_registry_interfaces/cmake/services_registry_interfaces__rosidl_typesupport_introspection_cppExport-noconfig.cmake
[0.185s] -- Up-to-date: /home/filipe/Desktop/Arrowhead_Integration_Module/arrowhead/src/install/services_registry_interfaces/share/services_registry_interfaces/cmake/services_registry_interfaces__rosidl_typesupport_cppExport.cmake
[0.185s] -- Up-to-date: /home/filipe/Desktop/Arrowhead_Integration_Module/arrowhead/src/install/services_registry_interfaces/share/services_registry_interfaces/cmake/services_registry_interfaces__rosidl_typesupport_cppExport-noconfig.cmake
[0.185s] -- Up-to-date: /home/filipe/Desktop/Arrowhead_Integration_Module/arrowhead/src/install/services_registry_interfaces/share/services_registry_interfaces/cmake/rosidl_cmake-extras.cmake
[0.185s] -- Up-to-date: /home/filipe/Desktop/Arrowhead_Integration_Module/arrowhead/src/install/services_registry_interfaces/share/services_registry_interfaces/cmake/ament_cmake_export_dependencies-extras.cmake
[0.185s] -- Up-to-date: /home/filipe/Desktop/Arrowhead_Integration_Module/arrowhead/src/install/services_registry_interfaces/share/services_registry_interfaces/cmake/ament_cmake_export_libraries-extras.cmake
[0.185s] -- Up-to-date: /home/filipe/Desktop/Arrowhead_Integration_Module/arrowhead/src/install/services_registry_interfaces/share/services_registry_interfaces/cmake/ament_cmake_export_targets-extras.cmake
[0.185s] -- Up-to-date: /home/filipe/Desktop/Arrowhead_Integration_Module/arrowhead/src/install/services_registry_interfaces/share/services_registry_interfaces/cmake/ament_cmake_export_include_directories-extras.cmake
[0.187s] -- Up-to-date: /home/filipe/Desktop/Arrowhead_Integration_Module/arrowhead/src/install/services_registry_interfaces/share/services_registry_interfaces/cmake/rosidl_cmake_export_typesupport_libraries-extras.cmake
[0.187s] -- Up-to-date: /home/filipe/Desktop/Arrowhead_Integration_Module/arrowhead/src/install/services_registry_interfaces/share/services_registry_interfaces/cmake/rosidl_cmake_export_typesupport_targets-extras.cmake
[0.187s] -- Up-to-date: /home/filipe/Desktop/Arrowhead_Integration_Module/arrowhead/src/install/services_registry_interfaces/share/services_registry_interfaces/cmake/services_registry_interfacesConfig.cmake
[0.187s] -- Up-to-date: /home/filipe/Desktop/Arrowhead_Integration_Module/arrowhead/src/install/services_registry_interfaces/share/services_registry_interfaces/cmake/services_registry_interfacesConfig-version.cmake
[0.187s] -- Up-to-date: /home/filipe/Desktop/Arrowhead_Integration_Module/arrowhead/src/install/services_registry_interfaces/share/services_registry_interfaces/package.xml
[0.212s] Invoked command in '/home/filipe/Desktop/Arrowhead_Integration_Module/arrowhead/src/build/services_registry_interfaces' returned '0': CMAKE_PREFIX_PATH=${CMAKE_PREFIX_PATH}:/opt/ros/galactic /opt/cmake-3.28.1/bin/cmake --install /home/filipe/Desktop/Arrowhead_Integration_Module/arrowhead/src/build/services_registry_interfaces
