[0.016s] Invoking command in '/home/filipe/Desktop/Arrowhead_Integration_Module/arrowhead/src/build/services_registry_interfaces': CMAKE_PREFIX_PATH=${CMAKE_PREFIX_PATH}:/opt/ros/galactic /opt/cmake-3.28.1/bin/cmake /home/filipe/Desktop/Arrowhead_Integration_Module/arrowhead/src/services_registry_interfaces -DCMAKE_INSTALL_PREFIX=/home/filipe/Desktop/Arrowhead_Integration_Module/arrowhead/src/install/services_registry_interfaces
[0.084s] -- The C compiler identification is GNU 9.4.0
[0.138s] -- The CXX compiler identification is GNU 9.4.0
[0.154s] -- Detecting C compiler ABI info
[0.217s] -- Detecting C compiler ABI info - done
[0.231s] -- Check for working C compiler: /usr/bin/cc - skipped
[0.231s] -- Detecting C compile features
[0.231s] -- Detecting C compile features - done
[0.242s] -- Detecting CXX compiler ABI info
[0.305s] -- Detecting CXX compiler ABI info - done
[0.314s] -- Check for working CXX compiler: /usr/bin/c++ - skipped
[0.315s] -- Detecting CXX compile features
[0.315s] -- Detecting CXX compile features - done
[0.317s] -- Found ament_cmake: 1.1.6 (/opt/ros/galactic/share/ament_cmake/cmake)
[0.321s] [33mCMake Warning (dev) at /opt/ros/galactic/share/ament_cmake_core/cmake/core/python.cmake:22 (find_package):
[0.322s]   Policy CMP0148 is not set: The FindPythonInterp and FindPythonLibs modules
[0.322s]   are removed.  Run "cmake --help-policy CMP0148" for policy details.  Use
[0.322s]   the cmake_policy command to set the policy and suppress this warning.
[0.322s] 
[0.322s] Call Stack (most recent call first):
[0.322s]   /opt/ros/galactic/share/ament_cmake_core/cmake/core/all.cmake:53 (include)
[0.322s]   /opt/ros/galactic/share/ament_cmake_core/cmake/ament_cmake_core-extras.cmake:17 (include)
[0.322s]   /opt/ros/galactic/share/ament_cmake_core/cmake/ament_cmake_coreConfig.cmake:41 (include)
[0.322s]   /opt/ros/galactic/share/ament_cmake/cmake/ament_cmake_export_dependencies-extras.cmake:15 (find_package)
[0.322s]   /opt/ros/galactic/share/ament_cmake/cmake/ament_cmakeConfig.cmake:41 (include)
[0.322s]   CMakeLists.txt:9 (find_package)
[0.322s] This warning is for project developers.  Use -Wno-dev to suppress it.
[0.322s] [0m
[0.337s] -- Found PythonInterp: /usr/bin/python3 (found suitable version "3.8.10", minimum required is "3") 
[0.337s] -- Using PYTHON_EXECUTABLE: /usr/bin/python3
[0.406s] -- Found ament_lint_auto: 0.10.7 (/opt/ros/galactic/share/ament_lint_auto/cmake)
[0.467s] -- Found rosidl_default_generators: 1.1.1 (/opt/ros/galactic/share/rosidl_default_generators/cmake)
[0.470s] -- Using all available rosidl_typesupport_c: rosidl_typesupport_fastrtps_c;rosidl_typesupport_introspection_c
[0.475s] -- Found rosidl_adapter: 2.2.3 (/opt/ros/galactic/share/rosidl_adapter/cmake)
[0.574s] -- Found OpenSSL: /usr/lib/x86_64-linux-gnu/libcrypto.so (found version "1.1.1f")  
[0.604s] -- Found FastRTPS: /opt/ros/galactic/include  
[0.668s] -- Using all available rosidl_typesupport_cpp: rosidl_typesupport_fastrtps_cpp;rosidl_typesupport_introspection_cpp
[0.686s] [33mCMake Warning (dev) at /opt/ros/galactic/share/rosidl_adapter/cmake/rosidl_adapt_interfaces.cmake:40 (find_package):
[0.686s]   Policy CMP0148 is not set: The FindPythonInterp and FindPythonLibs modules
[0.686s]   are removed.  Run "cmake --help-policy CMP0148" for policy details.  Use
[0.686s]   the cmake_policy command to set the policy and suppress this warning.
[0.686s] 
[0.686s] Call Stack (most recent call first):
[0.687s]   /opt/ros/galactic/share/rosidl_cmake/cmake/rosidl_generate_interfaces.cmake:130 (rosidl_adapt_interfaces)
[0.687s]   CMakeLists.txt:26 (rosidl_generate_interfaces)
[0.687s] This warning is for project developers.  Use -Wno-dev to suppress it.
[0.687s] [0m
[0.705s] -- Found PythonInterp: /usr/bin/python3 (found version "3.8.10") 
[0.757s] -- Found ament_cmake_ros: 0.9.2 (/opt/ros/galactic/share/ament_cmake_ros/cmake)
[0.856s] -- Using all available rosidl_typesupport_c: rosidl_typesupport_fastrtps_c;rosidl_typesupport_introspection_c
[0.861s] -- Using all available rosidl_typesupport_cpp: rosidl_typesupport_fastrtps_cpp;rosidl_typesupport_introspection_cpp
[0.863s] [33mCMake Warning (dev) at /opt/ros/galactic/share/rosidl_generator_py/cmake/rosidl_generator_py_generate_interfaces.cmake:20 (find_package):
[0.863s]   Policy CMP0148 is not set: The FindPythonInterp and FindPythonLibs modules
[0.863s]   are removed.  Run "cmake --help-policy CMP0148" for policy details.  Use
[0.863s]   the cmake_policy command to set the policy and suppress this warning.
[0.863s] 
[0.863s] Call Stack (most recent call first):
[0.863s]   /opt/ros/galactic/share/ament_cmake_core/cmake/core/ament_execute_extensions.cmake:48 (include)
[0.863s]   /opt/ros/galactic/share/rosidl_cmake/cmake/rosidl_generate_interfaces.cmake:286 (ament_execute_extensions)
[0.863s]   CMakeLists.txt:26 (rosidl_generate_interfaces)
[0.863s] This warning is for project developers.  Use -Wno-dev to suppress it.
[0.863s] [0m
[0.882s] -- Found PythonInterp: /usr/bin/python3 (found suitable version "3.8.10", minimum required is "3.5") 
[0.884s] -- Found python_cmake_module: 0.8.1 (/opt/ros/galactic/share/python_cmake_module/cmake)
[0.885s] [33mCMake Warning (dev) at /opt/ros/galactic/share/python_cmake_module/cmake/Modules/FindPythonExtra.cmake:45 (find_package):
[0.885s]   Policy CMP0148 is not set: The FindPythonInterp and FindPythonLibs modules
[0.885s]   are removed.  Run "cmake --help-policy CMP0148" for policy details.  Use
[0.885s]   the cmake_policy command to set the policy and suppress this warning.
[0.885s] 
[0.885s] Call Stack (most recent call first):
[0.885s]   /opt/ros/galactic/share/rosidl_generator_py/cmake/rosidl_generator_py_generate_interfaces.cmake:23 (find_package)
[0.885s]   /opt/ros/galactic/share/ament_cmake_core/cmake/core/ament_execute_extensions.cmake:48 (include)
[0.885s]   /opt/ros/galactic/share/rosidl_cmake/cmake/rosidl_generate_interfaces.cmake:286 (ament_execute_extensions)
[0.885s]   CMakeLists.txt:26 (rosidl_generate_interfaces)
[0.885s] This warning is for project developers.  Use -Wno-dev to suppress it.
[0.885s] [0m
[0.902s] [33mCMake Warning (dev) at /opt/ros/galactic/share/python_cmake_module/cmake/Modules/FindPythonExtra.cmake:133 (find_package):
[0.902s]   Policy CMP0148 is not set: The FindPythonInterp and FindPythonLibs modules
[0.902s]   are removed.  Run "cmake --help-policy CMP0148" for policy details.  Use
[0.902s]   the cmake_policy command to set the policy and suppress this warning.
[0.902s] 
[0.902s] Call Stack (most recent call first):
[0.903s]   /opt/ros/galactic/share/rosidl_generator_py/cmake/rosidl_generator_py_generate_interfaces.cmake:23 (find_package)
[0.903s]   /opt/ros/galactic/share/ament_cmake_core/cmake/core/ament_execute_extensions.cmake:48 (include)
[0.903s]   /opt/ros/galactic/share/rosidl_cmake/cmake/rosidl_generate_interfaces.cmake:286 (ament_execute_extensions)
[0.903s]   CMakeLists.txt:26 (rosidl_generate_interfaces)
[0.903s] This warning is for project developers.  Use -Wno-dev to suppress it.
[0.903s] [0m
[0.909s] -- Found PythonLibs: /usr/lib/x86_64-linux-gnu/libpython3.8.so (found suitable version "3.8.10", minimum required is "3.5") 
[0.910s] -- Using PYTHON_EXECUTABLE: /usr/bin/python3
[0.910s] -- Using PYTHON_INCLUDE_DIRS: /usr/include/python3.8
[0.910s] -- Using PYTHON_LIBRARIES: /usr/lib/x86_64-linux-gnu/libpython3.8.so
[0.929s] -- Found PythonExtra: .so  
[1.034s] -- Added test 'copyright' to check source files copyright and LICENSE
[1.036s] -- Added test 'lint_cmake' to check CMake code style
[1.037s] -- Added test 'xmllint' to check XML markup files
[1.043s] -- Configuring done (1.0s)
[1.072s] -- Generating done (0.0s)
[1.080s] -- Build files have been written to: /home/filipe/Desktop/Arrowhead_Integration_Module/arrowhead/src/build/services_registry_interfaces
